Determining if the pthread_create exist failed with the following output:
Change Dir: /home/trex/turtle_drive/build/roboteq_msgs/CMakeFiles/CMakeTmp

<<<<<<< HEAD
Run Build Command:"/usr/bin/make" "cmTC_b81b9/fast"
/usr/bin/make -f CMakeFiles/cmTC_b81b9.dir/build.make CMakeFiles/cmTC_b81b9.dir/build
make[1]: Entering directory '/home/sena/turtle_drive/build/roboteq_msgs/CMakeFiles/CMakeTmp'
Building C object CMakeFiles/cmTC_b81b9.dir/CheckSymbolExists.c.o
/usr/bin/cc     -o CMakeFiles/cmTC_b81b9.dir/CheckSymbolExists.c.o   -c /home/sena/turtle_drive/build/roboteq_msgs/CMakeFiles/CMakeTmp/CheckSymbolExists.c
Linking C executable cmTC_b81b9
/usr/bin/cmake -E cmake_link_script CMakeFiles/cmTC_b81b9.dir/link.txt --verbose=1
/usr/bin/cc       CMakeFiles/cmTC_b81b9.dir/CheckSymbolExists.c.o  -o cmTC_b81b9 -rdynamic 
CMakeFiles/cmTC_b81b9.dir/CheckSymbolExists.c.o: In function `main':
CheckSymbolExists.c:(.text+0x16): undefined reference to `pthread_create'
collect2: error: ld returned 1 exit status
CMakeFiles/cmTC_b81b9.dir/build.make:97: recipe for target 'cmTC_b81b9' failed
make[1]: *** [cmTC_b81b9] Error 1
make[1]: Leaving directory '/home/sena/turtle_drive/build/roboteq_msgs/CMakeFiles/CMakeTmp'
Makefile:126: recipe for target 'cmTC_b81b9/fast' failed
make: *** [cmTC_b81b9/fast] Error 2
=======
Run Build Command:"/usr/bin/make" "cmTC_f8512/fast"
/usr/bin/make -f CMakeFiles/cmTC_f8512.dir/build.make CMakeFiles/cmTC_f8512.dir/build
make[1]: Entering directory '/home/trex/turtle_drive/build/roboteq_msgs/CMakeFiles/CMakeTmp'
Building C object CMakeFiles/cmTC_f8512.dir/CheckSymbolExists.c.o
/usr/bin/cc     -o CMakeFiles/cmTC_f8512.dir/CheckSymbolExists.c.o   -c /home/trex/turtle_drive/build/roboteq_msgs/CMakeFiles/CMakeTmp/CheckSymbolExists.c
Linking C executable cmTC_f8512
/usr/bin/cmake -E cmake_link_script CMakeFiles/cmTC_f8512.dir/link.txt --verbose=1
/usr/bin/cc       CMakeFiles/cmTC_f8512.dir/CheckSymbolExists.c.o  -o cmTC_f8512 -rdynamic 
CMakeFiles/cmTC_f8512.dir/CheckSymbolExists.c.o: In function `main':
CheckSymbolExists.c:(.text+0xa): undefined reference to `pthread_create'
collect2: error: ld returned 1 exit status
CMakeFiles/cmTC_f8512.dir/build.make:97: recipe for target 'cmTC_f8512' failed
make[1]: *** [cmTC_f8512] Error 1
make[1]: Leaving directory '/home/trex/turtle_drive/build/roboteq_msgs/CMakeFiles/CMakeTmp'
Makefile:126: recipe for target 'cmTC_f8512/fast' failed
make: *** [cmTC_f8512/fast] Error 2
>>>>>>> e9cd62af21de1d7449f0732f6f4acbdc818f742b

File /home/trex/turtle_drive/build/roboteq_msgs/CMakeFiles/CMakeTmp/CheckSymbolExists.c:
/* */
#include <pthread.h>

int main(int argc, char** argv)
{
  (void)argv;
#ifndef pthread_create
  return ((int*)(&pthread_create))[argc];
#else
  (void)argc;
  return 0;
#endif
}

Determining if the function pthread_create exists in the pthreads failed with the following output:
Change Dir: /home/trex/turtle_drive/build/roboteq_msgs/CMakeFiles/CMakeTmp

<<<<<<< HEAD
Run Build Command:"/usr/bin/make" "cmTC_53b6d/fast"
/usr/bin/make -f CMakeFiles/cmTC_53b6d.dir/build.make CMakeFiles/cmTC_53b6d.dir/build
make[1]: Entering directory '/home/sena/turtle_drive/build/roboteq_msgs/CMakeFiles/CMakeTmp'
Building C object CMakeFiles/cmTC_53b6d.dir/CheckFunctionExists.c.o
/usr/bin/cc    -DCHECK_FUNCTION_EXISTS=pthread_create   -o CMakeFiles/cmTC_53b6d.dir/CheckFunctionExists.c.o   -c /usr/share/cmake-3.5/Modules/CheckFunctionExists.c
Linking C executable cmTC_53b6d
/usr/bin/cmake -E cmake_link_script CMakeFiles/cmTC_53b6d.dir/link.txt --verbose=1
/usr/bin/cc   -DCHECK_FUNCTION_EXISTS=pthread_create    CMakeFiles/cmTC_53b6d.dir/CheckFunctionExists.c.o  -o cmTC_53b6d -rdynamic -lpthreads 
/usr/bin/ld: cannot find -lpthreads
collect2: error: ld returned 1 exit status
CMakeFiles/cmTC_53b6d.dir/build.make:97: recipe for target 'cmTC_53b6d' failed
make[1]: *** [cmTC_53b6d] Error 1
make[1]: Leaving directory '/home/sena/turtle_drive/build/roboteq_msgs/CMakeFiles/CMakeTmp'
Makefile:126: recipe for target 'cmTC_53b6d/fast' failed
make: *** [cmTC_53b6d/fast] Error 2
=======
Run Build Command:"/usr/bin/make" "cmTC_8de96/fast"
/usr/bin/make -f CMakeFiles/cmTC_8de96.dir/build.make CMakeFiles/cmTC_8de96.dir/build
make[1]: Entering directory '/home/trex/turtle_drive/build/roboteq_msgs/CMakeFiles/CMakeTmp'
Building C object CMakeFiles/cmTC_8de96.dir/CheckFunctionExists.c.o
/usr/bin/cc    -DCHECK_FUNCTION_EXISTS=pthread_create   -o CMakeFiles/cmTC_8de96.dir/CheckFunctionExists.c.o   -c /usr/share/cmake-3.5/Modules/CheckFunctionExists.c
Linking C executable cmTC_8de96
/usr/bin/cmake -E cmake_link_script CMakeFiles/cmTC_8de96.dir/link.txt --verbose=1
/usr/bin/cc   -DCHECK_FUNCTION_EXISTS=pthread_create    CMakeFiles/cmTC_8de96.dir/CheckFunctionExists.c.o  -o cmTC_8de96 -rdynamic -lpthreads 
/usr/bin/ld: cannot find -lpthreads
collect2: error: ld returned 1 exit status
CMakeFiles/cmTC_8de96.dir/build.make:97: recipe for target 'cmTC_8de96' failed
make[1]: *** [cmTC_8de96] Error 1
make[1]: Leaving directory '/home/trex/turtle_drive/build/roboteq_msgs/CMakeFiles/CMakeTmp'
Makefile:126: recipe for target 'cmTC_8de96/fast' failed
make: *** [cmTC_8de96/fast] Error 2
>>>>>>> e9cd62af21de1d7449f0732f6f4acbdc818f742b


