Symlinking /home/nishanth/TurtleStuff/turtle_drive/devel/lib/liburg_c_wrapper.so
Symlinking /home/nishanth/TurtleStuff/turtle_drive/devel/lib/liburg_node_driver.so
Symlinking /home/nishanth/TurtleStuff/turtle_drive/devel/lib/python2.7/dist-packages/urg_node/__init__.py
Symlinking /home/nishanth/TurtleStuff/turtle_drive/devel/lib/python2.7/dist-packages/urg_node/msg/_Status.py
Symlinking /home/nishanth/TurtleStuff/turtle_drive/devel/lib/python2.7/dist-packages/urg_node/msg/__init__.py
Symlinking /home/nishanth/TurtleStuff/turtle_drive/devel/lib/python2.7/dist-packages/urg_node/cfg/URGConfig.py
Symlinking /home/nishanth/TurtleStuff/turtle_drive/devel/lib/python2.7/dist-packages/urg_node/cfg/__init__.py
Symlinking /home/nishanth/TurtleStuff/turtle_drive/devel/lib/pkgconfig/urg_node.pc
Symlinking /home/nishanth/TurtleStuff/turtle_drive/devel/lib/urg_node/getID
Symlinking /home/nishanth/TurtleStuff/turtle_drive/devel/lib/urg_node/urg_node
Symlinking /home/nishanth/TurtleStuff/turtle_drive/devel/share/roseus/ros/urg_node/manifest.l
Symlinking /home/nishanth/TurtleStuff/turtle_drive/devel/share/roseus/ros/urg_node/msg/Status.l
Symlinking /home/nishanth/TurtleStuff/turtle_drive/devel/share/common-lisp/ros/urg_node/msg/_package.lisp
Symlinking /home/nishanth/TurtleStuff/turtle_drive/devel/share/common-lisp/ros/urg_node/msg/_package_Status.lisp
Symlinking /home/nishanth/TurtleStuff/turtle_drive/devel/share/common-lisp/ros/urg_node/msg/Status.lisp
Symlinking /home/nishanth/TurtleStuff/turtle_drive/devel/share/common-lisp/ros/urg_node/msg/urg_node-msg.asd
Symlinking /home/nishanth/TurtleStuff/turtle_drive/devel/share/gennodejs/ros/urg_node/_index.js
Symlinking /home/nishanth/TurtleStuff/turtle_drive/devel/share/gennodejs/ros/urg_node/msg/_index.js
Symlinking /home/nishanth/TurtleStuff/turtle_drive/devel/share/gennodejs/ros/urg_node/msg/Status.js
Symlinking /home/nishanth/TurtleStuff/turtle_drive/devel/share/urg_node/cmake/urg_node-msg-extras.cmake
Symlinking /home/nishanth/TurtleStuff/turtle_drive/devel/share/urg_node/cmake/urg_node-msg-paths.cmake
Symlinking /home/nishanth/TurtleStuff/turtle_drive/devel/share/urg_node/cmake/urg_nodeConfig.cmake
Symlinking /home/nishanth/TurtleStuff/turtle_drive/devel/share/urg_node/cmake/urg_nodeConfig-version.cmake
Symlinking /home/nishanth/TurtleStuff/turtle_drive/devel/share/urg_node/docs/URGConfig-usage.dox
Symlinking /home/nishanth/TurtleStuff/turtle_drive/devel/share/urg_node/docs/URGConfig.dox
Symlinking /home/nishanth/TurtleStuff/turtle_drive/devel/share/urg_node/docs/URGConfig.wikidoc
Symlinking /home/nishanth/TurtleStuff/turtle_drive/devel/include/urg_node/URGConfig.h
Symlinking /home/nishanth/TurtleStuff/turtle_drive/devel/include/urg_node/Status.h
