Symlinking /home/sena/turtle_drive/devel/lib/liburg_c_wrapper.so
Symlinking /home/sena/turtle_drive/devel/lib/liburg_node_driver.so
Symlinking /home/sena/turtle_drive/devel/lib/pkgconfig/urg_node.pc
Symlinking /home/sena/turtle_drive/devel/lib/python2.7/dist-packages/urg_node/__init__.py
Symlinking /home/sena/turtle_drive/devel/lib/python2.7/dist-packages/urg_node/msg/__init__.py
Symlinking /home/sena/turtle_drive/devel/lib/python2.7/dist-packages/urg_node/msg/_Status.py
Symlinking /home/sena/turtle_drive/devel/lib/python2.7/dist-packages/urg_node/cfg/__init__.py
Symlinking /home/sena/turtle_drive/devel/lib/python2.7/dist-packages/urg_node/cfg/URGConfig.py
Symlinking /home/sena/turtle_drive/devel/lib/urg_node/getID
Symlinking /home/sena/turtle_drive/devel/lib/urg_node/urg_node
Symlinking /home/sena/turtle_drive/devel/include/urg_node/URGConfig.h
Symlinking /home/sena/turtle_drive/devel/include/urg_node/Status.h
Symlinking /home/sena/turtle_drive/devel/share/gennodejs/ros/urg_node/_index.js
Symlinking /home/sena/turtle_drive/devel/share/gennodejs/ros/urg_node/msg/_index.js
Symlinking /home/sena/turtle_drive/devel/share/gennodejs/ros/urg_node/msg/Status.js
Symlinking /home/sena/turtle_drive/devel/share/roseus/ros/urg_node/manifest.l
Symlinking /home/sena/turtle_drive/devel/share/roseus/ros/urg_node/msg/Status.l
Symlinking /home/sena/turtle_drive/devel/share/common-lisp/ros/urg_node/msg/Status.lisp
Symlinking /home/sena/turtle_drive/devel/share/common-lisp/ros/urg_node/msg/_package.lisp
Symlinking /home/sena/turtle_drive/devel/share/common-lisp/ros/urg_node/msg/urg_node-msg.asd
Symlinking /home/sena/turtle_drive/devel/share/common-lisp/ros/urg_node/msg/_package_Status.lisp
Symlinking /home/sena/turtle_drive/devel/share/urg_node/docs/URGConfig-usage.dox
Symlinking /home/sena/turtle_drive/devel/share/urg_node/docs/URGConfig.dox
Symlinking /home/sena/turtle_drive/devel/share/urg_node/docs/URGConfig.wikidoc
Symlinking /home/sena/turtle_drive/devel/share/urg_node/cmake/urg_node-msg-paths.cmake
Symlinking /home/sena/turtle_drive/devel/share/urg_node/cmake/urg_nodeConfig.cmake
Symlinking /home/sena/turtle_drive/devel/share/urg_node/cmake/urg_node-msg-extras.cmake
Symlinking /home/sena/turtle_drive/devel/share/urg_node/cmake/urg_nodeConfig-version.cmake
Cleaning: (/home/trex/turtle_drive/devel/.private/urg_node/include/urg_node/URGConfig.h, /home/trex/turtle_drive/devel/include/urg_node/URGConfig.h)
Cleaning: (/home/trex/turtle_drive/devel/.private/urg_node/include/urg_node/Status.h, /home/trex/turtle_drive/devel/include/urg_node/Status.h)
Cleaning: (/home/trex/turtle_drive/devel/.private/urg_node/share/urg_node/cmake/urg_node-msg-extras.cmake, /home/trex/turtle_drive/devel/share/urg_node/cmake/urg_node-msg-extras.cmake)
Cleaning: (/home/trex/turtle_drive/devel/.private/urg_node/share/urg_node/cmake/urg_nodeConfig-version.cmake, /home/trex/turtle_drive/devel/share/urg_node/cmake/urg_nodeConfig-version.cmake)
Cleaning: (/home/trex/turtle_drive/devel/.private/urg_node/share/urg_node/cmake/urg_node-msg-paths.cmake, /home/trex/turtle_drive/devel/share/urg_node/cmake/urg_node-msg-paths.cmake)
Cleaning: (/home/trex/turtle_drive/devel/.private/urg_node/share/urg_node/cmake/urg_nodeConfig.cmake, /home/trex/turtle_drive/devel/share/urg_node/cmake/urg_nodeConfig.cmake)
Cleaning: (/home/trex/turtle_drive/devel/.private/urg_node/share/urg_node/docs/URGConfig.dox, /home/trex/turtle_drive/devel/share/urg_node/docs/URGConfig.dox)
Cleaning: (/home/trex/turtle_drive/devel/.private/urg_node/share/urg_node/docs/URGConfig.wikidoc, /home/trex/turtle_drive/devel/share/urg_node/docs/URGConfig.wikidoc)
Cleaning: (/home/trex/turtle_drive/devel/.private/urg_node/share/urg_node/docs/URGConfig-usage.dox, /home/trex/turtle_drive/devel/share/urg_node/docs/URGConfig-usage.dox)
Cleaning: (/home/trex/turtle_drive/devel/.private/urg_node/share/gennodejs/ros/urg_node/_index.js, /home/trex/turtle_drive/devel/share/gennodejs/ros/urg_node/_index.js)
Cleaning: (/home/trex/turtle_drive/devel/.private/urg_node/share/gennodejs/ros/urg_node/msg/_index.js, /home/trex/turtle_drive/devel/share/gennodejs/ros/urg_node/msg/_index.js)
Cleaning: (/home/trex/turtle_drive/devel/.private/urg_node/share/gennodejs/ros/urg_node/msg/Status.js, /home/trex/turtle_drive/devel/share/gennodejs/ros/urg_node/msg/Status.js)
Cleaning: (/home/trex/turtle_drive/devel/.private/urg_node/share/roseus/ros/urg_node/manifest.l, /home/trex/turtle_drive/devel/share/roseus/ros/urg_node/manifest.l)
Cleaning: (/home/trex/turtle_drive/devel/.private/urg_node/share/roseus/ros/urg_node/msg/Status.l, /home/trex/turtle_drive/devel/share/roseus/ros/urg_node/msg/Status.l)
Cleaning: (/home/trex/turtle_drive/devel/.private/urg_node/share/common-lisp/ros/urg_node/msg/_package_Status.lisp, /home/trex/turtle_drive/devel/share/common-lisp/ros/urg_node/msg/_package_Status.lisp)
Cleaning: (/home/trex/turtle_drive/devel/.private/urg_node/share/common-lisp/ros/urg_node/msg/urg_node-msg.asd, /home/trex/turtle_drive/devel/share/common-lisp/ros/urg_node/msg/urg_node-msg.asd)
Cleaning: (/home/trex/turtle_drive/devel/.private/urg_node/share/common-lisp/ros/urg_node/msg/_package.lisp, /home/trex/turtle_drive/devel/share/common-lisp/ros/urg_node/msg/_package.lisp)
Cleaning: (/home/trex/turtle_drive/devel/.private/urg_node/share/common-lisp/ros/urg_node/msg/Status.lisp, /home/trex/turtle_drive/devel/share/common-lisp/ros/urg_node/msg/Status.lisp)
Cleaning: (/home/trex/turtle_drive/devel/.private/urg_node/lib/liburg_c_wrapper.so, /home/trex/turtle_drive/devel/lib/liburg_c_wrapper.so)
Cleaning: (/home/trex/turtle_drive/devel/.private/urg_node/lib/liburg_node_driver.so, /home/trex/turtle_drive/devel/lib/liburg_node_driver.so)
Cleaning: (/home/trex/turtle_drive/devel/.private/urg_node/lib/pkgconfig/urg_node.pc, /home/trex/turtle_drive/devel/lib/pkgconfig/urg_node.pc)
Cleaning: (/home/trex/turtle_drive/devel/.private/urg_node/lib/urg_node/getID, /home/trex/turtle_drive/devel/lib/urg_node/getID)
Cleaning: (/home/trex/turtle_drive/devel/.private/urg_node/lib/urg_node/urg_node, /home/trex/turtle_drive/devel/lib/urg_node/urg_node)
Cleaning: (/home/trex/turtle_drive/devel/.private/urg_node/lib/python2.7/dist-packages/urg_node/__init__.py, /home/trex/turtle_drive/devel/lib/python2.7/dist-packages/urg_node/__init__.py)
Cleaning: (/home/trex/turtle_drive/devel/.private/urg_node/lib/python2.7/dist-packages/urg_node/msg/_Status.py, /home/trex/turtle_drive/devel/lib/python2.7/dist-packages/urg_node/msg/_Status.py)
Cleaning: (/home/trex/turtle_drive/devel/.private/urg_node/lib/python2.7/dist-packages/urg_node/msg/__init__.py, /home/trex/turtle_drive/devel/lib/python2.7/dist-packages/urg_node/msg/__init__.py)
Cleaning: (/home/trex/turtle_drive/devel/.private/urg_node/lib/python2.7/dist-packages/urg_node/cfg/URGConfig.py, /home/trex/turtle_drive/devel/lib/python2.7/dist-packages/urg_node/cfg/URGConfig.py)
Cleaning: (/home/trex/turtle_drive/devel/.private/urg_node/lib/python2.7/dist-packages/urg_node/cfg/__init__.py, /home/trex/turtle_drive/devel/lib/python2.7/dist-packages/urg_node/cfg/__init__.py)
Unlinking: /home/trex/turtle_drive/devel/include/urg_node/URGConfig.h
Already unlinked: {}
Unlinking: /home/trex/turtle_drive/devel/include/urg_node/Status.h
Already unlinked: {}
Unlinking: /home/trex/turtle_drive/devel/share/urg_node/cmake/urg_node-msg-extras.cmake
Already unlinked: {}
Unlinking: /home/trex/turtle_drive/devel/share/urg_node/cmake/urg_nodeConfig-version.cmake
Already unlinked: {}
Unlinking: /home/trex/turtle_drive/devel/share/urg_node/cmake/urg_node-msg-paths.cmake
Already unlinked: {}
Unlinking: /home/trex/turtle_drive/devel/share/urg_node/cmake/urg_nodeConfig.cmake
Already unlinked: {}
Unlinking: /home/trex/turtle_drive/devel/share/urg_node/docs/URGConfig.dox
Already unlinked: {}
Unlinking: /home/trex/turtle_drive/devel/share/urg_node/docs/URGConfig.wikidoc
Already unlinked: {}
Unlinking: /home/trex/turtle_drive/devel/share/urg_node/docs/URGConfig-usage.dox
Already unlinked: {}
Unlinking: /home/trex/turtle_drive/devel/share/gennodejs/ros/urg_node/_index.js
Already unlinked: {}
Unlinking: /home/trex/turtle_drive/devel/share/gennodejs/ros/urg_node/msg/_index.js
Already unlinked: {}
Unlinking: /home/trex/turtle_drive/devel/share/gennodejs/ros/urg_node/msg/Status.js
Already unlinked: {}
Unlinking: /home/trex/turtle_drive/devel/share/roseus/ros/urg_node/manifest.l
Already unlinked: {}
Unlinking: /home/trex/turtle_drive/devel/share/roseus/ros/urg_node/msg/Status.l
Already unlinked: {}
Unlinking: /home/trex/turtle_drive/devel/share/common-lisp/ros/urg_node/msg/_package_Status.lisp
Already unlinked: {}
Unlinking: /home/trex/turtle_drive/devel/share/common-lisp/ros/urg_node/msg/urg_node-msg.asd
Already unlinked: {}
Unlinking: /home/trex/turtle_drive/devel/share/common-lisp/ros/urg_node/msg/_package.lisp
Already unlinked: {}
Unlinking: /home/trex/turtle_drive/devel/share/common-lisp/ros/urg_node/msg/Status.lisp
Already unlinked: {}
Unlinking: /home/trex/turtle_drive/devel/lib/liburg_c_wrapper.so
Already unlinked: {}
Unlinking: /home/trex/turtle_drive/devel/lib/liburg_node_driver.so
Already unlinked: {}
Unlinking: /home/trex/turtle_drive/devel/lib/pkgconfig/urg_node.pc
Already unlinked: {}
Unlinking: /home/trex/turtle_drive/devel/lib/urg_node/getID
Already unlinked: {}
Unlinking: /home/trex/turtle_drive/devel/lib/urg_node/urg_node
Already unlinked: {}
Unlinking: /home/trex/turtle_drive/devel/lib/python2.7/dist-packages/urg_node/__init__.py
Already unlinked: {}
Unlinking: /home/trex/turtle_drive/devel/lib/python2.7/dist-packages/urg_node/msg/_Status.py
Already unlinked: {}
Unlinking: /home/trex/turtle_drive/devel/lib/python2.7/dist-packages/urg_node/msg/__init__.py
Already unlinked: {}
Unlinking: /home/trex/turtle_drive/devel/lib/python2.7/dist-packages/urg_node/cfg/URGConfig.py
Already unlinked: {}
Unlinking: /home/trex/turtle_drive/devel/lib/python2.7/dist-packages/urg_node/cfg/__init__.py
Already unlinked: {}
