[  6%] [34m[1mGenerating dynamic reconfigure files from cfg/URG.cfg: /home/trex/turtle_drive/devel/.private/urg_node/include/urg_node/URGConfig.h /home/trex/turtle_drive/devel/.private/urg_node/lib/python2.7/dist-packages/urg_node/cfg/URGConfig.py[0m
[ 18%] Built target urg_c_wrapper
[ 18%] Built target _urg_node_generate_messages_check_deps_Status
Generating reconfiguration files for URG in urg_node
[ 18%] Built target std_msgs_generate_messages_cpp
Wrote header file in /home/trex/turtle_drive/devel/.private/urg_node/include/urg_node/URGConfig.h
[ 31%] Built target getID
[ 31%] Built target urg_node_gencfg
[ 31%] Built target std_msgs_generate_messages_py
[ 31%] Built target std_msgs_generate_messages_lisp
[ 31%] Built target std_msgs_generate_messages_nodejs
[ 31%] Built target std_msgs_generate_messages_eus
[ 37%] Built target urg_node_generate_messages_cpp
[ 43%] Built target urg_node_generate_messages_lisp
[ 56%] Built target urg_node_generate_messages_py
[ 68%] Built target urg_node_generate_messages_eus
[ 75%] Built target urg_node_generate_messages_nodejs
[ 75%] Built target urg_node_gencpp
[35m[1mScanning dependencies of target urg_node_driver[0m
[ 75%] Built target urg_node_generate_messages
[ 81%] [32mBuilding CXX object CMakeFiles/urg_node_driver.dir/src/urg_node_driver.cpp.o[0m
[ 87%] [32m[1mLinking CXX shared library /home/trex/turtle_drive/devel/.private/urg_node/lib/liburg_node_driver.so[0m
[ 87%] Built target urg_node_driver
[35m[1mScanning dependencies of target urg_node[0m
[ 93%] [32mBuilding CXX object CMakeFiles/urg_node.dir/src/urg_node.cpp.o[0m
[100%] [32m[1mLinking CXX executable /home/trex/turtle_drive/devel/.private/urg_node/lib/urg_node/urg_node[0m
[100%] Built target urg_node
