Linked: (/home/sena/turtle_drive/devel/.private/urg_node/lib/liburg_c_wrapper.so, /home/sena/turtle_drive/devel/lib/liburg_c_wrapper.so)
Linked: (/home/sena/turtle_drive/devel/.private/urg_node/lib/liburg_node_driver.so, /home/sena/turtle_drive/devel/lib/liburg_node_driver.so)
Linked: (/home/sena/turtle_drive/devel/.private/urg_node/lib/pkgconfig/urg_node.pc, /home/sena/turtle_drive/devel/lib/pkgconfig/urg_node.pc)
Linked: (/home/sena/turtle_drive/devel/.private/urg_node/lib/python2.7/dist-packages/urg_node/__init__.py, /home/sena/turtle_drive/devel/lib/python2.7/dist-packages/urg_node/__init__.py)
Linked: (/home/sena/turtle_drive/devel/.private/urg_node/lib/python2.7/dist-packages/urg_node/msg/__init__.py, /home/sena/turtle_drive/devel/lib/python2.7/dist-packages/urg_node/msg/__init__.py)
Linked: (/home/sena/turtle_drive/devel/.private/urg_node/lib/python2.7/dist-packages/urg_node/msg/_Status.py, /home/sena/turtle_drive/devel/lib/python2.7/dist-packages/urg_node/msg/_Status.py)
Linked: (/home/sena/turtle_drive/devel/.private/urg_node/lib/python2.7/dist-packages/urg_node/cfg/__init__.py, /home/sena/turtle_drive/devel/lib/python2.7/dist-packages/urg_node/cfg/__init__.py)
Linked: (/home/sena/turtle_drive/devel/.private/urg_node/lib/python2.7/dist-packages/urg_node/cfg/URGConfig.py, /home/sena/turtle_drive/devel/lib/python2.7/dist-packages/urg_node/cfg/URGConfig.py)
Linked: (/home/sena/turtle_drive/devel/.private/urg_node/lib/urg_node/getID, /home/sena/turtle_drive/devel/lib/urg_node/getID)
Linked: (/home/sena/turtle_drive/devel/.private/urg_node/lib/urg_node/urg_node, /home/sena/turtle_drive/devel/lib/urg_node/urg_node)
Linked: (/home/sena/turtle_drive/devel/.private/urg_node/include/urg_node/URGConfig.h, /home/sena/turtle_drive/devel/include/urg_node/URGConfig.h)
Linked: (/home/sena/turtle_drive/devel/.private/urg_node/include/urg_node/Status.h, /home/sena/turtle_drive/devel/include/urg_node/Status.h)
Linked: (/home/sena/turtle_drive/devel/.private/urg_node/share/gennodejs/ros/urg_node/_index.js, /home/sena/turtle_drive/devel/share/gennodejs/ros/urg_node/_index.js)
Linked: (/home/sena/turtle_drive/devel/.private/urg_node/share/gennodejs/ros/urg_node/msg/_index.js, /home/sena/turtle_drive/devel/share/gennodejs/ros/urg_node/msg/_index.js)
Linked: (/home/sena/turtle_drive/devel/.private/urg_node/share/gennodejs/ros/urg_node/msg/Status.js, /home/sena/turtle_drive/devel/share/gennodejs/ros/urg_node/msg/Status.js)
Linked: (/home/sena/turtle_drive/devel/.private/urg_node/share/roseus/ros/urg_node/manifest.l, /home/sena/turtle_drive/devel/share/roseus/ros/urg_node/manifest.l)
Linked: (/home/sena/turtle_drive/devel/.private/urg_node/share/roseus/ros/urg_node/msg/Status.l, /home/sena/turtle_drive/devel/share/roseus/ros/urg_node/msg/Status.l)
Linked: (/home/sena/turtle_drive/devel/.private/urg_node/share/common-lisp/ros/urg_node/msg/Status.lisp, /home/sena/turtle_drive/devel/share/common-lisp/ros/urg_node/msg/Status.lisp)
Linked: (/home/sena/turtle_drive/devel/.private/urg_node/share/common-lisp/ros/urg_node/msg/_package.lisp, /home/sena/turtle_drive/devel/share/common-lisp/ros/urg_node/msg/_package.lisp)
Linked: (/home/sena/turtle_drive/devel/.private/urg_node/share/common-lisp/ros/urg_node/msg/urg_node-msg.asd, /home/sena/turtle_drive/devel/share/common-lisp/ros/urg_node/msg/urg_node-msg.asd)
Linked: (/home/sena/turtle_drive/devel/.private/urg_node/share/common-lisp/ros/urg_node/msg/_package_Status.lisp, /home/sena/turtle_drive/devel/share/common-lisp/ros/urg_node/msg/_package_Status.lisp)
Linked: (/home/sena/turtle_drive/devel/.private/urg_node/share/urg_node/docs/URGConfig-usage.dox, /home/sena/turtle_drive/devel/share/urg_node/docs/URGConfig-usage.dox)
Linked: (/home/sena/turtle_drive/devel/.private/urg_node/share/urg_node/docs/URGConfig.dox, /home/sena/turtle_drive/devel/share/urg_node/docs/URGConfig.dox)
Linked: (/home/sena/turtle_drive/devel/.private/urg_node/share/urg_node/docs/URGConfig.wikidoc, /home/sena/turtle_drive/devel/share/urg_node/docs/URGConfig.wikidoc)
Linked: (/home/sena/turtle_drive/devel/.private/urg_node/share/urg_node/cmake/urg_node-msg-paths.cmake, /home/sena/turtle_drive/devel/share/urg_node/cmake/urg_node-msg-paths.cmake)
Linked: (/home/sena/turtle_drive/devel/.private/urg_node/share/urg_node/cmake/urg_nodeConfig.cmake, /home/sena/turtle_drive/devel/share/urg_node/cmake/urg_nodeConfig.cmake)
Linked: (/home/sena/turtle_drive/devel/.private/urg_node/share/urg_node/cmake/urg_node-msg-extras.cmake, /home/sena/turtle_drive/devel/share/urg_node/cmake/urg_node-msg-extras.cmake)
Linked: (/home/sena/turtle_drive/devel/.private/urg_node/share/urg_node/cmake/urg_nodeConfig-version.cmake, /home/sena/turtle_drive/devel/share/urg_node/cmake/urg_nodeConfig-version.cmake)
