Determining if the pthread_create exist failed with the following output:
Change Dir: /home/nishanth/TurtleStuff/turtle_drive/build/hector_map_tools/CMakeFiles/CMakeTmp

Run Build Command:"/usr/bin/make" "cmTC_7f29d/fast"
/usr/bin/make -f CMakeFiles/cmTC_7f29d.dir/build.make CMakeFiles/cmTC_7f29d.dir/build
make[1]: Entering directory '/home/nishanth/TurtleStuff/turtle_drive/build/hector_map_tools/CMakeFiles/CMakeTmp'
Building C object CMakeFiles/cmTC_7f29d.dir/CheckSymbolExists.c.o
/usr/bin/cc     -o CMakeFiles/cmTC_7f29d.dir/CheckSymbolExists.c.o   -c /home/nishanth/TurtleStuff/turtle_drive/build/hector_map_tools/CMakeFiles/CMakeTmp/CheckSymbolExists.c
Linking C executable cmTC_7f29d
/usr/bin/cmake -E cmake_link_script CMakeFiles/cmTC_7f29d.dir/link.txt --verbose=1
/usr/bin/cc       CMakeFiles/cmTC_7f29d.dir/CheckSymbolExists.c.o  -o cmTC_7f29d -rdynamic 
CMakeFiles/cmTC_7f29d.dir/CheckSymbolExists.c.o: In function `main':
CheckSymbolExists.c:(.text+0x16): undefined reference to `pthread_create'
collect2: error: ld returned 1 exit status
CMakeFiles/cmTC_7f29d.dir/build.make:97: recipe for target 'cmTC_7f29d' failed
make[1]: *** [cmTC_7f29d] Error 1
make[1]: Leaving directory '/home/nishanth/TurtleStuff/turtle_drive/build/hector_map_tools/CMakeFiles/CMakeTmp'
Makefile:126: recipe for target 'cmTC_7f29d/fast' failed
make: *** [cmTC_7f29d/fast] Error 2

File /home/nishanth/TurtleStuff/turtle_drive/build/hector_map_tools/CMakeFiles/CMakeTmp/CheckSymbolExists.c:
/* */
#include <pthread.h>

int main(int argc, char** argv)
{
  (void)argv;
#ifndef pthread_create
  return ((int*)(&pthread_create))[argc];
#else
  (void)argc;
  return 0;
#endif
}

Determining if the function pthread_create exists in the pthreads failed with the following output:
Change Dir: /home/nishanth/TurtleStuff/turtle_drive/build/hector_map_tools/CMakeFiles/CMakeTmp

Run Build Command:"/usr/bin/make" "cmTC_d86fb/fast"
/usr/bin/make -f CMakeFiles/cmTC_d86fb.dir/build.make CMakeFiles/cmTC_d86fb.dir/build
make[1]: Entering directory '/home/nishanth/TurtleStuff/turtle_drive/build/hector_map_tools/CMakeFiles/CMakeTmp'
Building C object CMakeFiles/cmTC_d86fb.dir/CheckFunctionExists.c.o
/usr/bin/cc    -DCHECK_FUNCTION_EXISTS=pthread_create   -o CMakeFiles/cmTC_d86fb.dir/CheckFunctionExists.c.o   -c /usr/share/cmake-3.5/Modules/CheckFunctionExists.c
Linking C executable cmTC_d86fb
/usr/bin/cmake -E cmake_link_script CMakeFiles/cmTC_d86fb.dir/link.txt --verbose=1
/usr/bin/cc   -DCHECK_FUNCTION_EXISTS=pthread_create    CMakeFiles/cmTC_d86fb.dir/CheckFunctionExists.c.o  -o cmTC_d86fb -rdynamic -lpthreads 
/usr/bin/ld: cannot find -lpthreads
collect2: error: ld returned 1 exit status
CMakeFiles/cmTC_d86fb.dir/build.make:97: recipe for target 'cmTC_d86fb' failed
make[1]: *** [cmTC_d86fb] Error 1
make[1]: Leaving directory '/home/nishanth/TurtleStuff/turtle_drive/build/hector_map_tools/CMakeFiles/CMakeTmp'
Makefile:126: recipe for target 'cmTC_d86fb/fast' failed
make: *** [cmTC_d86fb/fast] Error 2


