[35m[1mScanning dependencies of target novatel_gps_driver[0m
[  4%] [32mBuilding CXX object CMakeFiles/novatel_gps_driver.dir/src/novatel_message_extractor.cpp.o[0m
[  9%] [32mBuilding CXX object CMakeFiles/novatel_gps_driver.dir/src/novatel_gps.cpp.o[0m
[ 13%] [32mBuilding CXX object CMakeFiles/novatel_gps_driver.dir/src/parsers/bestpos.cpp.o[0m
[ 18%] [32mBuilding CXX object CMakeFiles/novatel_gps_driver.dir/src/parsers/bestvel.cpp.o[0m
[ 22%] [32mBuilding CXX object CMakeFiles/novatel_gps_driver.dir/src/parsers/corrimudata.cpp.o[0m
[ 27%] [32mBuilding CXX object CMakeFiles/novatel_gps_driver.dir/src/parsers/gpgga.cpp.o[0m
[ 31%] [32mBuilding CXX object CMakeFiles/novatel_gps_driver.dir/src/parsers/gpgsa.cpp.o[0m
[ 36%] [32mBuilding CXX object CMakeFiles/novatel_gps_driver.dir/src/parsers/gpgsv.cpp.o[0m
[ 40%] [32mBuilding CXX object CMakeFiles/novatel_gps_driver.dir/src/parsers/gprmc.cpp.o[0m
[ 45%] [32mBuilding CXX object CMakeFiles/novatel_gps_driver.dir/src/parsers/header.cpp.o[0m
[ 50%] [32mBuilding CXX object CMakeFiles/novatel_gps_driver.dir/src/parsers/inscov.cpp.o[0m
[ 54%] [32mBuilding CXX object CMakeFiles/novatel_gps_driver.dir/src/parsers/inspva.cpp.o[0m
[ 59%] [32mBuilding CXX object CMakeFiles/novatel_gps_driver.dir/src/parsers/insstdev.cpp.o[0m
[ 63%] [32mBuilding CXX object CMakeFiles/novatel_gps_driver.dir/src/parsers/parsing_utils.cpp.o[0m
[ 68%] [32mBuilding CXX object CMakeFiles/novatel_gps_driver.dir/src/parsers/range.cpp.o[0m
[ 72%] [32mBuilding CXX object CMakeFiles/novatel_gps_driver.dir/src/parsers/time.cpp.o[0m
[ 77%] [32mBuilding CXX object CMakeFiles/novatel_gps_driver.dir/src/parsers/trackstat.cpp.o[0m
[ 81%] [32m[1mLinking CXX shared library /home/nishanth/TurtleStuff/turtle_drive/devel/.private/novatel_gps_driver/lib/libnovatel_gps_driver.so[0m
[ 81%] Built target novatel_gps_driver
[35m[1mScanning dependencies of target novatel_gps_driver_nodelets[0m
[ 86%] [32mBuilding CXX object CMakeFiles/novatel_gps_driver_nodelets.dir/src/nodelets/novatel_gps_nodelet.cpp.o[0m
[01m[K/home/nishanth/TurtleStuff/turtle_drive/src/novatel_gps_driver/novatel_gps_driver/src/nodelets/novatel_gps_nodelet.cpp:775:22:[m[K [01;35m[Kwarning: [m[Kcharacter constant too long for its type
           std::cout<<'what is this';
[01;32m[K                      ^[m[K
[ 90%] [32m[1mLinking CXX shared library /home/nishanth/TurtleStuff/turtle_drive/devel/.private/novatel_gps_driver/lib/libnovatel_gps_driver_nodelets.so[0m
[ 90%] Built target novatel_gps_driver_nodelets
[35m[1mScanning dependencies of target novatel_gps_node[0m
[ 95%] [32mBuilding CXX object CMakeFiles/novatel_gps_node.dir/novatel_gps_node.cpp.o[0m
[100%] [32m[1mLinking CXX executable /home/nishanth/TurtleStuff/turtle_drive/devel/.private/novatel_gps_driver/lib/novatel_gps_driver/novatel_gps_node[0m
[100%] Built target novatel_gps_node
