Determining if the pthread_create exist failed with the following output:
Change Dir: /home/nishanth/TurtleStuff/turtle_drive/build_isolated/velocity_controllers/CMakeFiles/CMakeTmp

Run Build Command:"/usr/bin/make" "cmTC_6427c/fast"
/usr/bin/make -f CMakeFiles/cmTC_6427c.dir/build.make CMakeFiles/cmTC_6427c.dir/build
make[1]: Entering directory '/home/nishanth/TurtleStuff/turtle_drive/build_isolated/velocity_controllers/CMakeFiles/CMakeTmp'
Building C object CMakeFiles/cmTC_6427c.dir/CheckSymbolExists.c.o
/usr/bin/cc     -o CMakeFiles/cmTC_6427c.dir/CheckSymbolExists.c.o   -c /home/nishanth/TurtleStuff/turtle_drive/build_isolated/velocity_controllers/CMakeFiles/CMakeTmp/CheckSymbolExists.c
Linking C executable cmTC_6427c
/usr/bin/cmake -E cmake_link_script CMakeFiles/cmTC_6427c.dir/link.txt --verbose=1
/usr/bin/cc       CMakeFiles/cmTC_6427c.dir/CheckSymbolExists.c.o  -o cmTC_6427c -rdynamic 
CMakeFiles/cmTC_6427c.dir/CheckSymbolExists.c.o: In function `main':
CheckSymbolExists.c:(.text+0x16): undefined reference to `pthread_create'
collect2: error: ld returned 1 exit status
CMakeFiles/cmTC_6427c.dir/build.make:97: recipe for target 'cmTC_6427c' failed
make[1]: *** [cmTC_6427c] Error 1
make[1]: Leaving directory '/home/nishanth/TurtleStuff/turtle_drive/build_isolated/velocity_controllers/CMakeFiles/CMakeTmp'
Makefile:126: recipe for target 'cmTC_6427c/fast' failed
make: *** [cmTC_6427c/fast] Error 2

File /home/nishanth/TurtleStuff/turtle_drive/build_isolated/velocity_controllers/CMakeFiles/CMakeTmp/CheckSymbolExists.c:
/* */
#include <pthread.h>

int main(int argc, char** argv)
{
  (void)argv;
#ifndef pthread_create
  return ((int*)(&pthread_create))[argc];
#else
  (void)argc;
  return 0;
#endif
}

Determining if the function pthread_create exists in the pthreads failed with the following output:
Change Dir: /home/nishanth/TurtleStuff/turtle_drive/build_isolated/velocity_controllers/CMakeFiles/CMakeTmp

Run Build Command:"/usr/bin/make" "cmTC_fa6bc/fast"
/usr/bin/make -f CMakeFiles/cmTC_fa6bc.dir/build.make CMakeFiles/cmTC_fa6bc.dir/build
make[1]: Entering directory '/home/nishanth/TurtleStuff/turtle_drive/build_isolated/velocity_controllers/CMakeFiles/CMakeTmp'
Building C object CMakeFiles/cmTC_fa6bc.dir/CheckFunctionExists.c.o
/usr/bin/cc    -DCHECK_FUNCTION_EXISTS=pthread_create   -o CMakeFiles/cmTC_fa6bc.dir/CheckFunctionExists.c.o   -c /usr/share/cmake-3.5/Modules/CheckFunctionExists.c
Linking C executable cmTC_fa6bc
/usr/bin/cmake -E cmake_link_script CMakeFiles/cmTC_fa6bc.dir/link.txt --verbose=1
/usr/bin/cc   -DCHECK_FUNCTION_EXISTS=pthread_create    CMakeFiles/cmTC_fa6bc.dir/CheckFunctionExists.c.o  -o cmTC_fa6bc -rdynamic -lpthreads 
/usr/bin/ld: cannot find -lpthreads
collect2: error: ld returned 1 exit status
CMakeFiles/cmTC_fa6bc.dir/build.make:97: recipe for target 'cmTC_fa6bc' failed
make[1]: *** [cmTC_fa6bc] Error 1
make[1]: Leaving directory '/home/nishanth/TurtleStuff/turtle_drive/build_isolated/velocity_controllers/CMakeFiles/CMakeTmp'
Makefile:126: recipe for target 'cmTC_fa6bc/fast' failed
make: *** [cmTC_fa6bc/fast] Error 2


