Determining if the pthread_create exist failed with the following output:
Change Dir: /home/trex/turtle_drive/build/diff_drive_controller/CMakeFiles/CMakeTmp

Run Build Command:"/usr/bin/make" "cmTC_e559e/fast"
/usr/bin/make -f CMakeFiles/cmTC_e559e.dir/build.make CMakeFiles/cmTC_e559e.dir/build
make[1]: Entering directory '/home/trex/turtle_drive/build/diff_drive_controller/CMakeFiles/CMakeTmp'
Building C object CMakeFiles/cmTC_e559e.dir/CheckSymbolExists.c.o
/usr/bin/cc     -o CMakeFiles/cmTC_e559e.dir/CheckSymbolExists.c.o   -c /home/trex/turtle_drive/build/diff_drive_controller/CMakeFiles/CMakeTmp/CheckSymbolExists.c
Linking C executable cmTC_e559e
/usr/bin/cmake -E cmake_link_script CMakeFiles/cmTC_e559e.dir/link.txt --verbose=1
/usr/bin/cc       CMakeFiles/cmTC_e559e.dir/CheckSymbolExists.c.o  -o cmTC_e559e -rdynamic 
CMakeFiles/cmTC_e559e.dir/CheckSymbolExists.c.o: In function `main':
CheckSymbolExists.c:(.text+0xa): undefined reference to `pthread_create'
collect2: error: ld returned 1 exit status
CMakeFiles/cmTC_e559e.dir/build.make:97: recipe for target 'cmTC_e559e' failed
make[1]: *** [cmTC_e559e] Error 1
make[1]: Leaving directory '/home/trex/turtle_drive/build/diff_drive_controller/CMakeFiles/CMakeTmp'
Makefile:126: recipe for target 'cmTC_e559e/fast' failed
make: *** [cmTC_e559e/fast] Error 2

File /home/trex/turtle_drive/build/diff_drive_controller/CMakeFiles/CMakeTmp/CheckSymbolExists.c:
/* */
#include <pthread.h>

int main(int argc, char** argv)
{
  (void)argv;
#ifndef pthread_create
  return ((int*)(&pthread_create))[argc];
#else
  (void)argc;
  return 0;
#endif
}

Determining if the function pthread_create exists in the pthreads failed with the following output:
Change Dir: /home/trex/turtle_drive/build/diff_drive_controller/CMakeFiles/CMakeTmp

Run Build Command:"/usr/bin/make" "cmTC_106d8/fast"
/usr/bin/make -f CMakeFiles/cmTC_106d8.dir/build.make CMakeFiles/cmTC_106d8.dir/build
make[1]: Entering directory '/home/trex/turtle_drive/build/diff_drive_controller/CMakeFiles/CMakeTmp'
Building C object CMakeFiles/cmTC_106d8.dir/CheckFunctionExists.c.o
/usr/bin/cc    -DCHECK_FUNCTION_EXISTS=pthread_create   -o CMakeFiles/cmTC_106d8.dir/CheckFunctionExists.c.o   -c /usr/share/cmake-3.5/Modules/CheckFunctionExists.c
Linking C executable cmTC_106d8
/usr/bin/cmake -E cmake_link_script CMakeFiles/cmTC_106d8.dir/link.txt --verbose=1
/usr/bin/cc   -DCHECK_FUNCTION_EXISTS=pthread_create    CMakeFiles/cmTC_106d8.dir/CheckFunctionExists.c.o  -o cmTC_106d8 -rdynamic -lpthreads 
/usr/bin/ld: cannot find -lpthreads
collect2: error: ld returned 1 exit status
CMakeFiles/cmTC_106d8.dir/build.make:97: recipe for target 'cmTC_106d8' failed
make[1]: *** [cmTC_106d8] Error 1
make[1]: Leaving directory '/home/trex/turtle_drive/build/diff_drive_controller/CMakeFiles/CMakeTmp'
Makefile:126: recipe for target 'cmTC_106d8/fast' failed
make: *** [cmTC_106d8/fast] Error 2


