Determining if the pthread_create exist failed with the following output:
Change Dir: /home/nishanth/TurtleStuff/turtle_drive/build_isolated/force_torque_sensor_controller/CMakeFiles/CMakeTmp

Run Build Command:"/usr/bin/make" "cmTC_62264/fast"
/usr/bin/make -f CMakeFiles/cmTC_62264.dir/build.make CMakeFiles/cmTC_62264.dir/build
make[1]: Entering directory '/home/nishanth/TurtleStuff/turtle_drive/build_isolated/force_torque_sensor_controller/CMakeFiles/CMakeTmp'
Building C object CMakeFiles/cmTC_62264.dir/CheckSymbolExists.c.o
/usr/bin/cc     -o CMakeFiles/cmTC_62264.dir/CheckSymbolExists.c.o   -c /home/nishanth/TurtleStuff/turtle_drive/build_isolated/force_torque_sensor_controller/CMakeFiles/CMakeTmp/CheckSymbolExists.c
Linking C executable cmTC_62264
/usr/bin/cmake -E cmake_link_script CMakeFiles/cmTC_62264.dir/link.txt --verbose=1
/usr/bin/cc       CMakeFiles/cmTC_62264.dir/CheckSymbolExists.c.o  -o cmTC_62264 -rdynamic 
CMakeFiles/cmTC_62264.dir/CheckSymbolExists.c.o: In function `main':
CheckSymbolExists.c:(.text+0x16): undefined reference to `pthread_create'
collect2: error: ld returned 1 exit status
CMakeFiles/cmTC_62264.dir/build.make:97: recipe for target 'cmTC_62264' failed
make[1]: *** [cmTC_62264] Error 1
make[1]: Leaving directory '/home/nishanth/TurtleStuff/turtle_drive/build_isolated/force_torque_sensor_controller/CMakeFiles/CMakeTmp'
Makefile:126: recipe for target 'cmTC_62264/fast' failed
make: *** [cmTC_62264/fast] Error 2

File /home/nishanth/TurtleStuff/turtle_drive/build_isolated/force_torque_sensor_controller/CMakeFiles/CMakeTmp/CheckSymbolExists.c:
/* */
#include <pthread.h>

int main(int argc, char** argv)
{
  (void)argv;
#ifndef pthread_create
  return ((int*)(&pthread_create))[argc];
#else
  (void)argc;
  return 0;
#endif
}

Determining if the function pthread_create exists in the pthreads failed with the following output:
Change Dir: /home/nishanth/TurtleStuff/turtle_drive/build_isolated/force_torque_sensor_controller/CMakeFiles/CMakeTmp

Run Build Command:"/usr/bin/make" "cmTC_ea4ed/fast"
/usr/bin/make -f CMakeFiles/cmTC_ea4ed.dir/build.make CMakeFiles/cmTC_ea4ed.dir/build
make[1]: Entering directory '/home/nishanth/TurtleStuff/turtle_drive/build_isolated/force_torque_sensor_controller/CMakeFiles/CMakeTmp'
Building C object CMakeFiles/cmTC_ea4ed.dir/CheckFunctionExists.c.o
/usr/bin/cc    -DCHECK_FUNCTION_EXISTS=pthread_create   -o CMakeFiles/cmTC_ea4ed.dir/CheckFunctionExists.c.o   -c /usr/share/cmake-3.5/Modules/CheckFunctionExists.c
Linking C executable cmTC_ea4ed
/usr/bin/cmake -E cmake_link_script CMakeFiles/cmTC_ea4ed.dir/link.txt --verbose=1
/usr/bin/cc   -DCHECK_FUNCTION_EXISTS=pthread_create    CMakeFiles/cmTC_ea4ed.dir/CheckFunctionExists.c.o  -o cmTC_ea4ed -rdynamic -lpthreads 
/usr/bin/ld: cannot find -lpthreads
collect2: error: ld returned 1 exit status
CMakeFiles/cmTC_ea4ed.dir/build.make:97: recipe for target 'cmTC_ea4ed' failed
make[1]: *** [cmTC_ea4ed] Error 1
make[1]: Leaving directory '/home/nishanth/TurtleStuff/turtle_drive/build_isolated/force_torque_sensor_controller/CMakeFiles/CMakeTmp'
Makefile:126: recipe for target 'cmTC_ea4ed/fast' failed
make: *** [cmTC_ea4ed/fast] Error 2


