Symlinking /home/nishanth/TurtleStuff/turtle_drive/devel/lib/libroboteq_driver_script.a
Symlinking /home/nishanth/TurtleStuff/turtle_drive/devel/lib/roboteq_driver/driver_node
Symlinking /home/nishanth/TurtleStuff/turtle_drive/devel/lib/pkgconfig/roboteq_driver.pc
Symlinking /home/nishanth/TurtleStuff/turtle_drive/devel/share/roboteq_driver/cmake/roboteq_driverConfig-version.cmake
Symlinking /home/nishanth/TurtleStuff/turtle_drive/devel/share/roboteq_driver/cmake/roboteq_driverConfig.cmake
Cleaning: (/home/trex/turtle_drive/devel/.private/roboteq_driver/share/roboteq_driver/cmake/roboteq_driverConfig.cmake, /home/trex/turtle_drive/devel/share/roboteq_driver/cmake/roboteq_driverConfig.cmake)
Cleaning: (/home/trex/turtle_drive/devel/.private/roboteq_driver/share/roboteq_driver/cmake/roboteq_driverConfig-version.cmake, /home/trex/turtle_drive/devel/share/roboteq_driver/cmake/roboteq_driverConfig-version.cmake)
Cleaning: (/home/trex/turtle_drive/devel/.private/roboteq_driver/lib/libroboteq_driver_script.a, /home/trex/turtle_drive/devel/lib/libroboteq_driver_script.a)
Cleaning: (/home/trex/turtle_drive/devel/.private/roboteq_driver/lib/pkgconfig/roboteq_driver.pc, /home/trex/turtle_drive/devel/lib/pkgconfig/roboteq_driver.pc)
Cleaning: (/home/trex/turtle_drive/devel/.private/roboteq_driver/lib/roboteq_driver/driver_node, /home/trex/turtle_drive/devel/lib/roboteq_driver/driver_node)
Unlinking: /home/trex/turtle_drive/devel/share/roboteq_driver/cmake/roboteq_driverConfig.cmake
Already unlinked: {}
Unlinking: /home/trex/turtle_drive/devel/share/roboteq_driver/cmake/roboteq_driverConfig-version.cmake
Already unlinked: {}
Unlinking: /home/trex/turtle_drive/devel/lib/libroboteq_driver_script.a
Already unlinked: {}
Unlinking: /home/trex/turtle_drive/devel/lib/pkgconfig/roboteq_driver.pc
Already unlinked: {}
Unlinking: /home/trex/turtle_drive/devel/lib/roboteq_driver/driver_node
Already unlinked: {}
