<<<<<<< HEAD
Symlinking /home/sena/turtle_drive/devel/lib/libroboteq_driver_script.a
Symlinking /home/sena/turtle_drive/devel/lib/pkgconfig/roboteq_driver.pc
Symlinking /home/sena/turtle_drive/devel/lib/roboteq_driver/driver_node
Symlinking /home/sena/turtle_drive/devel/share/roboteq_driver/cmake/roboteq_driverConfig-version.cmake
Symlinking /home/sena/turtle_drive/devel/share/roboteq_driver/cmake/roboteq_driverConfig.cmake
=======
Symlinking /home/trex/turtle_drive/devel/share/roboteq_driver/cmake/roboteq_driverConfig.cmake
Symlinking /home/trex/turtle_drive/devel/share/roboteq_driver/cmake/roboteq_driverConfig-version.cmake
Symlinking /home/trex/turtle_drive/devel/lib/libroboteq_driver_script.a
Symlinking /home/trex/turtle_drive/devel/lib/pkgconfig/roboteq_driver.pc
Symlinking /home/trex/turtle_drive/devel/lib/roboteq_driver/driver_node
Cleaning: (/home/sena/turtle_drive/devel/.private/roboteq_driver/lib/libroboteq_driver_script.a, /home/sena/turtle_drive/devel/lib/libroboteq_driver_script.a)
Cleaning: (/home/sena/turtle_drive/devel/.private/roboteq_driver/lib/pkgconfig/roboteq_driver.pc, /home/sena/turtle_drive/devel/lib/pkgconfig/roboteq_driver.pc)
Cleaning: (/home/sena/turtle_drive/devel/.private/roboteq_driver/lib/roboteq_driver/driver_node, /home/sena/turtle_drive/devel/lib/roboteq_driver/driver_node)
Cleaning: (/home/sena/turtle_drive/devel/.private/roboteq_driver/share/roboteq_driver/cmake/roboteq_driverConfig-version.cmake, /home/sena/turtle_drive/devel/share/roboteq_driver/cmake/roboteq_driverConfig-version.cmake)
Cleaning: (/home/sena/turtle_drive/devel/.private/roboteq_driver/share/roboteq_driver/cmake/roboteq_driverConfig.cmake, /home/sena/turtle_drive/devel/share/roboteq_driver/cmake/roboteq_driverConfig.cmake)
Unlinking: /home/sena/turtle_drive/devel/lib/libroboteq_driver_script.a
Already unlinked: {}
Unlinking: /home/sena/turtle_drive/devel/lib/pkgconfig/roboteq_driver.pc
Already unlinked: {}
Unlinking: /home/sena/turtle_drive/devel/lib/roboteq_driver/driver_node
Already unlinked: {}
Unlinking: /home/sena/turtle_drive/devel/share/roboteq_driver/cmake/roboteq_driverConfig-version.cmake
Already unlinked: {}
Unlinking: /home/sena/turtle_drive/devel/share/roboteq_driver/cmake/roboteq_driverConfig.cmake
Already unlinked: {}
>>>>>>> e9cd62af21de1d7449f0732f6f4acbdc818f742b
