[  2%] Built target ar_track_alvar_gencfg
[  6%] Built target kinect_filtering
[ 70%] Built target ar_track_alvar
[ 72%] [32mBuilding CXX object CMakeFiles/createMarker.dir/src/SampleMarkerCreator.cpp.o[0m
[ 75%] [32mBuilding CXX object CMakeFiles/trainMarkerBundle.dir/nodes/TrainMarkerBundle.cpp.o[0m
[ 77%] [32mBuilding CXX object CMakeFiles/individualMarkers.dir/nodes/IndividualMarkers.cpp.o[0m
[ 79%] [32mBuilding CXX object CMakeFiles/individualMarkersNoKinect.dir/nodes/IndividualMarkersNoKinect.cpp.o[0m
[ 81%] [32m[1mLinking CXX executable /home/nishanth/TurtleStuff/turtle_drive/devel/.private/ar_track_alvar/lib/ar_track_alvar/createMarker[0m
[ 83%] [32m[1mLinking CXX executable /home/nishanth/TurtleStuff/turtle_drive/devel/.private/ar_track_alvar/lib/ar_track_alvar/trainMarkerBundle[0m
[ 85%] [32m[1mLinking CXX executable /home/nishanth/TurtleStuff/turtle_drive/devel/.private/ar_track_alvar/lib/ar_track_alvar/individualMarkersNoKinect[0m
[ 85%] Built target trainMarkerBundle
[35m[1mScanning dependencies of target medianFilter[0m
[ 85%] Built target createMarker
[35m[1mScanning dependencies of target findMarkerBundlesNoKinect[0m
[ 87%] [32mBuilding CXX object CMakeFiles/medianFilter.dir/src/medianFilter.cpp.o[0m
[ 87%] Built target individualMarkersNoKinect
[ 89%] [32m[1mLinking CXX executable /home/nishanth/TurtleStuff/turtle_drive/devel/.private/ar_track_alvar/lib/ar_track_alvar/individualMarkers[0m
[ 89%] Built target individualMarkers
[ 91%] [32mBuilding CXX object CMakeFiles/findMarkerBundlesNoKinect.dir/nodes/FindMarkerBundlesNoKinect.cpp.o[0m
[ 93%] [32m[1mLinking CXX shared library /home/nishanth/TurtleStuff/turtle_drive/devel/.private/ar_track_alvar/lib/libmedianFilter.so[0m
[ 93%] Built target medianFilter
[35m[1mScanning dependencies of target findMarkerBundles[0m
[ 95%] [32mBuilding CXX object CMakeFiles/findMarkerBundles.dir/nodes/FindMarkerBundles.cpp.o[0m
[ 97%] [32m[1mLinking CXX executable /home/nishanth/TurtleStuff/turtle_drive/devel/.private/ar_track_alvar/lib/ar_track_alvar/findMarkerBundlesNoKinect[0m
[ 97%] Built target findMarkerBundlesNoKinect
[100%] [32m[1mLinking CXX executable /home/nishanth/TurtleStuff/turtle_drive/devel/.private/ar_track_alvar/lib/ar_track_alvar/findMarkerBundles[0m
[100%] Built target findMarkerBundles
