Symlinking /home/turtle1/turtle_drive/devel/lib/hector_mapping/hector_mapping
Symlinking /home/turtle1/turtle_drive/devel/lib/python2.7/dist-packages/hector_mapping/__init__.py
Symlinking /home/turtle1/turtle_drive/devel/lib/python2.7/dist-packages/hector_mapping/msg/_HectorDebugInfo.py
Symlinking /home/turtle1/turtle_drive/devel/lib/python2.7/dist-packages/hector_mapping/msg/_HectorIterData.py
Symlinking /home/turtle1/turtle_drive/devel/lib/python2.7/dist-packages/hector_mapping/msg/__init__.py
Symlinking /home/turtle1/turtle_drive/devel/lib/pkgconfig/hector_mapping.pc
Symlinking /home/turtle1/turtle_drive/devel/include/hector_mapping/HectorIterData.h
Symlinking /home/turtle1/turtle_drive/devel/include/hector_mapping/HectorDebugInfo.h
Symlinking /home/turtle1/turtle_drive/devel/share/gennodejs/ros/hector_mapping/_index.js
Symlinking /home/turtle1/turtle_drive/devel/share/gennodejs/ros/hector_mapping/msg/HectorDebugInfo.js
Symlinking /home/turtle1/turtle_drive/devel/share/gennodejs/ros/hector_mapping/msg/_index.js
Symlinking /home/turtle1/turtle_drive/devel/share/gennodejs/ros/hector_mapping/msg/HectorIterData.js
Symlinking /home/turtle1/turtle_drive/devel/share/hector_mapping/cmake/hector_mappingConfig-version.cmake
Symlinking /home/turtle1/turtle_drive/devel/share/hector_mapping/cmake/hector_mapping-msg-extras.cmake
Symlinking /home/turtle1/turtle_drive/devel/share/hector_mapping/cmake/hector_mapping-msg-paths.cmake
Symlinking /home/turtle1/turtle_drive/devel/share/hector_mapping/cmake/hector_mappingConfig.cmake
Symlinking /home/turtle1/turtle_drive/devel/share/common-lisp/ros/hector_mapping/msg/_package_HectorIterData.lisp
Symlinking /home/turtle1/turtle_drive/devel/share/common-lisp/ros/hector_mapping/msg/_package.lisp
Symlinking /home/turtle1/turtle_drive/devel/share/common-lisp/ros/hector_mapping/msg/_package_HectorDebugInfo.lisp
Symlinking /home/turtle1/turtle_drive/devel/share/common-lisp/ros/hector_mapping/msg/HectorDebugInfo.lisp
Symlinking /home/turtle1/turtle_drive/devel/share/common-lisp/ros/hector_mapping/msg/hector_mapping-msg.asd
Symlinking /home/turtle1/turtle_drive/devel/share/common-lisp/ros/hector_mapping/msg/HectorIterData.lisp
Symlinking /home/turtle1/turtle_drive/devel/share/roseus/ros/hector_mapping/manifest.l
Symlinking /home/turtle1/turtle_drive/devel/share/roseus/ros/hector_mapping/msg/HectorDebugInfo.l
Symlinking /home/turtle1/turtle_drive/devel/share/roseus/ros/hector_mapping/msg/HectorIterData.l
Cleaning: (/home/trex/turtle_drive/devel/.private/hector_mapping/include/hector_mapping/HectorIterData.h, /home/trex/turtle_drive/devel/include/hector_mapping/HectorIterData.h)
Cleaning: (/home/trex/turtle_drive/devel/.private/hector_mapping/include/hector_mapping/HectorDebugInfo.h, /home/trex/turtle_drive/devel/include/hector_mapping/HectorDebugInfo.h)
Cleaning: (/home/trex/turtle_drive/devel/.private/hector_mapping/share/hector_mapping/cmake/hector_mappingConfig-version.cmake, /home/trex/turtle_drive/devel/share/hector_mapping/cmake/hector_mappingConfig-version.cmake)
Cleaning: (/home/trex/turtle_drive/devel/.private/hector_mapping/share/hector_mapping/cmake/hector_mapping-msg-extras.cmake, /home/trex/turtle_drive/devel/share/hector_mapping/cmake/hector_mapping-msg-extras.cmake)
Cleaning: (/home/trex/turtle_drive/devel/.private/hector_mapping/share/hector_mapping/cmake/hector_mappingConfig.cmake, /home/trex/turtle_drive/devel/share/hector_mapping/cmake/hector_mappingConfig.cmake)
Cleaning: (/home/trex/turtle_drive/devel/.private/hector_mapping/share/hector_mapping/cmake/hector_mapping-msg-paths.cmake, /home/trex/turtle_drive/devel/share/hector_mapping/cmake/hector_mapping-msg-paths.cmake)
Cleaning: (/home/trex/turtle_drive/devel/.private/hector_mapping/share/gennodejs/ros/hector_mapping/_index.js, /home/trex/turtle_drive/devel/share/gennodejs/ros/hector_mapping/_index.js)
Cleaning: (/home/trex/turtle_drive/devel/.private/hector_mapping/share/gennodejs/ros/hector_mapping/msg/HectorDebugInfo.js, /home/trex/turtle_drive/devel/share/gennodejs/ros/hector_mapping/msg/HectorDebugInfo.js)
Cleaning: (/home/trex/turtle_drive/devel/.private/hector_mapping/share/gennodejs/ros/hector_mapping/msg/HectorIterData.js, /home/trex/turtle_drive/devel/share/gennodejs/ros/hector_mapping/msg/HectorIterData.js)
Cleaning: (/home/trex/turtle_drive/devel/.private/hector_mapping/share/gennodejs/ros/hector_mapping/msg/_index.js, /home/trex/turtle_drive/devel/share/gennodejs/ros/hector_mapping/msg/_index.js)
Cleaning: (/home/trex/turtle_drive/devel/.private/hector_mapping/share/roseus/ros/hector_mapping/manifest.l, /home/trex/turtle_drive/devel/share/roseus/ros/hector_mapping/manifest.l)
Cleaning: (/home/trex/turtle_drive/devel/.private/hector_mapping/share/roseus/ros/hector_mapping/msg/HectorDebugInfo.l, /home/trex/turtle_drive/devel/share/roseus/ros/hector_mapping/msg/HectorDebugInfo.l)
Cleaning: (/home/trex/turtle_drive/devel/.private/hector_mapping/share/roseus/ros/hector_mapping/msg/HectorIterData.l, /home/trex/turtle_drive/devel/share/roseus/ros/hector_mapping/msg/HectorIterData.l)
Cleaning: (/home/trex/turtle_drive/devel/.private/hector_mapping/share/common-lisp/ros/hector_mapping/msg/hector_mapping-msg.asd, /home/trex/turtle_drive/devel/share/common-lisp/ros/hector_mapping/msg/hector_mapping-msg.asd)
Cleaning: (/home/trex/turtle_drive/devel/.private/hector_mapping/share/common-lisp/ros/hector_mapping/msg/HectorDebugInfo.lisp, /home/trex/turtle_drive/devel/share/common-lisp/ros/hector_mapping/msg/HectorDebugInfo.lisp)
Cleaning: (/home/trex/turtle_drive/devel/.private/hector_mapping/share/common-lisp/ros/hector_mapping/msg/_package_HectorIterData.lisp, /home/trex/turtle_drive/devel/share/common-lisp/ros/hector_mapping/msg/_package_HectorIterData.lisp)
Cleaning: (/home/trex/turtle_drive/devel/.private/hector_mapping/share/common-lisp/ros/hector_mapping/msg/_package_HectorDebugInfo.lisp, /home/trex/turtle_drive/devel/share/common-lisp/ros/hector_mapping/msg/_package_HectorDebugInfo.lisp)
Cleaning: (/home/trex/turtle_drive/devel/.private/hector_mapping/share/common-lisp/ros/hector_mapping/msg/_package.lisp, /home/trex/turtle_drive/devel/share/common-lisp/ros/hector_mapping/msg/_package.lisp)
Cleaning: (/home/trex/turtle_drive/devel/.private/hector_mapping/share/common-lisp/ros/hector_mapping/msg/HectorIterData.lisp, /home/trex/turtle_drive/devel/share/common-lisp/ros/hector_mapping/msg/HectorIterData.lisp)
Cleaning: (/home/trex/turtle_drive/devel/.private/hector_mapping/lib/hector_mapping/hector_mapping, /home/trex/turtle_drive/devel/lib/hector_mapping/hector_mapping)
Cleaning: (/home/trex/turtle_drive/devel/.private/hector_mapping/lib/pkgconfig/hector_mapping.pc, /home/trex/turtle_drive/devel/lib/pkgconfig/hector_mapping.pc)
Cleaning: (/home/trex/turtle_drive/devel/.private/hector_mapping/lib/python2.7/dist-packages/hector_mapping/__init__.py, /home/trex/turtle_drive/devel/lib/python2.7/dist-packages/hector_mapping/__init__.py)
Cleaning: (/home/trex/turtle_drive/devel/.private/hector_mapping/lib/python2.7/dist-packages/hector_mapping/msg/_HectorIterData.py, /home/trex/turtle_drive/devel/lib/python2.7/dist-packages/hector_mapping/msg/_HectorIterData.py)
Cleaning: (/home/trex/turtle_drive/devel/.private/hector_mapping/lib/python2.7/dist-packages/hector_mapping/msg/_HectorDebugInfo.py, /home/trex/turtle_drive/devel/lib/python2.7/dist-packages/hector_mapping/msg/_HectorDebugInfo.py)
Cleaning: (/home/trex/turtle_drive/devel/.private/hector_mapping/lib/python2.7/dist-packages/hector_mapping/msg/__init__.py, /home/trex/turtle_drive/devel/lib/python2.7/dist-packages/hector_mapping/msg/__init__.py)
Unlinking: /home/trex/turtle_drive/devel/include/hector_mapping/HectorIterData.h
Already unlinked: {}
Unlinking: /home/trex/turtle_drive/devel/include/hector_mapping/HectorDebugInfo.h
Already unlinked: {}
Unlinking: /home/trex/turtle_drive/devel/share/hector_mapping/cmake/hector_mappingConfig-version.cmake
Already unlinked: {}
Unlinking: /home/trex/turtle_drive/devel/share/hector_mapping/cmake/hector_mapping-msg-extras.cmake
Already unlinked: {}
Unlinking: /home/trex/turtle_drive/devel/share/hector_mapping/cmake/hector_mappingConfig.cmake
Already unlinked: {}
Unlinking: /home/trex/turtle_drive/devel/share/hector_mapping/cmake/hector_mapping-msg-paths.cmake
Already unlinked: {}
Unlinking: /home/trex/turtle_drive/devel/share/gennodejs/ros/hector_mapping/_index.js
Already unlinked: {}
Unlinking: /home/trex/turtle_drive/devel/share/gennodejs/ros/hector_mapping/msg/HectorDebugInfo.js
Already unlinked: {}
Unlinking: /home/trex/turtle_drive/devel/share/gennodejs/ros/hector_mapping/msg/HectorIterData.js
Already unlinked: {}
Unlinking: /home/trex/turtle_drive/devel/share/gennodejs/ros/hector_mapping/msg/_index.js
Already unlinked: {}
Unlinking: /home/trex/turtle_drive/devel/share/roseus/ros/hector_mapping/manifest.l
Already unlinked: {}
Unlinking: /home/trex/turtle_drive/devel/share/roseus/ros/hector_mapping/msg/HectorDebugInfo.l
Already unlinked: {}
Unlinking: /home/trex/turtle_drive/devel/share/roseus/ros/hector_mapping/msg/HectorIterData.l
Already unlinked: {}
Unlinking: /home/trex/turtle_drive/devel/share/common-lisp/ros/hector_mapping/msg/hector_mapping-msg.asd
Already unlinked: {}
Unlinking: /home/trex/turtle_drive/devel/share/common-lisp/ros/hector_mapping/msg/HectorDebugInfo.lisp
Already unlinked: {}
Unlinking: /home/trex/turtle_drive/devel/share/common-lisp/ros/hector_mapping/msg/_package_HectorIterData.lisp
Already unlinked: {}
Unlinking: /home/trex/turtle_drive/devel/share/common-lisp/ros/hector_mapping/msg/_package_HectorDebugInfo.lisp
Already unlinked: {}
Unlinking: /home/trex/turtle_drive/devel/share/common-lisp/ros/hector_mapping/msg/_package.lisp
Already unlinked: {}
Unlinking: /home/trex/turtle_drive/devel/share/common-lisp/ros/hector_mapping/msg/HectorIterData.lisp
Already unlinked: {}
Unlinking: /home/trex/turtle_drive/devel/lib/hector_mapping/hector_mapping
Already unlinked: {}
Unlinking: /home/trex/turtle_drive/devel/lib/pkgconfig/hector_mapping.pc
Already unlinked: {}
Unlinking: /home/trex/turtle_drive/devel/lib/python2.7/dist-packages/hector_mapping/__init__.py
Already unlinked: {}
Unlinking: /home/trex/turtle_drive/devel/lib/python2.7/dist-packages/hector_mapping/msg/_HectorIterData.py
Already unlinked: {}
Unlinking: /home/trex/turtle_drive/devel/lib/python2.7/dist-packages/hector_mapping/msg/_HectorDebugInfo.py
Already unlinked: {}
Unlinking: /home/trex/turtle_drive/devel/lib/python2.7/dist-packages/hector_mapping/msg/__init__.py
Already unlinked: {}
