Determining if the pthread_create exist failed with the following output:
Change Dir: /home/nishanth/TurtleStuff/turtle_drive/build/driver_base/CMakeFiles/CMakeTmp

Run Build Command:"/usr/bin/make" "cmTC_75da4/fast"
/usr/bin/make -f CMakeFiles/cmTC_75da4.dir/build.make CMakeFiles/cmTC_75da4.dir/build
make[1]: Entering directory '/home/nishanth/TurtleStuff/turtle_drive/build/driver_base/CMakeFiles/CMakeTmp'
Building C object CMakeFiles/cmTC_75da4.dir/CheckSymbolExists.c.o
/usr/bin/cc     -o CMakeFiles/cmTC_75da4.dir/CheckSymbolExists.c.o   -c /home/nishanth/TurtleStuff/turtle_drive/build/driver_base/CMakeFiles/CMakeTmp/CheckSymbolExists.c
Linking C executable cmTC_75da4
/usr/bin/cmake -E cmake_link_script CMakeFiles/cmTC_75da4.dir/link.txt --verbose=1
/usr/bin/cc       CMakeFiles/cmTC_75da4.dir/CheckSymbolExists.c.o  -o cmTC_75da4 -rdynamic 
CMakeFiles/cmTC_75da4.dir/CheckSymbolExists.c.o: In function `main':
CheckSymbolExists.c:(.text+0x16): undefined reference to `pthread_create'
collect2: error: ld returned 1 exit status
CMakeFiles/cmTC_75da4.dir/build.make:97: recipe for target 'cmTC_75da4' failed
make[1]: *** [cmTC_75da4] Error 1
make[1]: Leaving directory '/home/nishanth/TurtleStuff/turtle_drive/build/driver_base/CMakeFiles/CMakeTmp'
Makefile:126: recipe for target 'cmTC_75da4/fast' failed
make: *** [cmTC_75da4/fast] Error 2

File /home/nishanth/TurtleStuff/turtle_drive/build/driver_base/CMakeFiles/CMakeTmp/CheckSymbolExists.c:
/* */
#include <pthread.h>

int main(int argc, char** argv)
{
  (void)argv;
#ifndef pthread_create
  return ((int*)(&pthread_create))[argc];
#else
  (void)argc;
  return 0;
#endif
}

Determining if the function pthread_create exists in the pthreads failed with the following output:
Change Dir: /home/nishanth/TurtleStuff/turtle_drive/build/driver_base/CMakeFiles/CMakeTmp

Run Build Command:"/usr/bin/make" "cmTC_a2e1e/fast"
/usr/bin/make -f CMakeFiles/cmTC_a2e1e.dir/build.make CMakeFiles/cmTC_a2e1e.dir/build
make[1]: Entering directory '/home/nishanth/TurtleStuff/turtle_drive/build/driver_base/CMakeFiles/CMakeTmp'
Building C object CMakeFiles/cmTC_a2e1e.dir/CheckFunctionExists.c.o
/usr/bin/cc    -DCHECK_FUNCTION_EXISTS=pthread_create   -o CMakeFiles/cmTC_a2e1e.dir/CheckFunctionExists.c.o   -c /usr/share/cmake-3.5/Modules/CheckFunctionExists.c
Linking C executable cmTC_a2e1e
/usr/bin/cmake -E cmake_link_script CMakeFiles/cmTC_a2e1e.dir/link.txt --verbose=1
/usr/bin/cc   -DCHECK_FUNCTION_EXISTS=pthread_create    CMakeFiles/cmTC_a2e1e.dir/CheckFunctionExists.c.o  -o cmTC_a2e1e -rdynamic -lpthreads 
/usr/bin/ld: cannot find -lpthreads
collect2: error: ld returned 1 exit status
CMakeFiles/cmTC_a2e1e.dir/build.make:97: recipe for target 'cmTC_a2e1e' failed
make[1]: *** [cmTC_a2e1e] Error 1
make[1]: Leaving directory '/home/nishanth/TurtleStuff/turtle_drive/build/driver_base/CMakeFiles/CMakeTmp'
Makefile:126: recipe for target 'cmTC_a2e1e/fast' failed
make: *** [cmTC_a2e1e/fast] Error 2


