Determining if the pthread_create exist failed with the following output:
Change Dir: /home/nishanth/TurtleStuff/turtle_drive/build/hector_imu_attitude_to_tf/CMakeFiles/CMakeTmp

Run Build Command:"/usr/bin/make" "cmTC_8ceb4/fast"
/usr/bin/make -f CMakeFiles/cmTC_8ceb4.dir/build.make CMakeFiles/cmTC_8ceb4.dir/build
make[1]: Entering directory '/home/nishanth/TurtleStuff/turtle_drive/build/hector_imu_attitude_to_tf/CMakeFiles/CMakeTmp'
Building C object CMakeFiles/cmTC_8ceb4.dir/CheckSymbolExists.c.o
/usr/bin/cc     -o CMakeFiles/cmTC_8ceb4.dir/CheckSymbolExists.c.o   -c /home/nishanth/TurtleStuff/turtle_drive/build/hector_imu_attitude_to_tf/CMakeFiles/CMakeTmp/CheckSymbolExists.c
Linking C executable cmTC_8ceb4
/usr/bin/cmake -E cmake_link_script CMakeFiles/cmTC_8ceb4.dir/link.txt --verbose=1
/usr/bin/cc       CMakeFiles/cmTC_8ceb4.dir/CheckSymbolExists.c.o  -o cmTC_8ceb4 -rdynamic 
CMakeFiles/cmTC_8ceb4.dir/CheckSymbolExists.c.o: In function `main':
CheckSymbolExists.c:(.text+0x16): undefined reference to `pthread_create'
collect2: error: ld returned 1 exit status
CMakeFiles/cmTC_8ceb4.dir/build.make:97: recipe for target 'cmTC_8ceb4' failed
make[1]: *** [cmTC_8ceb4] Error 1
make[1]: Leaving directory '/home/nishanth/TurtleStuff/turtle_drive/build/hector_imu_attitude_to_tf/CMakeFiles/CMakeTmp'
Makefile:126: recipe for target 'cmTC_8ceb4/fast' failed
make: *** [cmTC_8ceb4/fast] Error 2

File /home/nishanth/TurtleStuff/turtle_drive/build/hector_imu_attitude_to_tf/CMakeFiles/CMakeTmp/CheckSymbolExists.c:
/* */
#include <pthread.h>

int main(int argc, char** argv)
{
  (void)argv;
#ifndef pthread_create
  return ((int*)(&pthread_create))[argc];
#else
  (void)argc;
  return 0;
#endif
}

Determining if the function pthread_create exists in the pthreads failed with the following output:
Change Dir: /home/nishanth/TurtleStuff/turtle_drive/build/hector_imu_attitude_to_tf/CMakeFiles/CMakeTmp

Run Build Command:"/usr/bin/make" "cmTC_88536/fast"
/usr/bin/make -f CMakeFiles/cmTC_88536.dir/build.make CMakeFiles/cmTC_88536.dir/build
make[1]: Entering directory '/home/nishanth/TurtleStuff/turtle_drive/build/hector_imu_attitude_to_tf/CMakeFiles/CMakeTmp'
Building C object CMakeFiles/cmTC_88536.dir/CheckFunctionExists.c.o
/usr/bin/cc    -DCHECK_FUNCTION_EXISTS=pthread_create   -o CMakeFiles/cmTC_88536.dir/CheckFunctionExists.c.o   -c /usr/share/cmake-3.5/Modules/CheckFunctionExists.c
Linking C executable cmTC_88536
/usr/bin/cmake -E cmake_link_script CMakeFiles/cmTC_88536.dir/link.txt --verbose=1
/usr/bin/cc   -DCHECK_FUNCTION_EXISTS=pthread_create    CMakeFiles/cmTC_88536.dir/CheckFunctionExists.c.o  -o cmTC_88536 -rdynamic -lpthreads 
/usr/bin/ld: cannot find -lpthreads
collect2: error: ld returned 1 exit status
CMakeFiles/cmTC_88536.dir/build.make:97: recipe for target 'cmTC_88536' failed
make[1]: *** [cmTC_88536] Error 1
make[1]: Leaving directory '/home/nishanth/TurtleStuff/turtle_drive/build/hector_imu_attitude_to_tf/CMakeFiles/CMakeTmp'
Makefile:126: recipe for target 'cmTC_88536/fast' failed
make: *** [cmTC_88536/fast] Error 2


