Determining if the pthread_create exist failed with the following output:
Change Dir: /home/turtle1/turtle_drive/build/obj_detect/CMakeFiles/CMakeTmp

Run Build Command:"/usr/bin/make" "cmTC_b6037/fast"
/usr/bin/make -f CMakeFiles/cmTC_b6037.dir/build.make CMakeFiles/cmTC_b6037.dir/build
make[1]: Entering directory '/home/turtle1/turtle_drive/build/obj_detect/CMakeFiles/CMakeTmp'
Building C object CMakeFiles/cmTC_b6037.dir/CheckSymbolExists.c.o
/usr/bin/cc     -o CMakeFiles/cmTC_b6037.dir/CheckSymbolExists.c.o   -c /home/turtle1/turtle_drive/build/obj_detect/CMakeFiles/CMakeTmp/CheckSymbolExists.c
Linking C executable cmTC_b6037
/usr/bin/cmake -E cmake_link_script CMakeFiles/cmTC_b6037.dir/link.txt --verbose=1
/usr/bin/cc       CMakeFiles/cmTC_b6037.dir/CheckSymbolExists.c.o  -o cmTC_b6037 -rdynamic 
CMakeFiles/cmTC_b6037.dir/CheckSymbolExists.c.o: In function `main':
CheckSymbolExists.c:(.text+0x16): undefined reference to `pthread_create'
collect2: error: ld returned 1 exit status
CMakeFiles/cmTC_b6037.dir/build.make:97: recipe for target 'cmTC_b6037' failed
make[1]: *** [cmTC_b6037] Error 1
make[1]: Leaving directory '/home/turtle1/turtle_drive/build/obj_detect/CMakeFiles/CMakeTmp'
Makefile:126: recipe for target 'cmTC_b6037/fast' failed
make: *** [cmTC_b6037/fast] Error 2

File /home/turtle1/turtle_drive/build/obj_detect/CMakeFiles/CMakeTmp/CheckSymbolExists.c:
/* */
#include <pthread.h>

int main(int argc, char** argv)
{
  (void)argv;
#ifndef pthread_create
  return ((int*)(&pthread_create))[argc];
#else
  (void)argc;
  return 0;
#endif
}

Determining if the function pthread_create exists in the pthreads failed with the following output:
Change Dir: /home/turtle1/turtle_drive/build/obj_detect/CMakeFiles/CMakeTmp

Run Build Command:"/usr/bin/make" "cmTC_fbf5c/fast"
/usr/bin/make -f CMakeFiles/cmTC_fbf5c.dir/build.make CMakeFiles/cmTC_fbf5c.dir/build
make[1]: Entering directory '/home/turtle1/turtle_drive/build/obj_detect/CMakeFiles/CMakeTmp'
Building C object CMakeFiles/cmTC_fbf5c.dir/CheckFunctionExists.c.o
/usr/bin/cc    -DCHECK_FUNCTION_EXISTS=pthread_create   -o CMakeFiles/cmTC_fbf5c.dir/CheckFunctionExists.c.o   -c /usr/share/cmake-3.5/Modules/CheckFunctionExists.c
Linking C executable cmTC_fbf5c
/usr/bin/cmake -E cmake_link_script CMakeFiles/cmTC_fbf5c.dir/link.txt --verbose=1
/usr/bin/cc   -DCHECK_FUNCTION_EXISTS=pthread_create    CMakeFiles/cmTC_fbf5c.dir/CheckFunctionExists.c.o  -o cmTC_fbf5c -rdynamic -lpthreads 
/usr/bin/ld: cannot find -lpthreads
collect2: error: ld returned 1 exit status
CMakeFiles/cmTC_fbf5c.dir/build.make:97: recipe for target 'cmTC_fbf5c' failed
make[1]: *** [cmTC_fbf5c] Error 1
make[1]: Leaving directory '/home/turtle1/turtle_drive/build/obj_detect/CMakeFiles/CMakeTmp'
Makefile:126: recipe for target 'cmTC_fbf5c/fast' failed
make: *** [cmTC_fbf5c/fast] Error 2


