<<<<<<< HEAD
Symlinking /home/sena/turtle_drive/devel/lib/libgeotiff_writer.so
Symlinking /home/sena/turtle_drive/devel/lib/pkgconfig/hector_geotiff.pc
Symlinking /home/sena/turtle_drive/devel/lib/hector_geotiff/geotiff_node
Symlinking /home/sena/turtle_drive/devel/lib/hector_geotiff/geotiff_saver
Symlinking /home/sena/turtle_drive/devel/share/hector_geotiff/cmake/hector_geotiffConfig.cmake
Symlinking /home/sena/turtle_drive/devel/share/hector_geotiff/cmake/hector_geotiffConfig-version.cmake
=======
Symlinking /home/trex/turtle_drive/devel/share/hector_geotiff/cmake/hector_geotiffConfig.cmake
Symlinking /home/trex/turtle_drive/devel/share/hector_geotiff/cmake/hector_geotiffConfig-version.cmake
Symlinking /home/trex/turtle_drive/devel/lib/libgeotiff_writer.so
Symlinking /home/trex/turtle_drive/devel/lib/pkgconfig/hector_geotiff.pc
Symlinking /home/trex/turtle_drive/devel/lib/hector_geotiff/geotiff_node
Symlinking /home/trex/turtle_drive/devel/lib/hector_geotiff/geotiff_saver
Cleaning: (/home/sena/turtle_drive/devel/.private/hector_geotiff/lib/libgeotiff_writer.so, /home/sena/turtle_drive/devel/lib/libgeotiff_writer.so)
Cleaning: (/home/sena/turtle_drive/devel/.private/hector_geotiff/lib/pkgconfig/hector_geotiff.pc, /home/sena/turtle_drive/devel/lib/pkgconfig/hector_geotiff.pc)
Cleaning: (/home/sena/turtle_drive/devel/.private/hector_geotiff/lib/hector_geotiff/geotiff_node, /home/sena/turtle_drive/devel/lib/hector_geotiff/geotiff_node)
Cleaning: (/home/sena/turtle_drive/devel/.private/hector_geotiff/lib/hector_geotiff/geotiff_saver, /home/sena/turtle_drive/devel/lib/hector_geotiff/geotiff_saver)
Cleaning: (/home/sena/turtle_drive/devel/.private/hector_geotiff/share/hector_geotiff/cmake/hector_geotiffConfig.cmake, /home/sena/turtle_drive/devel/share/hector_geotiff/cmake/hector_geotiffConfig.cmake)
Cleaning: (/home/sena/turtle_drive/devel/.private/hector_geotiff/share/hector_geotiff/cmake/hector_geotiffConfig-version.cmake, /home/sena/turtle_drive/devel/share/hector_geotiff/cmake/hector_geotiffConfig-version.cmake)
Unlinking: /home/sena/turtle_drive/devel/lib/libgeotiff_writer.so
Already unlinked: {}
Unlinking: /home/sena/turtle_drive/devel/lib/pkgconfig/hector_geotiff.pc
Already unlinked: {}
Unlinking: /home/sena/turtle_drive/devel/lib/hector_geotiff/geotiff_node
Already unlinked: {}
Unlinking: /home/sena/turtle_drive/devel/lib/hector_geotiff/geotiff_saver
Already unlinked: {}
Unlinking: /home/sena/turtle_drive/devel/share/hector_geotiff/cmake/hector_geotiffConfig.cmake
Already unlinked: {}
Unlinking: /home/sena/turtle_drive/devel/share/hector_geotiff/cmake/hector_geotiffConfig-version.cmake
Already unlinked: {}
>>>>>>> e9cd62af21de1d7449f0732f6f4acbdc818f742b
