Determining if the pthread_create exist failed with the following output:
Change Dir: /home/nishanth/TurtleStuff/turtle_drive/build_isolated/novatel_gps_msgs/CMakeFiles/CMakeTmp

Run Build Command:"/usr/bin/make" "cmTC_b1ece/fast"
/usr/bin/make -f CMakeFiles/cmTC_b1ece.dir/build.make CMakeFiles/cmTC_b1ece.dir/build
make[1]: Entering directory '/home/nishanth/TurtleStuff/turtle_drive/build_isolated/novatel_gps_msgs/CMakeFiles/CMakeTmp'
Building C object CMakeFiles/cmTC_b1ece.dir/CheckSymbolExists.c.o
/usr/bin/cc     -o CMakeFiles/cmTC_b1ece.dir/CheckSymbolExists.c.o   -c /home/nishanth/TurtleStuff/turtle_drive/build_isolated/novatel_gps_msgs/CMakeFiles/CMakeTmp/CheckSymbolExists.c
Linking C executable cmTC_b1ece
/usr/bin/cmake -E cmake_link_script CMakeFiles/cmTC_b1ece.dir/link.txt --verbose=1
/usr/bin/cc       CMakeFiles/cmTC_b1ece.dir/CheckSymbolExists.c.o  -o cmTC_b1ece -rdynamic 
CMakeFiles/cmTC_b1ece.dir/CheckSymbolExists.c.o: In function `main':
CheckSymbolExists.c:(.text+0x16): undefined reference to `pthread_create'
collect2: error: ld returned 1 exit status
CMakeFiles/cmTC_b1ece.dir/build.make:97: recipe for target 'cmTC_b1ece' failed
make[1]: *** [cmTC_b1ece] Error 1
make[1]: Leaving directory '/home/nishanth/TurtleStuff/turtle_drive/build_isolated/novatel_gps_msgs/CMakeFiles/CMakeTmp'
Makefile:126: recipe for target 'cmTC_b1ece/fast' failed
make: *** [cmTC_b1ece/fast] Error 2

File /home/nishanth/TurtleStuff/turtle_drive/build_isolated/novatel_gps_msgs/CMakeFiles/CMakeTmp/CheckSymbolExists.c:
/* */
#include <pthread.h>

int main(int argc, char** argv)
{
  (void)argv;
#ifndef pthread_create
  return ((int*)(&pthread_create))[argc];
#else
  (void)argc;
  return 0;
#endif
}

Determining if the function pthread_create exists in the pthreads failed with the following output:
Change Dir: /home/nishanth/TurtleStuff/turtle_drive/build_isolated/novatel_gps_msgs/CMakeFiles/CMakeTmp

Run Build Command:"/usr/bin/make" "cmTC_c0387/fast"
/usr/bin/make -f CMakeFiles/cmTC_c0387.dir/build.make CMakeFiles/cmTC_c0387.dir/build
make[1]: Entering directory '/home/nishanth/TurtleStuff/turtle_drive/build_isolated/novatel_gps_msgs/CMakeFiles/CMakeTmp'
Building C object CMakeFiles/cmTC_c0387.dir/CheckFunctionExists.c.o
/usr/bin/cc    -DCHECK_FUNCTION_EXISTS=pthread_create   -o CMakeFiles/cmTC_c0387.dir/CheckFunctionExists.c.o   -c /usr/share/cmake-3.5/Modules/CheckFunctionExists.c
Linking C executable cmTC_c0387
/usr/bin/cmake -E cmake_link_script CMakeFiles/cmTC_c0387.dir/link.txt --verbose=1
/usr/bin/cc   -DCHECK_FUNCTION_EXISTS=pthread_create    CMakeFiles/cmTC_c0387.dir/CheckFunctionExists.c.o  -o cmTC_c0387 -rdynamic -lpthreads 
/usr/bin/ld: cannot find -lpthreads
collect2: error: ld returned 1 exit status
CMakeFiles/cmTC_c0387.dir/build.make:97: recipe for target 'cmTC_c0387' failed
make[1]: *** [cmTC_c0387] Error 1
make[1]: Leaving directory '/home/nishanth/TurtleStuff/turtle_drive/build_isolated/novatel_gps_msgs/CMakeFiles/CMakeTmp'
Makefile:126: recipe for target 'cmTC_c0387/fast' failed
make: *** [cmTC_c0387/fast] Error 2


