Determining if the pthread_create exist failed with the following output:
Change Dir: /home/nishanth/TurtleStuff/turtle_drive/build/hector_mapping/CMakeFiles/CMakeTmp

Run Build Command:"/usr/bin/make" "cmTC_16b42/fast"
/usr/bin/make -f CMakeFiles/cmTC_16b42.dir/build.make CMakeFiles/cmTC_16b42.dir/build
make[1]: Entering directory '/home/nishanth/TurtleStuff/turtle_drive/build/hector_mapping/CMakeFiles/CMakeTmp'
Building C object CMakeFiles/cmTC_16b42.dir/CheckSymbolExists.c.o
/usr/bin/cc     -o CMakeFiles/cmTC_16b42.dir/CheckSymbolExists.c.o   -c /home/nishanth/TurtleStuff/turtle_drive/build/hector_mapping/CMakeFiles/CMakeTmp/CheckSymbolExists.c
Linking C executable cmTC_16b42
/usr/bin/cmake -E cmake_link_script CMakeFiles/cmTC_16b42.dir/link.txt --verbose=1
/usr/bin/cc       CMakeFiles/cmTC_16b42.dir/CheckSymbolExists.c.o  -o cmTC_16b42 -rdynamic 
CMakeFiles/cmTC_16b42.dir/CheckSymbolExists.c.o: In function `main':
CheckSymbolExists.c:(.text+0x16): undefined reference to `pthread_create'
collect2: error: ld returned 1 exit status
CMakeFiles/cmTC_16b42.dir/build.make:97: recipe for target 'cmTC_16b42' failed
make[1]: *** [cmTC_16b42] Error 1
make[1]: Leaving directory '/home/nishanth/TurtleStuff/turtle_drive/build/hector_mapping/CMakeFiles/CMakeTmp'
Makefile:126: recipe for target 'cmTC_16b42/fast' failed
make: *** [cmTC_16b42/fast] Error 2

File /home/nishanth/TurtleStuff/turtle_drive/build/hector_mapping/CMakeFiles/CMakeTmp/CheckSymbolExists.c:
/* */
#include <pthread.h>

int main(int argc, char** argv)
{
  (void)argv;
#ifndef pthread_create
  return ((int*)(&pthread_create))[argc];
#else
  (void)argc;
  return 0;
#endif
}

Determining if the function pthread_create exists in the pthreads failed with the following output:
Change Dir: /home/nishanth/TurtleStuff/turtle_drive/build/hector_mapping/CMakeFiles/CMakeTmp

Run Build Command:"/usr/bin/make" "cmTC_c5df6/fast"
/usr/bin/make -f CMakeFiles/cmTC_c5df6.dir/build.make CMakeFiles/cmTC_c5df6.dir/build
make[1]: Entering directory '/home/nishanth/TurtleStuff/turtle_drive/build/hector_mapping/CMakeFiles/CMakeTmp'
Building C object CMakeFiles/cmTC_c5df6.dir/CheckFunctionExists.c.o
/usr/bin/cc    -DCHECK_FUNCTION_EXISTS=pthread_create   -o CMakeFiles/cmTC_c5df6.dir/CheckFunctionExists.c.o   -c /usr/share/cmake-3.5/Modules/CheckFunctionExists.c
Linking C executable cmTC_c5df6
/usr/bin/cmake -E cmake_link_script CMakeFiles/cmTC_c5df6.dir/link.txt --verbose=1
/usr/bin/cc   -DCHECK_FUNCTION_EXISTS=pthread_create    CMakeFiles/cmTC_c5df6.dir/CheckFunctionExists.c.o  -o cmTC_c5df6 -rdynamic -lpthreads 
/usr/bin/ld: cannot find -lpthreads
collect2: error: ld returned 1 exit status
CMakeFiles/cmTC_c5df6.dir/build.make:97: recipe for target 'cmTC_c5df6' failed
make[1]: *** [cmTC_c5df6] Error 1
make[1]: Leaving directory '/home/nishanth/TurtleStuff/turtle_drive/build/hector_mapping/CMakeFiles/CMakeTmp'
Makefile:126: recipe for target 'cmTC_c5df6/fast' failed
make: *** [cmTC_c5df6/fast] Error 2


