The system is: Linux - 4.15.0-47-generic - i686
Compiling the C compiler identification source file "CMakeCCompilerId.c" succeeded.
Compiler: /usr/bin/cc 
Build flags: 
Id flags: 

The output was:
0


Compilation of the C compiler identification source "CMakeCCompilerId.c" produced "a.out"

The C compiler identification is GNU, found in "/home/trex/turtle_drive/build/hector_mapping/CMakeFiles/3.5.1/CompilerIdC/a.out"

Compiling the CXX compiler identification source file "CMakeCXXCompilerId.cpp" succeeded.
Compiler: /usr/bin/c++ 
Build flags: 
Id flags: 

The output was:
0


Compilation of the CXX compiler identification source "CMakeCXXCompilerId.cpp" produced "a.out"

The CXX compiler identification is GNU, found in "/home/trex/turtle_drive/build/hector_mapping/CMakeFiles/3.5.1/CompilerIdCXX/a.out"

Determining if the C compiler works passed with the following output:
Change Dir: /home/trex/turtle_drive/build/hector_mapping/CMakeFiles/CMakeTmp

<<<<<<< HEAD
Run Build Command:"/usr/bin/make" "cmTC_b9cb3/fast"
/usr/bin/make -f CMakeFiles/cmTC_b9cb3.dir/build.make CMakeFiles/cmTC_b9cb3.dir/build
make[1]: Entering directory '/home/sena/turtle_drive/build/hector_mapping/CMakeFiles/CMakeTmp'
Building C object CMakeFiles/cmTC_b9cb3.dir/testCCompiler.c.o
/usr/bin/cc     -o CMakeFiles/cmTC_b9cb3.dir/testCCompiler.c.o   -c /home/sena/turtle_drive/build/hector_mapping/CMakeFiles/CMakeTmp/testCCompiler.c
Linking C executable cmTC_b9cb3
/usr/bin/cmake -E cmake_link_script CMakeFiles/cmTC_b9cb3.dir/link.txt --verbose=1
/usr/bin/cc       CMakeFiles/cmTC_b9cb3.dir/testCCompiler.c.o  -o cmTC_b9cb3 -rdynamic 
make[1]: Leaving directory '/home/sena/turtle_drive/build/hector_mapping/CMakeFiles/CMakeTmp'


Detecting C compiler ABI info compiled with the following output:
Change Dir: /home/sena/turtle_drive/build/hector_mapping/CMakeFiles/CMakeTmp

Run Build Command:"/usr/bin/make" "cmTC_7dcc6/fast"
/usr/bin/make -f CMakeFiles/cmTC_7dcc6.dir/build.make CMakeFiles/cmTC_7dcc6.dir/build
make[1]: Entering directory '/home/sena/turtle_drive/build/hector_mapping/CMakeFiles/CMakeTmp'
Building C object CMakeFiles/cmTC_7dcc6.dir/CMakeCCompilerABI.c.o
/usr/bin/cc     -o CMakeFiles/cmTC_7dcc6.dir/CMakeCCompilerABI.c.o   -c /usr/share/cmake-3.5/Modules/CMakeCCompilerABI.c
Linking C executable cmTC_7dcc6
/usr/bin/cmake -E cmake_link_script CMakeFiles/cmTC_7dcc6.dir/link.txt --verbose=1
/usr/bin/cc      -v CMakeFiles/cmTC_7dcc6.dir/CMakeCCompilerABI.c.o  -o cmTC_7dcc6 -rdynamic  
=======
Run Build Command:"/usr/bin/make" "cmTC_fb7e2/fast"
/usr/bin/make -f CMakeFiles/cmTC_fb7e2.dir/build.make CMakeFiles/cmTC_fb7e2.dir/build
make[1]: Entering directory '/home/trex/turtle_drive/build/hector_mapping/CMakeFiles/CMakeTmp'
Building C object CMakeFiles/cmTC_fb7e2.dir/testCCompiler.c.o
/usr/bin/cc     -o CMakeFiles/cmTC_fb7e2.dir/testCCompiler.c.o   -c /home/trex/turtle_drive/build/hector_mapping/CMakeFiles/CMakeTmp/testCCompiler.c
Linking C executable cmTC_fb7e2
/usr/bin/cmake -E cmake_link_script CMakeFiles/cmTC_fb7e2.dir/link.txt --verbose=1
/usr/bin/cc       CMakeFiles/cmTC_fb7e2.dir/testCCompiler.c.o  -o cmTC_fb7e2 -rdynamic 
make[1]: Leaving directory '/home/trex/turtle_drive/build/hector_mapping/CMakeFiles/CMakeTmp'


Detecting C compiler ABI info compiled with the following output:
Change Dir: /home/trex/turtle_drive/build/hector_mapping/CMakeFiles/CMakeTmp

Run Build Command:"/usr/bin/make" "cmTC_e791c/fast"
/usr/bin/make -f CMakeFiles/cmTC_e791c.dir/build.make CMakeFiles/cmTC_e791c.dir/build
make[1]: Entering directory '/home/trex/turtle_drive/build/hector_mapping/CMakeFiles/CMakeTmp'
Building C object CMakeFiles/cmTC_e791c.dir/CMakeCCompilerABI.c.o
/usr/bin/cc     -o CMakeFiles/cmTC_e791c.dir/CMakeCCompilerABI.c.o   -c /usr/share/cmake-3.5/Modules/CMakeCCompilerABI.c
Linking C executable cmTC_e791c
/usr/bin/cmake -E cmake_link_script CMakeFiles/cmTC_e791c.dir/link.txt --verbose=1
/usr/bin/cc      -v CMakeFiles/cmTC_e791c.dir/CMakeCCompilerABI.c.o  -o cmTC_e791c -rdynamic  
>>>>>>> e9cd62af21de1d7449f0732f6f4acbdc818f742b
Using built-in specs.
COLLECT_GCC=/usr/bin/cc
COLLECT_LTO_WRAPPER=/usr/lib/gcc/i686-linux-gnu/5/lto-wrapper
Target: i686-linux-gnu
Configured with: ../src/configure -v --with-pkgversion='Ubuntu 5.4.0-6ubuntu1~16.04.11' --with-bugurl=file:///usr/share/doc/gcc-5/README.Bugs --enable-languages=c,ada,c++,java,go,d,fortran,objc,obj-c++ --prefix=/usr --program-suffix=-5 --enable-shared --enable-linker-build-id --libexecdir=/usr/lib --without-included-gettext --enable-threads=posix --libdir=/usr/lib --enable-nls --with-sysroot=/ --enable-clocale=gnu --enable-libstdcxx-debug --enable-libstdcxx-time=yes --with-default-libstdcxx-abi=new --enable-gnu-unique-object --disable-vtable-verify --enable-libmpx --enable-plugin --with-system-zlib --disable-browser-plugin --enable-java-awt=gtk --enable-gtk-cairo --with-java-home=/usr/lib/jvm/java-1.5.0-gcj-5-i386/jre --enable-java-home --with-jvm-root-dir=/usr/lib/jvm/java-1.5.0-gcj-5-i386 --with-jvm-jar-dir=/usr/lib/jvm-exports/java-1.5.0-gcj-5-i386 --with-arch-directory=i386 --with-ecj-jar=/usr/share/java/eclipse-ecj.jar --enable-objc-gc --enable-targets=all --enable-multiarch --disable-werror --with-arch-32=i686 --with-multilib-list=m32,m64,mx32 --enable-multilib --with-tune=generic --enable-checking=release --build=i686-linux-gnu --host=i686-linux-gnu --target=i686-linux-gnu
Thread model: posix
<<<<<<< HEAD
gcc version 5.4.0 20160609 (Ubuntu 5.4.0-6ubuntu1~16.04.10) 
COMPILER_PATH=/usr/lib/gcc/x86_64-linux-gnu/5/:/usr/lib/gcc/x86_64-linux-gnu/5/:/usr/lib/gcc/x86_64-linux-gnu/:/usr/lib/gcc/x86_64-linux-gnu/5/:/usr/lib/gcc/x86_64-linux-gnu/
LIBRARY_PATH=/usr/lib/gcc/x86_64-linux-gnu/5/:/usr/lib/gcc/x86_64-linux-gnu/5/../../../x86_64-linux-gnu/:/usr/lib/gcc/x86_64-linux-gnu/5/../../../../lib/:/lib/x86_64-linux-gnu/:/lib/../lib/:/usr/lib/x86_64-linux-gnu/:/usr/lib/../lib/:/usr/lib/gcc/x86_64-linux-gnu/5/../../../:/lib/:/usr/lib/
COLLECT_GCC_OPTIONS='-v' '-o' 'cmTC_7dcc6' '-rdynamic' '-mtune=generic' '-march=x86-64'
 /usr/lib/gcc/x86_64-linux-gnu/5/collect2 -plugin /usr/lib/gcc/x86_64-linux-gnu/5/liblto_plugin.so -plugin-opt=/usr/lib/gcc/x86_64-linux-gnu/5/lto-wrapper -plugin-opt=-fresolution=/tmp/cco3fQuv.res -plugin-opt=-pass-through=-lgcc -plugin-opt=-pass-through=-lgcc_s -plugin-opt=-pass-through=-lc -plugin-opt=-pass-through=-lgcc -plugin-opt=-pass-through=-lgcc_s --sysroot=/ --build-id --eh-frame-hdr -m elf_x86_64 --hash-style=gnu --as-needed -export-dynamic -dynamic-linker /lib64/ld-linux-x86-64.so.2 -z relro -o cmTC_7dcc6 /usr/lib/gcc/x86_64-linux-gnu/5/../../../x86_64-linux-gnu/crt1.o /usr/lib/gcc/x86_64-linux-gnu/5/../../../x86_64-linux-gnu/crti.o /usr/lib/gcc/x86_64-linux-gnu/5/crtbegin.o -L/usr/lib/gcc/x86_64-linux-gnu/5 -L/usr/lib/gcc/x86_64-linux-gnu/5/../../../x86_64-linux-gnu -L/usr/lib/gcc/x86_64-linux-gnu/5/../../../../lib -L/lib/x86_64-linux-gnu -L/lib/../lib -L/usr/lib/x86_64-linux-gnu -L/usr/lib/../lib -L/usr/lib/gcc/x86_64-linux-gnu/5/../../.. CMakeFiles/cmTC_7dcc6.dir/CMakeCCompilerABI.c.o -lgcc --as-needed -lgcc_s --no-as-needed -lc -lgcc --as-needed -lgcc_s --no-as-needed /usr/lib/gcc/x86_64-linux-gnu/5/crtend.o /usr/lib/gcc/x86_64-linux-gnu/5/../../../x86_64-linux-gnu/crtn.o
make[1]: Leaving directory '/home/sena/turtle_drive/build/hector_mapping/CMakeFiles/CMakeTmp'
=======
gcc version 5.4.0 20160609 (Ubuntu 5.4.0-6ubuntu1~16.04.11) 
COMPILER_PATH=/usr/lib/gcc/i686-linux-gnu/5/:/usr/lib/gcc/i686-linux-gnu/5/:/usr/lib/gcc/i686-linux-gnu/:/usr/lib/gcc/i686-linux-gnu/5/:/usr/lib/gcc/i686-linux-gnu/
LIBRARY_PATH=/usr/lib/gcc/i686-linux-gnu/5/:/usr/lib/gcc/i686-linux-gnu/5/../../../i386-linux-gnu/:/usr/lib/gcc/i686-linux-gnu/5/../../../../lib/:/lib/i386-linux-gnu/:/lib/../lib/:/usr/lib/i386-linux-gnu/:/usr/lib/../lib/:/usr/lib/gcc/i686-linux-gnu/5/../../../:/lib/:/usr/lib/
COLLECT_GCC_OPTIONS='-v' '-o' 'cmTC_e791c' '-rdynamic' '-mtune=generic' '-march=i686'
 /usr/lib/gcc/i686-linux-gnu/5/collect2 -plugin /usr/lib/gcc/i686-linux-gnu/5/liblto_plugin.so -plugin-opt=/usr/lib/gcc/i686-linux-gnu/5/lto-wrapper -plugin-opt=-fresolution=/tmp/cczjkROS.res -plugin-opt=-pass-through=-lgcc -plugin-opt=-pass-through=-lgcc_s -plugin-opt=-pass-through=-lc -plugin-opt=-pass-through=-lgcc -plugin-opt=-pass-through=-lgcc_s --sysroot=/ --build-id --eh-frame-hdr -m elf_i386 --hash-style=gnu --as-needed -export-dynamic -dynamic-linker /lib/ld-linux.so.2 -z relro -o cmTC_e791c /usr/lib/gcc/i686-linux-gnu/5/../../../i386-linux-gnu/crt1.o /usr/lib/gcc/i686-linux-gnu/5/../../../i386-linux-gnu/crti.o /usr/lib/gcc/i686-linux-gnu/5/crtbegin.o -L/usr/lib/gcc/i686-linux-gnu/5 -L/usr/lib/gcc/i686-linux-gnu/5/../../../i386-linux-gnu -L/usr/lib/gcc/i686-linux-gnu/5/../../../../lib -L/lib/i386-linux-gnu -L/lib/../lib -L/usr/lib/i386-linux-gnu -L/usr/lib/../lib -L/usr/lib/gcc/i686-linux-gnu/5/../../.. CMakeFiles/cmTC_e791c.dir/CMakeCCompilerABI.c.o -lgcc --as-needed -lgcc_s --no-as-needed -lc -lgcc --as-needed -lgcc_s --no-as-needed /usr/lib/gcc/i686-linux-gnu/5/crtend.o /usr/lib/gcc/i686-linux-gnu/5/../../../i386-linux-gnu/crtn.o
make[1]: Leaving directory '/home/trex/turtle_drive/build/hector_mapping/CMakeFiles/CMakeTmp'
>>>>>>> e9cd62af21de1d7449f0732f6f4acbdc818f742b


Parsed C implicit link information from above output:
  link line regex: [^( *|.*[/\])(ld|([^/\]+-)?ld|collect2)[^/\]*( |$)]
  ignore line: [Change Dir: /home/trex/turtle_drive/build/hector_mapping/CMakeFiles/CMakeTmp]
  ignore line: []
<<<<<<< HEAD
  ignore line: [Run Build Command:"/usr/bin/make" "cmTC_7dcc6/fast"]
  ignore line: [/usr/bin/make -f CMakeFiles/cmTC_7dcc6.dir/build.make CMakeFiles/cmTC_7dcc6.dir/build]
  ignore line: [make[1]: Entering directory '/home/sena/turtle_drive/build/hector_mapping/CMakeFiles/CMakeTmp']
  ignore line: [Building C object CMakeFiles/cmTC_7dcc6.dir/CMakeCCompilerABI.c.o]
  ignore line: [/usr/bin/cc     -o CMakeFiles/cmTC_7dcc6.dir/CMakeCCompilerABI.c.o   -c /usr/share/cmake-3.5/Modules/CMakeCCompilerABI.c]
  ignore line: [Linking C executable cmTC_7dcc6]
  ignore line: [/usr/bin/cmake -E cmake_link_script CMakeFiles/cmTC_7dcc6.dir/link.txt --verbose=1]
  ignore line: [/usr/bin/cc      -v CMakeFiles/cmTC_7dcc6.dir/CMakeCCompilerABI.c.o  -o cmTC_7dcc6 -rdynamic  ]
=======
  ignore line: [Run Build Command:"/usr/bin/make" "cmTC_e791c/fast"]
  ignore line: [/usr/bin/make -f CMakeFiles/cmTC_e791c.dir/build.make CMakeFiles/cmTC_e791c.dir/build]
  ignore line: [make[1]: Entering directory '/home/trex/turtle_drive/build/hector_mapping/CMakeFiles/CMakeTmp']
  ignore line: [Building C object CMakeFiles/cmTC_e791c.dir/CMakeCCompilerABI.c.o]
  ignore line: [/usr/bin/cc     -o CMakeFiles/cmTC_e791c.dir/CMakeCCompilerABI.c.o   -c /usr/share/cmake-3.5/Modules/CMakeCCompilerABI.c]
  ignore line: [Linking C executable cmTC_e791c]
  ignore line: [/usr/bin/cmake -E cmake_link_script CMakeFiles/cmTC_e791c.dir/link.txt --verbose=1]
  ignore line: [/usr/bin/cc      -v CMakeFiles/cmTC_e791c.dir/CMakeCCompilerABI.c.o  -o cmTC_e791c -rdynamic  ]
>>>>>>> e9cd62af21de1d7449f0732f6f4acbdc818f742b
  ignore line: [Using built-in specs.]
  ignore line: [COLLECT_GCC=/usr/bin/cc]
  ignore line: [COLLECT_LTO_WRAPPER=/usr/lib/gcc/i686-linux-gnu/5/lto-wrapper]
  ignore line: [Target: i686-linux-gnu]
  ignore line: [Configured with: ../src/configure -v --with-pkgversion='Ubuntu 5.4.0-6ubuntu1~16.04.11' --with-bugurl=file:///usr/share/doc/gcc-5/README.Bugs --enable-languages=c,ada,c++,java,go,d,fortran,objc,obj-c++ --prefix=/usr --program-suffix=-5 --enable-shared --enable-linker-build-id --libexecdir=/usr/lib --without-included-gettext --enable-threads=posix --libdir=/usr/lib --enable-nls --with-sysroot=/ --enable-clocale=gnu --enable-libstdcxx-debug --enable-libstdcxx-time=yes --with-default-libstdcxx-abi=new --enable-gnu-unique-object --disable-vtable-verify --enable-libmpx --enable-plugin --with-system-zlib --disable-browser-plugin --enable-java-awt=gtk --enable-gtk-cairo --with-java-home=/usr/lib/jvm/java-1.5.0-gcj-5-i386/jre --enable-java-home --with-jvm-root-dir=/usr/lib/jvm/java-1.5.0-gcj-5-i386 --with-jvm-jar-dir=/usr/lib/jvm-exports/java-1.5.0-gcj-5-i386 --with-arch-directory=i386 --with-ecj-jar=/usr/share/java/eclipse-ecj.jar --enable-objc-gc --enable-targets=all --enable-multiarch --disable-werror --with-arch-32=i686 --with-multilib-list=m32,m64,mx32 --enable-multilib --with-tune=generic --enable-checking=release --build=i686-linux-gnu --host=i686-linux-gnu --target=i686-linux-gnu]
  ignore line: [Thread model: posix]
<<<<<<< HEAD
  ignore line: [gcc version 5.4.0 20160609 (Ubuntu 5.4.0-6ubuntu1~16.04.10) ]
  ignore line: [COMPILER_PATH=/usr/lib/gcc/x86_64-linux-gnu/5/:/usr/lib/gcc/x86_64-linux-gnu/5/:/usr/lib/gcc/x86_64-linux-gnu/:/usr/lib/gcc/x86_64-linux-gnu/5/:/usr/lib/gcc/x86_64-linux-gnu/]
  ignore line: [LIBRARY_PATH=/usr/lib/gcc/x86_64-linux-gnu/5/:/usr/lib/gcc/x86_64-linux-gnu/5/../../../x86_64-linux-gnu/:/usr/lib/gcc/x86_64-linux-gnu/5/../../../../lib/:/lib/x86_64-linux-gnu/:/lib/../lib/:/usr/lib/x86_64-linux-gnu/:/usr/lib/../lib/:/usr/lib/gcc/x86_64-linux-gnu/5/../../../:/lib/:/usr/lib/]
  ignore line: [COLLECT_GCC_OPTIONS='-v' '-o' 'cmTC_7dcc6' '-rdynamic' '-mtune=generic' '-march=x86-64']
  link line: [ /usr/lib/gcc/x86_64-linux-gnu/5/collect2 -plugin /usr/lib/gcc/x86_64-linux-gnu/5/liblto_plugin.so -plugin-opt=/usr/lib/gcc/x86_64-linux-gnu/5/lto-wrapper -plugin-opt=-fresolution=/tmp/cco3fQuv.res -plugin-opt=-pass-through=-lgcc -plugin-opt=-pass-through=-lgcc_s -plugin-opt=-pass-through=-lc -plugin-opt=-pass-through=-lgcc -plugin-opt=-pass-through=-lgcc_s --sysroot=/ --build-id --eh-frame-hdr -m elf_x86_64 --hash-style=gnu --as-needed -export-dynamic -dynamic-linker /lib64/ld-linux-x86-64.so.2 -z relro -o cmTC_7dcc6 /usr/lib/gcc/x86_64-linux-gnu/5/../../../x86_64-linux-gnu/crt1.o /usr/lib/gcc/x86_64-linux-gnu/5/../../../x86_64-linux-gnu/crti.o /usr/lib/gcc/x86_64-linux-gnu/5/crtbegin.o -L/usr/lib/gcc/x86_64-linux-gnu/5 -L/usr/lib/gcc/x86_64-linux-gnu/5/../../../x86_64-linux-gnu -L/usr/lib/gcc/x86_64-linux-gnu/5/../../../../lib -L/lib/x86_64-linux-gnu -L/lib/../lib -L/usr/lib/x86_64-linux-gnu -L/usr/lib/../lib -L/usr/lib/gcc/x86_64-linux-gnu/5/../../.. CMakeFiles/cmTC_7dcc6.dir/CMakeCCompilerABI.c.o -lgcc --as-needed -lgcc_s --no-as-needed -lc -lgcc --as-needed -lgcc_s --no-as-needed /usr/lib/gcc/x86_64-linux-gnu/5/crtend.o /usr/lib/gcc/x86_64-linux-gnu/5/../../../x86_64-linux-gnu/crtn.o]
    arg [/usr/lib/gcc/x86_64-linux-gnu/5/collect2] ==> ignore
    arg [-plugin] ==> ignore
    arg [/usr/lib/gcc/x86_64-linux-gnu/5/liblto_plugin.so] ==> ignore
    arg [-plugin-opt=/usr/lib/gcc/x86_64-linux-gnu/5/lto-wrapper] ==> ignore
    arg [-plugin-opt=-fresolution=/tmp/cco3fQuv.res] ==> ignore
=======
  ignore line: [gcc version 5.4.0 20160609 (Ubuntu 5.4.0-6ubuntu1~16.04.11) ]
  ignore line: [COMPILER_PATH=/usr/lib/gcc/i686-linux-gnu/5/:/usr/lib/gcc/i686-linux-gnu/5/:/usr/lib/gcc/i686-linux-gnu/:/usr/lib/gcc/i686-linux-gnu/5/:/usr/lib/gcc/i686-linux-gnu/]
  ignore line: [LIBRARY_PATH=/usr/lib/gcc/i686-linux-gnu/5/:/usr/lib/gcc/i686-linux-gnu/5/../../../i386-linux-gnu/:/usr/lib/gcc/i686-linux-gnu/5/../../../../lib/:/lib/i386-linux-gnu/:/lib/../lib/:/usr/lib/i386-linux-gnu/:/usr/lib/../lib/:/usr/lib/gcc/i686-linux-gnu/5/../../../:/lib/:/usr/lib/]
  ignore line: [COLLECT_GCC_OPTIONS='-v' '-o' 'cmTC_e791c' '-rdynamic' '-mtune=generic' '-march=i686']
  link line: [ /usr/lib/gcc/i686-linux-gnu/5/collect2 -plugin /usr/lib/gcc/i686-linux-gnu/5/liblto_plugin.so -plugin-opt=/usr/lib/gcc/i686-linux-gnu/5/lto-wrapper -plugin-opt=-fresolution=/tmp/cczjkROS.res -plugin-opt=-pass-through=-lgcc -plugin-opt=-pass-through=-lgcc_s -plugin-opt=-pass-through=-lc -plugin-opt=-pass-through=-lgcc -plugin-opt=-pass-through=-lgcc_s --sysroot=/ --build-id --eh-frame-hdr -m elf_i386 --hash-style=gnu --as-needed -export-dynamic -dynamic-linker /lib/ld-linux.so.2 -z relro -o cmTC_e791c /usr/lib/gcc/i686-linux-gnu/5/../../../i386-linux-gnu/crt1.o /usr/lib/gcc/i686-linux-gnu/5/../../../i386-linux-gnu/crti.o /usr/lib/gcc/i686-linux-gnu/5/crtbegin.o -L/usr/lib/gcc/i686-linux-gnu/5 -L/usr/lib/gcc/i686-linux-gnu/5/../../../i386-linux-gnu -L/usr/lib/gcc/i686-linux-gnu/5/../../../../lib -L/lib/i386-linux-gnu -L/lib/../lib -L/usr/lib/i386-linux-gnu -L/usr/lib/../lib -L/usr/lib/gcc/i686-linux-gnu/5/../../.. CMakeFiles/cmTC_e791c.dir/CMakeCCompilerABI.c.o -lgcc --as-needed -lgcc_s --no-as-needed -lc -lgcc --as-needed -lgcc_s --no-as-needed /usr/lib/gcc/i686-linux-gnu/5/crtend.o /usr/lib/gcc/i686-linux-gnu/5/../../../i386-linux-gnu/crtn.o]
    arg [/usr/lib/gcc/i686-linux-gnu/5/collect2] ==> ignore
    arg [-plugin] ==> ignore
    arg [/usr/lib/gcc/i686-linux-gnu/5/liblto_plugin.so] ==> ignore
    arg [-plugin-opt=/usr/lib/gcc/i686-linux-gnu/5/lto-wrapper] ==> ignore
    arg [-plugin-opt=-fresolution=/tmp/cczjkROS.res] ==> ignore
>>>>>>> e9cd62af21de1d7449f0732f6f4acbdc818f742b
    arg [-plugin-opt=-pass-through=-lgcc] ==> ignore
    arg [-plugin-opt=-pass-through=-lgcc_s] ==> ignore
    arg [-plugin-opt=-pass-through=-lc] ==> ignore
    arg [-plugin-opt=-pass-through=-lgcc] ==> ignore
    arg [-plugin-opt=-pass-through=-lgcc_s] ==> ignore
    arg [--sysroot=/] ==> ignore
    arg [--build-id] ==> ignore
    arg [--eh-frame-hdr] ==> ignore
    arg [-m] ==> ignore
    arg [elf_i386] ==> ignore
    arg [--hash-style=gnu] ==> ignore
    arg [--as-needed] ==> ignore
    arg [-export-dynamic] ==> ignore
    arg [-dynamic-linker] ==> ignore
    arg [/lib/ld-linux.so.2] ==> ignore
    arg [-zrelro] ==> ignore
    arg [-o] ==> ignore
<<<<<<< HEAD
    arg [cmTC_7dcc6] ==> ignore
    arg [/usr/lib/gcc/x86_64-linux-gnu/5/../../../x86_64-linux-gnu/crt1.o] ==> ignore
    arg [/usr/lib/gcc/x86_64-linux-gnu/5/../../../x86_64-linux-gnu/crti.o] ==> ignore
    arg [/usr/lib/gcc/x86_64-linux-gnu/5/crtbegin.o] ==> ignore
    arg [-L/usr/lib/gcc/x86_64-linux-gnu/5] ==> dir [/usr/lib/gcc/x86_64-linux-gnu/5]
    arg [-L/usr/lib/gcc/x86_64-linux-gnu/5/../../../x86_64-linux-gnu] ==> dir [/usr/lib/gcc/x86_64-linux-gnu/5/../../../x86_64-linux-gnu]
    arg [-L/usr/lib/gcc/x86_64-linux-gnu/5/../../../../lib] ==> dir [/usr/lib/gcc/x86_64-linux-gnu/5/../../../../lib]
    arg [-L/lib/x86_64-linux-gnu] ==> dir [/lib/x86_64-linux-gnu]
=======
    arg [cmTC_e791c] ==> ignore
    arg [/usr/lib/gcc/i686-linux-gnu/5/../../../i386-linux-gnu/crt1.o] ==> ignore
    arg [/usr/lib/gcc/i686-linux-gnu/5/../../../i386-linux-gnu/crti.o] ==> ignore
    arg [/usr/lib/gcc/i686-linux-gnu/5/crtbegin.o] ==> ignore
    arg [-L/usr/lib/gcc/i686-linux-gnu/5] ==> dir [/usr/lib/gcc/i686-linux-gnu/5]
    arg [-L/usr/lib/gcc/i686-linux-gnu/5/../../../i386-linux-gnu] ==> dir [/usr/lib/gcc/i686-linux-gnu/5/../../../i386-linux-gnu]
    arg [-L/usr/lib/gcc/i686-linux-gnu/5/../../../../lib] ==> dir [/usr/lib/gcc/i686-linux-gnu/5/../../../../lib]
    arg [-L/lib/i386-linux-gnu] ==> dir [/lib/i386-linux-gnu]
>>>>>>> e9cd62af21de1d7449f0732f6f4acbdc818f742b
    arg [-L/lib/../lib] ==> dir [/lib/../lib]
    arg [-L/usr/lib/i386-linux-gnu] ==> dir [/usr/lib/i386-linux-gnu]
    arg [-L/usr/lib/../lib] ==> dir [/usr/lib/../lib]
<<<<<<< HEAD
    arg [-L/usr/lib/gcc/x86_64-linux-gnu/5/../../..] ==> dir [/usr/lib/gcc/x86_64-linux-gnu/5/../../..]
    arg [CMakeFiles/cmTC_7dcc6.dir/CMakeCCompilerABI.c.o] ==> ignore
=======
    arg [-L/usr/lib/gcc/i686-linux-gnu/5/../../..] ==> dir [/usr/lib/gcc/i686-linux-gnu/5/../../..]
    arg [CMakeFiles/cmTC_e791c.dir/CMakeCCompilerABI.c.o] ==> ignore
>>>>>>> e9cd62af21de1d7449f0732f6f4acbdc818f742b
    arg [-lgcc] ==> lib [gcc]
    arg [--as-needed] ==> ignore
    arg [-lgcc_s] ==> lib [gcc_s]
    arg [--no-as-needed] ==> ignore
    arg [-lc] ==> lib [c]
    arg [-lgcc] ==> lib [gcc]
    arg [--as-needed] ==> ignore
    arg [-lgcc_s] ==> lib [gcc_s]
    arg [--no-as-needed] ==> ignore
    arg [/usr/lib/gcc/i686-linux-gnu/5/crtend.o] ==> ignore
    arg [/usr/lib/gcc/i686-linux-gnu/5/../../../i386-linux-gnu/crtn.o] ==> ignore
  remove lib [gcc]
  remove lib [gcc_s]
  remove lib [gcc]
  remove lib [gcc_s]
  collapse library dir [/usr/lib/gcc/i686-linux-gnu/5] ==> [/usr/lib/gcc/i686-linux-gnu/5]
  collapse library dir [/usr/lib/gcc/i686-linux-gnu/5/../../../i386-linux-gnu] ==> [/usr/lib/i386-linux-gnu]
  collapse library dir [/usr/lib/gcc/i686-linux-gnu/5/../../../../lib] ==> [/usr/lib]
  collapse library dir [/lib/i386-linux-gnu] ==> [/lib/i386-linux-gnu]
  collapse library dir [/lib/../lib] ==> [/lib]
  collapse library dir [/usr/lib/i386-linux-gnu] ==> [/usr/lib/i386-linux-gnu]
  collapse library dir [/usr/lib/../lib] ==> [/usr/lib]
  collapse library dir [/usr/lib/gcc/i686-linux-gnu/5/../../..] ==> [/usr/lib]
  implicit libs: [c]
  implicit dirs: [/usr/lib/gcc/i686-linux-gnu/5;/usr/lib/i386-linux-gnu;/usr/lib;/lib/i386-linux-gnu;/lib]
  implicit fwks: []




Detecting C [-std=c11] compiler features compiled with the following output:
Change Dir: /home/trex/turtle_drive/build/hector_mapping/CMakeFiles/CMakeTmp

<<<<<<< HEAD
Run Build Command:"/usr/bin/make" "cmTC_eb048/fast"
/usr/bin/make -f CMakeFiles/cmTC_eb048.dir/build.make CMakeFiles/cmTC_eb048.dir/build
make[1]: Entering directory '/home/sena/turtle_drive/build/hector_mapping/CMakeFiles/CMakeTmp'
Building C object CMakeFiles/cmTC_eb048.dir/feature_tests.c.o
/usr/bin/cc    -std=c11 -o CMakeFiles/cmTC_eb048.dir/feature_tests.c.o   -c /home/sena/turtle_drive/build/hector_mapping/CMakeFiles/feature_tests.c
Linking C executable cmTC_eb048
/usr/bin/cmake -E cmake_link_script CMakeFiles/cmTC_eb048.dir/link.txt --verbose=1
/usr/bin/cc       CMakeFiles/cmTC_eb048.dir/feature_tests.c.o  -o cmTC_eb048 -rdynamic 
make[1]: Leaving directory '/home/sena/turtle_drive/build/hector_mapping/CMakeFiles/CMakeTmp'
=======
Run Build Command:"/usr/bin/make" "cmTC_7a7f8/fast"
/usr/bin/make -f CMakeFiles/cmTC_7a7f8.dir/build.make CMakeFiles/cmTC_7a7f8.dir/build
make[1]: Entering directory '/home/trex/turtle_drive/build/hector_mapping/CMakeFiles/CMakeTmp'
Building C object CMakeFiles/cmTC_7a7f8.dir/feature_tests.c.o
/usr/bin/cc    -std=c11 -o CMakeFiles/cmTC_7a7f8.dir/feature_tests.c.o   -c /home/trex/turtle_drive/build/hector_mapping/CMakeFiles/feature_tests.c
Linking C executable cmTC_7a7f8
/usr/bin/cmake -E cmake_link_script CMakeFiles/cmTC_7a7f8.dir/link.txt --verbose=1
/usr/bin/cc       CMakeFiles/cmTC_7a7f8.dir/feature_tests.c.o  -o cmTC_7a7f8 -rdynamic 
make[1]: Leaving directory '/home/trex/turtle_drive/build/hector_mapping/CMakeFiles/CMakeTmp'
>>>>>>> e9cd62af21de1d7449f0732f6f4acbdc818f742b


    Feature record: C_FEATURE:1c_function_prototypes
    Feature record: C_FEATURE:1c_restrict
    Feature record: C_FEATURE:1c_static_assert
    Feature record: C_FEATURE:1c_variadic_macros


Detecting C [-std=c99] compiler features compiled with the following output:
Change Dir: /home/trex/turtle_drive/build/hector_mapping/CMakeFiles/CMakeTmp

<<<<<<< HEAD
Run Build Command:"/usr/bin/make" "cmTC_bd546/fast"
/usr/bin/make -f CMakeFiles/cmTC_bd546.dir/build.make CMakeFiles/cmTC_bd546.dir/build
make[1]: Entering directory '/home/sena/turtle_drive/build/hector_mapping/CMakeFiles/CMakeTmp'
Building C object CMakeFiles/cmTC_bd546.dir/feature_tests.c.o
/usr/bin/cc    -std=c99 -o CMakeFiles/cmTC_bd546.dir/feature_tests.c.o   -c /home/sena/turtle_drive/build/hector_mapping/CMakeFiles/feature_tests.c
Linking C executable cmTC_bd546
/usr/bin/cmake -E cmake_link_script CMakeFiles/cmTC_bd546.dir/link.txt --verbose=1
/usr/bin/cc       CMakeFiles/cmTC_bd546.dir/feature_tests.c.o  -o cmTC_bd546 -rdynamic 
make[1]: Leaving directory '/home/sena/turtle_drive/build/hector_mapping/CMakeFiles/CMakeTmp'
=======
Run Build Command:"/usr/bin/make" "cmTC_cb607/fast"
/usr/bin/make -f CMakeFiles/cmTC_cb607.dir/build.make CMakeFiles/cmTC_cb607.dir/build
make[1]: Entering directory '/home/trex/turtle_drive/build/hector_mapping/CMakeFiles/CMakeTmp'
Building C object CMakeFiles/cmTC_cb607.dir/feature_tests.c.o
/usr/bin/cc    -std=c99 -o CMakeFiles/cmTC_cb607.dir/feature_tests.c.o   -c /home/trex/turtle_drive/build/hector_mapping/CMakeFiles/feature_tests.c
Linking C executable cmTC_cb607
/usr/bin/cmake -E cmake_link_script CMakeFiles/cmTC_cb607.dir/link.txt --verbose=1
/usr/bin/cc       CMakeFiles/cmTC_cb607.dir/feature_tests.c.o  -o cmTC_cb607 -rdynamic 
make[1]: Leaving directory '/home/trex/turtle_drive/build/hector_mapping/CMakeFiles/CMakeTmp'
>>>>>>> e9cd62af21de1d7449f0732f6f4acbdc818f742b


    Feature record: C_FEATURE:1c_function_prototypes
    Feature record: C_FEATURE:1c_restrict
    Feature record: C_FEATURE:0c_static_assert
    Feature record: C_FEATURE:1c_variadic_macros


Detecting C [-std=c90] compiler features compiled with the following output:
Change Dir: /home/trex/turtle_drive/build/hector_mapping/CMakeFiles/CMakeTmp

<<<<<<< HEAD
Run Build Command:"/usr/bin/make" "cmTC_7e1fe/fast"
/usr/bin/make -f CMakeFiles/cmTC_7e1fe.dir/build.make CMakeFiles/cmTC_7e1fe.dir/build
make[1]: Entering directory '/home/sena/turtle_drive/build/hector_mapping/CMakeFiles/CMakeTmp'
Building C object CMakeFiles/cmTC_7e1fe.dir/feature_tests.c.o
/usr/bin/cc    -std=c90 -o CMakeFiles/cmTC_7e1fe.dir/feature_tests.c.o   -c /home/sena/turtle_drive/build/hector_mapping/CMakeFiles/feature_tests.c
Linking C executable cmTC_7e1fe
/usr/bin/cmake -E cmake_link_script CMakeFiles/cmTC_7e1fe.dir/link.txt --verbose=1
/usr/bin/cc       CMakeFiles/cmTC_7e1fe.dir/feature_tests.c.o  -o cmTC_7e1fe -rdynamic 
make[1]: Leaving directory '/home/sena/turtle_drive/build/hector_mapping/CMakeFiles/CMakeTmp'
=======
Run Build Command:"/usr/bin/make" "cmTC_e4995/fast"
/usr/bin/make -f CMakeFiles/cmTC_e4995.dir/build.make CMakeFiles/cmTC_e4995.dir/build
make[1]: Entering directory '/home/trex/turtle_drive/build/hector_mapping/CMakeFiles/CMakeTmp'
Building C object CMakeFiles/cmTC_e4995.dir/feature_tests.c.o
/usr/bin/cc    -std=c90 -o CMakeFiles/cmTC_e4995.dir/feature_tests.c.o   -c /home/trex/turtle_drive/build/hector_mapping/CMakeFiles/feature_tests.c
Linking C executable cmTC_e4995
/usr/bin/cmake -E cmake_link_script CMakeFiles/cmTC_e4995.dir/link.txt --verbose=1
/usr/bin/cc       CMakeFiles/cmTC_e4995.dir/feature_tests.c.o  -o cmTC_e4995 -rdynamic 
make[1]: Leaving directory '/home/trex/turtle_drive/build/hector_mapping/CMakeFiles/CMakeTmp'
>>>>>>> e9cd62af21de1d7449f0732f6f4acbdc818f742b


    Feature record: C_FEATURE:1c_function_prototypes
    Feature record: C_FEATURE:0c_restrict
    Feature record: C_FEATURE:0c_static_assert
    Feature record: C_FEATURE:0c_variadic_macros
Determining if the CXX compiler works passed with the following output:
Change Dir: /home/trex/turtle_drive/build/hector_mapping/CMakeFiles/CMakeTmp

<<<<<<< HEAD
Run Build Command:"/usr/bin/make" "cmTC_7087f/fast"
/usr/bin/make -f CMakeFiles/cmTC_7087f.dir/build.make CMakeFiles/cmTC_7087f.dir/build
make[1]: Entering directory '/home/sena/turtle_drive/build/hector_mapping/CMakeFiles/CMakeTmp'
Building CXX object CMakeFiles/cmTC_7087f.dir/testCXXCompiler.cxx.o
/usr/bin/c++      -o CMakeFiles/cmTC_7087f.dir/testCXXCompiler.cxx.o -c /home/sena/turtle_drive/build/hector_mapping/CMakeFiles/CMakeTmp/testCXXCompiler.cxx
Linking CXX executable cmTC_7087f
/usr/bin/cmake -E cmake_link_script CMakeFiles/cmTC_7087f.dir/link.txt --verbose=1
/usr/bin/c++        CMakeFiles/cmTC_7087f.dir/testCXXCompiler.cxx.o  -o cmTC_7087f -rdynamic 
make[1]: Leaving directory '/home/sena/turtle_drive/build/hector_mapping/CMakeFiles/CMakeTmp'


Detecting CXX compiler ABI info compiled with the following output:
Change Dir: /home/sena/turtle_drive/build/hector_mapping/CMakeFiles/CMakeTmp

Run Build Command:"/usr/bin/make" "cmTC_24877/fast"
/usr/bin/make -f CMakeFiles/cmTC_24877.dir/build.make CMakeFiles/cmTC_24877.dir/build
make[1]: Entering directory '/home/sena/turtle_drive/build/hector_mapping/CMakeFiles/CMakeTmp'
Building CXX object CMakeFiles/cmTC_24877.dir/CMakeCXXCompilerABI.cpp.o
/usr/bin/c++      -o CMakeFiles/cmTC_24877.dir/CMakeCXXCompilerABI.cpp.o -c /usr/share/cmake-3.5/Modules/CMakeCXXCompilerABI.cpp
Linking CXX executable cmTC_24877
/usr/bin/cmake -E cmake_link_script CMakeFiles/cmTC_24877.dir/link.txt --verbose=1
/usr/bin/c++       -v CMakeFiles/cmTC_24877.dir/CMakeCXXCompilerABI.cpp.o  -o cmTC_24877 -rdynamic  
=======
Run Build Command:"/usr/bin/make" "cmTC_8809b/fast"
/usr/bin/make -f CMakeFiles/cmTC_8809b.dir/build.make CMakeFiles/cmTC_8809b.dir/build
make[1]: Entering directory '/home/trex/turtle_drive/build/hector_mapping/CMakeFiles/CMakeTmp'
Building CXX object CMakeFiles/cmTC_8809b.dir/testCXXCompiler.cxx.o
/usr/bin/c++      -o CMakeFiles/cmTC_8809b.dir/testCXXCompiler.cxx.o -c /home/trex/turtle_drive/build/hector_mapping/CMakeFiles/CMakeTmp/testCXXCompiler.cxx
Linking CXX executable cmTC_8809b
/usr/bin/cmake -E cmake_link_script CMakeFiles/cmTC_8809b.dir/link.txt --verbose=1
/usr/bin/c++        CMakeFiles/cmTC_8809b.dir/testCXXCompiler.cxx.o  -o cmTC_8809b -rdynamic 
make[1]: Leaving directory '/home/trex/turtle_drive/build/hector_mapping/CMakeFiles/CMakeTmp'


Detecting CXX compiler ABI info compiled with the following output:
Change Dir: /home/trex/turtle_drive/build/hector_mapping/CMakeFiles/CMakeTmp

Run Build Command:"/usr/bin/make" "cmTC_fd546/fast"
/usr/bin/make -f CMakeFiles/cmTC_fd546.dir/build.make CMakeFiles/cmTC_fd546.dir/build
make[1]: Entering directory '/home/trex/turtle_drive/build/hector_mapping/CMakeFiles/CMakeTmp'
Building CXX object CMakeFiles/cmTC_fd546.dir/CMakeCXXCompilerABI.cpp.o
/usr/bin/c++      -o CMakeFiles/cmTC_fd546.dir/CMakeCXXCompilerABI.cpp.o -c /usr/share/cmake-3.5/Modules/CMakeCXXCompilerABI.cpp
Linking CXX executable cmTC_fd546
/usr/bin/cmake -E cmake_link_script CMakeFiles/cmTC_fd546.dir/link.txt --verbose=1
/usr/bin/c++       -v CMakeFiles/cmTC_fd546.dir/CMakeCXXCompilerABI.cpp.o  -o cmTC_fd546 -rdynamic  
>>>>>>> e9cd62af21de1d7449f0732f6f4acbdc818f742b
Using built-in specs.
COLLECT_GCC=/usr/bin/c++
COLLECT_LTO_WRAPPER=/usr/lib/gcc/i686-linux-gnu/5/lto-wrapper
Target: i686-linux-gnu
Configured with: ../src/configure -v --with-pkgversion='Ubuntu 5.4.0-6ubuntu1~16.04.11' --with-bugurl=file:///usr/share/doc/gcc-5/README.Bugs --enable-languages=c,ada,c++,java,go,d,fortran,objc,obj-c++ --prefix=/usr --program-suffix=-5 --enable-shared --enable-linker-build-id --libexecdir=/usr/lib --without-included-gettext --enable-threads=posix --libdir=/usr/lib --enable-nls --with-sysroot=/ --enable-clocale=gnu --enable-libstdcxx-debug --enable-libstdcxx-time=yes --with-default-libstdcxx-abi=new --enable-gnu-unique-object --disable-vtable-verify --enable-libmpx --enable-plugin --with-system-zlib --disable-browser-plugin --enable-java-awt=gtk --enable-gtk-cairo --with-java-home=/usr/lib/jvm/java-1.5.0-gcj-5-i386/jre --enable-java-home --with-jvm-root-dir=/usr/lib/jvm/java-1.5.0-gcj-5-i386 --with-jvm-jar-dir=/usr/lib/jvm-exports/java-1.5.0-gcj-5-i386 --with-arch-directory=i386 --with-ecj-jar=/usr/share/java/eclipse-ecj.jar --enable-objc-gc --enable-targets=all --enable-multiarch --disable-werror --with-arch-32=i686 --with-multilib-list=m32,m64,mx32 --enable-multilib --with-tune=generic --enable-checking=release --build=i686-linux-gnu --host=i686-linux-gnu --target=i686-linux-gnu
Thread model: posix
<<<<<<< HEAD
gcc version 5.4.0 20160609 (Ubuntu 5.4.0-6ubuntu1~16.04.10) 
COMPILER_PATH=/usr/lib/gcc/x86_64-linux-gnu/5/:/usr/lib/gcc/x86_64-linux-gnu/5/:/usr/lib/gcc/x86_64-linux-gnu/:/usr/lib/gcc/x86_64-linux-gnu/5/:/usr/lib/gcc/x86_64-linux-gnu/
LIBRARY_PATH=/usr/lib/gcc/x86_64-linux-gnu/5/:/usr/lib/gcc/x86_64-linux-gnu/5/../../../x86_64-linux-gnu/:/usr/lib/gcc/x86_64-linux-gnu/5/../../../../lib/:/lib/x86_64-linux-gnu/:/lib/../lib/:/usr/lib/x86_64-linux-gnu/:/usr/lib/../lib/:/usr/lib/gcc/x86_64-linux-gnu/5/../../../:/lib/:/usr/lib/
COLLECT_GCC_OPTIONS='-v' '-o' 'cmTC_24877' '-rdynamic' '-shared-libgcc' '-mtune=generic' '-march=x86-64'
 /usr/lib/gcc/x86_64-linux-gnu/5/collect2 -plugin /usr/lib/gcc/x86_64-linux-gnu/5/liblto_plugin.so -plugin-opt=/usr/lib/gcc/x86_64-linux-gnu/5/lto-wrapper -plugin-opt=-fresolution=/tmp/ccZeSVbo.res -plugin-opt=-pass-through=-lgcc_s -plugin-opt=-pass-through=-lgcc -plugin-opt=-pass-through=-lc -plugin-opt=-pass-through=-lgcc_s -plugin-opt=-pass-through=-lgcc --sysroot=/ --build-id --eh-frame-hdr -m elf_x86_64 --hash-style=gnu --as-needed -export-dynamic -dynamic-linker /lib64/ld-linux-x86-64.so.2 -z relro -o cmTC_24877 /usr/lib/gcc/x86_64-linux-gnu/5/../../../x86_64-linux-gnu/crt1.o /usr/lib/gcc/x86_64-linux-gnu/5/../../../x86_64-linux-gnu/crti.o /usr/lib/gcc/x86_64-linux-gnu/5/crtbegin.o -L/usr/lib/gcc/x86_64-linux-gnu/5 -L/usr/lib/gcc/x86_64-linux-gnu/5/../../../x86_64-linux-gnu -L/usr/lib/gcc/x86_64-linux-gnu/5/../../../../lib -L/lib/x86_64-linux-gnu -L/lib/../lib -L/usr/lib/x86_64-linux-gnu -L/usr/lib/../lib -L/usr/lib/gcc/x86_64-linux-gnu/5/../../.. CMakeFiles/cmTC_24877.dir/CMakeCXXCompilerABI.cpp.o -lstdc++ -lm -lgcc_s -lgcc -lc -lgcc_s -lgcc /usr/lib/gcc/x86_64-linux-gnu/5/crtend.o /usr/lib/gcc/x86_64-linux-gnu/5/../../../x86_64-linux-gnu/crtn.o
make[1]: Leaving directory '/home/sena/turtle_drive/build/hector_mapping/CMakeFiles/CMakeTmp'
=======
gcc version 5.4.0 20160609 (Ubuntu 5.4.0-6ubuntu1~16.04.11) 
COMPILER_PATH=/usr/lib/gcc/i686-linux-gnu/5/:/usr/lib/gcc/i686-linux-gnu/5/:/usr/lib/gcc/i686-linux-gnu/:/usr/lib/gcc/i686-linux-gnu/5/:/usr/lib/gcc/i686-linux-gnu/
LIBRARY_PATH=/usr/lib/gcc/i686-linux-gnu/5/:/usr/lib/gcc/i686-linux-gnu/5/../../../i386-linux-gnu/:/usr/lib/gcc/i686-linux-gnu/5/../../../../lib/:/lib/i386-linux-gnu/:/lib/../lib/:/usr/lib/i386-linux-gnu/:/usr/lib/../lib/:/usr/lib/gcc/i686-linux-gnu/5/../../../:/lib/:/usr/lib/
COLLECT_GCC_OPTIONS='-v' '-o' 'cmTC_fd546' '-rdynamic' '-shared-libgcc' '-mtune=generic' '-march=i686'
 /usr/lib/gcc/i686-linux-gnu/5/collect2 -plugin /usr/lib/gcc/i686-linux-gnu/5/liblto_plugin.so -plugin-opt=/usr/lib/gcc/i686-linux-gnu/5/lto-wrapper -plugin-opt=-fresolution=/tmp/cchICT7q.res -plugin-opt=-pass-through=-lgcc_s -plugin-opt=-pass-through=-lgcc -plugin-opt=-pass-through=-lc -plugin-opt=-pass-through=-lgcc_s -plugin-opt=-pass-through=-lgcc --sysroot=/ --build-id --eh-frame-hdr -m elf_i386 --hash-style=gnu --as-needed -export-dynamic -dynamic-linker /lib/ld-linux.so.2 -z relro -o cmTC_fd546 /usr/lib/gcc/i686-linux-gnu/5/../../../i386-linux-gnu/crt1.o /usr/lib/gcc/i686-linux-gnu/5/../../../i386-linux-gnu/crti.o /usr/lib/gcc/i686-linux-gnu/5/crtbegin.o -L/usr/lib/gcc/i686-linux-gnu/5 -L/usr/lib/gcc/i686-linux-gnu/5/../../../i386-linux-gnu -L/usr/lib/gcc/i686-linux-gnu/5/../../../../lib -L/lib/i386-linux-gnu -L/lib/../lib -L/usr/lib/i386-linux-gnu -L/usr/lib/../lib -L/usr/lib/gcc/i686-linux-gnu/5/../../.. CMakeFiles/cmTC_fd546.dir/CMakeCXXCompilerABI.cpp.o -lstdc++ -lm -lgcc_s -lgcc -lc -lgcc_s -lgcc /usr/lib/gcc/i686-linux-gnu/5/crtend.o /usr/lib/gcc/i686-linux-gnu/5/../../../i386-linux-gnu/crtn.o
make[1]: Leaving directory '/home/trex/turtle_drive/build/hector_mapping/CMakeFiles/CMakeTmp'
>>>>>>> e9cd62af21de1d7449f0732f6f4acbdc818f742b


Parsed CXX implicit link information from above output:
  link line regex: [^( *|.*[/\])(ld|([^/\]+-)?ld|collect2)[^/\]*( |$)]
  ignore line: [Change Dir: /home/trex/turtle_drive/build/hector_mapping/CMakeFiles/CMakeTmp]
  ignore line: []
<<<<<<< HEAD
  ignore line: [Run Build Command:"/usr/bin/make" "cmTC_24877/fast"]
  ignore line: [/usr/bin/make -f CMakeFiles/cmTC_24877.dir/build.make CMakeFiles/cmTC_24877.dir/build]
  ignore line: [make[1]: Entering directory '/home/sena/turtle_drive/build/hector_mapping/CMakeFiles/CMakeTmp']
  ignore line: [Building CXX object CMakeFiles/cmTC_24877.dir/CMakeCXXCompilerABI.cpp.o]
  ignore line: [/usr/bin/c++      -o CMakeFiles/cmTC_24877.dir/CMakeCXXCompilerABI.cpp.o -c /usr/share/cmake-3.5/Modules/CMakeCXXCompilerABI.cpp]
  ignore line: [Linking CXX executable cmTC_24877]
  ignore line: [/usr/bin/cmake -E cmake_link_script CMakeFiles/cmTC_24877.dir/link.txt --verbose=1]
  ignore line: [/usr/bin/c++       -v CMakeFiles/cmTC_24877.dir/CMakeCXXCompilerABI.cpp.o  -o cmTC_24877 -rdynamic  ]
=======
  ignore line: [Run Build Command:"/usr/bin/make" "cmTC_fd546/fast"]
  ignore line: [/usr/bin/make -f CMakeFiles/cmTC_fd546.dir/build.make CMakeFiles/cmTC_fd546.dir/build]
  ignore line: [make[1]: Entering directory '/home/trex/turtle_drive/build/hector_mapping/CMakeFiles/CMakeTmp']
  ignore line: [Building CXX object CMakeFiles/cmTC_fd546.dir/CMakeCXXCompilerABI.cpp.o]
  ignore line: [/usr/bin/c++      -o CMakeFiles/cmTC_fd546.dir/CMakeCXXCompilerABI.cpp.o -c /usr/share/cmake-3.5/Modules/CMakeCXXCompilerABI.cpp]
  ignore line: [Linking CXX executable cmTC_fd546]
  ignore line: [/usr/bin/cmake -E cmake_link_script CMakeFiles/cmTC_fd546.dir/link.txt --verbose=1]
  ignore line: [/usr/bin/c++       -v CMakeFiles/cmTC_fd546.dir/CMakeCXXCompilerABI.cpp.o  -o cmTC_fd546 -rdynamic  ]
>>>>>>> e9cd62af21de1d7449f0732f6f4acbdc818f742b
  ignore line: [Using built-in specs.]
  ignore line: [COLLECT_GCC=/usr/bin/c++]
  ignore line: [COLLECT_LTO_WRAPPER=/usr/lib/gcc/i686-linux-gnu/5/lto-wrapper]
  ignore line: [Target: i686-linux-gnu]
  ignore line: [Configured with: ../src/configure -v --with-pkgversion='Ubuntu 5.4.0-6ubuntu1~16.04.11' --with-bugurl=file:///usr/share/doc/gcc-5/README.Bugs --enable-languages=c,ada,c++,java,go,d,fortran,objc,obj-c++ --prefix=/usr --program-suffix=-5 --enable-shared --enable-linker-build-id --libexecdir=/usr/lib --without-included-gettext --enable-threads=posix --libdir=/usr/lib --enable-nls --with-sysroot=/ --enable-clocale=gnu --enable-libstdcxx-debug --enable-libstdcxx-time=yes --with-default-libstdcxx-abi=new --enable-gnu-unique-object --disable-vtable-verify --enable-libmpx --enable-plugin --with-system-zlib --disable-browser-plugin --enable-java-awt=gtk --enable-gtk-cairo --with-java-home=/usr/lib/jvm/java-1.5.0-gcj-5-i386/jre --enable-java-home --with-jvm-root-dir=/usr/lib/jvm/java-1.5.0-gcj-5-i386 --with-jvm-jar-dir=/usr/lib/jvm-exports/java-1.5.0-gcj-5-i386 --with-arch-directory=i386 --with-ecj-jar=/usr/share/java/eclipse-ecj.jar --enable-objc-gc --enable-targets=all --enable-multiarch --disable-werror --with-arch-32=i686 --with-multilib-list=m32,m64,mx32 --enable-multilib --with-tune=generic --enable-checking=release --build=i686-linux-gnu --host=i686-linux-gnu --target=i686-linux-gnu]
  ignore line: [Thread model: posix]
<<<<<<< HEAD
  ignore line: [gcc version 5.4.0 20160609 (Ubuntu 5.4.0-6ubuntu1~16.04.10) ]
  ignore line: [COMPILER_PATH=/usr/lib/gcc/x86_64-linux-gnu/5/:/usr/lib/gcc/x86_64-linux-gnu/5/:/usr/lib/gcc/x86_64-linux-gnu/:/usr/lib/gcc/x86_64-linux-gnu/5/:/usr/lib/gcc/x86_64-linux-gnu/]
  ignore line: [LIBRARY_PATH=/usr/lib/gcc/x86_64-linux-gnu/5/:/usr/lib/gcc/x86_64-linux-gnu/5/../../../x86_64-linux-gnu/:/usr/lib/gcc/x86_64-linux-gnu/5/../../../../lib/:/lib/x86_64-linux-gnu/:/lib/../lib/:/usr/lib/x86_64-linux-gnu/:/usr/lib/../lib/:/usr/lib/gcc/x86_64-linux-gnu/5/../../../:/lib/:/usr/lib/]
  ignore line: [COLLECT_GCC_OPTIONS='-v' '-o' 'cmTC_24877' '-rdynamic' '-shared-libgcc' '-mtune=generic' '-march=x86-64']
  link line: [ /usr/lib/gcc/x86_64-linux-gnu/5/collect2 -plugin /usr/lib/gcc/x86_64-linux-gnu/5/liblto_plugin.so -plugin-opt=/usr/lib/gcc/x86_64-linux-gnu/5/lto-wrapper -plugin-opt=-fresolution=/tmp/ccZeSVbo.res -plugin-opt=-pass-through=-lgcc_s -plugin-opt=-pass-through=-lgcc -plugin-opt=-pass-through=-lc -plugin-opt=-pass-through=-lgcc_s -plugin-opt=-pass-through=-lgcc --sysroot=/ --build-id --eh-frame-hdr -m elf_x86_64 --hash-style=gnu --as-needed -export-dynamic -dynamic-linker /lib64/ld-linux-x86-64.so.2 -z relro -o cmTC_24877 /usr/lib/gcc/x86_64-linux-gnu/5/../../../x86_64-linux-gnu/crt1.o /usr/lib/gcc/x86_64-linux-gnu/5/../../../x86_64-linux-gnu/crti.o /usr/lib/gcc/x86_64-linux-gnu/5/crtbegin.o -L/usr/lib/gcc/x86_64-linux-gnu/5 -L/usr/lib/gcc/x86_64-linux-gnu/5/../../../x86_64-linux-gnu -L/usr/lib/gcc/x86_64-linux-gnu/5/../../../../lib -L/lib/x86_64-linux-gnu -L/lib/../lib -L/usr/lib/x86_64-linux-gnu -L/usr/lib/../lib -L/usr/lib/gcc/x86_64-linux-gnu/5/../../.. CMakeFiles/cmTC_24877.dir/CMakeCXXCompilerABI.cpp.o -lstdc++ -lm -lgcc_s -lgcc -lc -lgcc_s -lgcc /usr/lib/gcc/x86_64-linux-gnu/5/crtend.o /usr/lib/gcc/x86_64-linux-gnu/5/../../../x86_64-linux-gnu/crtn.o]
    arg [/usr/lib/gcc/x86_64-linux-gnu/5/collect2] ==> ignore
    arg [-plugin] ==> ignore
    arg [/usr/lib/gcc/x86_64-linux-gnu/5/liblto_plugin.so] ==> ignore
    arg [-plugin-opt=/usr/lib/gcc/x86_64-linux-gnu/5/lto-wrapper] ==> ignore
    arg [-plugin-opt=-fresolution=/tmp/ccZeSVbo.res] ==> ignore
=======
  ignore line: [gcc version 5.4.0 20160609 (Ubuntu 5.4.0-6ubuntu1~16.04.11) ]
  ignore line: [COMPILER_PATH=/usr/lib/gcc/i686-linux-gnu/5/:/usr/lib/gcc/i686-linux-gnu/5/:/usr/lib/gcc/i686-linux-gnu/:/usr/lib/gcc/i686-linux-gnu/5/:/usr/lib/gcc/i686-linux-gnu/]
  ignore line: [LIBRARY_PATH=/usr/lib/gcc/i686-linux-gnu/5/:/usr/lib/gcc/i686-linux-gnu/5/../../../i386-linux-gnu/:/usr/lib/gcc/i686-linux-gnu/5/../../../../lib/:/lib/i386-linux-gnu/:/lib/../lib/:/usr/lib/i386-linux-gnu/:/usr/lib/../lib/:/usr/lib/gcc/i686-linux-gnu/5/../../../:/lib/:/usr/lib/]
  ignore line: [COLLECT_GCC_OPTIONS='-v' '-o' 'cmTC_fd546' '-rdynamic' '-shared-libgcc' '-mtune=generic' '-march=i686']
  link line: [ /usr/lib/gcc/i686-linux-gnu/5/collect2 -plugin /usr/lib/gcc/i686-linux-gnu/5/liblto_plugin.so -plugin-opt=/usr/lib/gcc/i686-linux-gnu/5/lto-wrapper -plugin-opt=-fresolution=/tmp/cchICT7q.res -plugin-opt=-pass-through=-lgcc_s -plugin-opt=-pass-through=-lgcc -plugin-opt=-pass-through=-lc -plugin-opt=-pass-through=-lgcc_s -plugin-opt=-pass-through=-lgcc --sysroot=/ --build-id --eh-frame-hdr -m elf_i386 --hash-style=gnu --as-needed -export-dynamic -dynamic-linker /lib/ld-linux.so.2 -z relro -o cmTC_fd546 /usr/lib/gcc/i686-linux-gnu/5/../../../i386-linux-gnu/crt1.o /usr/lib/gcc/i686-linux-gnu/5/../../../i386-linux-gnu/crti.o /usr/lib/gcc/i686-linux-gnu/5/crtbegin.o -L/usr/lib/gcc/i686-linux-gnu/5 -L/usr/lib/gcc/i686-linux-gnu/5/../../../i386-linux-gnu -L/usr/lib/gcc/i686-linux-gnu/5/../../../../lib -L/lib/i386-linux-gnu -L/lib/../lib -L/usr/lib/i386-linux-gnu -L/usr/lib/../lib -L/usr/lib/gcc/i686-linux-gnu/5/../../.. CMakeFiles/cmTC_fd546.dir/CMakeCXXCompilerABI.cpp.o -lstdc++ -lm -lgcc_s -lgcc -lc -lgcc_s -lgcc /usr/lib/gcc/i686-linux-gnu/5/crtend.o /usr/lib/gcc/i686-linux-gnu/5/../../../i386-linux-gnu/crtn.o]
    arg [/usr/lib/gcc/i686-linux-gnu/5/collect2] ==> ignore
    arg [-plugin] ==> ignore
    arg [/usr/lib/gcc/i686-linux-gnu/5/liblto_plugin.so] ==> ignore
    arg [-plugin-opt=/usr/lib/gcc/i686-linux-gnu/5/lto-wrapper] ==> ignore
    arg [-plugin-opt=-fresolution=/tmp/cchICT7q.res] ==> ignore
>>>>>>> e9cd62af21de1d7449f0732f6f4acbdc818f742b
    arg [-plugin-opt=-pass-through=-lgcc_s] ==> ignore
    arg [-plugin-opt=-pass-through=-lgcc] ==> ignore
    arg [-plugin-opt=-pass-through=-lc] ==> ignore
    arg [-plugin-opt=-pass-through=-lgcc_s] ==> ignore
    arg [-plugin-opt=-pass-through=-lgcc] ==> ignore
    arg [--sysroot=/] ==> ignore
    arg [--build-id] ==> ignore
    arg [--eh-frame-hdr] ==> ignore
    arg [-m] ==> ignore
    arg [elf_i386] ==> ignore
    arg [--hash-style=gnu] ==> ignore
    arg [--as-needed] ==> ignore
    arg [-export-dynamic] ==> ignore
    arg [-dynamic-linker] ==> ignore
    arg [/lib/ld-linux.so.2] ==> ignore
    arg [-zrelro] ==> ignore
    arg [-o] ==> ignore
<<<<<<< HEAD
    arg [cmTC_24877] ==> ignore
    arg [/usr/lib/gcc/x86_64-linux-gnu/5/../../../x86_64-linux-gnu/crt1.o] ==> ignore
    arg [/usr/lib/gcc/x86_64-linux-gnu/5/../../../x86_64-linux-gnu/crti.o] ==> ignore
    arg [/usr/lib/gcc/x86_64-linux-gnu/5/crtbegin.o] ==> ignore
    arg [-L/usr/lib/gcc/x86_64-linux-gnu/5] ==> dir [/usr/lib/gcc/x86_64-linux-gnu/5]
    arg [-L/usr/lib/gcc/x86_64-linux-gnu/5/../../../x86_64-linux-gnu] ==> dir [/usr/lib/gcc/x86_64-linux-gnu/5/../../../x86_64-linux-gnu]
    arg [-L/usr/lib/gcc/x86_64-linux-gnu/5/../../../../lib] ==> dir [/usr/lib/gcc/x86_64-linux-gnu/5/../../../../lib]
    arg [-L/lib/x86_64-linux-gnu] ==> dir [/lib/x86_64-linux-gnu]
=======
    arg [cmTC_fd546] ==> ignore
    arg [/usr/lib/gcc/i686-linux-gnu/5/../../../i386-linux-gnu/crt1.o] ==> ignore
    arg [/usr/lib/gcc/i686-linux-gnu/5/../../../i386-linux-gnu/crti.o] ==> ignore
    arg [/usr/lib/gcc/i686-linux-gnu/5/crtbegin.o] ==> ignore
    arg [-L/usr/lib/gcc/i686-linux-gnu/5] ==> dir [/usr/lib/gcc/i686-linux-gnu/5]
    arg [-L/usr/lib/gcc/i686-linux-gnu/5/../../../i386-linux-gnu] ==> dir [/usr/lib/gcc/i686-linux-gnu/5/../../../i386-linux-gnu]
    arg [-L/usr/lib/gcc/i686-linux-gnu/5/../../../../lib] ==> dir [/usr/lib/gcc/i686-linux-gnu/5/../../../../lib]
    arg [-L/lib/i386-linux-gnu] ==> dir [/lib/i386-linux-gnu]
>>>>>>> e9cd62af21de1d7449f0732f6f4acbdc818f742b
    arg [-L/lib/../lib] ==> dir [/lib/../lib]
    arg [-L/usr/lib/i386-linux-gnu] ==> dir [/usr/lib/i386-linux-gnu]
    arg [-L/usr/lib/../lib] ==> dir [/usr/lib/../lib]
<<<<<<< HEAD
    arg [-L/usr/lib/gcc/x86_64-linux-gnu/5/../../..] ==> dir [/usr/lib/gcc/x86_64-linux-gnu/5/../../..]
    arg [CMakeFiles/cmTC_24877.dir/CMakeCXXCompilerABI.cpp.o] ==> ignore
=======
    arg [-L/usr/lib/gcc/i686-linux-gnu/5/../../..] ==> dir [/usr/lib/gcc/i686-linux-gnu/5/../../..]
    arg [CMakeFiles/cmTC_fd546.dir/CMakeCXXCompilerABI.cpp.o] ==> ignore
>>>>>>> e9cd62af21de1d7449f0732f6f4acbdc818f742b
    arg [-lstdc++] ==> lib [stdc++]
    arg [-lm] ==> lib [m]
    arg [-lgcc_s] ==> lib [gcc_s]
    arg [-lgcc] ==> lib [gcc]
    arg [-lc] ==> lib [c]
    arg [-lgcc_s] ==> lib [gcc_s]
    arg [-lgcc] ==> lib [gcc]
    arg [/usr/lib/gcc/i686-linux-gnu/5/crtend.o] ==> ignore
    arg [/usr/lib/gcc/i686-linux-gnu/5/../../../i386-linux-gnu/crtn.o] ==> ignore
  remove lib [gcc_s]
  remove lib [gcc]
  remove lib [gcc_s]
  remove lib [gcc]
  collapse library dir [/usr/lib/gcc/i686-linux-gnu/5] ==> [/usr/lib/gcc/i686-linux-gnu/5]
  collapse library dir [/usr/lib/gcc/i686-linux-gnu/5/../../../i386-linux-gnu] ==> [/usr/lib/i386-linux-gnu]
  collapse library dir [/usr/lib/gcc/i686-linux-gnu/5/../../../../lib] ==> [/usr/lib]
  collapse library dir [/lib/i386-linux-gnu] ==> [/lib/i386-linux-gnu]
  collapse library dir [/lib/../lib] ==> [/lib]
  collapse library dir [/usr/lib/i386-linux-gnu] ==> [/usr/lib/i386-linux-gnu]
  collapse library dir [/usr/lib/../lib] ==> [/usr/lib]
  collapse library dir [/usr/lib/gcc/i686-linux-gnu/5/../../..] ==> [/usr/lib]
  implicit libs: [stdc++;m;c]
  implicit dirs: [/usr/lib/gcc/i686-linux-gnu/5;/usr/lib/i386-linux-gnu;/usr/lib;/lib/i386-linux-gnu;/lib]
  implicit fwks: []




Detecting CXX [-std=c++14] compiler features compiled with the following output:
Change Dir: /home/trex/turtle_drive/build/hector_mapping/CMakeFiles/CMakeTmp

<<<<<<< HEAD
Run Build Command:"/usr/bin/make" "cmTC_daf55/fast"
/usr/bin/make -f CMakeFiles/cmTC_daf55.dir/build.make CMakeFiles/cmTC_daf55.dir/build
make[1]: Entering directory '/home/sena/turtle_drive/build/hector_mapping/CMakeFiles/CMakeTmp'
Building CXX object CMakeFiles/cmTC_daf55.dir/feature_tests.cxx.o
/usr/bin/c++     -std=c++14 -o CMakeFiles/cmTC_daf55.dir/feature_tests.cxx.o -c /home/sena/turtle_drive/build/hector_mapping/CMakeFiles/feature_tests.cxx
Linking CXX executable cmTC_daf55
/usr/bin/cmake -E cmake_link_script CMakeFiles/cmTC_daf55.dir/link.txt --verbose=1
/usr/bin/c++        CMakeFiles/cmTC_daf55.dir/feature_tests.cxx.o  -o cmTC_daf55 -rdynamic 
make[1]: Leaving directory '/home/sena/turtle_drive/build/hector_mapping/CMakeFiles/CMakeTmp'
=======
Run Build Command:"/usr/bin/make" "cmTC_d40ee/fast"
/usr/bin/make -f CMakeFiles/cmTC_d40ee.dir/build.make CMakeFiles/cmTC_d40ee.dir/build
make[1]: Entering directory '/home/trex/turtle_drive/build/hector_mapping/CMakeFiles/CMakeTmp'
Building CXX object CMakeFiles/cmTC_d40ee.dir/feature_tests.cxx.o
/usr/bin/c++     -std=c++14 -o CMakeFiles/cmTC_d40ee.dir/feature_tests.cxx.o -c /home/trex/turtle_drive/build/hector_mapping/CMakeFiles/feature_tests.cxx
Linking CXX executable cmTC_d40ee
/usr/bin/cmake -E cmake_link_script CMakeFiles/cmTC_d40ee.dir/link.txt --verbose=1
/usr/bin/c++        CMakeFiles/cmTC_d40ee.dir/feature_tests.cxx.o  -o cmTC_d40ee -rdynamic 
make[1]: Leaving directory '/home/trex/turtle_drive/build/hector_mapping/CMakeFiles/CMakeTmp'
>>>>>>> e9cd62af21de1d7449f0732f6f4acbdc818f742b


    Feature record: CXX_FEATURE:1cxx_aggregate_default_initializers
    Feature record: CXX_FEATURE:1cxx_alias_templates
    Feature record: CXX_FEATURE:1cxx_alignas
    Feature record: CXX_FEATURE:1cxx_alignof
    Feature record: CXX_FEATURE:1cxx_attributes
    Feature record: CXX_FEATURE:1cxx_attribute_deprecated
    Feature record: CXX_FEATURE:1cxx_auto_type
    Feature record: CXX_FEATURE:1cxx_binary_literals
    Feature record: CXX_FEATURE:1cxx_constexpr
    Feature record: CXX_FEATURE:1cxx_contextual_conversions
    Feature record: CXX_FEATURE:1cxx_decltype
    Feature record: CXX_FEATURE:1cxx_decltype_auto
    Feature record: CXX_FEATURE:1cxx_decltype_incomplete_return_types
    Feature record: CXX_FEATURE:1cxx_default_function_template_args
    Feature record: CXX_FEATURE:1cxx_defaulted_functions
    Feature record: CXX_FEATURE:1cxx_defaulted_move_initializers
    Feature record: CXX_FEATURE:1cxx_delegating_constructors
    Feature record: CXX_FEATURE:1cxx_deleted_functions
    Feature record: CXX_FEATURE:1cxx_digit_separators
    Feature record: CXX_FEATURE:1cxx_enum_forward_declarations
    Feature record: CXX_FEATURE:1cxx_explicit_conversions
    Feature record: CXX_FEATURE:1cxx_extended_friend_declarations
    Feature record: CXX_FEATURE:1cxx_extern_templates
    Feature record: CXX_FEATURE:1cxx_final
    Feature record: CXX_FEATURE:1cxx_func_identifier
    Feature record: CXX_FEATURE:1cxx_generalized_initializers
    Feature record: CXX_FEATURE:1cxx_generic_lambdas
    Feature record: CXX_FEATURE:1cxx_inheriting_constructors
    Feature record: CXX_FEATURE:1cxx_inline_namespaces
    Feature record: CXX_FEATURE:1cxx_lambdas
    Feature record: CXX_FEATURE:1cxx_lambda_init_captures
    Feature record: CXX_FEATURE:1cxx_local_type_template_args
    Feature record: CXX_FEATURE:1cxx_long_long_type
    Feature record: CXX_FEATURE:1cxx_noexcept
    Feature record: CXX_FEATURE:1cxx_nonstatic_member_init
    Feature record: CXX_FEATURE:1cxx_nullptr
    Feature record: CXX_FEATURE:1cxx_override
    Feature record: CXX_FEATURE:1cxx_range_for
    Feature record: CXX_FEATURE:1cxx_raw_string_literals
    Feature record: CXX_FEATURE:1cxx_reference_qualified_functions
    Feature record: CXX_FEATURE:1cxx_relaxed_constexpr
    Feature record: CXX_FEATURE:1cxx_return_type_deduction
    Feature record: CXX_FEATURE:1cxx_right_angle_brackets
    Feature record: CXX_FEATURE:1cxx_rvalue_references
    Feature record: CXX_FEATURE:1cxx_sizeof_member
    Feature record: CXX_FEATURE:1cxx_static_assert
    Feature record: CXX_FEATURE:1cxx_strong_enums
    Feature record: CXX_FEATURE:1cxx_template_template_parameters
    Feature record: CXX_FEATURE:1cxx_thread_local
    Feature record: CXX_FEATURE:1cxx_trailing_return_types
    Feature record: CXX_FEATURE:1cxx_unicode_literals
    Feature record: CXX_FEATURE:1cxx_uniform_initialization
    Feature record: CXX_FEATURE:1cxx_unrestricted_unions
    Feature record: CXX_FEATURE:1cxx_user_literals
    Feature record: CXX_FEATURE:1cxx_variable_templates
    Feature record: CXX_FEATURE:1cxx_variadic_macros
    Feature record: CXX_FEATURE:1cxx_variadic_templates


Detecting CXX [-std=c++11] compiler features compiled with the following output:
Change Dir: /home/trex/turtle_drive/build/hector_mapping/CMakeFiles/CMakeTmp

<<<<<<< HEAD
Run Build Command:"/usr/bin/make" "cmTC_0e07d/fast"
/usr/bin/make -f CMakeFiles/cmTC_0e07d.dir/build.make CMakeFiles/cmTC_0e07d.dir/build
make[1]: Entering directory '/home/sena/turtle_drive/build/hector_mapping/CMakeFiles/CMakeTmp'
Building CXX object CMakeFiles/cmTC_0e07d.dir/feature_tests.cxx.o
/usr/bin/c++     -std=c++11 -o CMakeFiles/cmTC_0e07d.dir/feature_tests.cxx.o -c /home/sena/turtle_drive/build/hector_mapping/CMakeFiles/feature_tests.cxx
Linking CXX executable cmTC_0e07d
/usr/bin/cmake -E cmake_link_script CMakeFiles/cmTC_0e07d.dir/link.txt --verbose=1
/usr/bin/c++        CMakeFiles/cmTC_0e07d.dir/feature_tests.cxx.o  -o cmTC_0e07d -rdynamic 
make[1]: Leaving directory '/home/sena/turtle_drive/build/hector_mapping/CMakeFiles/CMakeTmp'
=======
Run Build Command:"/usr/bin/make" "cmTC_f482e/fast"
/usr/bin/make -f CMakeFiles/cmTC_f482e.dir/build.make CMakeFiles/cmTC_f482e.dir/build
make[1]: Entering directory '/home/trex/turtle_drive/build/hector_mapping/CMakeFiles/CMakeTmp'
Building CXX object CMakeFiles/cmTC_f482e.dir/feature_tests.cxx.o
/usr/bin/c++     -std=c++11 -o CMakeFiles/cmTC_f482e.dir/feature_tests.cxx.o -c /home/trex/turtle_drive/build/hector_mapping/CMakeFiles/feature_tests.cxx
Linking CXX executable cmTC_f482e
/usr/bin/cmake -E cmake_link_script CMakeFiles/cmTC_f482e.dir/link.txt --verbose=1
/usr/bin/c++        CMakeFiles/cmTC_f482e.dir/feature_tests.cxx.o  -o cmTC_f482e -rdynamic 
make[1]: Leaving directory '/home/trex/turtle_drive/build/hector_mapping/CMakeFiles/CMakeTmp'
>>>>>>> e9cd62af21de1d7449f0732f6f4acbdc818f742b


    Feature record: CXX_FEATURE:0cxx_aggregate_default_initializers
    Feature record: CXX_FEATURE:1cxx_alias_templates
    Feature record: CXX_FEATURE:1cxx_alignas
    Feature record: CXX_FEATURE:1cxx_alignof
    Feature record: CXX_FEATURE:1cxx_attributes
    Feature record: CXX_FEATURE:0cxx_attribute_deprecated
    Feature record: CXX_FEATURE:1cxx_auto_type
    Feature record: CXX_FEATURE:0cxx_binary_literals
    Feature record: CXX_FEATURE:1cxx_constexpr
    Feature record: CXX_FEATURE:0cxx_contextual_conversions
    Feature record: CXX_FEATURE:1cxx_decltype
    Feature record: CXX_FEATURE:0cxx_decltype_auto
    Feature record: CXX_FEATURE:1cxx_decltype_incomplete_return_types
    Feature record: CXX_FEATURE:1cxx_default_function_template_args
    Feature record: CXX_FEATURE:1cxx_defaulted_functions
    Feature record: CXX_FEATURE:1cxx_defaulted_move_initializers
    Feature record: CXX_FEATURE:1cxx_delegating_constructors
    Feature record: CXX_FEATURE:1cxx_deleted_functions
    Feature record: CXX_FEATURE:0cxx_digit_separators
    Feature record: CXX_FEATURE:1cxx_enum_forward_declarations
    Feature record: CXX_FEATURE:1cxx_explicit_conversions
    Feature record: CXX_FEATURE:1cxx_extended_friend_declarations
    Feature record: CXX_FEATURE:1cxx_extern_templates
    Feature record: CXX_FEATURE:1cxx_final
    Feature record: CXX_FEATURE:1cxx_func_identifier
    Feature record: CXX_FEATURE:1cxx_generalized_initializers
    Feature record: CXX_FEATURE:0cxx_generic_lambdas
    Feature record: CXX_FEATURE:1cxx_inheriting_constructors
    Feature record: CXX_FEATURE:1cxx_inline_namespaces
    Feature record: CXX_FEATURE:1cxx_lambdas
    Feature record: CXX_FEATURE:0cxx_lambda_init_captures
    Feature record: CXX_FEATURE:1cxx_local_type_template_args
    Feature record: CXX_FEATURE:1cxx_long_long_type
    Feature record: CXX_FEATURE:1cxx_noexcept
    Feature record: CXX_FEATURE:1cxx_nonstatic_member_init
    Feature record: CXX_FEATURE:1cxx_nullptr
    Feature record: CXX_FEATURE:1cxx_override
    Feature record: CXX_FEATURE:1cxx_range_for
    Feature record: CXX_FEATURE:1cxx_raw_string_literals
    Feature record: CXX_FEATURE:1cxx_reference_qualified_functions
    Feature record: CXX_FEATURE:0cxx_relaxed_constexpr
    Feature record: CXX_FEATURE:0cxx_return_type_deduction
    Feature record: CXX_FEATURE:1cxx_right_angle_brackets
    Feature record: CXX_FEATURE:1cxx_rvalue_references
    Feature record: CXX_FEATURE:1cxx_sizeof_member
    Feature record: CXX_FEATURE:1cxx_static_assert
    Feature record: CXX_FEATURE:1cxx_strong_enums
    Feature record: CXX_FEATURE:1cxx_template_template_parameters
    Feature record: CXX_FEATURE:1cxx_thread_local
    Feature record: CXX_FEATURE:1cxx_trailing_return_types
    Feature record: CXX_FEATURE:1cxx_unicode_literals
    Feature record: CXX_FEATURE:1cxx_uniform_initialization
    Feature record: CXX_FEATURE:1cxx_unrestricted_unions
    Feature record: CXX_FEATURE:1cxx_user_literals
    Feature record: CXX_FEATURE:0cxx_variable_templates
    Feature record: CXX_FEATURE:1cxx_variadic_macros
    Feature record: CXX_FEATURE:1cxx_variadic_templates


Detecting CXX [-std=c++98] compiler features compiled with the following output:
Change Dir: /home/trex/turtle_drive/build/hector_mapping/CMakeFiles/CMakeTmp

<<<<<<< HEAD
Run Build Command:"/usr/bin/make" "cmTC_07e24/fast"
/usr/bin/make -f CMakeFiles/cmTC_07e24.dir/build.make CMakeFiles/cmTC_07e24.dir/build
make[1]: Entering directory '/home/sena/turtle_drive/build/hector_mapping/CMakeFiles/CMakeTmp'
Building CXX object CMakeFiles/cmTC_07e24.dir/feature_tests.cxx.o
/usr/bin/c++     -std=c++98 -o CMakeFiles/cmTC_07e24.dir/feature_tests.cxx.o -c /home/sena/turtle_drive/build/hector_mapping/CMakeFiles/feature_tests.cxx
Linking CXX executable cmTC_07e24
/usr/bin/cmake -E cmake_link_script CMakeFiles/cmTC_07e24.dir/link.txt --verbose=1
/usr/bin/c++        CMakeFiles/cmTC_07e24.dir/feature_tests.cxx.o  -o cmTC_07e24 -rdynamic 
make[1]: Leaving directory '/home/sena/turtle_drive/build/hector_mapping/CMakeFiles/CMakeTmp'
=======
Run Build Command:"/usr/bin/make" "cmTC_86b51/fast"
/usr/bin/make -f CMakeFiles/cmTC_86b51.dir/build.make CMakeFiles/cmTC_86b51.dir/build
make[1]: Entering directory '/home/trex/turtle_drive/build/hector_mapping/CMakeFiles/CMakeTmp'
Building CXX object CMakeFiles/cmTC_86b51.dir/feature_tests.cxx.o
/usr/bin/c++     -std=c++98 -o CMakeFiles/cmTC_86b51.dir/feature_tests.cxx.o -c /home/trex/turtle_drive/build/hector_mapping/CMakeFiles/feature_tests.cxx
Linking CXX executable cmTC_86b51
/usr/bin/cmake -E cmake_link_script CMakeFiles/cmTC_86b51.dir/link.txt --verbose=1
/usr/bin/c++        CMakeFiles/cmTC_86b51.dir/feature_tests.cxx.o  -o cmTC_86b51 -rdynamic 
make[1]: Leaving directory '/home/trex/turtle_drive/build/hector_mapping/CMakeFiles/CMakeTmp'
>>>>>>> e9cd62af21de1d7449f0732f6f4acbdc818f742b


    Feature record: CXX_FEATURE:0cxx_aggregate_default_initializers
    Feature record: CXX_FEATURE:0cxx_alias_templates
    Feature record: CXX_FEATURE:0cxx_alignas
    Feature record: CXX_FEATURE:0cxx_alignof
    Feature record: CXX_FEATURE:0cxx_attributes
    Feature record: CXX_FEATURE:0cxx_attribute_deprecated
    Feature record: CXX_FEATURE:0cxx_auto_type
    Feature record: CXX_FEATURE:0cxx_binary_literals
    Feature record: CXX_FEATURE:0cxx_constexpr
    Feature record: CXX_FEATURE:0cxx_contextual_conversions
    Feature record: CXX_FEATURE:0cxx_decltype
    Feature record: CXX_FEATURE:0cxx_decltype_auto
    Feature record: CXX_FEATURE:0cxx_decltype_incomplete_return_types
    Feature record: CXX_FEATURE:0cxx_default_function_template_args
    Feature record: CXX_FEATURE:0cxx_defaulted_functions
    Feature record: CXX_FEATURE:0cxx_defaulted_move_initializers
    Feature record: CXX_FEATURE:0cxx_delegating_constructors
    Feature record: CXX_FEATURE:0cxx_deleted_functions
    Feature record: CXX_FEATURE:0cxx_digit_separators
    Feature record: CXX_FEATURE:0cxx_enum_forward_declarations
    Feature record: CXX_FEATURE:0cxx_explicit_conversions
    Feature record: CXX_FEATURE:0cxx_extended_friend_declarations
    Feature record: CXX_FEATURE:0cxx_extern_templates
    Feature record: CXX_FEATURE:0cxx_final
    Feature record: CXX_FEATURE:0cxx_func_identifier
    Feature record: CXX_FEATURE:0cxx_generalized_initializers
    Feature record: CXX_FEATURE:0cxx_generic_lambdas
    Feature record: CXX_FEATURE:0cxx_inheriting_constructors
    Feature record: CXX_FEATURE:0cxx_inline_namespaces
    Feature record: CXX_FEATURE:0cxx_lambdas
    Feature record: CXX_FEATURE:0cxx_lambda_init_captures
    Feature record: CXX_FEATURE:0cxx_local_type_template_args
    Feature record: CXX_FEATURE:0cxx_long_long_type
    Feature record: CXX_FEATURE:0cxx_noexcept
    Feature record: CXX_FEATURE:0cxx_nonstatic_member_init
    Feature record: CXX_FEATURE:0cxx_nullptr
    Feature record: CXX_FEATURE:0cxx_override
    Feature record: CXX_FEATURE:0cxx_range_for
    Feature record: CXX_FEATURE:0cxx_raw_string_literals
    Feature record: CXX_FEATURE:0cxx_reference_qualified_functions
    Feature record: CXX_FEATURE:0cxx_relaxed_constexpr
    Feature record: CXX_FEATURE:0cxx_return_type_deduction
    Feature record: CXX_FEATURE:0cxx_right_angle_brackets
    Feature record: CXX_FEATURE:0cxx_rvalue_references
    Feature record: CXX_FEATURE:0cxx_sizeof_member
    Feature record: CXX_FEATURE:0cxx_static_assert
    Feature record: CXX_FEATURE:0cxx_strong_enums
    Feature record: CXX_FEATURE:1cxx_template_template_parameters
    Feature record: CXX_FEATURE:0cxx_thread_local
    Feature record: CXX_FEATURE:0cxx_trailing_return_types
    Feature record: CXX_FEATURE:0cxx_unicode_literals
    Feature record: CXX_FEATURE:0cxx_uniform_initialization
    Feature record: CXX_FEATURE:0cxx_unrestricted_unions
    Feature record: CXX_FEATURE:0cxx_user_literals
    Feature record: CXX_FEATURE:0cxx_variable_templates
    Feature record: CXX_FEATURE:0cxx_variadic_macros
    Feature record: CXX_FEATURE:0cxx_variadic_templates
Determining if the include file pthread.h exists passed with the following output:
Change Dir: /home/trex/turtle_drive/build/hector_mapping/CMakeFiles/CMakeTmp

<<<<<<< HEAD
Run Build Command:"/usr/bin/make" "cmTC_2960e/fast"
/usr/bin/make -f CMakeFiles/cmTC_2960e.dir/build.make CMakeFiles/cmTC_2960e.dir/build
make[1]: Entering directory '/home/sena/turtle_drive/build/hector_mapping/CMakeFiles/CMakeTmp'
Building C object CMakeFiles/cmTC_2960e.dir/CheckIncludeFile.c.o
/usr/bin/cc     -o CMakeFiles/cmTC_2960e.dir/CheckIncludeFile.c.o   -c /home/sena/turtle_drive/build/hector_mapping/CMakeFiles/CMakeTmp/CheckIncludeFile.c
Linking C executable cmTC_2960e
/usr/bin/cmake -E cmake_link_script CMakeFiles/cmTC_2960e.dir/link.txt --verbose=1
/usr/bin/cc       CMakeFiles/cmTC_2960e.dir/CheckIncludeFile.c.o  -o cmTC_2960e -rdynamic 
make[1]: Leaving directory '/home/sena/turtle_drive/build/hector_mapping/CMakeFiles/CMakeTmp'


Determining if the function pthread_create exists in the pthread passed with the following output:
Change Dir: /home/sena/turtle_drive/build/hector_mapping/CMakeFiles/CMakeTmp

Run Build Command:"/usr/bin/make" "cmTC_c9d2e/fast"
/usr/bin/make -f CMakeFiles/cmTC_c9d2e.dir/build.make CMakeFiles/cmTC_c9d2e.dir/build
make[1]: Entering directory '/home/sena/turtle_drive/build/hector_mapping/CMakeFiles/CMakeTmp'
Building C object CMakeFiles/cmTC_c9d2e.dir/CheckFunctionExists.c.o
/usr/bin/cc    -DCHECK_FUNCTION_EXISTS=pthread_create   -o CMakeFiles/cmTC_c9d2e.dir/CheckFunctionExists.c.o   -c /usr/share/cmake-3.5/Modules/CheckFunctionExists.c
Linking C executable cmTC_c9d2e
/usr/bin/cmake -E cmake_link_script CMakeFiles/cmTC_c9d2e.dir/link.txt --verbose=1
/usr/bin/cc   -DCHECK_FUNCTION_EXISTS=pthread_create    CMakeFiles/cmTC_c9d2e.dir/CheckFunctionExists.c.o  -o cmTC_c9d2e -rdynamic -lpthread 
make[1]: Leaving directory '/home/sena/turtle_drive/build/hector_mapping/CMakeFiles/CMakeTmp'
=======
Run Build Command:"/usr/bin/make" "cmTC_bc6b3/fast"
/usr/bin/make -f CMakeFiles/cmTC_bc6b3.dir/build.make CMakeFiles/cmTC_bc6b3.dir/build
make[1]: Entering directory '/home/trex/turtle_drive/build/hector_mapping/CMakeFiles/CMakeTmp'
Building C object CMakeFiles/cmTC_bc6b3.dir/CheckIncludeFile.c.o
/usr/bin/cc     -o CMakeFiles/cmTC_bc6b3.dir/CheckIncludeFile.c.o   -c /home/trex/turtle_drive/build/hector_mapping/CMakeFiles/CMakeTmp/CheckIncludeFile.c
Linking C executable cmTC_bc6b3
/usr/bin/cmake -E cmake_link_script CMakeFiles/cmTC_bc6b3.dir/link.txt --verbose=1
/usr/bin/cc       CMakeFiles/cmTC_bc6b3.dir/CheckIncludeFile.c.o  -o cmTC_bc6b3 -rdynamic 
make[1]: Leaving directory '/home/trex/turtle_drive/build/hector_mapping/CMakeFiles/CMakeTmp'


Determining if the function pthread_create exists in the pthread passed with the following output:
Change Dir: /home/trex/turtle_drive/build/hector_mapping/CMakeFiles/CMakeTmp

Run Build Command:"/usr/bin/make" "cmTC_dca7c/fast"
/usr/bin/make -f CMakeFiles/cmTC_dca7c.dir/build.make CMakeFiles/cmTC_dca7c.dir/build
make[1]: Entering directory '/home/trex/turtle_drive/build/hector_mapping/CMakeFiles/CMakeTmp'
Building C object CMakeFiles/cmTC_dca7c.dir/CheckFunctionExists.c.o
/usr/bin/cc    -DCHECK_FUNCTION_EXISTS=pthread_create   -o CMakeFiles/cmTC_dca7c.dir/CheckFunctionExists.c.o   -c /usr/share/cmake-3.5/Modules/CheckFunctionExists.c
Linking C executable cmTC_dca7c
/usr/bin/cmake -E cmake_link_script CMakeFiles/cmTC_dca7c.dir/link.txt --verbose=1
/usr/bin/cc   -DCHECK_FUNCTION_EXISTS=pthread_create    CMakeFiles/cmTC_dca7c.dir/CheckFunctionExists.c.o  -o cmTC_dca7c -rdynamic -lpthread 
make[1]: Leaving directory '/home/trex/turtle_drive/build/hector_mapping/CMakeFiles/CMakeTmp'
>>>>>>> e9cd62af21de1d7449f0732f6f4acbdc818f742b


