Determining if the pthread_create exist failed with the following output:
Change Dir: /home/sena/turtle_drive/build/catkin_tools_prebuild/CMakeFiles/CMakeTmp

Run Build Command:"/usr/bin/make" "cmTC_f99dc/fast"
/usr/bin/make -f CMakeFiles/cmTC_f99dc.dir/build.make CMakeFiles/cmTC_f99dc.dir/build
make[1]: Entering directory '/home/sena/turtle_drive/build/catkin_tools_prebuild/CMakeFiles/CMakeTmp'
Building C object CMakeFiles/cmTC_f99dc.dir/CheckSymbolExists.c.o
/usr/bin/cc     -o CMakeFiles/cmTC_f99dc.dir/CheckSymbolExists.c.o   -c /home/sena/turtle_drive/build/catkin_tools_prebuild/CMakeFiles/CMakeTmp/CheckSymbolExists.c
Linking C executable cmTC_f99dc
/usr/bin/cmake -E cmake_link_script CMakeFiles/cmTC_f99dc.dir/link.txt --verbose=1
/usr/bin/cc       CMakeFiles/cmTC_f99dc.dir/CheckSymbolExists.c.o  -o cmTC_f99dc -rdynamic 
CMakeFiles/cmTC_f99dc.dir/CheckSymbolExists.c.o: In function `main':
CheckSymbolExists.c:(.text+0x16): undefined reference to `pthread_create'
collect2: error: ld returned 1 exit status
CMakeFiles/cmTC_f99dc.dir/build.make:97: recipe for target 'cmTC_f99dc' failed
make[1]: *** [cmTC_f99dc] Error 1
make[1]: Leaving directory '/home/sena/turtle_drive/build/catkin_tools_prebuild/CMakeFiles/CMakeTmp'
Makefile:126: recipe for target 'cmTC_f99dc/fast' failed
make: *** [cmTC_f99dc/fast] Error 2

File /home/sena/turtle_drive/build/catkin_tools_prebuild/CMakeFiles/CMakeTmp/CheckSymbolExists.c:
/* */
#include <pthread.h>

int main(int argc, char** argv)
{
  (void)argv;
#ifndef pthread_create
  return ((int*)(&pthread_create))[argc];
#else
  (void)argc;
  return 0;
#endif
}

Determining if the function pthread_create exists in the pthreads failed with the following output:
Change Dir: /home/sena/turtle_drive/build/catkin_tools_prebuild/CMakeFiles/CMakeTmp

Run Build Command:"/usr/bin/make" "cmTC_189ff/fast"
/usr/bin/make -f CMakeFiles/cmTC_189ff.dir/build.make CMakeFiles/cmTC_189ff.dir/build
make[1]: Entering directory '/home/sena/turtle_drive/build/catkin_tools_prebuild/CMakeFiles/CMakeTmp'
Building C object CMakeFiles/cmTC_189ff.dir/CheckFunctionExists.c.o
/usr/bin/cc    -DCHECK_FUNCTION_EXISTS=pthread_create   -o CMakeFiles/cmTC_189ff.dir/CheckFunctionExists.c.o   -c /usr/share/cmake-3.5/Modules/CheckFunctionExists.c
Linking C executable cmTC_189ff
/usr/bin/cmake -E cmake_link_script CMakeFiles/cmTC_189ff.dir/link.txt --verbose=1
/usr/bin/cc   -DCHECK_FUNCTION_EXISTS=pthread_create    CMakeFiles/cmTC_189ff.dir/CheckFunctionExists.c.o  -o cmTC_189ff -rdynamic -lpthreads 
/usr/bin/ld: cannot find -lpthreads
collect2: error: ld returned 1 exit status
CMakeFiles/cmTC_189ff.dir/build.make:97: recipe for target 'cmTC_189ff' failed
make[1]: *** [cmTC_189ff] Error 1
make[1]: Leaving directory '/home/sena/turtle_drive/build/catkin_tools_prebuild/CMakeFiles/CMakeTmp'
Makefile:126: recipe for target 'cmTC_189ff/fast' failed
make: *** [cmTC_189ff/fast] Error 2


