Determining if the pthread_create exist failed with the following output:
Change Dir: /home/trex/turtle_drive/build/turtle_mapviz/CMakeFiles/CMakeTmp

Run Build Command:"/usr/bin/make" "cmTC_54cfc/fast"
/usr/bin/make -f CMakeFiles/cmTC_54cfc.dir/build.make CMakeFiles/cmTC_54cfc.dir/build
make[1]: Entering directory '/home/trex/turtle_drive/build/turtle_mapviz/CMakeFiles/CMakeTmp'
Building C object CMakeFiles/cmTC_54cfc.dir/CheckSymbolExists.c.o
/usr/bin/cc     -o CMakeFiles/cmTC_54cfc.dir/CheckSymbolExists.c.o   -c /home/trex/turtle_drive/build/turtle_mapviz/CMakeFiles/CMakeTmp/CheckSymbolExists.c
Linking C executable cmTC_54cfc
/usr/bin/cmake -E cmake_link_script CMakeFiles/cmTC_54cfc.dir/link.txt --verbose=1
/usr/bin/cc       CMakeFiles/cmTC_54cfc.dir/CheckSymbolExists.c.o  -o cmTC_54cfc -rdynamic 
CMakeFiles/cmTC_54cfc.dir/CheckSymbolExists.c.o: In function `main':
CheckSymbolExists.c:(.text+0xa): undefined reference to `pthread_create'
collect2: error: ld returned 1 exit status
CMakeFiles/cmTC_54cfc.dir/build.make:97: recipe for target 'cmTC_54cfc' failed
make[1]: *** [cmTC_54cfc] Error 1
make[1]: Leaving directory '/home/trex/turtle_drive/build/turtle_mapviz/CMakeFiles/CMakeTmp'
Makefile:126: recipe for target 'cmTC_54cfc/fast' failed
make: *** [cmTC_54cfc/fast] Error 2

File /home/trex/turtle_drive/build/turtle_mapviz/CMakeFiles/CMakeTmp/CheckSymbolExists.c:
/* */
#include <pthread.h>

int main(int argc, char** argv)
{
  (void)argv;
#ifndef pthread_create
  return ((int*)(&pthread_create))[argc];
#else
  (void)argc;
  return 0;
#endif
}

Determining if the function pthread_create exists in the pthreads failed with the following output:
Change Dir: /home/trex/turtle_drive/build/turtle_mapviz/CMakeFiles/CMakeTmp

Run Build Command:"/usr/bin/make" "cmTC_d2755/fast"
/usr/bin/make -f CMakeFiles/cmTC_d2755.dir/build.make CMakeFiles/cmTC_d2755.dir/build
make[1]: Entering directory '/home/trex/turtle_drive/build/turtle_mapviz/CMakeFiles/CMakeTmp'
Building C object CMakeFiles/cmTC_d2755.dir/CheckFunctionExists.c.o
/usr/bin/cc    -DCHECK_FUNCTION_EXISTS=pthread_create   -o CMakeFiles/cmTC_d2755.dir/CheckFunctionExists.c.o   -c /usr/share/cmake-3.5/Modules/CheckFunctionExists.c
Linking C executable cmTC_d2755
/usr/bin/cmake -E cmake_link_script CMakeFiles/cmTC_d2755.dir/link.txt --verbose=1
/usr/bin/cc   -DCHECK_FUNCTION_EXISTS=pthread_create    CMakeFiles/cmTC_d2755.dir/CheckFunctionExists.c.o  -o cmTC_d2755 -rdynamic -lpthreads 
/usr/bin/ld: cannot find -lpthreads
collect2: error: ld returned 1 exit status
CMakeFiles/cmTC_d2755.dir/build.make:97: recipe for target 'cmTC_d2755' failed
make[1]: *** [cmTC_d2755] Error 1
make[1]: Leaving directory '/home/trex/turtle_drive/build/turtle_mapviz/CMakeFiles/CMakeTmp'
Makefile:126: recipe for target 'cmTC_d2755/fast' failed
make: *** [cmTC_d2755/fast] Error 2


