Symlinking /home/sena/turtle_drive/devel/lib/pkgconfig/driver_base.pc
Symlinking /home/sena/turtle_drive/devel/lib/python2.7/dist-packages/driver_base/__init__.py
Symlinking /home/sena/turtle_drive/devel/lib/python2.7/dist-packages/driver_base/msg/__init__.py
Symlinking /home/sena/turtle_drive/devel/lib/python2.7/dist-packages/driver_base/msg/_ConfigString.py
Symlinking /home/sena/turtle_drive/devel/lib/python2.7/dist-packages/driver_base/msg/_ConfigValue.py
Symlinking /home/sena/turtle_drive/devel/lib/python2.7/dist-packages/driver_base/msg/_SensorLevels.py
Symlinking /home/sena/turtle_drive/devel/include/driver_base/SensorLevels.h
Symlinking /home/sena/turtle_drive/devel/include/driver_base/ConfigString.h
Symlinking /home/sena/turtle_drive/devel/include/driver_base/ConfigValue.h
Symlinking /home/sena/turtle_drive/devel/share/driver_base/cmake/driver_baseConfig-version.cmake
Symlinking /home/sena/turtle_drive/devel/share/driver_base/cmake/driver_baseConfig.cmake
Symlinking /home/sena/turtle_drive/devel/share/driver_base/cmake/driver_base-msg-extras.cmake
Symlinking /home/sena/turtle_drive/devel/share/driver_base/cmake/driver_base-msg-paths.cmake
Symlinking /home/sena/turtle_drive/devel/share/gennodejs/ros/driver_base/_index.js
Symlinking /home/sena/turtle_drive/devel/share/gennodejs/ros/driver_base/msg/ConfigString.js
Symlinking /home/sena/turtle_drive/devel/share/gennodejs/ros/driver_base/msg/_index.js
Symlinking /home/sena/turtle_drive/devel/share/gennodejs/ros/driver_base/msg/SensorLevels.js
Symlinking /home/sena/turtle_drive/devel/share/gennodejs/ros/driver_base/msg/ConfigValue.js
Symlinking /home/sena/turtle_drive/devel/share/roseus/ros/driver_base/manifest.l
Symlinking /home/sena/turtle_drive/devel/share/roseus/ros/driver_base/msg/ConfigString.l
Symlinking /home/sena/turtle_drive/devel/share/roseus/ros/driver_base/msg/SensorLevels.l
Symlinking /home/sena/turtle_drive/devel/share/roseus/ros/driver_base/msg/ConfigValue.l
Symlinking /home/sena/turtle_drive/devel/share/common-lisp/ros/driver_base/msg/_package.lisp
Symlinking /home/sena/turtle_drive/devel/share/common-lisp/ros/driver_base/msg/SensorLevels.lisp
Symlinking /home/sena/turtle_drive/devel/share/common-lisp/ros/driver_base/msg/_package_ConfigString.lisp
Symlinking /home/sena/turtle_drive/devel/share/common-lisp/ros/driver_base/msg/ConfigString.lisp
Symlinking /home/sena/turtle_drive/devel/share/common-lisp/ros/driver_base/msg/driver_base-msg.asd
Symlinking /home/sena/turtle_drive/devel/share/common-lisp/ros/driver_base/msg/_package_ConfigValue.lisp
Symlinking /home/sena/turtle_drive/devel/share/common-lisp/ros/driver_base/msg/_package_SensorLevels.lisp
Symlinking /home/sena/turtle_drive/devel/share/common-lisp/ros/driver_base/msg/ConfigValue.lisp
