Linked: (/home/sena/turtle_drive/devel/.private/driver_base/lib/pkgconfig/driver_base.pc, /home/sena/turtle_drive/devel/lib/pkgconfig/driver_base.pc)
Linked: (/home/sena/turtle_drive/devel/.private/driver_base/lib/python2.7/dist-packages/driver_base/__init__.py, /home/sena/turtle_drive/devel/lib/python2.7/dist-packages/driver_base/__init__.py)
Linked: (/home/sena/turtle_drive/devel/.private/driver_base/lib/python2.7/dist-packages/driver_base/msg/__init__.py, /home/sena/turtle_drive/devel/lib/python2.7/dist-packages/driver_base/msg/__init__.py)
Linked: (/home/sena/turtle_drive/devel/.private/driver_base/lib/python2.7/dist-packages/driver_base/msg/_ConfigString.py, /home/sena/turtle_drive/devel/lib/python2.7/dist-packages/driver_base/msg/_ConfigString.py)
Linked: (/home/sena/turtle_drive/devel/.private/driver_base/lib/python2.7/dist-packages/driver_base/msg/_ConfigValue.py, /home/sena/turtle_drive/devel/lib/python2.7/dist-packages/driver_base/msg/_ConfigValue.py)
Linked: (/home/sena/turtle_drive/devel/.private/driver_base/lib/python2.7/dist-packages/driver_base/msg/_SensorLevels.py, /home/sena/turtle_drive/devel/lib/python2.7/dist-packages/driver_base/msg/_SensorLevels.py)
Linked: (/home/sena/turtle_drive/devel/.private/driver_base/include/driver_base/SensorLevels.h, /home/sena/turtle_drive/devel/include/driver_base/SensorLevels.h)
Linked: (/home/sena/turtle_drive/devel/.private/driver_base/include/driver_base/ConfigString.h, /home/sena/turtle_drive/devel/include/driver_base/ConfigString.h)
Linked: (/home/sena/turtle_drive/devel/.private/driver_base/include/driver_base/ConfigValue.h, /home/sena/turtle_drive/devel/include/driver_base/ConfigValue.h)
Linked: (/home/sena/turtle_drive/devel/.private/driver_base/share/driver_base/cmake/driver_baseConfig-version.cmake, /home/sena/turtle_drive/devel/share/driver_base/cmake/driver_baseConfig-version.cmake)
Linked: (/home/sena/turtle_drive/devel/.private/driver_base/share/driver_base/cmake/driver_baseConfig.cmake, /home/sena/turtle_drive/devel/share/driver_base/cmake/driver_baseConfig.cmake)
Linked: (/home/sena/turtle_drive/devel/.private/driver_base/share/driver_base/cmake/driver_base-msg-extras.cmake, /home/sena/turtle_drive/devel/share/driver_base/cmake/driver_base-msg-extras.cmake)
Linked: (/home/sena/turtle_drive/devel/.private/driver_base/share/driver_base/cmake/driver_base-msg-paths.cmake, /home/sena/turtle_drive/devel/share/driver_base/cmake/driver_base-msg-paths.cmake)
Linked: (/home/sena/turtle_drive/devel/.private/driver_base/share/gennodejs/ros/driver_base/_index.js, /home/sena/turtle_drive/devel/share/gennodejs/ros/driver_base/_index.js)
Linked: (/home/sena/turtle_drive/devel/.private/driver_base/share/gennodejs/ros/driver_base/msg/ConfigString.js, /home/sena/turtle_drive/devel/share/gennodejs/ros/driver_base/msg/ConfigString.js)
Linked: (/home/sena/turtle_drive/devel/.private/driver_base/share/gennodejs/ros/driver_base/msg/_index.js, /home/sena/turtle_drive/devel/share/gennodejs/ros/driver_base/msg/_index.js)
Linked: (/home/sena/turtle_drive/devel/.private/driver_base/share/gennodejs/ros/driver_base/msg/SensorLevels.js, /home/sena/turtle_drive/devel/share/gennodejs/ros/driver_base/msg/SensorLevels.js)
Linked: (/home/sena/turtle_drive/devel/.private/driver_base/share/gennodejs/ros/driver_base/msg/ConfigValue.js, /home/sena/turtle_drive/devel/share/gennodejs/ros/driver_base/msg/ConfigValue.js)
Linked: (/home/sena/turtle_drive/devel/.private/driver_base/share/roseus/ros/driver_base/manifest.l, /home/sena/turtle_drive/devel/share/roseus/ros/driver_base/manifest.l)
Linked: (/home/sena/turtle_drive/devel/.private/driver_base/share/roseus/ros/driver_base/msg/ConfigString.l, /home/sena/turtle_drive/devel/share/roseus/ros/driver_base/msg/ConfigString.l)
Linked: (/home/sena/turtle_drive/devel/.private/driver_base/share/roseus/ros/driver_base/msg/SensorLevels.l, /home/sena/turtle_drive/devel/share/roseus/ros/driver_base/msg/SensorLevels.l)
Linked: (/home/sena/turtle_drive/devel/.private/driver_base/share/roseus/ros/driver_base/msg/ConfigValue.l, /home/sena/turtle_drive/devel/share/roseus/ros/driver_base/msg/ConfigValue.l)
Linked: (/home/sena/turtle_drive/devel/.private/driver_base/share/common-lisp/ros/driver_base/msg/_package.lisp, /home/sena/turtle_drive/devel/share/common-lisp/ros/driver_base/msg/_package.lisp)
Linked: (/home/sena/turtle_drive/devel/.private/driver_base/share/common-lisp/ros/driver_base/msg/SensorLevels.lisp, /home/sena/turtle_drive/devel/share/common-lisp/ros/driver_base/msg/SensorLevels.lisp)
Linked: (/home/sena/turtle_drive/devel/.private/driver_base/share/common-lisp/ros/driver_base/msg/_package_ConfigString.lisp, /home/sena/turtle_drive/devel/share/common-lisp/ros/driver_base/msg/_package_ConfigString.lisp)
Linked: (/home/sena/turtle_drive/devel/.private/driver_base/share/common-lisp/ros/driver_base/msg/ConfigString.lisp, /home/sena/turtle_drive/devel/share/common-lisp/ros/driver_base/msg/ConfigString.lisp)
Linked: (/home/sena/turtle_drive/devel/.private/driver_base/share/common-lisp/ros/driver_base/msg/driver_base-msg.asd, /home/sena/turtle_drive/devel/share/common-lisp/ros/driver_base/msg/driver_base-msg.asd)
Linked: (/home/sena/turtle_drive/devel/.private/driver_base/share/common-lisp/ros/driver_base/msg/_package_ConfigValue.lisp, /home/sena/turtle_drive/devel/share/common-lisp/ros/driver_base/msg/_package_ConfigValue.lisp)
Linked: (/home/sena/turtle_drive/devel/.private/driver_base/share/common-lisp/ros/driver_base/msg/_package_SensorLevels.lisp, /home/sena/turtle_drive/devel/share/common-lisp/ros/driver_base/msg/_package_SensorLevels.lisp)
Linked: (/home/sena/turtle_drive/devel/.private/driver_base/share/common-lisp/ros/driver_base/msg/ConfigValue.lisp, /home/sena/turtle_drive/devel/share/common-lisp/ros/driver_base/msg/ConfigValue.lisp)
