<<<<<<< HEAD
Symlinking /home/sena/turtle_drive/devel/lib/pkgconfig/driver_base.pc
Symlinking /home/sena/turtle_drive/devel/lib/python2.7/dist-packages/driver_base/__init__.py
Symlinking /home/sena/turtle_drive/devel/lib/python2.7/dist-packages/driver_base/msg/__init__.py
Symlinking /home/sena/turtle_drive/devel/lib/python2.7/dist-packages/driver_base/msg/_ConfigString.py
Symlinking /home/sena/turtle_drive/devel/lib/python2.7/dist-packages/driver_base/msg/_ConfigValue.py
Symlinking /home/sena/turtle_drive/devel/lib/python2.7/dist-packages/driver_base/msg/_SensorLevels.py
Symlinking /home/sena/turtle_drive/devel/include/driver_base/SensorLevels.h
Symlinking /home/sena/turtle_drive/devel/include/driver_base/ConfigString.h
Symlinking /home/sena/turtle_drive/devel/include/driver_base/ConfigValue.h
Symlinking /home/sena/turtle_drive/devel/share/driver_base/cmake/driver_baseConfig-version.cmake
Symlinking /home/sena/turtle_drive/devel/share/driver_base/cmake/driver_baseConfig.cmake
Symlinking /home/sena/turtle_drive/devel/share/driver_base/cmake/driver_base-msg-extras.cmake
Symlinking /home/sena/turtle_drive/devel/share/driver_base/cmake/driver_base-msg-paths.cmake
Symlinking /home/sena/turtle_drive/devel/share/gennodejs/ros/driver_base/_index.js
Symlinking /home/sena/turtle_drive/devel/share/gennodejs/ros/driver_base/msg/ConfigString.js
Symlinking /home/sena/turtle_drive/devel/share/gennodejs/ros/driver_base/msg/_index.js
Symlinking /home/sena/turtle_drive/devel/share/gennodejs/ros/driver_base/msg/SensorLevels.js
Symlinking /home/sena/turtle_drive/devel/share/gennodejs/ros/driver_base/msg/ConfigValue.js
Symlinking /home/sena/turtle_drive/devel/share/roseus/ros/driver_base/manifest.l
Symlinking /home/sena/turtle_drive/devel/share/roseus/ros/driver_base/msg/ConfigString.l
Symlinking /home/sena/turtle_drive/devel/share/roseus/ros/driver_base/msg/SensorLevels.l
Symlinking /home/sena/turtle_drive/devel/share/roseus/ros/driver_base/msg/ConfigValue.l
Symlinking /home/sena/turtle_drive/devel/share/common-lisp/ros/driver_base/msg/_package.lisp
Symlinking /home/sena/turtle_drive/devel/share/common-lisp/ros/driver_base/msg/SensorLevels.lisp
Symlinking /home/sena/turtle_drive/devel/share/common-lisp/ros/driver_base/msg/_package_ConfigString.lisp
Symlinking /home/sena/turtle_drive/devel/share/common-lisp/ros/driver_base/msg/ConfigString.lisp
Symlinking /home/sena/turtle_drive/devel/share/common-lisp/ros/driver_base/msg/driver_base-msg.asd
Symlinking /home/sena/turtle_drive/devel/share/common-lisp/ros/driver_base/msg/_package_ConfigValue.lisp
Symlinking /home/sena/turtle_drive/devel/share/common-lisp/ros/driver_base/msg/_package_SensorLevels.lisp
Symlinking /home/sena/turtle_drive/devel/share/common-lisp/ros/driver_base/msg/ConfigValue.lisp
=======
Symlinking /home/trex/turtle_drive/devel/include/driver_base/ConfigString.h
Symlinking /home/trex/turtle_drive/devel/include/driver_base/SensorLevels.h
Symlinking /home/trex/turtle_drive/devel/include/driver_base/ConfigValue.h
Symlinking /home/trex/turtle_drive/devel/share/driver_base/cmake/driver_base-msg-paths.cmake
Symlinking /home/trex/turtle_drive/devel/share/driver_base/cmake/driver_baseConfig-version.cmake
Symlinking /home/trex/turtle_drive/devel/share/driver_base/cmake/driver_base-msg-extras.cmake
Symlinking /home/trex/turtle_drive/devel/share/driver_base/cmake/driver_baseConfig.cmake
Symlinking /home/trex/turtle_drive/devel/share/gennodejs/ros/driver_base/_index.js
Symlinking /home/trex/turtle_drive/devel/share/gennodejs/ros/driver_base/msg/SensorLevels.js
Symlinking /home/trex/turtle_drive/devel/share/gennodejs/ros/driver_base/msg/ConfigString.js
Symlinking /home/trex/turtle_drive/devel/share/gennodejs/ros/driver_base/msg/_index.js
Symlinking /home/trex/turtle_drive/devel/share/gennodejs/ros/driver_base/msg/ConfigValue.js
Symlinking /home/trex/turtle_drive/devel/share/roseus/ros/driver_base/manifest.l
Symlinking /home/trex/turtle_drive/devel/share/roseus/ros/driver_base/msg/SensorLevels.l
Symlinking /home/trex/turtle_drive/devel/share/roseus/ros/driver_base/msg/ConfigValue.l
Symlinking /home/trex/turtle_drive/devel/share/roseus/ros/driver_base/msg/ConfigString.l
Symlinking /home/trex/turtle_drive/devel/share/common-lisp/ros/driver_base/msg/_package_SensorLevels.lisp
Symlinking /home/trex/turtle_drive/devel/share/common-lisp/ros/driver_base/msg/ConfigValue.lisp
Symlinking /home/trex/turtle_drive/devel/share/common-lisp/ros/driver_base/msg/_package_ConfigValue.lisp
Symlinking /home/trex/turtle_drive/devel/share/common-lisp/ros/driver_base/msg/_package.lisp
Symlinking /home/trex/turtle_drive/devel/share/common-lisp/ros/driver_base/msg/driver_base-msg.asd
Symlinking /home/trex/turtle_drive/devel/share/common-lisp/ros/driver_base/msg/_package_ConfigString.lisp
Symlinking /home/trex/turtle_drive/devel/share/common-lisp/ros/driver_base/msg/SensorLevels.lisp
Symlinking /home/trex/turtle_drive/devel/share/common-lisp/ros/driver_base/msg/ConfigString.lisp
Symlinking /home/trex/turtle_drive/devel/lib/pkgconfig/driver_base.pc
Symlinking /home/trex/turtle_drive/devel/lib/python2.7/dist-packages/driver_base/__init__.py
Symlinking /home/trex/turtle_drive/devel/lib/python2.7/dist-packages/driver_base/msg/_ConfigValue.py
Symlinking /home/trex/turtle_drive/devel/lib/python2.7/dist-packages/driver_base/msg/_ConfigString.py
Symlinking /home/trex/turtle_drive/devel/lib/python2.7/dist-packages/driver_base/msg/__init__.py
Symlinking /home/trex/turtle_drive/devel/lib/python2.7/dist-packages/driver_base/msg/_SensorLevels.py
Cleaning: (/home/sena/turtle_drive/devel/.private/driver_base/lib/pkgconfig/driver_base.pc, /home/sena/turtle_drive/devel/lib/pkgconfig/driver_base.pc)
Cleaning: (/home/sena/turtle_drive/devel/.private/driver_base/lib/python2.7/dist-packages/driver_base/__init__.py, /home/sena/turtle_drive/devel/lib/python2.7/dist-packages/driver_base/__init__.py)
Cleaning: (/home/sena/turtle_drive/devel/.private/driver_base/lib/python2.7/dist-packages/driver_base/msg/__init__.py, /home/sena/turtle_drive/devel/lib/python2.7/dist-packages/driver_base/msg/__init__.py)
Cleaning: (/home/sena/turtle_drive/devel/.private/driver_base/lib/python2.7/dist-packages/driver_base/msg/_ConfigString.py, /home/sena/turtle_drive/devel/lib/python2.7/dist-packages/driver_base/msg/_ConfigString.py)
Cleaning: (/home/sena/turtle_drive/devel/.private/driver_base/lib/python2.7/dist-packages/driver_base/msg/_ConfigValue.py, /home/sena/turtle_drive/devel/lib/python2.7/dist-packages/driver_base/msg/_ConfigValue.py)
Cleaning: (/home/sena/turtle_drive/devel/.private/driver_base/lib/python2.7/dist-packages/driver_base/msg/_SensorLevels.py, /home/sena/turtle_drive/devel/lib/python2.7/dist-packages/driver_base/msg/_SensorLevels.py)
Cleaning: (/home/sena/turtle_drive/devel/.private/driver_base/include/driver_base/SensorLevels.h, /home/sena/turtle_drive/devel/include/driver_base/SensorLevels.h)
Cleaning: (/home/sena/turtle_drive/devel/.private/driver_base/include/driver_base/ConfigString.h, /home/sena/turtle_drive/devel/include/driver_base/ConfigString.h)
Cleaning: (/home/sena/turtle_drive/devel/.private/driver_base/include/driver_base/ConfigValue.h, /home/sena/turtle_drive/devel/include/driver_base/ConfigValue.h)
Cleaning: (/home/sena/turtle_drive/devel/.private/driver_base/share/driver_base/cmake/driver_baseConfig-version.cmake, /home/sena/turtle_drive/devel/share/driver_base/cmake/driver_baseConfig-version.cmake)
Cleaning: (/home/sena/turtle_drive/devel/.private/driver_base/share/driver_base/cmake/driver_baseConfig.cmake, /home/sena/turtle_drive/devel/share/driver_base/cmake/driver_baseConfig.cmake)
Cleaning: (/home/sena/turtle_drive/devel/.private/driver_base/share/driver_base/cmake/driver_base-msg-extras.cmake, /home/sena/turtle_drive/devel/share/driver_base/cmake/driver_base-msg-extras.cmake)
Cleaning: (/home/sena/turtle_drive/devel/.private/driver_base/share/driver_base/cmake/driver_base-msg-paths.cmake, /home/sena/turtle_drive/devel/share/driver_base/cmake/driver_base-msg-paths.cmake)
Cleaning: (/home/sena/turtle_drive/devel/.private/driver_base/share/gennodejs/ros/driver_base/_index.js, /home/sena/turtle_drive/devel/share/gennodejs/ros/driver_base/_index.js)
Cleaning: (/home/sena/turtle_drive/devel/.private/driver_base/share/gennodejs/ros/driver_base/msg/ConfigString.js, /home/sena/turtle_drive/devel/share/gennodejs/ros/driver_base/msg/ConfigString.js)
Cleaning: (/home/sena/turtle_drive/devel/.private/driver_base/share/gennodejs/ros/driver_base/msg/_index.js, /home/sena/turtle_drive/devel/share/gennodejs/ros/driver_base/msg/_index.js)
Cleaning: (/home/sena/turtle_drive/devel/.private/driver_base/share/gennodejs/ros/driver_base/msg/SensorLevels.js, /home/sena/turtle_drive/devel/share/gennodejs/ros/driver_base/msg/SensorLevels.js)
Cleaning: (/home/sena/turtle_drive/devel/.private/driver_base/share/gennodejs/ros/driver_base/msg/ConfigValue.js, /home/sena/turtle_drive/devel/share/gennodejs/ros/driver_base/msg/ConfigValue.js)
Cleaning: (/home/sena/turtle_drive/devel/.private/driver_base/share/roseus/ros/driver_base/manifest.l, /home/sena/turtle_drive/devel/share/roseus/ros/driver_base/manifest.l)
Cleaning: (/home/sena/turtle_drive/devel/.private/driver_base/share/roseus/ros/driver_base/msg/ConfigString.l, /home/sena/turtle_drive/devel/share/roseus/ros/driver_base/msg/ConfigString.l)
Cleaning: (/home/sena/turtle_drive/devel/.private/driver_base/share/roseus/ros/driver_base/msg/SensorLevels.l, /home/sena/turtle_drive/devel/share/roseus/ros/driver_base/msg/SensorLevels.l)
Cleaning: (/home/sena/turtle_drive/devel/.private/driver_base/share/roseus/ros/driver_base/msg/ConfigValue.l, /home/sena/turtle_drive/devel/share/roseus/ros/driver_base/msg/ConfigValue.l)
Cleaning: (/home/sena/turtle_drive/devel/.private/driver_base/share/common-lisp/ros/driver_base/msg/_package.lisp, /home/sena/turtle_drive/devel/share/common-lisp/ros/driver_base/msg/_package.lisp)
Cleaning: (/home/sena/turtle_drive/devel/.private/driver_base/share/common-lisp/ros/driver_base/msg/SensorLevels.lisp, /home/sena/turtle_drive/devel/share/common-lisp/ros/driver_base/msg/SensorLevels.lisp)
Cleaning: (/home/sena/turtle_drive/devel/.private/driver_base/share/common-lisp/ros/driver_base/msg/_package_ConfigString.lisp, /home/sena/turtle_drive/devel/share/common-lisp/ros/driver_base/msg/_package_ConfigString.lisp)
Cleaning: (/home/sena/turtle_drive/devel/.private/driver_base/share/common-lisp/ros/driver_base/msg/ConfigString.lisp, /home/sena/turtle_drive/devel/share/common-lisp/ros/driver_base/msg/ConfigString.lisp)
Cleaning: (/home/sena/turtle_drive/devel/.private/driver_base/share/common-lisp/ros/driver_base/msg/driver_base-msg.asd, /home/sena/turtle_drive/devel/share/common-lisp/ros/driver_base/msg/driver_base-msg.asd)
Cleaning: (/home/sena/turtle_drive/devel/.private/driver_base/share/common-lisp/ros/driver_base/msg/_package_ConfigValue.lisp, /home/sena/turtle_drive/devel/share/common-lisp/ros/driver_base/msg/_package_ConfigValue.lisp)
Cleaning: (/home/sena/turtle_drive/devel/.private/driver_base/share/common-lisp/ros/driver_base/msg/_package_SensorLevels.lisp, /home/sena/turtle_drive/devel/share/common-lisp/ros/driver_base/msg/_package_SensorLevels.lisp)
Cleaning: (/home/sena/turtle_drive/devel/.private/driver_base/share/common-lisp/ros/driver_base/msg/ConfigValue.lisp, /home/sena/turtle_drive/devel/share/common-lisp/ros/driver_base/msg/ConfigValue.lisp)
Unlinking: /home/sena/turtle_drive/devel/lib/pkgconfig/driver_base.pc
Already unlinked: {}
Unlinking: /home/sena/turtle_drive/devel/lib/python2.7/dist-packages/driver_base/__init__.py
Already unlinked: {}
Unlinking: /home/sena/turtle_drive/devel/lib/python2.7/dist-packages/driver_base/msg/__init__.py
Already unlinked: {}
Unlinking: /home/sena/turtle_drive/devel/lib/python2.7/dist-packages/driver_base/msg/_ConfigString.py
Already unlinked: {}
Unlinking: /home/sena/turtle_drive/devel/lib/python2.7/dist-packages/driver_base/msg/_ConfigValue.py
Already unlinked: {}
Unlinking: /home/sena/turtle_drive/devel/lib/python2.7/dist-packages/driver_base/msg/_SensorLevels.py
Already unlinked: {}
Unlinking: /home/sena/turtle_drive/devel/include/driver_base/SensorLevels.h
Already unlinked: {}
Unlinking: /home/sena/turtle_drive/devel/include/driver_base/ConfigString.h
Already unlinked: {}
Unlinking: /home/sena/turtle_drive/devel/include/driver_base/ConfigValue.h
Already unlinked: {}
Unlinking: /home/sena/turtle_drive/devel/share/driver_base/cmake/driver_baseConfig-version.cmake
Already unlinked: {}
Unlinking: /home/sena/turtle_drive/devel/share/driver_base/cmake/driver_baseConfig.cmake
Already unlinked: {}
Unlinking: /home/sena/turtle_drive/devel/share/driver_base/cmake/driver_base-msg-extras.cmake
Already unlinked: {}
Unlinking: /home/sena/turtle_drive/devel/share/driver_base/cmake/driver_base-msg-paths.cmake
Already unlinked: {}
Unlinking: /home/sena/turtle_drive/devel/share/gennodejs/ros/driver_base/_index.js
Already unlinked: {}
Unlinking: /home/sena/turtle_drive/devel/share/gennodejs/ros/driver_base/msg/ConfigString.js
Already unlinked: {}
Unlinking: /home/sena/turtle_drive/devel/share/gennodejs/ros/driver_base/msg/_index.js
Already unlinked: {}
Unlinking: /home/sena/turtle_drive/devel/share/gennodejs/ros/driver_base/msg/SensorLevels.js
Already unlinked: {}
Unlinking: /home/sena/turtle_drive/devel/share/gennodejs/ros/driver_base/msg/ConfigValue.js
Already unlinked: {}
Unlinking: /home/sena/turtle_drive/devel/share/roseus/ros/driver_base/manifest.l
Already unlinked: {}
Unlinking: /home/sena/turtle_drive/devel/share/roseus/ros/driver_base/msg/ConfigString.l
Already unlinked: {}
Unlinking: /home/sena/turtle_drive/devel/share/roseus/ros/driver_base/msg/SensorLevels.l
Already unlinked: {}
Unlinking: /home/sena/turtle_drive/devel/share/roseus/ros/driver_base/msg/ConfigValue.l
Already unlinked: {}
Unlinking: /home/sena/turtle_drive/devel/share/common-lisp/ros/driver_base/msg/_package.lisp
Already unlinked: {}
Unlinking: /home/sena/turtle_drive/devel/share/common-lisp/ros/driver_base/msg/SensorLevels.lisp
Already unlinked: {}
Unlinking: /home/sena/turtle_drive/devel/share/common-lisp/ros/driver_base/msg/_package_ConfigString.lisp
Already unlinked: {}
Unlinking: /home/sena/turtle_drive/devel/share/common-lisp/ros/driver_base/msg/ConfigString.lisp
Already unlinked: {}
Unlinking: /home/sena/turtle_drive/devel/share/common-lisp/ros/driver_base/msg/driver_base-msg.asd
Already unlinked: {}
Unlinking: /home/sena/turtle_drive/devel/share/common-lisp/ros/driver_base/msg/_package_ConfigValue.lisp
Already unlinked: {}
Unlinking: /home/sena/turtle_drive/devel/share/common-lisp/ros/driver_base/msg/_package_SensorLevels.lisp
Already unlinked: {}
Unlinking: /home/sena/turtle_drive/devel/share/common-lisp/ros/driver_base/msg/ConfigValue.lisp
Already unlinked: {}
>>>>>>> e9cd62af21de1d7449f0732f6f4acbdc818f742b
