Determining if the pthread_create exist failed with the following output:
Change Dir: /home/nishanth/TurtleStuff/turtle_drive/build_isolated/hector_map_server/CMakeFiles/CMakeTmp

Run Build Command:"/usr/bin/make" "cmTC_5bd42/fast"
/usr/bin/make -f CMakeFiles/cmTC_5bd42.dir/build.make CMakeFiles/cmTC_5bd42.dir/build
make[1]: Entering directory '/home/nishanth/TurtleStuff/turtle_drive/build_isolated/hector_map_server/CMakeFiles/CMakeTmp'
Building C object CMakeFiles/cmTC_5bd42.dir/CheckSymbolExists.c.o
/usr/bin/cc     -o CMakeFiles/cmTC_5bd42.dir/CheckSymbolExists.c.o   -c /home/nishanth/TurtleStuff/turtle_drive/build_isolated/hector_map_server/CMakeFiles/CMakeTmp/CheckSymbolExists.c
Linking C executable cmTC_5bd42
/usr/bin/cmake -E cmake_link_script CMakeFiles/cmTC_5bd42.dir/link.txt --verbose=1
/usr/bin/cc       CMakeFiles/cmTC_5bd42.dir/CheckSymbolExists.c.o  -o cmTC_5bd42 -rdynamic 
CMakeFiles/cmTC_5bd42.dir/CheckSymbolExists.c.o: In function `main':
CheckSymbolExists.c:(.text+0x16): undefined reference to `pthread_create'
collect2: error: ld returned 1 exit status
CMakeFiles/cmTC_5bd42.dir/build.make:97: recipe for target 'cmTC_5bd42' failed
make[1]: *** [cmTC_5bd42] Error 1
make[1]: Leaving directory '/home/nishanth/TurtleStuff/turtle_drive/build_isolated/hector_map_server/CMakeFiles/CMakeTmp'
Makefile:126: recipe for target 'cmTC_5bd42/fast' failed
make: *** [cmTC_5bd42/fast] Error 2

File /home/nishanth/TurtleStuff/turtle_drive/build_isolated/hector_map_server/CMakeFiles/CMakeTmp/CheckSymbolExists.c:
/* */
#include <pthread.h>

int main(int argc, char** argv)
{
  (void)argv;
#ifndef pthread_create
  return ((int*)(&pthread_create))[argc];
#else
  (void)argc;
  return 0;
#endif
}

Determining if the function pthread_create exists in the pthreads failed with the following output:
Change Dir: /home/nishanth/TurtleStuff/turtle_drive/build_isolated/hector_map_server/CMakeFiles/CMakeTmp

Run Build Command:"/usr/bin/make" "cmTC_b9c8e/fast"
/usr/bin/make -f CMakeFiles/cmTC_b9c8e.dir/build.make CMakeFiles/cmTC_b9c8e.dir/build
make[1]: Entering directory '/home/nishanth/TurtleStuff/turtle_drive/build_isolated/hector_map_server/CMakeFiles/CMakeTmp'
Building C object CMakeFiles/cmTC_b9c8e.dir/CheckFunctionExists.c.o
/usr/bin/cc    -DCHECK_FUNCTION_EXISTS=pthread_create   -o CMakeFiles/cmTC_b9c8e.dir/CheckFunctionExists.c.o   -c /usr/share/cmake-3.5/Modules/CheckFunctionExists.c
Linking C executable cmTC_b9c8e
/usr/bin/cmake -E cmake_link_script CMakeFiles/cmTC_b9c8e.dir/link.txt --verbose=1
/usr/bin/cc   -DCHECK_FUNCTION_EXISTS=pthread_create    CMakeFiles/cmTC_b9c8e.dir/CheckFunctionExists.c.o  -o cmTC_b9c8e -rdynamic -lpthreads 
/usr/bin/ld: cannot find -lpthreads
collect2: error: ld returned 1 exit status
CMakeFiles/cmTC_b9c8e.dir/build.make:97: recipe for target 'cmTC_b9c8e' failed
make[1]: *** [cmTC_b9c8e] Error 1
make[1]: Leaving directory '/home/nishanth/TurtleStuff/turtle_drive/build_isolated/hector_map_server/CMakeFiles/CMakeTmp'
Makefile:126: recipe for target 'cmTC_b9c8e/fast' failed
make: *** [cmTC_b9c8e/fast] Error 2


