<<<<<<< HEAD
Symlinking /home/sena/turtle_drive/devel/lib/pkgconfig/roboteq_msgs.pc
Symlinking /home/sena/turtle_drive/devel/lib/python2.7/dist-packages/roboteq_msgs/__init__.py
Symlinking /home/sena/turtle_drive/devel/lib/python2.7/dist-packages/roboteq_msgs/msg/__init__.py
Symlinking /home/sena/turtle_drive/devel/lib/python2.7/dist-packages/roboteq_msgs/msg/_Status.py
Symlinking /home/sena/turtle_drive/devel/lib/python2.7/dist-packages/roboteq_msgs/msg/_Command.py
Symlinking /home/sena/turtle_drive/devel/lib/python2.7/dist-packages/roboteq_msgs/msg/_Feedback.py
Symlinking /home/sena/turtle_drive/devel/include/roboteq_msgs/Command.h
Symlinking /home/sena/turtle_drive/devel/include/roboteq_msgs/Feedback.h
Symlinking /home/sena/turtle_drive/devel/include/roboteq_msgs/Status.h
Symlinking /home/sena/turtle_drive/devel/share/roboteq_msgs/cmake/roboteq_msgs-msg-extras.cmake
Symlinking /home/sena/turtle_drive/devel/share/roboteq_msgs/cmake/roboteq_msgsConfig-version.cmake
Symlinking /home/sena/turtle_drive/devel/share/roboteq_msgs/cmake/roboteq_msgsConfig.cmake
Symlinking /home/sena/turtle_drive/devel/share/roboteq_msgs/cmake/roboteq_msgs-msg-paths.cmake
Symlinking /home/sena/turtle_drive/devel/share/gennodejs/ros/roboteq_msgs/_index.js
Symlinking /home/sena/turtle_drive/devel/share/gennodejs/ros/roboteq_msgs/msg/_index.js
Symlinking /home/sena/turtle_drive/devel/share/gennodejs/ros/roboteq_msgs/msg/Status.js
Symlinking /home/sena/turtle_drive/devel/share/gennodejs/ros/roboteq_msgs/msg/Feedback.js
Symlinking /home/sena/turtle_drive/devel/share/gennodejs/ros/roboteq_msgs/msg/Command.js
Symlinking /home/sena/turtle_drive/devel/share/roseus/ros/roboteq_msgs/manifest.l
Symlinking /home/sena/turtle_drive/devel/share/roseus/ros/roboteq_msgs/msg/Feedback.l
Symlinking /home/sena/turtle_drive/devel/share/roseus/ros/roboteq_msgs/msg/Command.l
Symlinking /home/sena/turtle_drive/devel/share/roseus/ros/roboteq_msgs/msg/Status.l
Symlinking /home/sena/turtle_drive/devel/share/common-lisp/ros/roboteq_msgs/msg/Status.lisp
Symlinking /home/sena/turtle_drive/devel/share/common-lisp/ros/roboteq_msgs/msg/_package_Feedback.lisp
Symlinking /home/sena/turtle_drive/devel/share/common-lisp/ros/roboteq_msgs/msg/_package.lisp
Symlinking /home/sena/turtle_drive/devel/share/common-lisp/ros/roboteq_msgs/msg/_package_Command.lisp
Symlinking /home/sena/turtle_drive/devel/share/common-lisp/ros/roboteq_msgs/msg/Feedback.lisp
Symlinking /home/sena/turtle_drive/devel/share/common-lisp/ros/roboteq_msgs/msg/_package_Status.lisp
Symlinking /home/sena/turtle_drive/devel/share/common-lisp/ros/roboteq_msgs/msg/roboteq_msgs-msg.asd
Symlinking /home/sena/turtle_drive/devel/share/common-lisp/ros/roboteq_msgs/msg/Command.lisp
=======
Symlinking /home/trex/turtle_drive/devel/include/roboteq_msgs/Command.h
Symlinking /home/trex/turtle_drive/devel/include/roboteq_msgs/Status.h
Symlinking /home/trex/turtle_drive/devel/include/roboteq_msgs/Feedback.h
Symlinking /home/trex/turtle_drive/devel/share/roboteq_msgs/cmake/roboteq_msgs-msg-extras.cmake
Symlinking /home/trex/turtle_drive/devel/share/roboteq_msgs/cmake/roboteq_msgs-msg-paths.cmake
Symlinking /home/trex/turtle_drive/devel/share/roboteq_msgs/cmake/roboteq_msgsConfig-version.cmake
Symlinking /home/trex/turtle_drive/devel/share/roboteq_msgs/cmake/roboteq_msgsConfig.cmake
Symlinking /home/trex/turtle_drive/devel/share/gennodejs/ros/roboteq_msgs/_index.js
Symlinking /home/trex/turtle_drive/devel/share/gennodejs/ros/roboteq_msgs/msg/Command.js
Symlinking /home/trex/turtle_drive/devel/share/gennodejs/ros/roboteq_msgs/msg/Feedback.js
Symlinking /home/trex/turtle_drive/devel/share/gennodejs/ros/roboteq_msgs/msg/_index.js
Symlinking /home/trex/turtle_drive/devel/share/gennodejs/ros/roboteq_msgs/msg/Status.js
Symlinking /home/trex/turtle_drive/devel/share/roseus/ros/roboteq_msgs/manifest.l
Symlinking /home/trex/turtle_drive/devel/share/roseus/ros/roboteq_msgs/msg/Status.l
Symlinking /home/trex/turtle_drive/devel/share/roseus/ros/roboteq_msgs/msg/Feedback.l
Symlinking /home/trex/turtle_drive/devel/share/roseus/ros/roboteq_msgs/msg/Command.l
Symlinking /home/trex/turtle_drive/devel/share/common-lisp/ros/roboteq_msgs/msg/_package_Feedback.lisp
Symlinking /home/trex/turtle_drive/devel/share/common-lisp/ros/roboteq_msgs/msg/_package_Status.lisp
Symlinking /home/trex/turtle_drive/devel/share/common-lisp/ros/roboteq_msgs/msg/_package_Command.lisp
Symlinking /home/trex/turtle_drive/devel/share/common-lisp/ros/roboteq_msgs/msg/roboteq_msgs-msg.asd
Symlinking /home/trex/turtle_drive/devel/share/common-lisp/ros/roboteq_msgs/msg/_package.lisp
Symlinking /home/trex/turtle_drive/devel/share/common-lisp/ros/roboteq_msgs/msg/Command.lisp
Symlinking /home/trex/turtle_drive/devel/share/common-lisp/ros/roboteq_msgs/msg/Feedback.lisp
Symlinking /home/trex/turtle_drive/devel/share/common-lisp/ros/roboteq_msgs/msg/Status.lisp
Symlinking /home/trex/turtle_drive/devel/lib/pkgconfig/roboteq_msgs.pc
Symlinking /home/trex/turtle_drive/devel/lib/python2.7/dist-packages/roboteq_msgs/__init__.py
Symlinking /home/trex/turtle_drive/devel/lib/python2.7/dist-packages/roboteq_msgs/msg/_Status.py
Symlinking /home/trex/turtle_drive/devel/lib/python2.7/dist-packages/roboteq_msgs/msg/_Feedback.py
Symlinking /home/trex/turtle_drive/devel/lib/python2.7/dist-packages/roboteq_msgs/msg/__init__.py
Symlinking /home/trex/turtle_drive/devel/lib/python2.7/dist-packages/roboteq_msgs/msg/_Command.py
Cleaning: (/home/sena/turtle_drive/devel/.private/roboteq_msgs/lib/pkgconfig/roboteq_msgs.pc, /home/sena/turtle_drive/devel/lib/pkgconfig/roboteq_msgs.pc)
Cleaning: (/home/sena/turtle_drive/devel/.private/roboteq_msgs/lib/python2.7/dist-packages/roboteq_msgs/__init__.py, /home/sena/turtle_drive/devel/lib/python2.7/dist-packages/roboteq_msgs/__init__.py)
Cleaning: (/home/sena/turtle_drive/devel/.private/roboteq_msgs/lib/python2.7/dist-packages/roboteq_msgs/msg/__init__.py, /home/sena/turtle_drive/devel/lib/python2.7/dist-packages/roboteq_msgs/msg/__init__.py)
Cleaning: (/home/sena/turtle_drive/devel/.private/roboteq_msgs/lib/python2.7/dist-packages/roboteq_msgs/msg/_Status.py, /home/sena/turtle_drive/devel/lib/python2.7/dist-packages/roboteq_msgs/msg/_Status.py)
Cleaning: (/home/sena/turtle_drive/devel/.private/roboteq_msgs/lib/python2.7/dist-packages/roboteq_msgs/msg/_Command.py, /home/sena/turtle_drive/devel/lib/python2.7/dist-packages/roboteq_msgs/msg/_Command.py)
Cleaning: (/home/sena/turtle_drive/devel/.private/roboteq_msgs/lib/python2.7/dist-packages/roboteq_msgs/msg/_Feedback.py, /home/sena/turtle_drive/devel/lib/python2.7/dist-packages/roboteq_msgs/msg/_Feedback.py)
Cleaning: (/home/sena/turtle_drive/devel/.private/roboteq_msgs/include/roboteq_msgs/Command.h, /home/sena/turtle_drive/devel/include/roboteq_msgs/Command.h)
Cleaning: (/home/sena/turtle_drive/devel/.private/roboteq_msgs/include/roboteq_msgs/Feedback.h, /home/sena/turtle_drive/devel/include/roboteq_msgs/Feedback.h)
Cleaning: (/home/sena/turtle_drive/devel/.private/roboteq_msgs/include/roboteq_msgs/Status.h, /home/sena/turtle_drive/devel/include/roboteq_msgs/Status.h)
Cleaning: (/home/sena/turtle_drive/devel/.private/roboteq_msgs/share/roboteq_msgs/cmake/roboteq_msgs-msg-extras.cmake, /home/sena/turtle_drive/devel/share/roboteq_msgs/cmake/roboteq_msgs-msg-extras.cmake)
Cleaning: (/home/sena/turtle_drive/devel/.private/roboteq_msgs/share/roboteq_msgs/cmake/roboteq_msgsConfig-version.cmake, /home/sena/turtle_drive/devel/share/roboteq_msgs/cmake/roboteq_msgsConfig-version.cmake)
Cleaning: (/home/sena/turtle_drive/devel/.private/roboteq_msgs/share/roboteq_msgs/cmake/roboteq_msgsConfig.cmake, /home/sena/turtle_drive/devel/share/roboteq_msgs/cmake/roboteq_msgsConfig.cmake)
Cleaning: (/home/sena/turtle_drive/devel/.private/roboteq_msgs/share/roboteq_msgs/cmake/roboteq_msgs-msg-paths.cmake, /home/sena/turtle_drive/devel/share/roboteq_msgs/cmake/roboteq_msgs-msg-paths.cmake)
Cleaning: (/home/sena/turtle_drive/devel/.private/roboteq_msgs/share/gennodejs/ros/roboteq_msgs/_index.js, /home/sena/turtle_drive/devel/share/gennodejs/ros/roboteq_msgs/_index.js)
Cleaning: (/home/sena/turtle_drive/devel/.private/roboteq_msgs/share/gennodejs/ros/roboteq_msgs/msg/_index.js, /home/sena/turtle_drive/devel/share/gennodejs/ros/roboteq_msgs/msg/_index.js)
Cleaning: (/home/sena/turtle_drive/devel/.private/roboteq_msgs/share/gennodejs/ros/roboteq_msgs/msg/Status.js, /home/sena/turtle_drive/devel/share/gennodejs/ros/roboteq_msgs/msg/Status.js)
Cleaning: (/home/sena/turtle_drive/devel/.private/roboteq_msgs/share/gennodejs/ros/roboteq_msgs/msg/Feedback.js, /home/sena/turtle_drive/devel/share/gennodejs/ros/roboteq_msgs/msg/Feedback.js)
Cleaning: (/home/sena/turtle_drive/devel/.private/roboteq_msgs/share/gennodejs/ros/roboteq_msgs/msg/Command.js, /home/sena/turtle_drive/devel/share/gennodejs/ros/roboteq_msgs/msg/Command.js)
Cleaning: (/home/sena/turtle_drive/devel/.private/roboteq_msgs/share/roseus/ros/roboteq_msgs/manifest.l, /home/sena/turtle_drive/devel/share/roseus/ros/roboteq_msgs/manifest.l)
Cleaning: (/home/sena/turtle_drive/devel/.private/roboteq_msgs/share/roseus/ros/roboteq_msgs/msg/Feedback.l, /home/sena/turtle_drive/devel/share/roseus/ros/roboteq_msgs/msg/Feedback.l)
Cleaning: (/home/sena/turtle_drive/devel/.private/roboteq_msgs/share/roseus/ros/roboteq_msgs/msg/Command.l, /home/sena/turtle_drive/devel/share/roseus/ros/roboteq_msgs/msg/Command.l)
Cleaning: (/home/sena/turtle_drive/devel/.private/roboteq_msgs/share/roseus/ros/roboteq_msgs/msg/Status.l, /home/sena/turtle_drive/devel/share/roseus/ros/roboteq_msgs/msg/Status.l)
Cleaning: (/home/sena/turtle_drive/devel/.private/roboteq_msgs/share/common-lisp/ros/roboteq_msgs/msg/Status.lisp, /home/sena/turtle_drive/devel/share/common-lisp/ros/roboteq_msgs/msg/Status.lisp)
Cleaning: (/home/sena/turtle_drive/devel/.private/roboteq_msgs/share/common-lisp/ros/roboteq_msgs/msg/_package_Feedback.lisp, /home/sena/turtle_drive/devel/share/common-lisp/ros/roboteq_msgs/msg/_package_Feedback.lisp)
Cleaning: (/home/sena/turtle_drive/devel/.private/roboteq_msgs/share/common-lisp/ros/roboteq_msgs/msg/_package.lisp, /home/sena/turtle_drive/devel/share/common-lisp/ros/roboteq_msgs/msg/_package.lisp)
Cleaning: (/home/sena/turtle_drive/devel/.private/roboteq_msgs/share/common-lisp/ros/roboteq_msgs/msg/_package_Command.lisp, /home/sena/turtle_drive/devel/share/common-lisp/ros/roboteq_msgs/msg/_package_Command.lisp)
Cleaning: (/home/sena/turtle_drive/devel/.private/roboteq_msgs/share/common-lisp/ros/roboteq_msgs/msg/Feedback.lisp, /home/sena/turtle_drive/devel/share/common-lisp/ros/roboteq_msgs/msg/Feedback.lisp)
Cleaning: (/home/sena/turtle_drive/devel/.private/roboteq_msgs/share/common-lisp/ros/roboteq_msgs/msg/_package_Status.lisp, /home/sena/turtle_drive/devel/share/common-lisp/ros/roboteq_msgs/msg/_package_Status.lisp)
Cleaning: (/home/sena/turtle_drive/devel/.private/roboteq_msgs/share/common-lisp/ros/roboteq_msgs/msg/roboteq_msgs-msg.asd, /home/sena/turtle_drive/devel/share/common-lisp/ros/roboteq_msgs/msg/roboteq_msgs-msg.asd)
Cleaning: (/home/sena/turtle_drive/devel/.private/roboteq_msgs/share/common-lisp/ros/roboteq_msgs/msg/Command.lisp, /home/sena/turtle_drive/devel/share/common-lisp/ros/roboteq_msgs/msg/Command.lisp)
Unlinking: /home/sena/turtle_drive/devel/lib/pkgconfig/roboteq_msgs.pc
Already unlinked: {}
Unlinking: /home/sena/turtle_drive/devel/lib/python2.7/dist-packages/roboteq_msgs/__init__.py
Already unlinked: {}
Unlinking: /home/sena/turtle_drive/devel/lib/python2.7/dist-packages/roboteq_msgs/msg/__init__.py
Already unlinked: {}
Unlinking: /home/sena/turtle_drive/devel/lib/python2.7/dist-packages/roboteq_msgs/msg/_Status.py
Already unlinked: {}
Unlinking: /home/sena/turtle_drive/devel/lib/python2.7/dist-packages/roboteq_msgs/msg/_Command.py
Already unlinked: {}
Unlinking: /home/sena/turtle_drive/devel/lib/python2.7/dist-packages/roboteq_msgs/msg/_Feedback.py
Already unlinked: {}
Unlinking: /home/sena/turtle_drive/devel/include/roboteq_msgs/Command.h
Already unlinked: {}
Unlinking: /home/sena/turtle_drive/devel/include/roboteq_msgs/Feedback.h
Already unlinked: {}
Unlinking: /home/sena/turtle_drive/devel/include/roboteq_msgs/Status.h
Already unlinked: {}
Unlinking: /home/sena/turtle_drive/devel/share/roboteq_msgs/cmake/roboteq_msgs-msg-extras.cmake
Already unlinked: {}
Unlinking: /home/sena/turtle_drive/devel/share/roboteq_msgs/cmake/roboteq_msgsConfig-version.cmake
Already unlinked: {}
Unlinking: /home/sena/turtle_drive/devel/share/roboteq_msgs/cmake/roboteq_msgsConfig.cmake
Already unlinked: {}
Unlinking: /home/sena/turtle_drive/devel/share/roboteq_msgs/cmake/roboteq_msgs-msg-paths.cmake
Already unlinked: {}
Unlinking: /home/sena/turtle_drive/devel/share/gennodejs/ros/roboteq_msgs/_index.js
Already unlinked: {}
Unlinking: /home/sena/turtle_drive/devel/share/gennodejs/ros/roboteq_msgs/msg/_index.js
Already unlinked: {}
Unlinking: /home/sena/turtle_drive/devel/share/gennodejs/ros/roboteq_msgs/msg/Status.js
Already unlinked: {}
Unlinking: /home/sena/turtle_drive/devel/share/gennodejs/ros/roboteq_msgs/msg/Feedback.js
Already unlinked: {}
Unlinking: /home/sena/turtle_drive/devel/share/gennodejs/ros/roboteq_msgs/msg/Command.js
Already unlinked: {}
Unlinking: /home/sena/turtle_drive/devel/share/roseus/ros/roboteq_msgs/manifest.l
Already unlinked: {}
Unlinking: /home/sena/turtle_drive/devel/share/roseus/ros/roboteq_msgs/msg/Feedback.l
Already unlinked: {}
Unlinking: /home/sena/turtle_drive/devel/share/roseus/ros/roboteq_msgs/msg/Command.l
Already unlinked: {}
Unlinking: /home/sena/turtle_drive/devel/share/roseus/ros/roboteq_msgs/msg/Status.l
Already unlinked: {}
Unlinking: /home/sena/turtle_drive/devel/share/common-lisp/ros/roboteq_msgs/msg/Status.lisp
Already unlinked: {}
Unlinking: /home/sena/turtle_drive/devel/share/common-lisp/ros/roboteq_msgs/msg/_package_Feedback.lisp
Already unlinked: {}
Unlinking: /home/sena/turtle_drive/devel/share/common-lisp/ros/roboteq_msgs/msg/_package.lisp
Already unlinked: {}
Unlinking: /home/sena/turtle_drive/devel/share/common-lisp/ros/roboteq_msgs/msg/_package_Command.lisp
Already unlinked: {}
Unlinking: /home/sena/turtle_drive/devel/share/common-lisp/ros/roboteq_msgs/msg/Feedback.lisp
Already unlinked: {}
Unlinking: /home/sena/turtle_drive/devel/share/common-lisp/ros/roboteq_msgs/msg/_package_Status.lisp
Already unlinked: {}
Unlinking: /home/sena/turtle_drive/devel/share/common-lisp/ros/roboteq_msgs/msg/roboteq_msgs-msg.asd
Already unlinked: {}
Unlinking: /home/sena/turtle_drive/devel/share/common-lisp/ros/roboteq_msgs/msg/Command.lisp
Already unlinked: {}
>>>>>>> e9cd62af21de1d7449f0732f6f4acbdc818f742b
