Linked: (/home/turtle1/turtle_drive/devel/.private/roboteq_msgs/lib/python2.7/dist-packages/roboteq_msgs/__init__.py, /home/turtle1/turtle_drive/devel/lib/python2.7/dist-packages/roboteq_msgs/__init__.py)
Linked: (/home/turtle1/turtle_drive/devel/.private/roboteq_msgs/lib/python2.7/dist-packages/roboteq_msgs/msg/_Status.py, /home/turtle1/turtle_drive/devel/lib/python2.7/dist-packages/roboteq_msgs/msg/_Status.py)
Linked: (/home/turtle1/turtle_drive/devel/.private/roboteq_msgs/lib/python2.7/dist-packages/roboteq_msgs/msg/__init__.py, /home/turtle1/turtle_drive/devel/lib/python2.7/dist-packages/roboteq_msgs/msg/__init__.py)
Linked: (/home/turtle1/turtle_drive/devel/.private/roboteq_msgs/lib/python2.7/dist-packages/roboteq_msgs/msg/_Feedback.py, /home/turtle1/turtle_drive/devel/lib/python2.7/dist-packages/roboteq_msgs/msg/_Feedback.py)
Linked: (/home/turtle1/turtle_drive/devel/.private/roboteq_msgs/lib/python2.7/dist-packages/roboteq_msgs/msg/_Command.py, /home/turtle1/turtle_drive/devel/lib/python2.7/dist-packages/roboteq_msgs/msg/_Command.py)
Linked: (/home/turtle1/turtle_drive/devel/.private/roboteq_msgs/lib/pkgconfig/roboteq_msgs.pc, /home/turtle1/turtle_drive/devel/lib/pkgconfig/roboteq_msgs.pc)
Linked: (/home/turtle1/turtle_drive/devel/.private/roboteq_msgs/include/roboteq_msgs/Command.h, /home/turtle1/turtle_drive/devel/include/roboteq_msgs/Command.h)
Linked: (/home/turtle1/turtle_drive/devel/.private/roboteq_msgs/include/roboteq_msgs/Feedback.h, /home/turtle1/turtle_drive/devel/include/roboteq_msgs/Feedback.h)
Linked: (/home/turtle1/turtle_drive/devel/.private/roboteq_msgs/include/roboteq_msgs/Status.h, /home/turtle1/turtle_drive/devel/include/roboteq_msgs/Status.h)
Linked: (/home/turtle1/turtle_drive/devel/.private/roboteq_msgs/share/gennodejs/ros/roboteq_msgs/_index.js, /home/turtle1/turtle_drive/devel/share/gennodejs/ros/roboteq_msgs/_index.js)
Linked: (/home/turtle1/turtle_drive/devel/.private/roboteq_msgs/share/gennodejs/ros/roboteq_msgs/msg/Status.js, /home/turtle1/turtle_drive/devel/share/gennodejs/ros/roboteq_msgs/msg/Status.js)
Linked: (/home/turtle1/turtle_drive/devel/.private/roboteq_msgs/share/gennodejs/ros/roboteq_msgs/msg/Command.js, /home/turtle1/turtle_drive/devel/share/gennodejs/ros/roboteq_msgs/msg/Command.js)
Linked: (/home/turtle1/turtle_drive/devel/.private/roboteq_msgs/share/gennodejs/ros/roboteq_msgs/msg/Feedback.js, /home/turtle1/turtle_drive/devel/share/gennodejs/ros/roboteq_msgs/msg/Feedback.js)
Linked: (/home/turtle1/turtle_drive/devel/.private/roboteq_msgs/share/gennodejs/ros/roboteq_msgs/msg/_index.js, /home/turtle1/turtle_drive/devel/share/gennodejs/ros/roboteq_msgs/msg/_index.js)
Linked: (/home/turtle1/turtle_drive/devel/.private/roboteq_msgs/share/common-lisp/ros/roboteq_msgs/msg/_package.lisp, /home/turtle1/turtle_drive/devel/share/common-lisp/ros/roboteq_msgs/msg/_package.lisp)
Linked: (/home/turtle1/turtle_drive/devel/.private/roboteq_msgs/share/common-lisp/ros/roboteq_msgs/msg/Command.lisp, /home/turtle1/turtle_drive/devel/share/common-lisp/ros/roboteq_msgs/msg/Command.lisp)
Linked: (/home/turtle1/turtle_drive/devel/.private/roboteq_msgs/share/common-lisp/ros/roboteq_msgs/msg/_package_Status.lisp, /home/turtle1/turtle_drive/devel/share/common-lisp/ros/roboteq_msgs/msg/_package_Status.lisp)
Linked: (/home/turtle1/turtle_drive/devel/.private/roboteq_msgs/share/common-lisp/ros/roboteq_msgs/msg/Feedback.lisp, /home/turtle1/turtle_drive/devel/share/common-lisp/ros/roboteq_msgs/msg/Feedback.lisp)
Linked: (/home/turtle1/turtle_drive/devel/.private/roboteq_msgs/share/common-lisp/ros/roboteq_msgs/msg/_package_Command.lisp, /home/turtle1/turtle_drive/devel/share/common-lisp/ros/roboteq_msgs/msg/_package_Command.lisp)
Linked: (/home/turtle1/turtle_drive/devel/.private/roboteq_msgs/share/common-lisp/ros/roboteq_msgs/msg/roboteq_msgs-msg.asd, /home/turtle1/turtle_drive/devel/share/common-lisp/ros/roboteq_msgs/msg/roboteq_msgs-msg.asd)
Linked: (/home/turtle1/turtle_drive/devel/.private/roboteq_msgs/share/common-lisp/ros/roboteq_msgs/msg/_package_Feedback.lisp, /home/turtle1/turtle_drive/devel/share/common-lisp/ros/roboteq_msgs/msg/_package_Feedback.lisp)
Linked: (/home/turtle1/turtle_drive/devel/.private/roboteq_msgs/share/common-lisp/ros/roboteq_msgs/msg/Status.lisp, /home/turtle1/turtle_drive/devel/share/common-lisp/ros/roboteq_msgs/msg/Status.lisp)
Linked: (/home/turtle1/turtle_drive/devel/.private/roboteq_msgs/share/roboteq_msgs/cmake/roboteq_msgsConfig-version.cmake, /home/turtle1/turtle_drive/devel/share/roboteq_msgs/cmake/roboteq_msgsConfig-version.cmake)
Linked: (/home/turtle1/turtle_drive/devel/.private/roboteq_msgs/share/roboteq_msgs/cmake/roboteq_msgsConfig.cmake, /home/turtle1/turtle_drive/devel/share/roboteq_msgs/cmake/roboteq_msgsConfig.cmake)
Linked: (/home/turtle1/turtle_drive/devel/.private/roboteq_msgs/share/roboteq_msgs/cmake/roboteq_msgs-msg-extras.cmake, /home/turtle1/turtle_drive/devel/share/roboteq_msgs/cmake/roboteq_msgs-msg-extras.cmake)
Linked: (/home/turtle1/turtle_drive/devel/.private/roboteq_msgs/share/roboteq_msgs/cmake/roboteq_msgs-msg-paths.cmake, /home/turtle1/turtle_drive/devel/share/roboteq_msgs/cmake/roboteq_msgs-msg-paths.cmake)
Linked: (/home/turtle1/turtle_drive/devel/.private/roboteq_msgs/share/roseus/ros/roboteq_msgs/manifest.l, /home/turtle1/turtle_drive/devel/share/roseus/ros/roboteq_msgs/manifest.l)
Linked: (/home/turtle1/turtle_drive/devel/.private/roboteq_msgs/share/roseus/ros/roboteq_msgs/msg/Status.l, /home/turtle1/turtle_drive/devel/share/roseus/ros/roboteq_msgs/msg/Status.l)
Linked: (/home/turtle1/turtle_drive/devel/.private/roboteq_msgs/share/roseus/ros/roboteq_msgs/msg/Feedback.l, /home/turtle1/turtle_drive/devel/share/roseus/ros/roboteq_msgs/msg/Feedback.l)
Linked: (/home/turtle1/turtle_drive/devel/.private/roboteq_msgs/share/roseus/ros/roboteq_msgs/msg/Command.l, /home/turtle1/turtle_drive/devel/share/roseus/ros/roboteq_msgs/msg/Command.l)
