Symlinking /home/sena/turtle_drive/devel/lib/pkgconfig/roboteq_msgs.pc
Symlinking /home/sena/turtle_drive/devel/lib/python2.7/dist-packages/roboteq_msgs/__init__.py
Symlinking /home/sena/turtle_drive/devel/lib/python2.7/dist-packages/roboteq_msgs/msg/__init__.py
Symlinking /home/sena/turtle_drive/devel/lib/python2.7/dist-packages/roboteq_msgs/msg/_Status.py
Symlinking /home/sena/turtle_drive/devel/lib/python2.7/dist-packages/roboteq_msgs/msg/_Command.py
Symlinking /home/sena/turtle_drive/devel/lib/python2.7/dist-packages/roboteq_msgs/msg/_Feedback.py
Symlinking /home/sena/turtle_drive/devel/include/roboteq_msgs/Command.h
Symlinking /home/sena/turtle_drive/devel/include/roboteq_msgs/Feedback.h
Symlinking /home/sena/turtle_drive/devel/include/roboteq_msgs/Status.h
Symlinking /home/sena/turtle_drive/devel/share/roboteq_msgs/cmake/roboteq_msgs-msg-extras.cmake
Symlinking /home/sena/turtle_drive/devel/share/roboteq_msgs/cmake/roboteq_msgsConfig-version.cmake
Symlinking /home/sena/turtle_drive/devel/share/roboteq_msgs/cmake/roboteq_msgsConfig.cmake
Symlinking /home/sena/turtle_drive/devel/share/roboteq_msgs/cmake/roboteq_msgs-msg-paths.cmake
Symlinking /home/sena/turtle_drive/devel/share/gennodejs/ros/roboteq_msgs/_index.js
Symlinking /home/sena/turtle_drive/devel/share/gennodejs/ros/roboteq_msgs/msg/_index.js
Symlinking /home/sena/turtle_drive/devel/share/gennodejs/ros/roboteq_msgs/msg/Status.js
Symlinking /home/sena/turtle_drive/devel/share/gennodejs/ros/roboteq_msgs/msg/Feedback.js
Symlinking /home/sena/turtle_drive/devel/share/gennodejs/ros/roboteq_msgs/msg/Command.js
Symlinking /home/sena/turtle_drive/devel/share/roseus/ros/roboteq_msgs/manifest.l
Symlinking /home/sena/turtle_drive/devel/share/roseus/ros/roboteq_msgs/msg/Feedback.l
Symlinking /home/sena/turtle_drive/devel/share/roseus/ros/roboteq_msgs/msg/Command.l
Symlinking /home/sena/turtle_drive/devel/share/roseus/ros/roboteq_msgs/msg/Status.l
Symlinking /home/sena/turtle_drive/devel/share/common-lisp/ros/roboteq_msgs/msg/Status.lisp
Symlinking /home/sena/turtle_drive/devel/share/common-lisp/ros/roboteq_msgs/msg/_package_Feedback.lisp
Symlinking /home/sena/turtle_drive/devel/share/common-lisp/ros/roboteq_msgs/msg/_package.lisp
Symlinking /home/sena/turtle_drive/devel/share/common-lisp/ros/roboteq_msgs/msg/_package_Command.lisp
Symlinking /home/sena/turtle_drive/devel/share/common-lisp/ros/roboteq_msgs/msg/Feedback.lisp
Symlinking /home/sena/turtle_drive/devel/share/common-lisp/ros/roboteq_msgs/msg/_package_Status.lisp
Symlinking /home/sena/turtle_drive/devel/share/common-lisp/ros/roboteq_msgs/msg/roboteq_msgs-msg.asd
Symlinking /home/sena/turtle_drive/devel/share/common-lisp/ros/roboteq_msgs/msg/Command.lisp
