[35m[1mScanning dependencies of target _roboteq_msgs_generate_messages_check_deps_Command[0m
[  0%] Built target _roboteq_msgs_generate_messages_check_deps_Command
[35m[1mScanning dependencies of target std_msgs_generate_messages_nodejs[0m
[  0%] Built target std_msgs_generate_messages_nodejs
[35m[1mScanning dependencies of target _roboteq_msgs_generate_messages_check_deps_Status[0m
[35m[1mScanning dependencies of target _roboteq_msgs_generate_messages_check_deps_Feedback[0m
[  0%] Built target _roboteq_msgs_generate_messages_check_deps_Status
[35m[1mScanning dependencies of target std_msgs_generate_messages_py[0m
[  0%] Built target std_msgs_generate_messages_py
[  0%] Built target _roboteq_msgs_generate_messages_check_deps_Feedback
[35m[1mScanning dependencies of target std_msgs_generate_messages_eus[0m
[35m[1mScanning dependencies of target std_msgs_generate_messages_cpp[0m
[  0%] Built target std_msgs_generate_messages_eus
[  0%] Built target std_msgs_generate_messages_cpp
[35m[1mScanning dependencies of target std_msgs_generate_messages_lisp[0m
[35m[1mScanning dependencies of target roboteq_msgs_generate_messages_nodejs[0m
[  0%] Built target std_msgs_generate_messages_lisp
[  5%] [34m[1mGenerating Javascript code from roboteq_msgs/Feedback.msg[0m
[35m[1mScanning dependencies of target roboteq_msgs_generate_messages_py[0m
[ 11%] [34m[1mGenerating Python from MSG roboteq_msgs/Feedback[0m
[ 17%] [34m[1mGenerating Javascript code from roboteq_msgs/Command.msg[0m
[ 23%] [34m[1mGenerating Javascript code from roboteq_msgs/Status.msg[0m
[ 29%] [34m[1mGenerating Python from MSG roboteq_msgs/Command[0m
[ 29%] Built target roboteq_msgs_generate_messages_nodejs
[35m[1mScanning dependencies of target roboteq_msgs_generate_messages_eus[0m
[ 35%] [34m[1mGenerating EusLisp code from roboteq_msgs/Feedback.msg[0m
[ 41%] [34m[1mGenerating Python from MSG roboteq_msgs/Status[0m
[35m[1mScanning dependencies of target roboteq_msgs_generate_messages_cpp[0m
[ 47%] [34m[1mGenerating C++ code from roboteq_msgs/Feedback.msg[0m
[ 52%] [34m[1mGenerating EusLisp code from roboteq_msgs/Command.msg[0m
[ 58%] [34m[1mGenerating Python msg __init__.py for roboteq_msgs[0m
[ 64%] [34m[1mGenerating EusLisp code from roboteq_msgs/Status.msg[0m
[ 70%] [34m[1mGenerating EusLisp manifest code for roboteq_msgs[0m
[ 70%] Built target roboteq_msgs_generate_messages_py
[ 76%] [34m[1mGenerating C++ code from roboteq_msgs/Command.msg[0m
[ 82%] [34m[1mGenerating C++ code from roboteq_msgs/Status.msg[0m
[35m[1mScanning dependencies of target roboteq_msgs_generate_messages_lisp[0m
[ 82%] Built target roboteq_msgs_generate_messages_cpp
[ 88%] [34m[1mGenerating Lisp code from roboteq_msgs/Feedback.msg[0m
[ 94%] [34m[1mGenerating Lisp code from roboteq_msgs/Command.msg[0m
[100%] [34m[1mGenerating Lisp code from roboteq_msgs/Status.msg[0m
[100%] Built target roboteq_msgs_generate_messages_lisp
[100%] Built target roboteq_msgs_generate_messages_eus
[35m[1mScanning dependencies of target roboteq_msgs_generate_messages[0m
[100%] Built target roboteq_msgs_generate_messages
