Determining if the pthread_create exist failed with the following output:
Change Dir: /home/sena/turtle_drive/build/laser_proc/CMakeFiles/CMakeTmp

Run Build Command:"/usr/bin/make" "cmTC_030ec/fast"
/usr/bin/make -f CMakeFiles/cmTC_030ec.dir/build.make CMakeFiles/cmTC_030ec.dir/build
make[1]: Entering directory '/home/sena/turtle_drive/build/laser_proc/CMakeFiles/CMakeTmp'
Building C object CMakeFiles/cmTC_030ec.dir/CheckSymbolExists.c.o
/usr/bin/cc     -o CMakeFiles/cmTC_030ec.dir/CheckSymbolExists.c.o   -c /home/sena/turtle_drive/build/laser_proc/CMakeFiles/CMakeTmp/CheckSymbolExists.c
Linking C executable cmTC_030ec
/usr/bin/cmake -E cmake_link_script CMakeFiles/cmTC_030ec.dir/link.txt --verbose=1
/usr/bin/cc       CMakeFiles/cmTC_030ec.dir/CheckSymbolExists.c.o  -o cmTC_030ec -rdynamic 
CMakeFiles/cmTC_030ec.dir/CheckSymbolExists.c.o: In function `main':
CheckSymbolExists.c:(.text+0x16): undefined reference to `pthread_create'
collect2: error: ld returned 1 exit status
CMakeFiles/cmTC_030ec.dir/build.make:97: recipe for target 'cmTC_030ec' failed
make[1]: *** [cmTC_030ec] Error 1
make[1]: Leaving directory '/home/sena/turtle_drive/build/laser_proc/CMakeFiles/CMakeTmp'
Makefile:126: recipe for target 'cmTC_030ec/fast' failed
make: *** [cmTC_030ec/fast] Error 2

File /home/sena/turtle_drive/build/laser_proc/CMakeFiles/CMakeTmp/CheckSymbolExists.c:
/* */
#include <pthread.h>

int main(int argc, char** argv)
{
  (void)argv;
#ifndef pthread_create
  return ((int*)(&pthread_create))[argc];
#else
  (void)argc;
  return 0;
#endif
}

Determining if the function pthread_create exists in the pthreads failed with the following output:
Change Dir: /home/sena/turtle_drive/build/laser_proc/CMakeFiles/CMakeTmp

Run Build Command:"/usr/bin/make" "cmTC_011c5/fast"
/usr/bin/make -f CMakeFiles/cmTC_011c5.dir/build.make CMakeFiles/cmTC_011c5.dir/build
make[1]: Entering directory '/home/sena/turtle_drive/build/laser_proc/CMakeFiles/CMakeTmp'
Building C object CMakeFiles/cmTC_011c5.dir/CheckFunctionExists.c.o
/usr/bin/cc    -DCHECK_FUNCTION_EXISTS=pthread_create   -o CMakeFiles/cmTC_011c5.dir/CheckFunctionExists.c.o   -c /usr/share/cmake-3.5/Modules/CheckFunctionExists.c
Linking C executable cmTC_011c5
/usr/bin/cmake -E cmake_link_script CMakeFiles/cmTC_011c5.dir/link.txt --verbose=1
/usr/bin/cc   -DCHECK_FUNCTION_EXISTS=pthread_create    CMakeFiles/cmTC_011c5.dir/CheckFunctionExists.c.o  -o cmTC_011c5 -rdynamic -lpthreads 
/usr/bin/ld: cannot find -lpthreads
collect2: error: ld returned 1 exit status
CMakeFiles/cmTC_011c5.dir/build.make:97: recipe for target 'cmTC_011c5' failed
make[1]: *** [cmTC_011c5] Error 1
make[1]: Leaving directory '/home/sena/turtle_drive/build/laser_proc/CMakeFiles/CMakeTmp'
Makefile:126: recipe for target 'cmTC_011c5/fast' failed
make: *** [cmTC_011c5/fast] Error 2


