Determining if the pthread_create exist failed with the following output:
Change Dir: /home/base/turtle_drive/build_isolated/turtle_description/CMakeFiles/CMakeTmp

Run Build Command:"/usr/bin/make" "cmTC_cdeea/fast"
/usr/bin/make -f CMakeFiles/cmTC_cdeea.dir/build.make CMakeFiles/cmTC_cdeea.dir/build
make[1]: Entering directory '/home/base/turtle_drive/build_isolated/turtle_description/CMakeFiles/CMakeTmp'
Building C object CMakeFiles/cmTC_cdeea.dir/CheckSymbolExists.c.o
/usr/bin/cc     -o CMakeFiles/cmTC_cdeea.dir/CheckSymbolExists.c.o   -c /home/base/turtle_drive/build_isolated/turtle_description/CMakeFiles/CMakeTmp/CheckSymbolExists.c
Linking C executable cmTC_cdeea
/usr/bin/cmake -E cmake_link_script CMakeFiles/cmTC_cdeea.dir/link.txt --verbose=1
/usr/bin/cc       CMakeFiles/cmTC_cdeea.dir/CheckSymbolExists.c.o  -o cmTC_cdeea -rdynamic 
CMakeFiles/cmTC_cdeea.dir/CheckSymbolExists.c.o: In function `main':
CheckSymbolExists.c:(.text+0x16): undefined reference to `pthread_create'
collect2: error: ld returned 1 exit status
CMakeFiles/cmTC_cdeea.dir/build.make:97: recipe for target 'cmTC_cdeea' failed
make[1]: *** [cmTC_cdeea] Error 1
make[1]: Leaving directory '/home/base/turtle_drive/build_isolated/turtle_description/CMakeFiles/CMakeTmp'
Makefile:126: recipe for target 'cmTC_cdeea/fast' failed
make: *** [cmTC_cdeea/fast] Error 2

File /home/base/turtle_drive/build_isolated/turtle_description/CMakeFiles/CMakeTmp/CheckSymbolExists.c:
/* */
#include <pthread.h>

int main(int argc, char** argv)
{
  (void)argv;
#ifndef pthread_create
  return ((int*)(&pthread_create))[argc];
#else
  (void)argc;
  return 0;
#endif
}

Determining if the function pthread_create exists in the pthreads failed with the following output:
Change Dir: /home/base/turtle_drive/build_isolated/turtle_description/CMakeFiles/CMakeTmp

Run Build Command:"/usr/bin/make" "cmTC_0ee7d/fast"
/usr/bin/make -f CMakeFiles/cmTC_0ee7d.dir/build.make CMakeFiles/cmTC_0ee7d.dir/build
make[1]: Entering directory '/home/base/turtle_drive/build_isolated/turtle_description/CMakeFiles/CMakeTmp'
Building C object CMakeFiles/cmTC_0ee7d.dir/CheckFunctionExists.c.o
/usr/bin/cc    -DCHECK_FUNCTION_EXISTS=pthread_create   -o CMakeFiles/cmTC_0ee7d.dir/CheckFunctionExists.c.o   -c /usr/share/cmake-3.5/Modules/CheckFunctionExists.c
Linking C executable cmTC_0ee7d
/usr/bin/cmake -E cmake_link_script CMakeFiles/cmTC_0ee7d.dir/link.txt --verbose=1
/usr/bin/cc   -DCHECK_FUNCTION_EXISTS=pthread_create    CMakeFiles/cmTC_0ee7d.dir/CheckFunctionExists.c.o  -o cmTC_0ee7d -rdynamic -lpthreads 
/usr/bin/ld: cannot find -lpthreads
collect2: error: ld returned 1 exit status
CMakeFiles/cmTC_0ee7d.dir/build.make:97: recipe for target 'cmTC_0ee7d' failed
make[1]: *** [cmTC_0ee7d] Error 1
make[1]: Leaving directory '/home/base/turtle_drive/build_isolated/turtle_description/CMakeFiles/CMakeTmp'
Makefile:126: recipe for target 'cmTC_0ee7d/fast' failed
make: *** [cmTC_0ee7d/fast] Error 2


