Determining if the pthread_create exist failed with the following output:
Change Dir: /home/trex/turtle_drive/build/waypoint_nav/CMakeFiles/CMakeTmp

Run Build Command:"/usr/bin/make" "cmTC_bfc0e/fast"
/usr/bin/make -f CMakeFiles/cmTC_bfc0e.dir/build.make CMakeFiles/cmTC_bfc0e.dir/build
make[1]: Entering directory '/home/trex/turtle_drive/build/waypoint_nav/CMakeFiles/CMakeTmp'
Building C object CMakeFiles/cmTC_bfc0e.dir/CheckSymbolExists.c.o
/usr/bin/cc     -o CMakeFiles/cmTC_bfc0e.dir/CheckSymbolExists.c.o   -c /home/trex/turtle_drive/build/waypoint_nav/CMakeFiles/CMakeTmp/CheckSymbolExists.c
Linking C executable cmTC_bfc0e
/usr/bin/cmake -E cmake_link_script CMakeFiles/cmTC_bfc0e.dir/link.txt --verbose=1
/usr/bin/cc       CMakeFiles/cmTC_bfc0e.dir/CheckSymbolExists.c.o  -o cmTC_bfc0e -rdynamic 
CMakeFiles/cmTC_bfc0e.dir/CheckSymbolExists.c.o: In function `main':
CheckSymbolExists.c:(.text+0xa): undefined reference to `pthread_create'
collect2: error: ld returned 1 exit status
CMakeFiles/cmTC_bfc0e.dir/build.make:97: recipe for target 'cmTC_bfc0e' failed
make[1]: *** [cmTC_bfc0e] Error 1
make[1]: Leaving directory '/home/trex/turtle_drive/build/waypoint_nav/CMakeFiles/CMakeTmp'
Makefile:126: recipe for target 'cmTC_bfc0e/fast' failed
make: *** [cmTC_bfc0e/fast] Error 2

File /home/trex/turtle_drive/build/waypoint_nav/CMakeFiles/CMakeTmp/CheckSymbolExists.c:
/* */
#include <pthread.h>

int main(int argc, char** argv)
{
  (void)argv;
#ifndef pthread_create
  return ((int*)(&pthread_create))[argc];
#else
  (void)argc;
  return 0;
#endif
}

Determining if the function pthread_create exists in the pthreads failed with the following output:
Change Dir: /home/trex/turtle_drive/build/waypoint_nav/CMakeFiles/CMakeTmp

Run Build Command:"/usr/bin/make" "cmTC_76c27/fast"
/usr/bin/make -f CMakeFiles/cmTC_76c27.dir/build.make CMakeFiles/cmTC_76c27.dir/build
make[1]: Entering directory '/home/trex/turtle_drive/build/waypoint_nav/CMakeFiles/CMakeTmp'
Building C object CMakeFiles/cmTC_76c27.dir/CheckFunctionExists.c.o
/usr/bin/cc    -DCHECK_FUNCTION_EXISTS=pthread_create   -o CMakeFiles/cmTC_76c27.dir/CheckFunctionExists.c.o   -c /usr/share/cmake-3.5/Modules/CheckFunctionExists.c
Linking C executable cmTC_76c27
/usr/bin/cmake -E cmake_link_script CMakeFiles/cmTC_76c27.dir/link.txt --verbose=1
/usr/bin/cc   -DCHECK_FUNCTION_EXISTS=pthread_create    CMakeFiles/cmTC_76c27.dir/CheckFunctionExists.c.o  -o cmTC_76c27 -rdynamic -lpthreads 
/usr/bin/ld: cannot find -lpthreads
collect2: error: ld returned 1 exit status
CMakeFiles/cmTC_76c27.dir/build.make:97: recipe for target 'cmTC_76c27' failed
make[1]: *** [cmTC_76c27] Error 1
make[1]: Leaving directory '/home/trex/turtle_drive/build/waypoint_nav/CMakeFiles/CMakeTmp'
Makefile:126: recipe for target 'cmTC_76c27/fast' failed
make: *** [cmTC_76c27/fast] Error 2


