In file included from [01m[K/home/trex/turtle_drive/src/Turtles/turtle_control/src/turtle_hardware.cpp:35:0[m[K:
[01m[K/home/trex/turtle_drive/src/Turtles/turtle_control/include/turtle_control/turtle_hardware.h:87:3:[m[K [01;31m[Kerror: [m[Kexpected ‘[01m[K;[m[K’ after struct definition
   }
[01;32m[K   ^[m[K
[01m[K/home/trex/turtle_drive/src/Turtles/turtle_control/include/turtle_control/turtle_hardware.h:109:3:[m[K [01;31m[Kerror: [m[K‘[01m[KangularVel_[m[K’ does not name a type
   angularVel_[3];
[01;32m[K   ^[m[K
[01m[K/home/trex/turtle_drive/src/Turtles/turtle_control/src/turtle_hardware.cpp:[m[K In constructor ‘[01m[Kturtle_control::TurtleHardware::TurtleHardware()[m[K’:
[01m[K/home/trex/turtle_drive/src/Turtles/turtle_control/src/turtle_hardware.cpp:48:21:[m[K [01;31m[Kerror: [m[K‘[01m[Kstruct turtle_control::TurtleHardware::AngularVel[m[K’ has no member named ‘[01m[Kposition[m[K’
         &joints_[i].position, &joints_[i].velocity, &joints_[i].effort);
[01;32m[K                     ^[m[K
[01m[K/home/trex/turtle_drive/src/Turtles/turtle_control/src/turtle_hardware.cpp:48:43:[m[K [01;31m[Kerror: [m[K‘[01m[Kstruct turtle_control::TurtleHardware::AngularVel[m[K’ has no member named ‘[01m[Kvelocity[m[K’
         &joints_[i].position, &joints_[i].velocity, &joints_[i].effort);
[01;32m[K                                           ^[m[K
[01m[K/home/trex/turtle_drive/src/Turtles/turtle_control/src/turtle_hardware.cpp:48:65:[m[K [01;31m[Kerror: [m[K‘[01m[Kstruct turtle_control::TurtleHardware::AngularVel[m[K’ has no member named ‘[01m[Keffort[m[K’
         &joints_[i].position, &joints_[i].velocity, &joints_[i].effort);
[01;32m[K                                                                 ^[m[K
[01m[K/home/trex/turtle_drive/src/Turtles/turtle_control/src/turtle_hardware.cpp:52:41:[m[K [01;31m[Kerror: [m[K‘[01m[Kstruct turtle_control::TurtleHardware::AngularVel[m[K’ has no member named ‘[01m[Kvelocity_command[m[K’
         joint_state_handle, &joints_[i].velocity_command);
[01;32m[K                                         ^[m[K
[01m[K/home/trex/turtle_drive/src/Turtles/turtle_control/src/turtle_hardware.cpp:[m[K In member function ‘[01m[Kvoid turtle_control::TurtleHardware::subscribeToImu()[m[K’:
[01m[K/home/trex/turtle_drive/src/Turtles/turtle_control/src/turtle_hardware.cpp:71:46:[m[K [01;31m[Kerror: [m[K‘[01m[Kangular_vel_msg_mutex_[m[K’ was not declared in this scope
   boost::mutex::scoped_lock angular_vel_msg_(angular_vel_msg_mutex_, boost::try_to_lock);
[01;32m[K                                              ^[m[K
[01m[K/home/trex/turtle_drive/src/Turtles/turtle_control/src/turtle_hardware.cpp:72:3:[m[K [01;31m[Kerror: [m[K‘[01m[KangularVel_[m[K’ was not declared in this scope
   angularVel_[0] = angular_vel_msg_.roll_rate * 20;
[01;32m[K   ^[m[K
[01m[K/home/trex/turtle_drive/src/Turtles/turtle_control/src/turtle_hardware.cpp:72:37:[m[K [01;31m[Kerror: [m[K‘[01m[Kboost::mutex::scoped_lock {aka class boost::unique_lock<boost::mutex>}[m[K’ has no member named ‘[01m[Kroll_rate[m[K’
   angularVel_[0] = angular_vel_msg_.roll_rate * 20;
[01;32m[K                                     ^[m[K
[01m[K/home/trex/turtle_drive/src/Turtles/turtle_control/src/turtle_hardware.cpp:73:37:[m[K [01;31m[Kerror: [m[K‘[01m[Kboost::mutex::scoped_lock {aka class boost::unique_lock<boost::mutex>}[m[K’ has no member named ‘[01m[Kpitch_rate[m[K’
   angularVel_[1] = angular_vel_msg_.pitch_rate * 20;
[01;32m[K                                     ^[m[K
[01m[K/home/trex/turtle_drive/src/Turtles/turtle_control/src/turtle_hardware.cpp:74:37:[m[K [01;31m[Kerror: [m[K‘[01m[Kboost::mutex::scoped_lock {aka class boost::unique_lock<boost::mutex>}[m[K’ has no member named ‘[01m[Kyaw_rate[m[K’
   angularVel_[2] = angular_vel_msg_.yaw_rate * 20;
[01;32m[K                                     ^[m[K
[01m[K/home/trex/turtle_drive/src/Turtles/turtle_control/src/turtle_hardware.cpp:[m[K In member function ‘[01m[Kvoid turtle_control::TurtleHardware::copyJointsFromHardware()[m[K’:
[01m[K/home/trex/turtle_drive/src/Turtles/turtle_control/src/turtle_hardware.cpp:86:18:[m[K [01;31m[Kerror: [m[K‘[01m[Kstruct turtle_control::TurtleHardware::AngularVel[m[K’ has no member named ‘[01m[Kposition[m[K’
       joints_[0].position = -(left_feedback_msg_.measured_position/20);
[01;32m[K                  ^[m[K
[01m[K/home/trex/turtle_drive/src/Turtles/turtle_control/src/turtle_hardware.cpp:87:18:[m[K [01;31m[Kerror: [m[K‘[01m[Kstruct turtle_control::TurtleHardware::AngularVel[m[K’ has no member named ‘[01m[Kvelocity[m[K’
       joints_[0].velocity = -(left_feedback_msg_.measured_velocity/20);
[01;32m[K                  ^[m[K
[01m[K/home/trex/turtle_drive/src/Turtles/turtle_control/src/turtle_hardware.cpp:88:18:[m[K [01;31m[Kerror: [m[K‘[01m[Kstruct turtle_control::TurtleHardware::AngularVel[m[K’ has no member named ‘[01m[Keffort[m[K’
       joints_[0].effort = 0;  // TODO(mikepurvis): determine this from amperage data.
[01;32m[K                  ^[m[K
[01m[K/home/trex/turtle_drive/src/Turtles/turtle_control/src/turtle_hardware.cpp:89:18:[m[K [01;31m[Kerror: [m[K‘[01m[Kstruct turtle_control::TurtleHardware::AngularVel[m[K’ has no member named ‘[01m[Kposition[m[K’
       joints_[2].position = -(left_feedback_msg_.measured_position/20);
[01;32m[K                  ^[m[K
[01m[K/home/trex/turtle_drive/src/Turtles/turtle_control/src/turtle_hardware.cpp:90:18:[m[K [01;31m[Kerror: [m[K‘[01m[Kstruct turtle_control::TurtleHardware::AngularVel[m[K’ has no member named ‘[01m[Kvelocity[m[K’
       joints_[2].velocity = -(left_feedback_msg_.measured_velocity/20);
[01;32m[K                  ^[m[K
[01m[K/home/trex/turtle_drive/src/Turtles/turtle_control/src/turtle_hardware.cpp:91:18:[m[K [01;31m[Kerror: [m[K‘[01m[Kstruct turtle_control::TurtleHardware::AngularVel[m[K’ has no member named ‘[01m[Keffort[m[K’
       joints_[2].effort = 0;  // TODO(mikepurvis): determine this from amperage data
[01;32m[K                  ^[m[K
[01m[K/home/trex/turtle_drive/src/Turtles/turtle_control/src/turtle_hardware.cpp:93:18:[m[K [01;31m[Kerror: [m[K‘[01m[Kstruct turtle_control::TurtleHardware::AngularVel[m[K’ has no member named ‘[01m[Kposition[m[K’
       joints_[1].position = right_feedback_msg_.measured_position/20;
[01;32m[K                  ^[m[K
[01m[K/home/trex/turtle_drive/src/Turtles/turtle_control/src/turtle_hardware.cpp:94:18:[m[K [01;31m[Kerror: [m[K‘[01m[Kstruct turtle_control::TurtleHardware::AngularVel[m[K’ has no member named ‘[01m[Kvelocity[m[K’
       joints_[1].velocity = right_feedback_msg_.measured_velocity/20;
[01;32m[K                  ^[m[K
[01m[K/home/trex/turtle_drive/src/Turtles/turtle_control/src/turtle_hardware.cpp:95:18:[m[K [01;31m[Kerror: [m[K‘[01m[Kstruct turtle_control::TurtleHardware::AngularVel[m[K’ has no member named ‘[01m[Keffort[m[K’
       joints_[1].effort = 0;  // TODO(mikepurvis): determine this from amperage data.
[01;32m[K                  ^[m[K
[01m[K/home/trex/turtle_drive/src/Turtles/turtle_control/src/turtle_hardware.cpp:96:18:[m[K [01;31m[Kerror: [m[K‘[01m[Kstruct turtle_control::TurtleHardware::AngularVel[m[K’ has no member named ‘[01m[Kposition[m[K’
       joints_[3].position = right_feedback_msg_.measured_position/20;
[01;32m[K                  ^[m[K
[01m[K/home/trex/turtle_drive/src/Turtles/turtle_control/src/turtle_hardware.cpp:97:18:[m[K [01;31m[Kerror: [m[K‘[01m[Kstruct turtle_control::TurtleHardware::AngularVel[m[K’ has no member named ‘[01m[Kvelocity[m[K’
       joints_[3].velocity = right_feedback_msg_.measured_velocity/20;
[01;32m[K                  ^[m[K
[01m[K/home/trex/turtle_drive/src/Turtles/turtle_control/src/turtle_hardware.cpp:98:18:[m[K [01;31m[Kerror: [m[K‘[01m[Kstruct turtle_control::TurtleHardware::AngularVel[m[K’ has no member named ‘[01m[Keffort[m[K’
       joints_[3].effort = 0;  // TODO(mikepurvis): determine this from amperage data.
[01;32m[K                  ^[m[K
[01m[K/home/trex/turtle_drive/src/Turtles/turtle_control/src/turtle_hardware.cpp:[m[K In member function ‘[01m[Kvoid turtle_control::TurtleHardware::publishDriveFromController()[m[K’:
[01m[K/home/trex/turtle_drive/src/Turtles/turtle_control/src/turtle_hardware.cpp:113:33:[m[K [01;31m[Kerror: [m[K‘[01m[Kstruct turtle_control::TurtleHardware::AngularVel[m[K’ has no member named ‘[01m[Kvelocity_command[m[K’
  left_msg.setpoint=(-joints_[0].velocity_command)*.9091*20;
[01;32m[K                                 ^[m[K
[01m[K/home/trex/turtle_drive/src/Turtles/turtle_control/src/turtle_hardware.cpp:114:33:[m[K [01;31m[Kerror: [m[K‘[01m[Kstruct turtle_control::TurtleHardware::AngularVel[m[K’ has no member named ‘[01m[Kvelocity_command[m[K’
  right_msg.setpoint=(joints_[3].velocity_command)*.9091*20;
[01;32m[K                                 ^[m[K
make[2]: *** [CMakeFiles/turtle_control.dir/src/turtle_hardware.cpp.o] Error 1
make[1]: *** [CMakeFiles/turtle_control.dir/all] Error 2
make: *** [all] Error 2
