In file included from [01m[K/home/trex/turtle_drive/src/Turtles/turtle_control/src/turtle_hardware.cpp:35:0[m[K:
[01m[K/home/trex/turtle_drive/src/Turtles/turtle_control/include/turtle_control/turtle_hardware.h:[m[K In constructor ‘[01m[Kturtle_control::TurtleHardware::Corrimudata::Corrimudata()[m[K’:
[01m[K/home/trex/turtle_drive/src/Turtles/turtle_control/include/turtle_control/turtle_hardware.h:123:63:[m[K [01;31m[Kerror: [m[Kclass ‘[01m[Kturtle_control::TurtleHardware::Corrimudata[m[K’ does not have any field named ‘[01m[Klateral_acceleration[m[K’
     Corrimudata() : pitch_rate(0), roll_rate(0), yaw_rate(0), lateral_acceleration(0), longitudinal_acceleration(0), vertical_acceleration(0)
[01;32m[K                                                               ^[m[K
[01m[K/home/trex/turtle_drive/src/Turtles/turtle_control/include/turtle_control/turtle_hardware.h:123:88:[m[K [01;31m[Kerror: [m[Kclass ‘[01m[Kturtle_control::TurtleHardware::Corrimudata[m[K’ does not have any field named ‘[01m[Klongitudinal_acceleration[m[K’
     Corrimudata() : pitch_rate(0), roll_rate(0), yaw_rate(0), lateral_acceleration(0), longitudinal_acceleration(0), vertical_acceleration(0)
[01;32m[K                                                                                        ^[m[K
[01m[K/home/trex/turtle_drive/src/Turtles/turtle_control/include/turtle_control/turtle_hardware.h:123:118:[m[K [01;31m[Kerror: [m[Kclass ‘[01m[Kturtle_control::TurtleHardware::Corrimudata[m[K’ does not have any field named ‘[01m[Kvertical_acceleration[m[K’
     Corrimudata() : pitch_rate(0), roll_rate(0), yaw_rate(0), lateral_acceleration(0), longitudinal_acceleration(0), vertical_acceleration(0)
[01;32m[K                                                                                                                      ^[m[K
[01m[K/home/trex/turtle_drive/src/Turtles/turtle_control/src/turtle_hardware.cpp:[m[K In member function ‘[01m[Kvoid turtle_control::TurtleHardware::subscribeToImu()[m[K’:
[01m[K/home/trex/turtle_drive/src/Turtles/turtle_control/src/turtle_hardware.cpp:79:3:[m[K [01;31m[Kerror: [m[K‘[01m[Kinspva_data_[m[K’ was not declared in this scope
   inspva_data_.pitch = inspva_data_msg_.pitch;
[01;32m[K   ^[m[K
[01m[K/home/trex/turtle_drive/src/Turtles/turtle_control/src/turtle_hardware.cpp:81:39:[m[K [01;31m[Kerror: [m[K‘[01m[Knovatel_gps_msgs::Inspva {aka struct novatel_gps_msgs::Inspva_<std::allocator<void> >}[m[K’ has no member named ‘[01m[Kyaw[m[K’
   inspva_data_.yaw = inspva_data_msg_.yaw;
[01;32m[K                                       ^[m[K
[01m[K/home/trex/turtle_drive/src/Turtles/turtle_control/src/turtle_hardware.cpp:[m[K At global scope:
[01m[K/home/trex/turtle_drive/src/Turtles/turtle_control/src/turtle_hardware.cpp:129:89:[m[K [01;31m[Kerror: [m[Kno ‘[01m[Kvoid turtle_control::TurtleHardware::corrimuCallback(novatel_gps_msgs::NovatelCorrectedImuData)[m[K’ member function declared in class ‘[01m[Kturtle_control::TurtleHardware[m[K’
 void TurtleHardware::corrimuCallback(const novatel_gps_msgs::NovatelCorrectedImuData msg)
[01;32m[K                                                                                         ^[m[K
make[2]: *** [CMakeFiles/turtle_control.dir/src/turtle_hardware.cpp.o] Error 1
make[1]: *** [CMakeFiles/turtle_control.dir/all] Error 2
make: *** [all] Error 2
