[01m[K/home/trex/turtle_drive/src/Turtles/turtle_control/src/turtle_hardware.cpp:[m[K In constructor ‘[01m[Kturtle_control::TurtleHardware::TurtleHardware()[m[K’:
[01m[K/home/trex/turtle_drive/src/Turtles/turtle_control/src/turtle_hardware.cpp:60:3:[m[K [01;31m[Kerror: [m[K‘[01m[Kangular_velocity_sub_[m[K’ was not declared in this scope
   angular_velocity_sub_ = nh_.subscribe("/imu", 1, &TurtleHardware::imu_callback, this);
[01;32m[K   ^[m[K
[01m[K/home/trex/turtle_drive/src/Turtles/turtle_control/src/turtle_hardware.cpp:60:53:[m[K [01;31m[Kerror: [m[K‘[01m[Kimu_callback[m[K’ is not a member of ‘[01m[Kturtle_control::TurtleHardware[m[K’
   angular_velocity_sub_ = nh_.subscribe("/imu", 1, &TurtleHardware::imu_callback, this);
[01;32m[K                                                     ^[m[K
[01m[K/home/trex/turtle_drive/src/Turtles/turtle_control/src/turtle_hardware.cpp:[m[K At global scope:
[01m[K/home/trex/turtle_drive/src/Turtles/turtle_control/src/turtle_hardware.cpp:95:15:[m[K [01;31m[Kerror: [m[KISO C++ forbids declaration of ‘[01m[KIMUMessages[m[K’ with no type [-fpermissive]
   IMUMessages()
[01;32m[K               ^[m[K
[01m[K/home/trex/turtle_drive/src/Turtles/turtle_control/src/turtle_hardware.cpp:95:15:[m[K [01;31m[Kerror: [m[Kexpected ‘[01m[K;[m[K’ at end of member declaration
[01m[K/home/trex/turtle_drive/src/Turtles/turtle_control/src/turtle_hardware.cpp:98:69:[m[K [01;31m[Kerror: [m[K‘[01m[KcorrImuData[m[K’ in ‘[01m[Knovatel_gps_msgs::NovatelCorrectedImuData {aka struct novatel_gps_msgs::NovatelCorrectedImuData_<std::allocator<void> >}[m[K’ does not name a type
   void imuCallback(const novatel_gps_msgs::NovatelCorrectedImuData::corrImuData);
[01;32m[K                                                                     ^[m[K
[01m[K/home/trex/turtle_drive/src/Turtles/turtle_control/src/turtle_hardware.cpp:103:8:[m[K [01;31m[Kerror: [m[K‘[01m[Ksubscriber[m[K’ in namespace ‘[01m[Kros[m[K’ does not name a type
   ros::subscriber imu_sub_;
[01;32m[K        ^[m[K
[01m[K/home/trex/turtle_drive/src/Turtles/turtle_control/src/turtle_hardware.cpp:107:12:[m[K [01;31m[Kerror: [m[Kfound ‘[01m[K:[m[K’ in nested-name-specifier, expected ‘[01m[K::[m[K’
 ImuFeedback:ImuFeedback():
[01;32m[K            ^[m[K
[01m[K/home/trex/turtle_drive/src/Turtles/turtle_control/src/turtle_hardware.cpp:107:25:[m[K [01;31m[Kerror: [m[Kdefinition of implicitly-declared ‘[01m[Kturtle_control::ImuFeedback::ImuFeedback()[m[K’
 ImuFeedback:ImuFeedback():
[01;32m[K                         ^[m[K
make[2]: *** [CMakeFiles/turtle_control.dir/src/turtle_hardware.cpp.o] Error 1
make[1]: *** [CMakeFiles/turtle_control.dir/all] Error 2
make: *** [all] Error 2
