[01m[K/home/trex/turtle_drive/src/Turtles/turtle_control/src/turtle_hardware.cpp:77:6:[m[K [01;31m[Kerror: [m[K‘[01m[KTurtleHardware[m[K’ has not been declared
 void TurtleHardware::copyJointsFromHardware()
[01;32m[K      ^[m[K
[01m[K/home/trex/turtle_drive/src/Turtles/turtle_control/src/turtle_hardware.cpp:[m[K In function ‘[01m[Kvoid copyJointsFromHardware()[m[K’:
[01m[K/home/trex/turtle_drive/src/Turtles/turtle_control/src/turtle_hardware.cpp:79:52:[m[K [01;31m[Kerror: [m[K‘[01m[Kleft_feedback_msg_mutex_[m[K’ was not declared in this scope
   boost::mutex::scoped_lock left_feedback_msg_lock(left_feedback_msg_mutex_, boost::try_to_lock);
[01;32m[K                                                    ^[m[K
[01m[K/home/trex/turtle_drive/src/Turtles/turtle_control/src/turtle_hardware.cpp:80:7:[m[K [01;31m[Kerror: [m[K‘[01m[Kjoints_[m[K’ was not declared in this scope
       joints_[0].position = -(left_feedback_msg_.measured_position/20);
[01;32m[K       ^[m[K
[01m[K/home/trex/turtle_drive/src/Turtles/turtle_control/src/turtle_hardware.cpp:80:31:[m[K [01;31m[Kerror: [m[K‘[01m[Kleft_feedback_msg_[m[K’ was not declared in this scope
       joints_[0].position = -(left_feedback_msg_.measured_position/20);
[01;32m[K                               ^[m[K
[01m[K/home/trex/turtle_drive/src/Turtles/turtle_control/src/turtle_hardware.cpp:86:53:[m[K [01;31m[Kerror: [m[K‘[01m[Kright_feedback_msg_mutex_[m[K’ was not declared in this scope
   boost::mutex::scoped_lock right_feedback_msg_lock(right_feedback_msg_mutex_, boost::try_to_lock);
[01;32m[K                                                     ^[m[K
[01m[K/home/trex/turtle_drive/src/Turtles/turtle_control/src/turtle_hardware.cpp:87:29:[m[K [01;31m[Kerror: [m[K‘[01m[Kright_feedback_msg_[m[K’ was not declared in this scope
       joints_[1].position = right_feedback_msg_.measured_position/20;
[01;32m[K                             ^[m[K
[01m[K/home/trex/turtle_drive/src/Turtles/turtle_control/src/turtle_hardware.cpp:[m[K At global scope:
[01m[K/home/trex/turtle_drive/src/Turtles/turtle_control/src/turtle_hardware.cpp:101:6:[m[K [01;31m[Kerror: [m[K‘[01m[KTurtleHardware[m[K’ has not been declared
 void TurtleHardware::publishDriveFromController()
[01;32m[K      ^[m[K
[01m[K/home/trex/turtle_drive/src/Turtles/turtle_control/src/turtle_hardware.cpp:[m[K In function ‘[01m[Kvoid publishDriveFromController()[m[K’:
[01m[K/home/trex/turtle_drive/src/Turtles/turtle_control/src/turtle_hardware.cpp:107:22:[m[K [01;31m[Kerror: [m[K‘[01m[Kjoints_[m[K’ was not declared in this scope
  left_msg.setpoint=(-joints_[0].velocity_command)*.9091*20;
[01;32m[K                      ^[m[K
[01m[K/home/trex/turtle_drive/src/Turtles/turtle_control/src/turtle_hardware.cpp:109:3:[m[K [01;31m[Kerror: [m[K‘[01m[Kleft_motor_pub[m[K’ was not declared in this scope
   left_motor_pub.publish(left_msg);
[01;32m[K   ^[m[K
[01m[K/home/trex/turtle_drive/src/Turtles/turtle_control/src/turtle_hardware.cpp:110:3:[m[K [01;31m[Kerror: [m[K‘[01m[Kright_motor_pub[m[K’ was not declared in this scope
   right_motor_pub.publish(right_msg);
[01;32m[K   ^[m[K
[01m[K/home/trex/turtle_drive/src/Turtles/turtle_control/src/turtle_hardware.cpp:[m[K At global scope:
[01m[K/home/trex/turtle_drive/src/Turtles/turtle_control/src/turtle_hardware.cpp:114:6:[m[K [01;31m[Kerror: [m[K‘[01m[KTurtleHardware[m[K’ has not been declared
 void TurtleHardware::feedbackCallback_left(const roboteq_msgs::Feedback msg)
[01;32m[K      ^[m[K
[01m[K/home/trex/turtle_drive/src/Turtles/turtle_control/src/turtle_hardware.cpp:[m[K In function ‘[01m[Kvoid feedbackCallback_left(roboteq_msgs::Feedback)[m[K’:
[01m[K/home/trex/turtle_drive/src/Turtles/turtle_control/src/turtle_hardware.cpp:118:39:[m[K [01;31m[Kerror: [m[K‘[01m[Kleft_feedback_msg_mutex_[m[K’ was not declared in this scope
   boost::mutex::scoped_lock left_lock(left_feedback_msg_mutex_);
[01;32m[K                                       ^[m[K
[01m[K/home/trex/turtle_drive/src/Turtles/turtle_control/src/turtle_hardware.cpp:119:3:[m[K [01;31m[Kerror: [m[K‘[01m[Kleft_feedback_msg_[m[K’ was not declared in this scope
   left_feedback_msg_ = msg;
[01;32m[K   ^[m[K
[01m[K/home/trex/turtle_drive/src/Turtles/turtle_control/src/turtle_hardware.cpp:[m[K At global scope:
[01m[K/home/trex/turtle_drive/src/Turtles/turtle_control/src/turtle_hardware.cpp:123:6:[m[K [01;31m[Kerror: [m[K‘[01m[KTurtleHardware[m[K’ has not been declared
 void TurtleHardware::feedbackCallback_right(const roboteq_msgs::Feedback msg)
[01;32m[K      ^[m[K
[01m[K/home/trex/turtle_drive/src/Turtles/turtle_control/src/turtle_hardware.cpp:[m[K In function ‘[01m[Kvoid feedbackCallback_right(roboteq_msgs::Feedback)[m[K’:
[01m[K/home/trex/turtle_drive/src/Turtles/turtle_control/src/turtle_hardware.cpp:127:40:[m[K [01;31m[Kerror: [m[K‘[01m[Kright_feedback_msg_mutex_[m[K’ was not declared in this scope
   boost::mutex::scoped_lock right_lock(right_feedback_msg_mutex_);
[01;32m[K                                        ^[m[K
[01m[K/home/trex/turtle_drive/src/Turtles/turtle_control/src/turtle_hardware.cpp:128:3:[m[K [01;31m[Kerror: [m[K‘[01m[Kright_feedback_msg_[m[K’ was not declared in this scope
   right_feedback_msg_ = msg;
[01;32m[K   ^[m[K
[01m[K/home/trex/turtle_drive/src/Turtles/turtle_control/src/turtle_hardware.cpp:[m[K At global scope:
[01m[K/home/trex/turtle_drive/src/Turtles/turtle_control/src/turtle_hardware.cpp:131:1:[m[K [01;31m[Kerror: [m[Kexpected declaration before ‘[01m[K}[m[K’ token
 }
[01;32m[K ^[m[K
make[2]: *** [CMakeFiles/turtle_control.dir/src/turtle_hardware.cpp.o] Error 1
make[1]: *** [CMakeFiles/turtle_control.dir/all] Error 2
make: *** [all] Error 2
