In file included from [01m[K/home/trex/turtle_drive/src/Turtles/turtle_control/src/turtle_hardware.cpp:35:0[m[K:
[01m[K/home/trex/turtle_drive/src/Turtles/turtle_control/include/turtle_control/turtle_hardware.h:133:14:[m[K [01;31m[Kerror: [m[KISO C++ forbids declaration of ‘[01m[KInsstdev[m[K’ with no type [-fpermissive]
     Insstdev() : roll_dev(0), pitch_dev(0), azimuth_dev(0)
[01;32m[K              ^[m[K
[01m[K/home/trex/turtle_drive/src/Turtles/turtle_control/include/turtle_control/turtle_hardware.h:[m[K In member function ‘[01m[Kint turtle_control::TurtleHardware::InsstdevData::Insstdev()[m[K’:
[01m[K/home/trex/turtle_drive/src/Turtles/turtle_control/include/turtle_control/turtle_hardware.h:133:18:[m[K [01;31m[Kerror: [m[Konly constructors take member initializers
     Insstdev() : roll_dev(0), pitch_dev(0), azimuth_dev(0)
[01;32m[K                  ^[m[K
[01m[K/home/trex/turtle_drive/src/Turtles/turtle_control/src/turtle_hardware.cpp:[m[K In member function ‘[01m[Kvoid turtle_control::TurtleHardware::subscribeToImu()[m[K’:
[01m[K/home/trex/turtle_drive/src/Turtles/turtle_control/src/turtle_hardware.cpp:75:3:[m[K [01;31m[Kerror: [m[K‘[01m[Kdeg2rad[m[K’ was not declared in this scope
   deg2rad = M_PI / 180;
[01;32m[K   ^[m[K
[01m[K/home/trex/turtle_drive/src/Turtles/turtle_control/src/turtle_hardware.cpp:75:3:[m[K [01;36m[Knote: [m[Ksuggested alternative:
In file included from [01m[K/opt/ros/kinetic/include/kdl/frames.hpp:129:0[m[K,
                 from [01m[K/opt/ros/kinetic/include/tf2_geometry_msgs/tf2_geometry_msgs.h:49[m[K,
                 from [01m[K/home/trex/turtle_drive/src/Turtles/turtle_control/include/turtle_control/turtle_hardware.h:49[m[K,
                 from [01m[K/home/trex/turtle_drive/src/Turtles/turtle_control/src/turtle_hardware.cpp:35[m[K:
[01m[K/opt/ros/kinetic/include/kdl/utilities/utility.h:183:21:[m[K [01;36m[Knote: [m[K  ‘[01m[KKDL::deg2rad[m[K’
 extern const double deg2rad;
[01;32m[K                     ^[m[K
[01m[K/home/trex/turtle_drive/src/Turtles/turtle_control/src/turtle_hardware.cpp:92:3:[m[K [01;31m[Kerror: [m[K‘[01m[Kimu[m[K’ was not declared in this scope
   imu.orientation = tf::createQuaternionMsgFromRollPitchYaw(inspva->roll * deg2rad,
[01;32m[K   ^[m[K
[01m[K/home/trex/turtle_drive/src/Turtles/turtle_control/src/turtle_hardware.cpp:92:21:[m[K [01;31m[Kerror: [m[K‘[01m[Ktf[m[K’ has not been declared
   imu.orientation = tf::createQuaternionMsgFromRollPitchYaw(inspva->roll * deg2rad,
[01;32m[K                     ^[m[K
[01m[K/home/trex/turtle_drive/src/Turtles/turtle_control/src/turtle_hardware.cpp:92:61:[m[K [01;31m[Kerror: [m[K‘[01m[Kinspva[m[K’ was not declared in this scope
   imu.orientation = tf::createQuaternionMsgFromRollPitchYaw(inspva->roll * deg2rad,
[01;32m[K                                                             ^[m[K
[01m[K/home/trex/turtle_drive/src/Turtles/turtle_control/src/turtle_hardware.cpp:[m[K In member function ‘[01m[Kvoid turtle_control::TurtleHardware::insstdevCallback(novatel_gps_msgs::Insstdev)[m[K’:
[01m[K/home/trex/turtle_drive/src/Turtles/turtle_control/src/turtle_hardware.cpp:236:41:[m[K [01;31m[Kerror: [m[K‘[01m[Kinsstdev_data_msg_mutex_[m[K’ was not declared in this scope
   boost::mutex::scoped_lock inscov_lock(insstdev_data_msg_mutex_);
[01;32m[K                                         ^[m[K
[01m[K/home/trex/turtle_drive/src/Turtles/turtle_control/src/turtle_hardware.cpp:237:3:[m[K [01;31m[Kerror: [m[K‘[01m[Kinsstdev_data_msg_[m[K’ was not declared in this scope
   insstdev_data_msg_ = msg;
[01;32m[K   ^[m[K
make[2]: *** [CMakeFiles/turtle_control.dir/src/turtle_hardware.cpp.o] Error 1
make[1]: *** [CMakeFiles/turtle_control.dir/all] Error 2
make: *** [all] Error 2
