[01m[K/home/trex/turtle_drive/src/Turtles/turtle_control/src/turtle_hardware.cpp:[m[K In member function ‘[01m[Kvoid turtle_control::TurtleHardware::subscribeToImu()[m[K’:
[01m[K/home/trex/turtle_drive/src/Turtles/turtle_control/src/turtle_hardware.cpp:75:45:[m[K [01;31m[Kerror: [m[K‘[01m[Knovatel_gps_msgs::NovatelCorrectedImuData {aka struct novatel_gps_msgs::NovatelCorrectedImuData_<std::allocator<void> >}[m[K’ has no member named ‘[01m[Kx_accel[m[K’
   corrimu_data_.x_accel = corrimu_data_msg_.x_accel;
[01;32m[K                                             ^[m[K
[01m[K/home/trex/turtle_drive/src/Turtles/turtle_control/src/turtle_hardware.cpp:76:45:[m[K [01;31m[Kerror: [m[K‘[01m[Knovatel_gps_msgs::NovatelCorrectedImuData {aka struct novatel_gps_msgs::NovatelCorrectedImuData_<std::allocator<void> >}[m[K’ has no member named ‘[01m[Ky_accel[m[K’
   corrimu_data_.y_accel = corrimu_data_msg_.y_accel;
[01;32m[K                                             ^[m[K
[01m[K/home/trex/turtle_drive/src/Turtles/turtle_control/src/turtle_hardware.cpp:77:45:[m[K [01;31m[Kerror: [m[K‘[01m[Knovatel_gps_msgs::NovatelCorrectedImuData {aka struct novatel_gps_msgs::NovatelCorrectedImuData_<std::allocator<void> >}[m[K’ has no member named ‘[01m[Kz_accel[m[K’
   corrimu_data_.z_accel = corrimu_data_msg_.z_accel;
[01;32m[K                                             ^[m[K
[01m[K/home/trex/turtle_drive/src/Turtles/turtle_control/src/turtle_hardware.cpp:79:3:[m[K [01;31m[Kerror: [m[K‘[01m[Kinspva_data_[m[K’ was not declared in this scope
   inspva_data_.pitch = inspva_data_msg_.pitch;
[01;32m[K   ^[m[K
[01m[K/home/trex/turtle_drive/src/Turtles/turtle_control/src/turtle_hardware.cpp:81:39:[m[K [01;31m[Kerror: [m[K‘[01m[Knovatel_gps_msgs::Inspva {aka struct novatel_gps_msgs::Inspva_<std::allocator<void> >}[m[K’ has no member named ‘[01m[Kyaw[m[K’
   inspva_data_.yaw = inspva_data_msg_.yaw;
[01;32m[K                                       ^[m[K
[01m[K/home/trex/turtle_drive/src/Turtles/turtle_control/src/turtle_hardware.cpp:[m[K In member function ‘[01m[Kvoid turtle_control::TurtleHardware::corrimuCallback(novatel_gps_msgs::NovatelCorrectedImuData)[m[K’:
[01m[K/home/trex/turtle_drive/src/Turtles/turtle_control/src/turtle_hardware.cpp:134:17:[m[K [01;31m[Kerror: [m[Kno match for ‘[01m[Koperator=[m[K’ (operand types are ‘[01m[Kturtle_control::TurtleHardware::CorrimuData[m[K’ and ‘[01m[Kconst NovatelCorrectedImuData {aka const novatel_gps_msgs::NovatelCorrectedImuData_<std::allocator<void> >}[m[K’)
   corrimu_data_ = msg;
[01;32m[K                 ^[m[K
In file included from [01m[K/home/trex/turtle_drive/src/Turtles/turtle_control/src/turtle_hardware.cpp:35:0[m[K:
[01m[K/home/trex/turtle_drive/src/Turtles/turtle_control/include/turtle_control/turtle_hardware.h:114:10:[m[K [01;36m[Knote: [m[Kcandidate: turtle_control::TurtleHardware::CorrimuData& turtle_control::TurtleHardware::CorrimuData::operator=(const turtle_control::TurtleHardware::CorrimuData&)
   struct CorrimuData
[01;32m[K          ^[m[K
[01m[K/home/trex/turtle_drive/src/Turtles/turtle_control/include/turtle_control/turtle_hardware.h:114:10:[m[K [01;36m[Knote: [m[K  no known conversion for argument 1 from ‘[01m[Kconst NovatelCorrectedImuData {aka const novatel_gps_msgs::NovatelCorrectedImuData_<std::allocator<void> >}[m[K’ to ‘[01m[Kconst turtle_control::TurtleHardware::CorrimuData&[m[K’
[01m[K/home/trex/turtle_drive/src/Turtles/turtle_control/src/turtle_hardware.cpp:[m[K At global scope:
[01m[K/home/trex/turtle_drive/src/Turtles/turtle_control/src/turtle_hardware.cpp:137:62:[m[K [01;31m[Kerror: [m[K‘[01m[KINSPVAX[m[K’ in namespace ‘[01m[Knovatel_gps_msgs[m[K’ does not name a type
 void TurtleHardware::corrimuCallback(const novatel_gps_msgs::INSPVAX msg)
[01;32m[K                                                              ^[m[K
[01m[K/home/trex/turtle_drive/src/Turtles/turtle_control/src/turtle_hardware.cpp:137:6:[m[K [01;31m[Kerror: [m[Kprototype for ‘[01m[Kvoid turtle_control::TurtleHardware::corrimuCallback(int)[m[K’ does not match any in class ‘[01m[Kturtle_control::TurtleHardware[m[K’
 void TurtleHardware::corrimuCallback(const novatel_gps_msgs::INSPVAX msg)
[01;32m[K      ^[m[K
[01m[K/home/trex/turtle_drive/src/Turtles/turtle_control/src/turtle_hardware.cpp:129:6:[m[K [01;31m[Kerror: [m[Kcandidate is: void turtle_control::TurtleHardware::corrimuCallback(novatel_gps_msgs::NovatelCorrectedImuData)
 void TurtleHardware::corrimuCallback(const novatel_gps_msgs::NovatelCorrectedImuData msg)
[01;32m[K      ^[m[K
make[2]: *** [CMakeFiles/turtle_control.dir/src/turtle_hardware.cpp.o] Error 1
make[1]: *** [CMakeFiles/turtle_control.dir/all] Error 2
make: *** [all] Error 2
