Symlinking /home/turtle1/turtle_drive/devel/lib/libturtle_control.so
Symlinking /home/turtle1/turtle_drive/devel/lib/turtle_control/turtle_base
Symlinking /home/turtle1/turtle_drive/devel/lib/turtle_control/teleop_turtle
Symlinking /home/turtle1/turtle_drive/devel/lib/pkgconfig/turtle_control.pc
Symlinking /home/turtle1/turtle_drive/devel/share/turtle_control/cmake/turtle_controlConfig.cmake
Symlinking /home/turtle1/turtle_drive/devel/share/turtle_control/cmake/turtle_controlConfig-version.cmake
Cleaning: (/home/trex/turtle_drive/devel/.private/turtle_control/share/turtle_control/cmake/turtle_controlConfig-version.cmake, /home/trex/turtle_drive/devel/share/turtle_control/cmake/turtle_controlConfig-version.cmake)
Cleaning: (/home/trex/turtle_drive/devel/.private/turtle_control/share/turtle_control/cmake/turtle_controlConfig.cmake, /home/trex/turtle_drive/devel/share/turtle_control/cmake/turtle_controlConfig.cmake)
Cleaning: (/home/trex/turtle_drive/devel/.private/turtle_control/lib/libturtle_control.so, /home/trex/turtle_drive/devel/lib/libturtle_control.so)
Cleaning: (/home/trex/turtle_drive/devel/.private/turtle_control/lib/turtle_control/turtle_base, /home/trex/turtle_drive/devel/lib/turtle_control/turtle_base)
Cleaning: (/home/trex/turtle_drive/devel/.private/turtle_control/lib/turtle_control/teleop_turtle, /home/trex/turtle_drive/devel/lib/turtle_control/teleop_turtle)
Cleaning: (/home/trex/turtle_drive/devel/.private/turtle_control/lib/pkgconfig/turtle_control.pc, /home/trex/turtle_drive/devel/lib/pkgconfig/turtle_control.pc)
Unlinking: /home/trex/turtle_drive/devel/share/turtle_control/cmake/turtle_controlConfig-version.cmake
Already unlinked: {}
Unlinking: /home/trex/turtle_drive/devel/share/turtle_control/cmake/turtle_controlConfig.cmake
Already unlinked: {}
Unlinking: /home/trex/turtle_drive/devel/lib/libturtle_control.so
Already unlinked: {}
Unlinking: /home/trex/turtle_drive/devel/lib/turtle_control/turtle_base
Already unlinked: {}
Unlinking: /home/trex/turtle_drive/devel/lib/turtle_control/teleop_turtle
Already unlinked: {}
Unlinking: /home/trex/turtle_drive/devel/lib/pkgconfig/turtle_control.pc
Already unlinked: {}
