[01m[K/home/trex/turtle_drive/src/Turtles/turtle_control/src/turtle_hardware.cpp:[m[K In constructor ‘[01m[Kturtle_control::TurtleHardware::TurtleHardware()[m[K’:
[01m[K/home/trex/turtle_drive/src/Turtles/turtle_control/src/turtle_hardware.cpp:62:3:[m[K [01;31m[Kerror: [m[K‘[01m[Kcorrimudata_sub_[m[K’ was not declared in this scope
   corrimudata_sub_ = nh_.subscribe("/corrimudata", 1, &TurtleHardware::corrimudataCallback, this);
[01;32m[K   ^[m[K
[01m[K/home/trex/turtle_drive/src/Turtles/turtle_control/src/turtle_hardware.cpp:[m[K In member function ‘[01m[Kvoid turtle_control::TurtleHardware::subscribeToImu()[m[K’:
[01m[K/home/trex/turtle_drive/src/Turtles/turtle_control/src/turtle_hardware.cpp:75:43:[m[K [01;31m[Kerror: [m[K‘[01m[Knovatel_gps_msgs::NovatelCorrectedImuData {aka struct novatel_gps_msgs::NovatelCorrectedImuData_<std::allocator<void> >}[m[K’ has no member named ‘[01m[Kx_accel[m[K’
   corrimudata_.x_accel = corrimudata_msg_.x_accel;
[01;32m[K                                           ^[m[K
[01m[K/home/trex/turtle_drive/src/Turtles/turtle_control/src/turtle_hardware.cpp:76:43:[m[K [01;31m[Kerror: [m[K‘[01m[Knovatel_gps_msgs::NovatelCorrectedImuData {aka struct novatel_gps_msgs::NovatelCorrectedImuData_<std::allocator<void> >}[m[K’ has no member named ‘[01m[Ky_accel[m[K’
   corrimudata_.y_accel = corrimudata_msg_.y_accel;
[01;32m[K                                           ^[m[K
[01m[K/home/trex/turtle_drive/src/Turtles/turtle_control/src/turtle_hardware.cpp:77:43:[m[K [01;31m[Kerror: [m[K‘[01m[Knovatel_gps_msgs::NovatelCorrectedImuData {aka struct novatel_gps_msgs::NovatelCorrectedImuData_<std::allocator<void> >}[m[K’ has no member named ‘[01m[Kz_accel[m[K’
   corrimudata_.z_accel = corrimudata_msg_.z_accel;
[01;32m[K                                           ^[m[K
[01m[K/home/trex/turtle_drive/src/Turtles/turtle_control/src/turtle_hardware.cpp:79:3:[m[K [01;31m[Kerror: [m[K‘[01m[Kinspva_data_[m[K’ was not declared in this scope
   inspva_data_.pitch = inspva_data_msg_.pitch;
[01;32m[K   ^[m[K
[01m[K/home/trex/turtle_drive/src/Turtles/turtle_control/src/turtle_hardware.cpp:81:39:[m[K [01;31m[Kerror: [m[K‘[01m[Knovatel_gps_msgs::Inspva {aka struct novatel_gps_msgs::Inspva_<std::allocator<void> >}[m[K’ has no member named ‘[01m[Kyaw[m[K’
   inspva_data_.yaw = inspva_data_msg_.yaw;
[01;32m[K                                       ^[m[K
[01m[K/home/trex/turtle_drive/src/Turtles/turtle_control/src/turtle_hardware.cpp:[m[K At global scope:
[01m[K/home/trex/turtle_drive/src/Turtles/turtle_control/src/turtle_hardware.cpp:129:89:[m[K [01;31m[Kerror: [m[Kno ‘[01m[Kvoid turtle_control::TurtleHardware::corrimuCallback(novatel_gps_msgs::NovatelCorrectedImuData)[m[K’ member function declared in class ‘[01m[Kturtle_control::TurtleHardware[m[K’
 void TurtleHardware::corrimuCallback(const novatel_gps_msgs::NovatelCorrectedImuData msg)
[01;32m[K                                                                                         ^[m[K
make[2]: *** [CMakeFiles/turtle_control.dir/src/turtle_hardware.cpp.o] Error 1
make[1]: *** [CMakeFiles/turtle_control.dir/all] Error 2
make: *** [all] Error 2
