In file included from [01m[K/home/trex/turtle_drive/src/Turtles/turtle_control/src/turtle_hardware.cpp:35:0[m[K:
[01m[K/home/trex/turtle_drive/src/Turtles/turtle_control/include/turtle_control/turtle_hardware.h:92:28:[m[K [01;31m[Kerror: [m[K‘[01m[Ksensor_interface[m[K’ has not been declared
 class ImuFeedback : public sensor_interface::Imu
[01;32m[K                            ^[m[K
[01m[K/home/trex/turtle_drive/src/Turtles/turtle_control/include/turtle_control/turtle_hardware.h:92:46:[m[K [01;31m[Kerror: [m[Kexpected ‘[01m[K{[m[K’ before ‘[01m[KImu[m[K’
 class ImuFeedback : public sensor_interface::Imu
[01;32m[K                                              ^[m[K
[01m[K/home/trex/turtle_drive/src/Turtles/turtle_control/include/turtle_control/turtle_hardware.h:93:1:[m[K [01;35m[Kwarning: [m[Kextended initializer lists only available with -std=c++11 or -std=gnu++11
 {
[01;32m[K ^[m[K
[01m[K/home/trex/turtle_drive/src/Turtles/turtle_control/include/turtle_control/turtle_hardware.h:94:1:[m[K [01;31m[Kerror: [m[Kexpected primary-expression before ‘[01m[Kpublic[m[K’
 public:
[01;32m[K ^[m[K
[01m[K/home/trex/turtle_drive/src/Turtles/turtle_control/include/turtle_control/turtle_hardware.h:94:1:[m[K [01;31m[Kerror: [m[Kexpected ‘[01m[K}[m[K’ before ‘[01m[Kpublic[m[K’
[01m[K/home/trex/turtle_drive/src/Turtles/turtle_control/include/turtle_control/turtle_hardware.h:94:1:[m[K [01;31m[Kerror: [m[Kexpected ‘[01m[K,[m[K’ or ‘[01m[K;[m[K’ before ‘[01m[Kpublic[m[K’
[01m[K/home/trex/turtle_drive/src/Turtles/turtle_control/include/turtle_control/turtle_hardware.h:107:1:[m[K [01;31m[Kerror: [m[Kexpected declaration before ‘[01m[K}[m[K’ token
 }
[01;32m[K ^[m[K
make[2]: *** [CMakeFiles/turtle_control.dir/src/turtle_hardware.cpp.o] Error 1
make[1]: *** [CMakeFiles/turtle_control.dir/all] Error 2
make: *** [all] Error 2
