Determining if the pthread_create exist failed with the following output:
Change Dir: /home/base/turtle_drive/build_isolated/hector_geotiff/CMakeFiles/CMakeTmp

Run Build Command:"/usr/bin/make" "cmTC_bc6a2/fast"
/usr/bin/make -f CMakeFiles/cmTC_bc6a2.dir/build.make CMakeFiles/cmTC_bc6a2.dir/build
make[1]: Entering directory '/home/base/turtle_drive/build_isolated/hector_geotiff/CMakeFiles/CMakeTmp'
Building C object CMakeFiles/cmTC_bc6a2.dir/CheckSymbolExists.c.o
/usr/bin/cc     -o CMakeFiles/cmTC_bc6a2.dir/CheckSymbolExists.c.o   -c /home/base/turtle_drive/build_isolated/hector_geotiff/CMakeFiles/CMakeTmp/CheckSymbolExists.c
Linking C executable cmTC_bc6a2
/usr/bin/cmake -E cmake_link_script CMakeFiles/cmTC_bc6a2.dir/link.txt --verbose=1
/usr/bin/cc       CMakeFiles/cmTC_bc6a2.dir/CheckSymbolExists.c.o  -o cmTC_bc6a2 -rdynamic 
CMakeFiles/cmTC_bc6a2.dir/CheckSymbolExists.c.o: In function `main':
CheckSymbolExists.c:(.text+0x16): undefined reference to `pthread_create'
collect2: error: ld returned 1 exit status
CMakeFiles/cmTC_bc6a2.dir/build.make:97: recipe for target 'cmTC_bc6a2' failed
make[1]: *** [cmTC_bc6a2] Error 1
make[1]: Leaving directory '/home/base/turtle_drive/build_isolated/hector_geotiff/CMakeFiles/CMakeTmp'
Makefile:126: recipe for target 'cmTC_bc6a2/fast' failed
make: *** [cmTC_bc6a2/fast] Error 2

File /home/base/turtle_drive/build_isolated/hector_geotiff/CMakeFiles/CMakeTmp/CheckSymbolExists.c:
/* */
#include <pthread.h>

int main(int argc, char** argv)
{
  (void)argv;
#ifndef pthread_create
  return ((int*)(&pthread_create))[argc];
#else
  (void)argc;
  return 0;
#endif
}

Determining if the function pthread_create exists in the pthreads failed with the following output:
Change Dir: /home/base/turtle_drive/build_isolated/hector_geotiff/CMakeFiles/CMakeTmp

Run Build Command:"/usr/bin/make" "cmTC_83e2a/fast"
/usr/bin/make -f CMakeFiles/cmTC_83e2a.dir/build.make CMakeFiles/cmTC_83e2a.dir/build
make[1]: Entering directory '/home/base/turtle_drive/build_isolated/hector_geotiff/CMakeFiles/CMakeTmp'
Building C object CMakeFiles/cmTC_83e2a.dir/CheckFunctionExists.c.o
/usr/bin/cc    -DCHECK_FUNCTION_EXISTS=pthread_create   -o CMakeFiles/cmTC_83e2a.dir/CheckFunctionExists.c.o   -c /usr/share/cmake-3.5/Modules/CheckFunctionExists.c
Linking C executable cmTC_83e2a
/usr/bin/cmake -E cmake_link_script CMakeFiles/cmTC_83e2a.dir/link.txt --verbose=1
/usr/bin/cc   -DCHECK_FUNCTION_EXISTS=pthread_create    CMakeFiles/cmTC_83e2a.dir/CheckFunctionExists.c.o  -o cmTC_83e2a -rdynamic -lpthreads 
/usr/bin/ld: cannot find -lpthreads
collect2: error: ld returned 1 exit status
CMakeFiles/cmTC_83e2a.dir/build.make:97: recipe for target 'cmTC_83e2a' failed
make[1]: *** [cmTC_83e2a] Error 1
make[1]: Leaving directory '/home/base/turtle_drive/build_isolated/hector_geotiff/CMakeFiles/CMakeTmp'
Makefile:126: recipe for target 'cmTC_83e2a/fast' failed
make: *** [cmTC_83e2a/fast] Error 2


Determining if the Q_WS_WIN exist failed with the following output:
Change Dir: /home/base/turtle_drive/build_isolated/hector_geotiff/CMakeFiles/CMakeTmp

Run Build Command:"/usr/bin/make" "cmTC_689e8/fast"
/usr/bin/make -f CMakeFiles/cmTC_689e8.dir/build.make CMakeFiles/cmTC_689e8.dir/build
make[1]: Entering directory '/home/base/turtle_drive/build_isolated/hector_geotiff/CMakeFiles/CMakeTmp'
Building CXX object CMakeFiles/cmTC_689e8.dir/CheckSymbolExists.cxx.o
/usr/bin/c++    -I/usr/include/qt4   -o CMakeFiles/cmTC_689e8.dir/CheckSymbolExists.cxx.o -c /home/base/turtle_drive/build_isolated/hector_geotiff/CMakeFiles/CMakeTmp/CheckSymbolExists.cxx
/home/base/turtle_drive/build_isolated/hector_geotiff/CMakeFiles/CMakeTmp/CheckSymbolExists.cxx: In function ‘int main(int, char**)’:
/home/base/turtle_drive/build_isolated/hector_geotiff/CMakeFiles/CMakeTmp/CheckSymbolExists.cxx:8:19: error: ‘Q_WS_WIN’ was not declared in this scope
   return ((int*)(&Q_WS_WIN))[argc];
                   ^
CMakeFiles/cmTC_689e8.dir/build.make:65: recipe for target 'CMakeFiles/cmTC_689e8.dir/CheckSymbolExists.cxx.o' failed
make[1]: *** [CMakeFiles/cmTC_689e8.dir/CheckSymbolExists.cxx.o] Error 1
make[1]: Leaving directory '/home/base/turtle_drive/build_isolated/hector_geotiff/CMakeFiles/CMakeTmp'
Makefile:126: recipe for target 'cmTC_689e8/fast' failed
make: *** [cmTC_689e8/fast] Error 2

File /home/base/turtle_drive/build_isolated/hector_geotiff/CMakeFiles/CMakeTmp/CheckSymbolExists.cxx:
/* */
#include <QtCore/qglobal.h>

int main(int argc, char** argv)
{
  (void)argv;
#ifndef Q_WS_WIN
  return ((int*)(&Q_WS_WIN))[argc];
#else
  (void)argc;
  return 0;
#endif
}

Determining if the Q_WS_QWS exist failed with the following output:
Change Dir: /home/base/turtle_drive/build_isolated/hector_geotiff/CMakeFiles/CMakeTmp

Run Build Command:"/usr/bin/make" "cmTC_e86cc/fast"
/usr/bin/make -f CMakeFiles/cmTC_e86cc.dir/build.make CMakeFiles/cmTC_e86cc.dir/build
make[1]: Entering directory '/home/base/turtle_drive/build_isolated/hector_geotiff/CMakeFiles/CMakeTmp'
Building CXX object CMakeFiles/cmTC_e86cc.dir/CheckSymbolExists.cxx.o
/usr/bin/c++    -I/usr/include/qt4   -o CMakeFiles/cmTC_e86cc.dir/CheckSymbolExists.cxx.o -c /home/base/turtle_drive/build_isolated/hector_geotiff/CMakeFiles/CMakeTmp/CheckSymbolExists.cxx
/home/base/turtle_drive/build_isolated/hector_geotiff/CMakeFiles/CMakeTmp/CheckSymbolExists.cxx: In function ‘int main(int, char**)’:
/home/base/turtle_drive/build_isolated/hector_geotiff/CMakeFiles/CMakeTmp/CheckSymbolExists.cxx:8:19: error: ‘Q_WS_QWS’ was not declared in this scope
   return ((int*)(&Q_WS_QWS))[argc];
                   ^
CMakeFiles/cmTC_e86cc.dir/build.make:65: recipe for target 'CMakeFiles/cmTC_e86cc.dir/CheckSymbolExists.cxx.o' failed
make[1]: *** [CMakeFiles/cmTC_e86cc.dir/CheckSymbolExists.cxx.o] Error 1
make[1]: Leaving directory '/home/base/turtle_drive/build_isolated/hector_geotiff/CMakeFiles/CMakeTmp'
Makefile:126: recipe for target 'cmTC_e86cc/fast' failed
make: *** [cmTC_e86cc/fast] Error 2

File /home/base/turtle_drive/build_isolated/hector_geotiff/CMakeFiles/CMakeTmp/CheckSymbolExists.cxx:
/* */
#include <QtCore/qglobal.h>

int main(int argc, char** argv)
{
  (void)argv;
#ifndef Q_WS_QWS
  return ((int*)(&Q_WS_QWS))[argc];
#else
  (void)argc;
  return 0;
#endif
}

Determining if the Q_WS_MAC exist failed with the following output:
Change Dir: /home/base/turtle_drive/build_isolated/hector_geotiff/CMakeFiles/CMakeTmp

Run Build Command:"/usr/bin/make" "cmTC_76202/fast"
/usr/bin/make -f CMakeFiles/cmTC_76202.dir/build.make CMakeFiles/cmTC_76202.dir/build
make[1]: Entering directory '/home/base/turtle_drive/build_isolated/hector_geotiff/CMakeFiles/CMakeTmp'
Building CXX object CMakeFiles/cmTC_76202.dir/CheckSymbolExists.cxx.o
/usr/bin/c++    -I/usr/include/qt4   -o CMakeFiles/cmTC_76202.dir/CheckSymbolExists.cxx.o -c /home/base/turtle_drive/build_isolated/hector_geotiff/CMakeFiles/CMakeTmp/CheckSymbolExists.cxx
/home/base/turtle_drive/build_isolated/hector_geotiff/CMakeFiles/CMakeTmp/CheckSymbolExists.cxx: In function ‘int main(int, char**)’:
/home/base/turtle_drive/build_isolated/hector_geotiff/CMakeFiles/CMakeTmp/CheckSymbolExists.cxx:8:19: error: ‘Q_WS_MAC’ was not declared in this scope
   return ((int*)(&Q_WS_MAC))[argc];
                   ^
CMakeFiles/cmTC_76202.dir/build.make:65: recipe for target 'CMakeFiles/cmTC_76202.dir/CheckSymbolExists.cxx.o' failed
make[1]: *** [CMakeFiles/cmTC_76202.dir/CheckSymbolExists.cxx.o] Error 1
make[1]: Leaving directory '/home/base/turtle_drive/build_isolated/hector_geotiff/CMakeFiles/CMakeTmp'
Makefile:126: recipe for target 'cmTC_76202/fast' failed
make: *** [cmTC_76202/fast] Error 2

File /home/base/turtle_drive/build_isolated/hector_geotiff/CMakeFiles/CMakeTmp/CheckSymbolExists.cxx:
/* */
#include <QtCore/qglobal.h>

int main(int argc, char** argv)
{
  (void)argv;
#ifndef Q_WS_MAC
  return ((int*)(&Q_WS_MAC))[argc];
#else
  (void)argc;
  return 0;
#endif
}

