Determining if the pthread_create exist failed with the following output:
Change Dir: /home/trex/turtle_drive/build/urg_c/CMakeFiles/CMakeTmp

Run Build Command:"/usr/bin/make" "cmTC_69926/fast"
/usr/bin/make -f CMakeFiles/cmTC_69926.dir/build.make CMakeFiles/cmTC_69926.dir/build
make[1]: Entering directory '/home/trex/turtle_drive/build/urg_c/CMakeFiles/CMakeTmp'
Building C object CMakeFiles/cmTC_69926.dir/CheckSymbolExists.c.o
/usr/bin/cc     -o CMakeFiles/cmTC_69926.dir/CheckSymbolExists.c.o   -c /home/trex/turtle_drive/build/urg_c/CMakeFiles/CMakeTmp/CheckSymbolExists.c
Linking C executable cmTC_69926
/usr/bin/cmake -E cmake_link_script CMakeFiles/cmTC_69926.dir/link.txt --verbose=1
/usr/bin/cc       CMakeFiles/cmTC_69926.dir/CheckSymbolExists.c.o  -o cmTC_69926 -rdynamic 
CMakeFiles/cmTC_69926.dir/CheckSymbolExists.c.o: In function `main':
CheckSymbolExists.c:(.text+0xa): undefined reference to `pthread_create'
collect2: error: ld returned 1 exit status
CMakeFiles/cmTC_69926.dir/build.make:97: recipe for target 'cmTC_69926' failed
make[1]: *** [cmTC_69926] Error 1
make[1]: Leaving directory '/home/trex/turtle_drive/build/urg_c/CMakeFiles/CMakeTmp'
Makefile:126: recipe for target 'cmTC_69926/fast' failed
make: *** [cmTC_69926/fast] Error 2

File /home/trex/turtle_drive/build/urg_c/CMakeFiles/CMakeTmp/CheckSymbolExists.c:
/* */
#include <pthread.h>

int main(int argc, char** argv)
{
  (void)argv;
#ifndef pthread_create
  return ((int*)(&pthread_create))[argc];
#else
  (void)argc;
  return 0;
#endif
}

Determining if the function pthread_create exists in the pthreads failed with the following output:
Change Dir: /home/trex/turtle_drive/build/urg_c/CMakeFiles/CMakeTmp

Run Build Command:"/usr/bin/make" "cmTC_5b7f4/fast"
/usr/bin/make -f CMakeFiles/cmTC_5b7f4.dir/build.make CMakeFiles/cmTC_5b7f4.dir/build
make[1]: Entering directory '/home/trex/turtle_drive/build/urg_c/CMakeFiles/CMakeTmp'
Building C object CMakeFiles/cmTC_5b7f4.dir/CheckFunctionExists.c.o
/usr/bin/cc    -DCHECK_FUNCTION_EXISTS=pthread_create   -o CMakeFiles/cmTC_5b7f4.dir/CheckFunctionExists.c.o   -c /usr/share/cmake-3.5/Modules/CheckFunctionExists.c
Linking C executable cmTC_5b7f4
/usr/bin/cmake -E cmake_link_script CMakeFiles/cmTC_5b7f4.dir/link.txt --verbose=1
/usr/bin/cc   -DCHECK_FUNCTION_EXISTS=pthread_create    CMakeFiles/cmTC_5b7f4.dir/CheckFunctionExists.c.o  -o cmTC_5b7f4 -rdynamic -lpthreads 
/usr/bin/ld: cannot find -lpthreads
collect2: error: ld returned 1 exit status
CMakeFiles/cmTC_5b7f4.dir/build.make:97: recipe for target 'cmTC_5b7f4' failed
make[1]: *** [cmTC_5b7f4] Error 1
make[1]: Leaving directory '/home/trex/turtle_drive/build/urg_c/CMakeFiles/CMakeTmp'
Makefile:126: recipe for target 'cmTC_5b7f4/fast' failed
make: *** [cmTC_5b7f4/fast] Error 2


