Determining if the pthread_create exist failed with the following output:
Change Dir: /home/sena/turtle_drive/build/hector_map_server/CMakeFiles/CMakeTmp

Run Build Command:"/usr/bin/make" "cmTC_81bb3/fast"
/usr/bin/make -f CMakeFiles/cmTC_81bb3.dir/build.make CMakeFiles/cmTC_81bb3.dir/build
make[1]: Entering directory '/home/sena/turtle_drive/build/hector_map_server/CMakeFiles/CMakeTmp'
Building C object CMakeFiles/cmTC_81bb3.dir/CheckSymbolExists.c.o
/usr/bin/cc     -o CMakeFiles/cmTC_81bb3.dir/CheckSymbolExists.c.o   -c /home/sena/turtle_drive/build/hector_map_server/CMakeFiles/CMakeTmp/CheckSymbolExists.c
Linking C executable cmTC_81bb3
/usr/bin/cmake -E cmake_link_script CMakeFiles/cmTC_81bb3.dir/link.txt --verbose=1
/usr/bin/cc       CMakeFiles/cmTC_81bb3.dir/CheckSymbolExists.c.o  -o cmTC_81bb3 -rdynamic 
CMakeFiles/cmTC_81bb3.dir/CheckSymbolExists.c.o: In function `main':
CheckSymbolExists.c:(.text+0x16): undefined reference to `pthread_create'
collect2: error: ld returned 1 exit status
CMakeFiles/cmTC_81bb3.dir/build.make:97: recipe for target 'cmTC_81bb3' failed
make[1]: *** [cmTC_81bb3] Error 1
make[1]: Leaving directory '/home/sena/turtle_drive/build/hector_map_server/CMakeFiles/CMakeTmp'
Makefile:126: recipe for target 'cmTC_81bb3/fast' failed
make: *** [cmTC_81bb3/fast] Error 2

File /home/sena/turtle_drive/build/hector_map_server/CMakeFiles/CMakeTmp/CheckSymbolExists.c:
/* */
#include <pthread.h>

int main(int argc, char** argv)
{
  (void)argv;
#ifndef pthread_create
  return ((int*)(&pthread_create))[argc];
#else
  (void)argc;
  return 0;
#endif
}

Determining if the function pthread_create exists in the pthreads failed with the following output:
Change Dir: /home/sena/turtle_drive/build/hector_map_server/CMakeFiles/CMakeTmp

Run Build Command:"/usr/bin/make" "cmTC_28205/fast"
/usr/bin/make -f CMakeFiles/cmTC_28205.dir/build.make CMakeFiles/cmTC_28205.dir/build
make[1]: Entering directory '/home/sena/turtle_drive/build/hector_map_server/CMakeFiles/CMakeTmp'
Building C object CMakeFiles/cmTC_28205.dir/CheckFunctionExists.c.o
/usr/bin/cc    -DCHECK_FUNCTION_EXISTS=pthread_create   -o CMakeFiles/cmTC_28205.dir/CheckFunctionExists.c.o   -c /usr/share/cmake-3.5/Modules/CheckFunctionExists.c
Linking C executable cmTC_28205
/usr/bin/cmake -E cmake_link_script CMakeFiles/cmTC_28205.dir/link.txt --verbose=1
/usr/bin/cc   -DCHECK_FUNCTION_EXISTS=pthread_create    CMakeFiles/cmTC_28205.dir/CheckFunctionExists.c.o  -o cmTC_28205 -rdynamic -lpthreads 
/usr/bin/ld: cannot find -lpthreads
collect2: error: ld returned 1 exit status
CMakeFiles/cmTC_28205.dir/build.make:97: recipe for target 'cmTC_28205' failed
make[1]: *** [cmTC_28205] Error 1
make[1]: Leaving directory '/home/sena/turtle_drive/build/hector_map_server/CMakeFiles/CMakeTmp'
Makefile:126: recipe for target 'cmTC_28205/fast' failed
make: *** [cmTC_28205/fast] Error 2


