Determining if the pthread_create exist failed with the following output:
Change Dir: /home/trex/turtle_drive/build/roboteq_diagnostics/CMakeFiles/CMakeTmp

Run Build Command:"/usr/bin/make" "cmTC_ebca9/fast"
/usr/bin/make -f CMakeFiles/cmTC_ebca9.dir/build.make CMakeFiles/cmTC_ebca9.dir/build
make[1]: Entering directory '/home/trex/turtle_drive/build/roboteq_diagnostics/CMakeFiles/CMakeTmp'
Building C object CMakeFiles/cmTC_ebca9.dir/CheckSymbolExists.c.o
/usr/bin/cc     -o CMakeFiles/cmTC_ebca9.dir/CheckSymbolExists.c.o   -c /home/trex/turtle_drive/build/roboteq_diagnostics/CMakeFiles/CMakeTmp/CheckSymbolExists.c
Linking C executable cmTC_ebca9
/usr/bin/cmake -E cmake_link_script CMakeFiles/cmTC_ebca9.dir/link.txt --verbose=1
/usr/bin/cc       CMakeFiles/cmTC_ebca9.dir/CheckSymbolExists.c.o  -o cmTC_ebca9 -rdynamic 
CMakeFiles/cmTC_ebca9.dir/CheckSymbolExists.c.o: In function `main':
CheckSymbolExists.c:(.text+0xa): undefined reference to `pthread_create'
collect2: error: ld returned 1 exit status
CMakeFiles/cmTC_ebca9.dir/build.make:97: recipe for target 'cmTC_ebca9' failed
make[1]: *** [cmTC_ebca9] Error 1
make[1]: Leaving directory '/home/trex/turtle_drive/build/roboteq_diagnostics/CMakeFiles/CMakeTmp'
Makefile:126: recipe for target 'cmTC_ebca9/fast' failed
make: *** [cmTC_ebca9/fast] Error 2

File /home/trex/turtle_drive/build/roboteq_diagnostics/CMakeFiles/CMakeTmp/CheckSymbolExists.c:
/* */
#include <pthread.h>

int main(int argc, char** argv)
{
  (void)argv;
#ifndef pthread_create
  return ((int*)(&pthread_create))[argc];
#else
  (void)argc;
  return 0;
#endif
}

Determining if the function pthread_create exists in the pthreads failed with the following output:
Change Dir: /home/trex/turtle_drive/build/roboteq_diagnostics/CMakeFiles/CMakeTmp

Run Build Command:"/usr/bin/make" "cmTC_c67ae/fast"
/usr/bin/make -f CMakeFiles/cmTC_c67ae.dir/build.make CMakeFiles/cmTC_c67ae.dir/build
make[1]: Entering directory '/home/trex/turtle_drive/build/roboteq_diagnostics/CMakeFiles/CMakeTmp'
Building C object CMakeFiles/cmTC_c67ae.dir/CheckFunctionExists.c.o
/usr/bin/cc    -DCHECK_FUNCTION_EXISTS=pthread_create   -o CMakeFiles/cmTC_c67ae.dir/CheckFunctionExists.c.o   -c /usr/share/cmake-3.5/Modules/CheckFunctionExists.c
Linking C executable cmTC_c67ae
/usr/bin/cmake -E cmake_link_script CMakeFiles/cmTC_c67ae.dir/link.txt --verbose=1
/usr/bin/cc   -DCHECK_FUNCTION_EXISTS=pthread_create    CMakeFiles/cmTC_c67ae.dir/CheckFunctionExists.c.o  -o cmTC_c67ae -rdynamic -lpthreads 
/usr/bin/ld: cannot find -lpthreads
collect2: error: ld returned 1 exit status
CMakeFiles/cmTC_c67ae.dir/build.make:97: recipe for target 'cmTC_c67ae' failed
make[1]: *** [cmTC_c67ae] Error 1
make[1]: Leaving directory '/home/trex/turtle_drive/build/roboteq_diagnostics/CMakeFiles/CMakeTmp'
Makefile:126: recipe for target 'cmTC_c67ae/fast' failed
make: *** [cmTC_c67ae/fast] Error 2


