Determining if the pthread_create exist failed with the following output:
Change Dir: /home/nishanth/TurtleStuff/turtle_drive/build_isolated/laser_proc/CMakeFiles/CMakeTmp

Run Build Command:"/usr/bin/make" "cmTC_2a9f2/fast"
/usr/bin/make -f CMakeFiles/cmTC_2a9f2.dir/build.make CMakeFiles/cmTC_2a9f2.dir/build
make[1]: Entering directory '/home/nishanth/TurtleStuff/turtle_drive/build_isolated/laser_proc/CMakeFiles/CMakeTmp'
Building C object CMakeFiles/cmTC_2a9f2.dir/CheckSymbolExists.c.o
/usr/bin/cc     -o CMakeFiles/cmTC_2a9f2.dir/CheckSymbolExists.c.o   -c /home/nishanth/TurtleStuff/turtle_drive/build_isolated/laser_proc/CMakeFiles/CMakeTmp/CheckSymbolExists.c
Linking C executable cmTC_2a9f2
/usr/bin/cmake -E cmake_link_script CMakeFiles/cmTC_2a9f2.dir/link.txt --verbose=1
/usr/bin/cc       CMakeFiles/cmTC_2a9f2.dir/CheckSymbolExists.c.o  -o cmTC_2a9f2 -rdynamic 
CMakeFiles/cmTC_2a9f2.dir/CheckSymbolExists.c.o: In function `main':
CheckSymbolExists.c:(.text+0x16): undefined reference to `pthread_create'
collect2: error: ld returned 1 exit status
CMakeFiles/cmTC_2a9f2.dir/build.make:97: recipe for target 'cmTC_2a9f2' failed
make[1]: *** [cmTC_2a9f2] Error 1
make[1]: Leaving directory '/home/nishanth/TurtleStuff/turtle_drive/build_isolated/laser_proc/CMakeFiles/CMakeTmp'
Makefile:126: recipe for target 'cmTC_2a9f2/fast' failed
make: *** [cmTC_2a9f2/fast] Error 2

File /home/nishanth/TurtleStuff/turtle_drive/build_isolated/laser_proc/CMakeFiles/CMakeTmp/CheckSymbolExists.c:
/* */
#include <pthread.h>

int main(int argc, char** argv)
{
  (void)argv;
#ifndef pthread_create
  return ((int*)(&pthread_create))[argc];
#else
  (void)argc;
  return 0;
#endif
}

Determining if the function pthread_create exists in the pthreads failed with the following output:
Change Dir: /home/nishanth/TurtleStuff/turtle_drive/build_isolated/laser_proc/CMakeFiles/CMakeTmp

Run Build Command:"/usr/bin/make" "cmTC_325ef/fast"
/usr/bin/make -f CMakeFiles/cmTC_325ef.dir/build.make CMakeFiles/cmTC_325ef.dir/build
make[1]: Entering directory '/home/nishanth/TurtleStuff/turtle_drive/build_isolated/laser_proc/CMakeFiles/CMakeTmp'
Building C object CMakeFiles/cmTC_325ef.dir/CheckFunctionExists.c.o
/usr/bin/cc    -DCHECK_FUNCTION_EXISTS=pthread_create   -o CMakeFiles/cmTC_325ef.dir/CheckFunctionExists.c.o   -c /usr/share/cmake-3.5/Modules/CheckFunctionExists.c
Linking C executable cmTC_325ef
/usr/bin/cmake -E cmake_link_script CMakeFiles/cmTC_325ef.dir/link.txt --verbose=1
/usr/bin/cc   -DCHECK_FUNCTION_EXISTS=pthread_create    CMakeFiles/cmTC_325ef.dir/CheckFunctionExists.c.o  -o cmTC_325ef -rdynamic -lpthreads 
/usr/bin/ld: cannot find -lpthreads
collect2: error: ld returned 1 exit status
CMakeFiles/cmTC_325ef.dir/build.make:97: recipe for target 'cmTC_325ef' failed
make[1]: *** [cmTC_325ef] Error 1
make[1]: Leaving directory '/home/nishanth/TurtleStuff/turtle_drive/build_isolated/laser_proc/CMakeFiles/CMakeTmp'
Makefile:126: recipe for target 'cmTC_325ef/fast' failed
make: *** [cmTC_325ef/fast] Error 2


