Determining if the pthread_create exist failed with the following output:
Change Dir: /home/trex/turtle_drive/build/turtle_control/CMakeFiles/CMakeTmp

<<<<<<< HEAD
Run Build Command:"/usr/bin/make" "cmTC_e2a92/fast"
/usr/bin/make -f CMakeFiles/cmTC_e2a92.dir/build.make CMakeFiles/cmTC_e2a92.dir/build
make[1]: Entering directory '/home/sena/turtle_drive/build/turtle_control/CMakeFiles/CMakeTmp'
Building C object CMakeFiles/cmTC_e2a92.dir/CheckSymbolExists.c.o
/usr/bin/cc     -o CMakeFiles/cmTC_e2a92.dir/CheckSymbolExists.c.o   -c /home/sena/turtle_drive/build/turtle_control/CMakeFiles/CMakeTmp/CheckSymbolExists.c
Linking C executable cmTC_e2a92
/usr/bin/cmake -E cmake_link_script CMakeFiles/cmTC_e2a92.dir/link.txt --verbose=1
/usr/bin/cc       CMakeFiles/cmTC_e2a92.dir/CheckSymbolExists.c.o  -o cmTC_e2a92 -rdynamic 
CMakeFiles/cmTC_e2a92.dir/CheckSymbolExists.c.o: In function `main':
CheckSymbolExists.c:(.text+0x16): undefined reference to `pthread_create'
collect2: error: ld returned 1 exit status
CMakeFiles/cmTC_e2a92.dir/build.make:97: recipe for target 'cmTC_e2a92' failed
make[1]: *** [cmTC_e2a92] Error 1
make[1]: Leaving directory '/home/sena/turtle_drive/build/turtle_control/CMakeFiles/CMakeTmp'
Makefile:126: recipe for target 'cmTC_e2a92/fast' failed
make: *** [cmTC_e2a92/fast] Error 2
=======
Run Build Command:"/usr/bin/make" "cmTC_46ea8/fast"
/usr/bin/make -f CMakeFiles/cmTC_46ea8.dir/build.make CMakeFiles/cmTC_46ea8.dir/build
make[1]: Entering directory '/home/trex/turtle_drive/build/turtle_control/CMakeFiles/CMakeTmp'
Building C object CMakeFiles/cmTC_46ea8.dir/CheckSymbolExists.c.o
/usr/bin/cc     -o CMakeFiles/cmTC_46ea8.dir/CheckSymbolExists.c.o   -c /home/trex/turtle_drive/build/turtle_control/CMakeFiles/CMakeTmp/CheckSymbolExists.c
Linking C executable cmTC_46ea8
/usr/bin/cmake -E cmake_link_script CMakeFiles/cmTC_46ea8.dir/link.txt --verbose=1
/usr/bin/cc       CMakeFiles/cmTC_46ea8.dir/CheckSymbolExists.c.o  -o cmTC_46ea8 -rdynamic 
CMakeFiles/cmTC_46ea8.dir/CheckSymbolExists.c.o: In function `main':
CheckSymbolExists.c:(.text+0xa): undefined reference to `pthread_create'
collect2: error: ld returned 1 exit status
CMakeFiles/cmTC_46ea8.dir/build.make:97: recipe for target 'cmTC_46ea8' failed
make[1]: *** [cmTC_46ea8] Error 1
make[1]: Leaving directory '/home/trex/turtle_drive/build/turtle_control/CMakeFiles/CMakeTmp'
Makefile:126: recipe for target 'cmTC_46ea8/fast' failed
make: *** [cmTC_46ea8/fast] Error 2
>>>>>>> e9cd62af21de1d7449f0732f6f4acbdc818f742b

File /home/trex/turtle_drive/build/turtle_control/CMakeFiles/CMakeTmp/CheckSymbolExists.c:
/* */
#include <pthread.h>

int main(int argc, char** argv)
{
  (void)argv;
#ifndef pthread_create
  return ((int*)(&pthread_create))[argc];
#else
  (void)argc;
  return 0;
#endif
}

Determining if the function pthread_create exists in the pthreads failed with the following output:
Change Dir: /home/trex/turtle_drive/build/turtle_control/CMakeFiles/CMakeTmp

<<<<<<< HEAD
Run Build Command:"/usr/bin/make" "cmTC_309ec/fast"
/usr/bin/make -f CMakeFiles/cmTC_309ec.dir/build.make CMakeFiles/cmTC_309ec.dir/build
make[1]: Entering directory '/home/sena/turtle_drive/build/turtle_control/CMakeFiles/CMakeTmp'
Building C object CMakeFiles/cmTC_309ec.dir/CheckFunctionExists.c.o
/usr/bin/cc    -DCHECK_FUNCTION_EXISTS=pthread_create   -o CMakeFiles/cmTC_309ec.dir/CheckFunctionExists.c.o   -c /usr/share/cmake-3.5/Modules/CheckFunctionExists.c
Linking C executable cmTC_309ec
/usr/bin/cmake -E cmake_link_script CMakeFiles/cmTC_309ec.dir/link.txt --verbose=1
/usr/bin/cc   -DCHECK_FUNCTION_EXISTS=pthread_create    CMakeFiles/cmTC_309ec.dir/CheckFunctionExists.c.o  -o cmTC_309ec -rdynamic -lpthreads 
/usr/bin/ld: cannot find -lpthreads
collect2: error: ld returned 1 exit status
CMakeFiles/cmTC_309ec.dir/build.make:97: recipe for target 'cmTC_309ec' failed
make[1]: *** [cmTC_309ec] Error 1
make[1]: Leaving directory '/home/sena/turtle_drive/build/turtle_control/CMakeFiles/CMakeTmp'
Makefile:126: recipe for target 'cmTC_309ec/fast' failed
make: *** [cmTC_309ec/fast] Error 2
=======
Run Build Command:"/usr/bin/make" "cmTC_25996/fast"
/usr/bin/make -f CMakeFiles/cmTC_25996.dir/build.make CMakeFiles/cmTC_25996.dir/build
make[1]: Entering directory '/home/trex/turtle_drive/build/turtle_control/CMakeFiles/CMakeTmp'
Building C object CMakeFiles/cmTC_25996.dir/CheckFunctionExists.c.o
/usr/bin/cc    -DCHECK_FUNCTION_EXISTS=pthread_create   -o CMakeFiles/cmTC_25996.dir/CheckFunctionExists.c.o   -c /usr/share/cmake-3.5/Modules/CheckFunctionExists.c
Linking C executable cmTC_25996
/usr/bin/cmake -E cmake_link_script CMakeFiles/cmTC_25996.dir/link.txt --verbose=1
/usr/bin/cc   -DCHECK_FUNCTION_EXISTS=pthread_create    CMakeFiles/cmTC_25996.dir/CheckFunctionExists.c.o  -o cmTC_25996 -rdynamic -lpthreads 
/usr/bin/ld: cannot find -lpthreads
collect2: error: ld returned 1 exit status
CMakeFiles/cmTC_25996.dir/build.make:97: recipe for target 'cmTC_25996' failed
make[1]: *** [cmTC_25996] Error 1
make[1]: Leaving directory '/home/trex/turtle_drive/build/turtle_control/CMakeFiles/CMakeTmp'
Makefile:126: recipe for target 'cmTC_25996/fast' failed
make: *** [cmTC_25996/fast] Error 2
>>>>>>> e9cd62af21de1d7449f0732f6f4acbdc818f742b


