Determining if the pthread_create exist failed with the following output:
Change Dir: /home/trex/turtle_drive/build/hector_geotiff_plugins/CMakeFiles/CMakeTmp

<<<<<<< HEAD
Run Build Command:"/usr/bin/make" "cmTC_1c478/fast"
/usr/bin/make -f CMakeFiles/cmTC_1c478.dir/build.make CMakeFiles/cmTC_1c478.dir/build
make[1]: Entering directory '/home/sena/turtle_drive/build/hector_geotiff_plugins/CMakeFiles/CMakeTmp'
Building C object CMakeFiles/cmTC_1c478.dir/CheckSymbolExists.c.o
/usr/bin/cc     -o CMakeFiles/cmTC_1c478.dir/CheckSymbolExists.c.o   -c /home/sena/turtle_drive/build/hector_geotiff_plugins/CMakeFiles/CMakeTmp/CheckSymbolExists.c
Linking C executable cmTC_1c478
/usr/bin/cmake -E cmake_link_script CMakeFiles/cmTC_1c478.dir/link.txt --verbose=1
/usr/bin/cc       CMakeFiles/cmTC_1c478.dir/CheckSymbolExists.c.o  -o cmTC_1c478 -rdynamic 
CMakeFiles/cmTC_1c478.dir/CheckSymbolExists.c.o: In function `main':
CheckSymbolExists.c:(.text+0x16): undefined reference to `pthread_create'
collect2: error: ld returned 1 exit status
CMakeFiles/cmTC_1c478.dir/build.make:97: recipe for target 'cmTC_1c478' failed
make[1]: *** [cmTC_1c478] Error 1
make[1]: Leaving directory '/home/sena/turtle_drive/build/hector_geotiff_plugins/CMakeFiles/CMakeTmp'
Makefile:126: recipe for target 'cmTC_1c478/fast' failed
make: *** [cmTC_1c478/fast] Error 2
=======
Run Build Command:"/usr/bin/make" "cmTC_03126/fast"
/usr/bin/make -f CMakeFiles/cmTC_03126.dir/build.make CMakeFiles/cmTC_03126.dir/build
make[1]: Entering directory '/home/trex/turtle_drive/build/hector_geotiff_plugins/CMakeFiles/CMakeTmp'
Building C object CMakeFiles/cmTC_03126.dir/CheckSymbolExists.c.o
/usr/bin/cc     -o CMakeFiles/cmTC_03126.dir/CheckSymbolExists.c.o   -c /home/trex/turtle_drive/build/hector_geotiff_plugins/CMakeFiles/CMakeTmp/CheckSymbolExists.c
Linking C executable cmTC_03126
/usr/bin/cmake -E cmake_link_script CMakeFiles/cmTC_03126.dir/link.txt --verbose=1
/usr/bin/cc       CMakeFiles/cmTC_03126.dir/CheckSymbolExists.c.o  -o cmTC_03126 -rdynamic 
CMakeFiles/cmTC_03126.dir/CheckSymbolExists.c.o: In function `main':
CheckSymbolExists.c:(.text+0xa): undefined reference to `pthread_create'
collect2: error: ld returned 1 exit status
CMakeFiles/cmTC_03126.dir/build.make:97: recipe for target 'cmTC_03126' failed
make[1]: *** [cmTC_03126] Error 1
make[1]: Leaving directory '/home/trex/turtle_drive/build/hector_geotiff_plugins/CMakeFiles/CMakeTmp'
Makefile:126: recipe for target 'cmTC_03126/fast' failed
make: *** [cmTC_03126/fast] Error 2
>>>>>>> e9cd62af21de1d7449f0732f6f4acbdc818f742b

File /home/trex/turtle_drive/build/hector_geotiff_plugins/CMakeFiles/CMakeTmp/CheckSymbolExists.c:
/* */
#include <pthread.h>

int main(int argc, char** argv)
{
  (void)argv;
#ifndef pthread_create
  return ((int*)(&pthread_create))[argc];
#else
  (void)argc;
  return 0;
#endif
}

Determining if the function pthread_create exists in the pthreads failed with the following output:
Change Dir: /home/trex/turtle_drive/build/hector_geotiff_plugins/CMakeFiles/CMakeTmp

<<<<<<< HEAD
Run Build Command:"/usr/bin/make" "cmTC_b9151/fast"
/usr/bin/make -f CMakeFiles/cmTC_b9151.dir/build.make CMakeFiles/cmTC_b9151.dir/build
make[1]: Entering directory '/home/sena/turtle_drive/build/hector_geotiff_plugins/CMakeFiles/CMakeTmp'
Building C object CMakeFiles/cmTC_b9151.dir/CheckFunctionExists.c.o
/usr/bin/cc    -DCHECK_FUNCTION_EXISTS=pthread_create   -o CMakeFiles/cmTC_b9151.dir/CheckFunctionExists.c.o   -c /usr/share/cmake-3.5/Modules/CheckFunctionExists.c
Linking C executable cmTC_b9151
/usr/bin/cmake -E cmake_link_script CMakeFiles/cmTC_b9151.dir/link.txt --verbose=1
/usr/bin/cc   -DCHECK_FUNCTION_EXISTS=pthread_create    CMakeFiles/cmTC_b9151.dir/CheckFunctionExists.c.o  -o cmTC_b9151 -rdynamic -lpthreads 
/usr/bin/ld: cannot find -lpthreads
collect2: error: ld returned 1 exit status
CMakeFiles/cmTC_b9151.dir/build.make:97: recipe for target 'cmTC_b9151' failed
make[1]: *** [cmTC_b9151] Error 1
make[1]: Leaving directory '/home/sena/turtle_drive/build/hector_geotiff_plugins/CMakeFiles/CMakeTmp'
Makefile:126: recipe for target 'cmTC_b9151/fast' failed
make: *** [cmTC_b9151/fast] Error 2
=======
Run Build Command:"/usr/bin/make" "cmTC_940b8/fast"
/usr/bin/make -f CMakeFiles/cmTC_940b8.dir/build.make CMakeFiles/cmTC_940b8.dir/build
make[1]: Entering directory '/home/trex/turtle_drive/build/hector_geotiff_plugins/CMakeFiles/CMakeTmp'
Building C object CMakeFiles/cmTC_940b8.dir/CheckFunctionExists.c.o
/usr/bin/cc    -DCHECK_FUNCTION_EXISTS=pthread_create   -o CMakeFiles/cmTC_940b8.dir/CheckFunctionExists.c.o   -c /usr/share/cmake-3.5/Modules/CheckFunctionExists.c
Linking C executable cmTC_940b8
/usr/bin/cmake -E cmake_link_script CMakeFiles/cmTC_940b8.dir/link.txt --verbose=1
/usr/bin/cc   -DCHECK_FUNCTION_EXISTS=pthread_create    CMakeFiles/cmTC_940b8.dir/CheckFunctionExists.c.o  -o cmTC_940b8 -rdynamic -lpthreads 
/usr/bin/ld: cannot find -lpthreads
collect2: error: ld returned 1 exit status
CMakeFiles/cmTC_940b8.dir/build.make:97: recipe for target 'cmTC_940b8' failed
make[1]: *** [cmTC_940b8] Error 1
make[1]: Leaving directory '/home/trex/turtle_drive/build/hector_geotiff_plugins/CMakeFiles/CMakeTmp'
Makefile:126: recipe for target 'cmTC_940b8/fast' failed
make: *** [cmTC_940b8/fast] Error 2
>>>>>>> e9cd62af21de1d7449f0732f6f4acbdc818f742b


