Determining if the pthread_create exist failed with the following output:
Change Dir: /home/trex/turtle_drive/build/hector_imu_tools/CMakeFiles/CMakeTmp

Run Build Command:"/usr/bin/make" "cmTC_12904/fast"
/usr/bin/make -f CMakeFiles/cmTC_12904.dir/build.make CMakeFiles/cmTC_12904.dir/build
make[1]: Entering directory '/home/trex/turtle_drive/build/hector_imu_tools/CMakeFiles/CMakeTmp'
Building C object CMakeFiles/cmTC_12904.dir/CheckSymbolExists.c.o
/usr/bin/cc     -o CMakeFiles/cmTC_12904.dir/CheckSymbolExists.c.o   -c /home/trex/turtle_drive/build/hector_imu_tools/CMakeFiles/CMakeTmp/CheckSymbolExists.c
Linking C executable cmTC_12904
/usr/bin/cmake -E cmake_link_script CMakeFiles/cmTC_12904.dir/link.txt --verbose=1
/usr/bin/cc       CMakeFiles/cmTC_12904.dir/CheckSymbolExists.c.o  -o cmTC_12904 -rdynamic 
CMakeFiles/cmTC_12904.dir/CheckSymbolExists.c.o: In function `main':
CheckSymbolExists.c:(.text+0xa): undefined reference to `pthread_create'
collect2: error: ld returned 1 exit status
CMakeFiles/cmTC_12904.dir/build.make:97: recipe for target 'cmTC_12904' failed
make[1]: *** [cmTC_12904] Error 1
make[1]: Leaving directory '/home/trex/turtle_drive/build/hector_imu_tools/CMakeFiles/CMakeTmp'
Makefile:126: recipe for target 'cmTC_12904/fast' failed
make: *** [cmTC_12904/fast] Error 2

File /home/trex/turtle_drive/build/hector_imu_tools/CMakeFiles/CMakeTmp/CheckSymbolExists.c:
/* */
#include <pthread.h>

int main(int argc, char** argv)
{
  (void)argv;
#ifndef pthread_create
  return ((int*)(&pthread_create))[argc];
#else
  (void)argc;
  return 0;
#endif
}

Determining if the function pthread_create exists in the pthreads failed with the following output:
Change Dir: /home/trex/turtle_drive/build/hector_imu_tools/CMakeFiles/CMakeTmp

Run Build Command:"/usr/bin/make" "cmTC_3afc1/fast"
/usr/bin/make -f CMakeFiles/cmTC_3afc1.dir/build.make CMakeFiles/cmTC_3afc1.dir/build
make[1]: Entering directory '/home/trex/turtle_drive/build/hector_imu_tools/CMakeFiles/CMakeTmp'
Building C object CMakeFiles/cmTC_3afc1.dir/CheckFunctionExists.c.o
/usr/bin/cc    -DCHECK_FUNCTION_EXISTS=pthread_create   -o CMakeFiles/cmTC_3afc1.dir/CheckFunctionExists.c.o   -c /usr/share/cmake-3.5/Modules/CheckFunctionExists.c
Linking C executable cmTC_3afc1
/usr/bin/cmake -E cmake_link_script CMakeFiles/cmTC_3afc1.dir/link.txt --verbose=1
/usr/bin/cc   -DCHECK_FUNCTION_EXISTS=pthread_create    CMakeFiles/cmTC_3afc1.dir/CheckFunctionExists.c.o  -o cmTC_3afc1 -rdynamic -lpthreads 
/usr/bin/ld: cannot find -lpthreads
collect2: error: ld returned 1 exit status
CMakeFiles/cmTC_3afc1.dir/build.make:97: recipe for target 'cmTC_3afc1' failed
make[1]: *** [cmTC_3afc1] Error 1
make[1]: Leaving directory '/home/trex/turtle_drive/build/hector_imu_tools/CMakeFiles/CMakeTmp'
Makefile:126: recipe for target 'cmTC_3afc1/fast' failed
make: *** [cmTC_3afc1/fast] Error 2


