Symlinking /home/trex/turtle_drive/devel/share/laser_proc/cmake/laser_procConfig.cmake
Symlinking /home/trex/turtle_drive/devel/share/laser_proc/cmake/laser_procConfig-version.cmake
Symlinking /home/trex/turtle_drive/devel/lib/liblaser_proc_library.so
Symlinking /home/trex/turtle_drive/devel/lib/liblaser_proc_ROS.so
Symlinking /home/trex/turtle_drive/devel/lib/liblaser_transport.so
Symlinking /home/trex/turtle_drive/devel/lib/liblaser_publisher.so
Symlinking /home/trex/turtle_drive/devel/lib/libLaserProcNodelet.so
Symlinking /home/trex/turtle_drive/devel/lib/laser_proc/laser_proc
Symlinking /home/trex/turtle_drive/devel/lib/pkgconfig/laser_proc.pc
Cleaning: (/home/sena/turtle_drive/devel/.private/laser_proc/lib/liblaser_proc_library.so, /home/sena/turtle_drive/devel/lib/liblaser_proc_library.so)
Cleaning: (/home/sena/turtle_drive/devel/.private/laser_proc/lib/libLaserProcNodelet.so, /home/sena/turtle_drive/devel/lib/libLaserProcNodelet.so)
Cleaning: (/home/sena/turtle_drive/devel/.private/laser_proc/lib/liblaser_transport.so, /home/sena/turtle_drive/devel/lib/liblaser_transport.so)
Cleaning: (/home/sena/turtle_drive/devel/.private/laser_proc/lib/liblaser_publisher.so, /home/sena/turtle_drive/devel/lib/liblaser_publisher.so)
Cleaning: (/home/sena/turtle_drive/devel/.private/laser_proc/lib/liblaser_proc_ROS.so, /home/sena/turtle_drive/devel/lib/liblaser_proc_ROS.so)
Cleaning: (/home/sena/turtle_drive/devel/.private/laser_proc/lib/pkgconfig/laser_proc.pc, /home/sena/turtle_drive/devel/lib/pkgconfig/laser_proc.pc)
Cleaning: (/home/sena/turtle_drive/devel/.private/laser_proc/lib/laser_proc/laser_proc, /home/sena/turtle_drive/devel/lib/laser_proc/laser_proc)
Cleaning: (/home/sena/turtle_drive/devel/.private/laser_proc/share/laser_proc/cmake/laser_procConfig-version.cmake, /home/sena/turtle_drive/devel/share/laser_proc/cmake/laser_procConfig-version.cmake)
Cleaning: (/home/sena/turtle_drive/devel/.private/laser_proc/share/laser_proc/cmake/laser_procConfig.cmake, /home/sena/turtle_drive/devel/share/laser_proc/cmake/laser_procConfig.cmake)
Unlinking: /home/sena/turtle_drive/devel/lib/liblaser_proc_library.so
Already unlinked: {}
Unlinking: /home/sena/turtle_drive/devel/lib/libLaserProcNodelet.so
Already unlinked: {}
Unlinking: /home/sena/turtle_drive/devel/lib/liblaser_transport.so
Already unlinked: {}
Unlinking: /home/sena/turtle_drive/devel/lib/liblaser_publisher.so
Already unlinked: {}
Unlinking: /home/sena/turtle_drive/devel/lib/liblaser_proc_ROS.so
Already unlinked: {}
Unlinking: /home/sena/turtle_drive/devel/lib/pkgconfig/laser_proc.pc
Already unlinked: {}
Unlinking: /home/sena/turtle_drive/devel/lib/laser_proc/laser_proc
Already unlinked: {}
Unlinking: /home/sena/turtle_drive/devel/share/laser_proc/cmake/laser_procConfig-version.cmake
Already unlinked: {}
Unlinking: /home/sena/turtle_drive/devel/share/laser_proc/cmake/laser_procConfig.cmake
Already unlinked: {}
