Determining if the pthread_create exist failed with the following output:
Change Dir: /home/nishanth/TurtleStuff/turtle_drive/build/hector_geotiff/CMakeFiles/CMakeTmp

Run Build Command:"/usr/bin/make" "cmTC_aff01/fast"
/usr/bin/make -f CMakeFiles/cmTC_aff01.dir/build.make CMakeFiles/cmTC_aff01.dir/build
make[1]: Entering directory '/home/nishanth/TurtleStuff/turtle_drive/build/hector_geotiff/CMakeFiles/CMakeTmp'
Building C object CMakeFiles/cmTC_aff01.dir/CheckSymbolExists.c.o
/usr/bin/cc     -o CMakeFiles/cmTC_aff01.dir/CheckSymbolExists.c.o   -c /home/nishanth/TurtleStuff/turtle_drive/build/hector_geotiff/CMakeFiles/CMakeTmp/CheckSymbolExists.c
Linking C executable cmTC_aff01
/usr/bin/cmake -E cmake_link_script CMakeFiles/cmTC_aff01.dir/link.txt --verbose=1
/usr/bin/cc       CMakeFiles/cmTC_aff01.dir/CheckSymbolExists.c.o  -o cmTC_aff01 -rdynamic 
CMakeFiles/cmTC_aff01.dir/CheckSymbolExists.c.o: In function `main':
CheckSymbolExists.c:(.text+0x16): undefined reference to `pthread_create'
collect2: error: ld returned 1 exit status
CMakeFiles/cmTC_aff01.dir/build.make:97: recipe for target 'cmTC_aff01' failed
make[1]: *** [cmTC_aff01] Error 1
make[1]: Leaving directory '/home/nishanth/TurtleStuff/turtle_drive/build/hector_geotiff/CMakeFiles/CMakeTmp'
Makefile:126: recipe for target 'cmTC_aff01/fast' failed
make: *** [cmTC_aff01/fast] Error 2

File /home/nishanth/TurtleStuff/turtle_drive/build/hector_geotiff/CMakeFiles/CMakeTmp/CheckSymbolExists.c:
/* */
#include <pthread.h>

int main(int argc, char** argv)
{
  (void)argv;
#ifndef pthread_create
  return ((int*)(&pthread_create))[argc];
#else
  (void)argc;
  return 0;
#endif
}

Determining if the function pthread_create exists in the pthreads failed with the following output:
Change Dir: /home/nishanth/TurtleStuff/turtle_drive/build/hector_geotiff/CMakeFiles/CMakeTmp

Run Build Command:"/usr/bin/make" "cmTC_50ef7/fast"
/usr/bin/make -f CMakeFiles/cmTC_50ef7.dir/build.make CMakeFiles/cmTC_50ef7.dir/build
make[1]: Entering directory '/home/nishanth/TurtleStuff/turtle_drive/build/hector_geotiff/CMakeFiles/CMakeTmp'
Building C object CMakeFiles/cmTC_50ef7.dir/CheckFunctionExists.c.o
/usr/bin/cc    -DCHECK_FUNCTION_EXISTS=pthread_create   -o CMakeFiles/cmTC_50ef7.dir/CheckFunctionExists.c.o   -c /usr/share/cmake-3.5/Modules/CheckFunctionExists.c
Linking C executable cmTC_50ef7
/usr/bin/cmake -E cmake_link_script CMakeFiles/cmTC_50ef7.dir/link.txt --verbose=1
/usr/bin/cc   -DCHECK_FUNCTION_EXISTS=pthread_create    CMakeFiles/cmTC_50ef7.dir/CheckFunctionExists.c.o  -o cmTC_50ef7 -rdynamic -lpthreads 
/usr/bin/ld: cannot find -lpthreads
collect2: error: ld returned 1 exit status
CMakeFiles/cmTC_50ef7.dir/build.make:97: recipe for target 'cmTC_50ef7' failed
make[1]: *** [cmTC_50ef7] Error 1
make[1]: Leaving directory '/home/nishanth/TurtleStuff/turtle_drive/build/hector_geotiff/CMakeFiles/CMakeTmp'
Makefile:126: recipe for target 'cmTC_50ef7/fast' failed
make: *** [cmTC_50ef7/fast] Error 2


Determining if the Q_WS_WIN exist failed with the following output:
Change Dir: /home/nishanth/TurtleStuff/turtle_drive/build/hector_geotiff/CMakeFiles/CMakeTmp

Run Build Command:"/usr/bin/make" "cmTC_4e49c/fast"
/usr/bin/make -f CMakeFiles/cmTC_4e49c.dir/build.make CMakeFiles/cmTC_4e49c.dir/build
make[1]: Entering directory '/home/nishanth/TurtleStuff/turtle_drive/build/hector_geotiff/CMakeFiles/CMakeTmp'
Building CXX object CMakeFiles/cmTC_4e49c.dir/CheckSymbolExists.cxx.o
/usr/bin/c++    -I/usr/include/qt4   -o CMakeFiles/cmTC_4e49c.dir/CheckSymbolExists.cxx.o -c /home/nishanth/TurtleStuff/turtle_drive/build/hector_geotiff/CMakeFiles/CMakeTmp/CheckSymbolExists.cxx
/home/nishanth/TurtleStuff/turtle_drive/build/hector_geotiff/CMakeFiles/CMakeTmp/CheckSymbolExists.cxx: In function ‘int main(int, char**)’:
/home/nishanth/TurtleStuff/turtle_drive/build/hector_geotiff/CMakeFiles/CMakeTmp/CheckSymbolExists.cxx:8:19: error: ‘Q_WS_WIN’ was not declared in this scope
   return ((int*)(&Q_WS_WIN))[argc];
                   ^
CMakeFiles/cmTC_4e49c.dir/build.make:65: recipe for target 'CMakeFiles/cmTC_4e49c.dir/CheckSymbolExists.cxx.o' failed
make[1]: *** [CMakeFiles/cmTC_4e49c.dir/CheckSymbolExists.cxx.o] Error 1
make[1]: Leaving directory '/home/nishanth/TurtleStuff/turtle_drive/build/hector_geotiff/CMakeFiles/CMakeTmp'
Makefile:126: recipe for target 'cmTC_4e49c/fast' failed
make: *** [cmTC_4e49c/fast] Error 2

File /home/nishanth/TurtleStuff/turtle_drive/build/hector_geotiff/CMakeFiles/CMakeTmp/CheckSymbolExists.cxx:
/* */
#include <QtCore/qglobal.h>

int main(int argc, char** argv)
{
  (void)argv;
#ifndef Q_WS_WIN
  return ((int*)(&Q_WS_WIN))[argc];
#else
  (void)argc;
  return 0;
#endif
}

Determining if the Q_WS_QWS exist failed with the following output:
Change Dir: /home/nishanth/TurtleStuff/turtle_drive/build/hector_geotiff/CMakeFiles/CMakeTmp

Run Build Command:"/usr/bin/make" "cmTC_45a26/fast"
/usr/bin/make -f CMakeFiles/cmTC_45a26.dir/build.make CMakeFiles/cmTC_45a26.dir/build
make[1]: Entering directory '/home/nishanth/TurtleStuff/turtle_drive/build/hector_geotiff/CMakeFiles/CMakeTmp'
Building CXX object CMakeFiles/cmTC_45a26.dir/CheckSymbolExists.cxx.o
/usr/bin/c++    -I/usr/include/qt4   -o CMakeFiles/cmTC_45a26.dir/CheckSymbolExists.cxx.o -c /home/nishanth/TurtleStuff/turtle_drive/build/hector_geotiff/CMakeFiles/CMakeTmp/CheckSymbolExists.cxx
/home/nishanth/TurtleStuff/turtle_drive/build/hector_geotiff/CMakeFiles/CMakeTmp/CheckSymbolExists.cxx: In function ‘int main(int, char**)’:
/home/nishanth/TurtleStuff/turtle_drive/build/hector_geotiff/CMakeFiles/CMakeTmp/CheckSymbolExists.cxx:8:19: error: ‘Q_WS_QWS’ was not declared in this scope
   return ((int*)(&Q_WS_QWS))[argc];
                   ^
CMakeFiles/cmTC_45a26.dir/build.make:65: recipe for target 'CMakeFiles/cmTC_45a26.dir/CheckSymbolExists.cxx.o' failed
make[1]: *** [CMakeFiles/cmTC_45a26.dir/CheckSymbolExists.cxx.o] Error 1
make[1]: Leaving directory '/home/nishanth/TurtleStuff/turtle_drive/build/hector_geotiff/CMakeFiles/CMakeTmp'
Makefile:126: recipe for target 'cmTC_45a26/fast' failed
make: *** [cmTC_45a26/fast] Error 2

File /home/nishanth/TurtleStuff/turtle_drive/build/hector_geotiff/CMakeFiles/CMakeTmp/CheckSymbolExists.cxx:
/* */
#include <QtCore/qglobal.h>

int main(int argc, char** argv)
{
  (void)argv;
#ifndef Q_WS_QWS
  return ((int*)(&Q_WS_QWS))[argc];
#else
  (void)argc;
  return 0;
#endif
}

Determining if the Q_WS_MAC exist failed with the following output:
Change Dir: /home/nishanth/TurtleStuff/turtle_drive/build/hector_geotiff/CMakeFiles/CMakeTmp

Run Build Command:"/usr/bin/make" "cmTC_61e12/fast"
/usr/bin/make -f CMakeFiles/cmTC_61e12.dir/build.make CMakeFiles/cmTC_61e12.dir/build
make[1]: Entering directory '/home/nishanth/TurtleStuff/turtle_drive/build/hector_geotiff/CMakeFiles/CMakeTmp'
Building CXX object CMakeFiles/cmTC_61e12.dir/CheckSymbolExists.cxx.o
/usr/bin/c++    -I/usr/include/qt4   -o CMakeFiles/cmTC_61e12.dir/CheckSymbolExists.cxx.o -c /home/nishanth/TurtleStuff/turtle_drive/build/hector_geotiff/CMakeFiles/CMakeTmp/CheckSymbolExists.cxx
/home/nishanth/TurtleStuff/turtle_drive/build/hector_geotiff/CMakeFiles/CMakeTmp/CheckSymbolExists.cxx: In function ‘int main(int, char**)’:
/home/nishanth/TurtleStuff/turtle_drive/build/hector_geotiff/CMakeFiles/CMakeTmp/CheckSymbolExists.cxx:8:19: error: ‘Q_WS_MAC’ was not declared in this scope
   return ((int*)(&Q_WS_MAC))[argc];
                   ^
CMakeFiles/cmTC_61e12.dir/build.make:65: recipe for target 'CMakeFiles/cmTC_61e12.dir/CheckSymbolExists.cxx.o' failed
make[1]: *** [CMakeFiles/cmTC_61e12.dir/CheckSymbolExists.cxx.o] Error 1
make[1]: Leaving directory '/home/nishanth/TurtleStuff/turtle_drive/build/hector_geotiff/CMakeFiles/CMakeTmp'
Makefile:126: recipe for target 'cmTC_61e12/fast' failed
make: *** [cmTC_61e12/fast] Error 2

File /home/nishanth/TurtleStuff/turtle_drive/build/hector_geotiff/CMakeFiles/CMakeTmp/CheckSymbolExists.cxx:
/* */
#include <QtCore/qglobal.h>

int main(int argc, char** argv)
{
  (void)argv;
#ifndef Q_WS_MAC
  return ((int*)(&Q_WS_MAC))[argc];
#else
  (void)argc;
  return 0;
#endif
}

