<<<<<<< HEAD
Symlinking /home/sena/turtle_drive/devel/lib/pkgconfig/hector_compressed_map_transport.pc
Symlinking /home/sena/turtle_drive/devel/lib/hector_compressed_map_transport/map_to_image_node
Symlinking /home/sena/turtle_drive/devel/share/hector_compressed_map_transport/cmake/hector_compressed_map_transportConfig-version.cmake
Symlinking /home/sena/turtle_drive/devel/share/hector_compressed_map_transport/cmake/hector_compressed_map_transportConfig.cmake
=======
Symlinking /home/trex/turtle_drive/devel/share/hector_compressed_map_transport/cmake/hector_compressed_map_transportConfig-version.cmake
Symlinking /home/trex/turtle_drive/devel/share/hector_compressed_map_transport/cmake/hector_compressed_map_transportConfig.cmake
Symlinking /home/trex/turtle_drive/devel/lib/pkgconfig/hector_compressed_map_transport.pc
Symlinking /home/trex/turtle_drive/devel/lib/hector_compressed_map_transport/map_to_image_node
Cleaning: (/home/sena/turtle_drive/devel/.private/hector_compressed_map_transport/lib/pkgconfig/hector_compressed_map_transport.pc, /home/sena/turtle_drive/devel/lib/pkgconfig/hector_compressed_map_transport.pc)
Cleaning: (/home/sena/turtle_drive/devel/.private/hector_compressed_map_transport/lib/hector_compressed_map_transport/map_to_image_node, /home/sena/turtle_drive/devel/lib/hector_compressed_map_transport/map_to_image_node)
Cleaning: (/home/sena/turtle_drive/devel/.private/hector_compressed_map_transport/share/hector_compressed_map_transport/cmake/hector_compressed_map_transportConfig-version.cmake, /home/sena/turtle_drive/devel/share/hector_compressed_map_transport/cmake/hector_compressed_map_transportConfig-version.cmake)
Cleaning: (/home/sena/turtle_drive/devel/.private/hector_compressed_map_transport/share/hector_compressed_map_transport/cmake/hector_compressed_map_transportConfig.cmake, /home/sena/turtle_drive/devel/share/hector_compressed_map_transport/cmake/hector_compressed_map_transportConfig.cmake)
Unlinking: /home/sena/turtle_drive/devel/lib/pkgconfig/hector_compressed_map_transport.pc
Already unlinked: {}
Unlinking: /home/sena/turtle_drive/devel/lib/hector_compressed_map_transport/map_to_image_node
Already unlinked: {}
Unlinking: /home/sena/turtle_drive/devel/share/hector_compressed_map_transport/cmake/hector_compressed_map_transportConfig-version.cmake
Already unlinked: {}
Unlinking: /home/sena/turtle_drive/devel/share/hector_compressed_map_transport/cmake/hector_compressed_map_transportConfig.cmake
Already unlinked: {}
>>>>>>> e9cd62af21de1d7449f0732f6f4acbdc818f742b
