<<<<<<< HEAD
Symlinking /home/sena/turtle_drive/devel/./setup.zsh
Symlinking /home/sena/turtle_drive/devel/./_setup_util.py
Symlinking /home/sena/turtle_drive/devel/./setup.sh
Symlinking /home/sena/turtle_drive/devel/./setup.bash
Symlinking /home/sena/turtle_drive/devel/./env.sh
Symlinking /home/sena/turtle_drive/devel/lib/pkgconfig/catkin_tools_prebuild.pc
Symlinking /home/sena/turtle_drive/devel/share/catkin_tools_prebuild/cmake/catkin_tools_prebuildConfig-version.cmake
Symlinking /home/sena/turtle_drive/devel/share/catkin_tools_prebuild/cmake/catkin_tools_prebuildConfig.cmake
=======
Symlinking /home/trex/turtle_drive/devel/./setup.zsh
Symlinking /home/trex/turtle_drive/devel/./_setup_util.py
Symlinking /home/trex/turtle_drive/devel/./setup.bash
Symlinking /home/trex/turtle_drive/devel/./setup.sh
Symlinking /home/trex/turtle_drive/devel/./env.sh
Symlinking /home/trex/turtle_drive/devel/share/catkin_tools_prebuild/cmake/catkin_tools_prebuildConfig.cmake
Symlinking /home/trex/turtle_drive/devel/share/catkin_tools_prebuild/cmake/catkin_tools_prebuildConfig-version.cmake
Symlinking /home/trex/turtle_drive/devel/lib/pkgconfig/catkin_tools_prebuild.pc
Cleaning: (/home/sena/turtle_drive/devel/.private/catkin_tools_prebuild/setup.zsh, /home/sena/turtle_drive/devel/./setup.zsh)
Cleaning: (/home/sena/turtle_drive/devel/.private/catkin_tools_prebuild/_setup_util.py, /home/sena/turtle_drive/devel/./_setup_util.py)
Cleaning: (/home/sena/turtle_drive/devel/.private/catkin_tools_prebuild/setup.sh, /home/sena/turtle_drive/devel/./setup.sh)
Cleaning: (/home/sena/turtle_drive/devel/.private/catkin_tools_prebuild/setup.bash, /home/sena/turtle_drive/devel/./setup.bash)
Cleaning: (/home/sena/turtle_drive/devel/.private/catkin_tools_prebuild/env.sh, /home/sena/turtle_drive/devel/./env.sh)
Cleaning: (/home/sena/turtle_drive/devel/.private/catkin_tools_prebuild/lib/pkgconfig/catkin_tools_prebuild.pc, /home/sena/turtle_drive/devel/lib/pkgconfig/catkin_tools_prebuild.pc)
Cleaning: (/home/sena/turtle_drive/devel/.private/catkin_tools_prebuild/share/catkin_tools_prebuild/cmake/catkin_tools_prebuildConfig-version.cmake, /home/sena/turtle_drive/devel/share/catkin_tools_prebuild/cmake/catkin_tools_prebuildConfig-version.cmake)
Cleaning: (/home/sena/turtle_drive/devel/.private/catkin_tools_prebuild/share/catkin_tools_prebuild/cmake/catkin_tools_prebuildConfig.cmake, /home/sena/turtle_drive/devel/share/catkin_tools_prebuild/cmake/catkin_tools_prebuildConfig.cmake)
Unlinking: /home/sena/turtle_drive/devel/./setup.zsh
Already unlinked: {}
Unlinking: /home/sena/turtle_drive/devel/./_setup_util.py
Already unlinked: {}
Unlinking: /home/sena/turtle_drive/devel/./setup.sh
Already unlinked: {}
Unlinking: /home/sena/turtle_drive/devel/./setup.bash
Already unlinked: {}
Unlinking: /home/sena/turtle_drive/devel/./env.sh
Already unlinked: {}
Unlinking: /home/sena/turtle_drive/devel/lib/pkgconfig/catkin_tools_prebuild.pc
Already unlinked: {}
Unlinking: /home/sena/turtle_drive/devel/share/catkin_tools_prebuild/cmake/catkin_tools_prebuildConfig-version.cmake
Already unlinked: {}
Unlinking: /home/sena/turtle_drive/devel/share/catkin_tools_prebuild/cmake/catkin_tools_prebuildConfig.cmake
Already unlinked: {}
>>>>>>> e9cd62af21de1d7449f0732f6f4acbdc818f742b
