Determining if the pthread_create exist failed with the following output:
Change Dir: /home/trex/turtle_drive/build/turtle_localization/CMakeFiles/CMakeTmp

Run Build Command:"/usr/bin/make" "cmTC_dc71c/fast"
/usr/bin/make -f CMakeFiles/cmTC_dc71c.dir/build.make CMakeFiles/cmTC_dc71c.dir/build
make[1]: Entering directory '/home/trex/turtle_drive/build/turtle_localization/CMakeFiles/CMakeTmp'
Building C object CMakeFiles/cmTC_dc71c.dir/CheckSymbolExists.c.o
/usr/bin/cc     -o CMakeFiles/cmTC_dc71c.dir/CheckSymbolExists.c.o   -c /home/trex/turtle_drive/build/turtle_localization/CMakeFiles/CMakeTmp/CheckSymbolExists.c
Linking C executable cmTC_dc71c
/usr/bin/cmake -E cmake_link_script CMakeFiles/cmTC_dc71c.dir/link.txt --verbose=1
/usr/bin/cc       CMakeFiles/cmTC_dc71c.dir/CheckSymbolExists.c.o  -o cmTC_dc71c -rdynamic 
CMakeFiles/cmTC_dc71c.dir/CheckSymbolExists.c.o: In function `main':
CheckSymbolExists.c:(.text+0xa): undefined reference to `pthread_create'
collect2: error: ld returned 1 exit status
CMakeFiles/cmTC_dc71c.dir/build.make:97: recipe for target 'cmTC_dc71c' failed
make[1]: *** [cmTC_dc71c] Error 1
make[1]: Leaving directory '/home/trex/turtle_drive/build/turtle_localization/CMakeFiles/CMakeTmp'
Makefile:126: recipe for target 'cmTC_dc71c/fast' failed
make: *** [cmTC_dc71c/fast] Error 2

File /home/trex/turtle_drive/build/turtle_localization/CMakeFiles/CMakeTmp/CheckSymbolExists.c:
/* */
#include <pthread.h>

int main(int argc, char** argv)
{
  (void)argv;
#ifndef pthread_create
  return ((int*)(&pthread_create))[argc];
#else
  (void)argc;
  return 0;
#endif
}

Determining if the function pthread_create exists in the pthreads failed with the following output:
Change Dir: /home/trex/turtle_drive/build/turtle_localization/CMakeFiles/CMakeTmp

Run Build Command:"/usr/bin/make" "cmTC_c741d/fast"
/usr/bin/make -f CMakeFiles/cmTC_c741d.dir/build.make CMakeFiles/cmTC_c741d.dir/build
make[1]: Entering directory '/home/trex/turtle_drive/build/turtle_localization/CMakeFiles/CMakeTmp'
Building C object CMakeFiles/cmTC_c741d.dir/CheckFunctionExists.c.o
/usr/bin/cc    -DCHECK_FUNCTION_EXISTS=pthread_create   -o CMakeFiles/cmTC_c741d.dir/CheckFunctionExists.c.o   -c /usr/share/cmake-3.5/Modules/CheckFunctionExists.c
Linking C executable cmTC_c741d
/usr/bin/cmake -E cmake_link_script CMakeFiles/cmTC_c741d.dir/link.txt --verbose=1
/usr/bin/cc   -DCHECK_FUNCTION_EXISTS=pthread_create    CMakeFiles/cmTC_c741d.dir/CheckFunctionExists.c.o  -o cmTC_c741d -rdynamic -lpthreads 
/usr/bin/ld: cannot find -lpthreads
collect2: error: ld returned 1 exit status
CMakeFiles/cmTC_c741d.dir/build.make:97: recipe for target 'cmTC_c741d' failed
make[1]: *** [cmTC_c741d] Error 1
make[1]: Leaving directory '/home/trex/turtle_drive/build/turtle_localization/CMakeFiles/CMakeTmp'
Makefile:126: recipe for target 'cmTC_c741d/fast' failed
make: *** [cmTC_c741d/fast] Error 2


