The system is: Linux - 4.15.0-47-generic - i686
Compiling the C compiler identification source file "CMakeCCompilerId.c" succeeded.
Compiler: /usr/bin/cc 
Build flags: 
Id flags: 

The output was:
0


Compilation of the C compiler identification source "CMakeCCompilerId.c" produced "a.out"

The C compiler identification is GNU, found in "/home/trex/turtle_drive/build/turtle_localization/CMakeFiles/3.5.1/CompilerIdC/a.out"

Compiling the CXX compiler identification source file "CMakeCXXCompilerId.cpp" succeeded.
Compiler: /usr/bin/c++ 
Build flags: 
Id flags: 

The output was:
0


Compilation of the CXX compiler identification source "CMakeCXXCompilerId.cpp" produced "a.out"

The CXX compiler identification is GNU, found in "/home/trex/turtle_drive/build/turtle_localization/CMakeFiles/3.5.1/CompilerIdCXX/a.out"

Determining if the C compiler works passed with the following output:
Change Dir: /home/trex/turtle_drive/build/turtle_localization/CMakeFiles/CMakeTmp

<<<<<<< HEAD
Run Build Command:"/usr/bin/make" "cmTC_4cfdb/fast"
/usr/bin/make -f CMakeFiles/cmTC_4cfdb.dir/build.make CMakeFiles/cmTC_4cfdb.dir/build
make[1]: Entering directory '/home/sena/turtle_drive/build/turtle_localization/CMakeFiles/CMakeTmp'
Building C object CMakeFiles/cmTC_4cfdb.dir/testCCompiler.c.o
/usr/bin/cc     -o CMakeFiles/cmTC_4cfdb.dir/testCCompiler.c.o   -c /home/sena/turtle_drive/build/turtle_localization/CMakeFiles/CMakeTmp/testCCompiler.c
Linking C executable cmTC_4cfdb
/usr/bin/cmake -E cmake_link_script CMakeFiles/cmTC_4cfdb.dir/link.txt --verbose=1
/usr/bin/cc       CMakeFiles/cmTC_4cfdb.dir/testCCompiler.c.o  -o cmTC_4cfdb -rdynamic 
make[1]: Leaving directory '/home/sena/turtle_drive/build/turtle_localization/CMakeFiles/CMakeTmp'


Detecting C compiler ABI info compiled with the following output:
Change Dir: /home/sena/turtle_drive/build/turtle_localization/CMakeFiles/CMakeTmp

Run Build Command:"/usr/bin/make" "cmTC_204d6/fast"
/usr/bin/make -f CMakeFiles/cmTC_204d6.dir/build.make CMakeFiles/cmTC_204d6.dir/build
make[1]: Entering directory '/home/sena/turtle_drive/build/turtle_localization/CMakeFiles/CMakeTmp'
Building C object CMakeFiles/cmTC_204d6.dir/CMakeCCompilerABI.c.o
/usr/bin/cc     -o CMakeFiles/cmTC_204d6.dir/CMakeCCompilerABI.c.o   -c /usr/share/cmake-3.5/Modules/CMakeCCompilerABI.c
Linking C executable cmTC_204d6
/usr/bin/cmake -E cmake_link_script CMakeFiles/cmTC_204d6.dir/link.txt --verbose=1
/usr/bin/cc      -v CMakeFiles/cmTC_204d6.dir/CMakeCCompilerABI.c.o  -o cmTC_204d6 -rdynamic  
=======
Run Build Command:"/usr/bin/make" "cmTC_6cd79/fast"
/usr/bin/make -f CMakeFiles/cmTC_6cd79.dir/build.make CMakeFiles/cmTC_6cd79.dir/build
make[1]: Entering directory '/home/trex/turtle_drive/build/turtle_localization/CMakeFiles/CMakeTmp'
Building C object CMakeFiles/cmTC_6cd79.dir/testCCompiler.c.o
/usr/bin/cc     -o CMakeFiles/cmTC_6cd79.dir/testCCompiler.c.o   -c /home/trex/turtle_drive/build/turtle_localization/CMakeFiles/CMakeTmp/testCCompiler.c
Linking C executable cmTC_6cd79
/usr/bin/cmake -E cmake_link_script CMakeFiles/cmTC_6cd79.dir/link.txt --verbose=1
/usr/bin/cc       CMakeFiles/cmTC_6cd79.dir/testCCompiler.c.o  -o cmTC_6cd79 -rdynamic 
make[1]: Leaving directory '/home/trex/turtle_drive/build/turtle_localization/CMakeFiles/CMakeTmp'


Detecting C compiler ABI info compiled with the following output:
Change Dir: /home/trex/turtle_drive/build/turtle_localization/CMakeFiles/CMakeTmp

Run Build Command:"/usr/bin/make" "cmTC_5b6af/fast"
/usr/bin/make -f CMakeFiles/cmTC_5b6af.dir/build.make CMakeFiles/cmTC_5b6af.dir/build
make[1]: Entering directory '/home/trex/turtle_drive/build/turtle_localization/CMakeFiles/CMakeTmp'
Building C object CMakeFiles/cmTC_5b6af.dir/CMakeCCompilerABI.c.o
/usr/bin/cc     -o CMakeFiles/cmTC_5b6af.dir/CMakeCCompilerABI.c.o   -c /usr/share/cmake-3.5/Modules/CMakeCCompilerABI.c
Linking C executable cmTC_5b6af
/usr/bin/cmake -E cmake_link_script CMakeFiles/cmTC_5b6af.dir/link.txt --verbose=1
/usr/bin/cc      -v CMakeFiles/cmTC_5b6af.dir/CMakeCCompilerABI.c.o  -o cmTC_5b6af -rdynamic  
>>>>>>> e9cd62af21de1d7449f0732f6f4acbdc818f742b
Using built-in specs.
COLLECT_GCC=/usr/bin/cc
COLLECT_LTO_WRAPPER=/usr/lib/gcc/i686-linux-gnu/5/lto-wrapper
Target: i686-linux-gnu
Configured with: ../src/configure -v --with-pkgversion='Ubuntu 5.4.0-6ubuntu1~16.04.11' --with-bugurl=file:///usr/share/doc/gcc-5/README.Bugs --enable-languages=c,ada,c++,java,go,d,fortran,objc,obj-c++ --prefix=/usr --program-suffix=-5 --enable-shared --enable-linker-build-id --libexecdir=/usr/lib --without-included-gettext --enable-threads=posix --libdir=/usr/lib --enable-nls --with-sysroot=/ --enable-clocale=gnu --enable-libstdcxx-debug --enable-libstdcxx-time=yes --with-default-libstdcxx-abi=new --enable-gnu-unique-object --disable-vtable-verify --enable-libmpx --enable-plugin --with-system-zlib --disable-browser-plugin --enable-java-awt=gtk --enable-gtk-cairo --with-java-home=/usr/lib/jvm/java-1.5.0-gcj-5-i386/jre --enable-java-home --with-jvm-root-dir=/usr/lib/jvm/java-1.5.0-gcj-5-i386 --with-jvm-jar-dir=/usr/lib/jvm-exports/java-1.5.0-gcj-5-i386 --with-arch-directory=i386 --with-ecj-jar=/usr/share/java/eclipse-ecj.jar --enable-objc-gc --enable-targets=all --enable-multiarch --disable-werror --with-arch-32=i686 --with-multilib-list=m32,m64,mx32 --enable-multilib --with-tune=generic --enable-checking=release --build=i686-linux-gnu --host=i686-linux-gnu --target=i686-linux-gnu
Thread model: posix
<<<<<<< HEAD
gcc version 5.4.0 20160609 (Ubuntu 5.4.0-6ubuntu1~16.04.10) 
COMPILER_PATH=/usr/lib/gcc/x86_64-linux-gnu/5/:/usr/lib/gcc/x86_64-linux-gnu/5/:/usr/lib/gcc/x86_64-linux-gnu/:/usr/lib/gcc/x86_64-linux-gnu/5/:/usr/lib/gcc/x86_64-linux-gnu/
LIBRARY_PATH=/usr/lib/gcc/x86_64-linux-gnu/5/:/usr/lib/gcc/x86_64-linux-gnu/5/../../../x86_64-linux-gnu/:/usr/lib/gcc/x86_64-linux-gnu/5/../../../../lib/:/lib/x86_64-linux-gnu/:/lib/../lib/:/usr/lib/x86_64-linux-gnu/:/usr/lib/../lib/:/usr/lib/gcc/x86_64-linux-gnu/5/../../../:/lib/:/usr/lib/
COLLECT_GCC_OPTIONS='-v' '-o' 'cmTC_204d6' '-rdynamic' '-mtune=generic' '-march=x86-64'
 /usr/lib/gcc/x86_64-linux-gnu/5/collect2 -plugin /usr/lib/gcc/x86_64-linux-gnu/5/liblto_plugin.so -plugin-opt=/usr/lib/gcc/x86_64-linux-gnu/5/lto-wrapper -plugin-opt=-fresolution=/tmp/ccV0Jtku.res -plugin-opt=-pass-through=-lgcc -plugin-opt=-pass-through=-lgcc_s -plugin-opt=-pass-through=-lc -plugin-opt=-pass-through=-lgcc -plugin-opt=-pass-through=-lgcc_s --sysroot=/ --build-id --eh-frame-hdr -m elf_x86_64 --hash-style=gnu --as-needed -export-dynamic -dynamic-linker /lib64/ld-linux-x86-64.so.2 -z relro -o cmTC_204d6 /usr/lib/gcc/x86_64-linux-gnu/5/../../../x86_64-linux-gnu/crt1.o /usr/lib/gcc/x86_64-linux-gnu/5/../../../x86_64-linux-gnu/crti.o /usr/lib/gcc/x86_64-linux-gnu/5/crtbegin.o -L/usr/lib/gcc/x86_64-linux-gnu/5 -L/usr/lib/gcc/x86_64-linux-gnu/5/../../../x86_64-linux-gnu -L/usr/lib/gcc/x86_64-linux-gnu/5/../../../../lib -L/lib/x86_64-linux-gnu -L/lib/../lib -L/usr/lib/x86_64-linux-gnu -L/usr/lib/../lib -L/usr/lib/gcc/x86_64-linux-gnu/5/../../.. CMakeFiles/cmTC_204d6.dir/CMakeCCompilerABI.c.o -lgcc --as-needed -lgcc_s --no-as-needed -lc -lgcc --as-needed -lgcc_s --no-as-needed /usr/lib/gcc/x86_64-linux-gnu/5/crtend.o /usr/lib/gcc/x86_64-linux-gnu/5/../../../x86_64-linux-gnu/crtn.o
make[1]: Leaving directory '/home/sena/turtle_drive/build/turtle_localization/CMakeFiles/CMakeTmp'
=======
gcc version 5.4.0 20160609 (Ubuntu 5.4.0-6ubuntu1~16.04.11) 
COMPILER_PATH=/usr/lib/gcc/i686-linux-gnu/5/:/usr/lib/gcc/i686-linux-gnu/5/:/usr/lib/gcc/i686-linux-gnu/:/usr/lib/gcc/i686-linux-gnu/5/:/usr/lib/gcc/i686-linux-gnu/
LIBRARY_PATH=/usr/lib/gcc/i686-linux-gnu/5/:/usr/lib/gcc/i686-linux-gnu/5/../../../i386-linux-gnu/:/usr/lib/gcc/i686-linux-gnu/5/../../../../lib/:/lib/i386-linux-gnu/:/lib/../lib/:/usr/lib/i386-linux-gnu/:/usr/lib/../lib/:/usr/lib/gcc/i686-linux-gnu/5/../../../:/lib/:/usr/lib/
COLLECT_GCC_OPTIONS='-v' '-o' 'cmTC_5b6af' '-rdynamic' '-mtune=generic' '-march=i686'
 /usr/lib/gcc/i686-linux-gnu/5/collect2 -plugin /usr/lib/gcc/i686-linux-gnu/5/liblto_plugin.so -plugin-opt=/usr/lib/gcc/i686-linux-gnu/5/lto-wrapper -plugin-opt=-fresolution=/tmp/ccPUUVit.res -plugin-opt=-pass-through=-lgcc -plugin-opt=-pass-through=-lgcc_s -plugin-opt=-pass-through=-lc -plugin-opt=-pass-through=-lgcc -plugin-opt=-pass-through=-lgcc_s --sysroot=/ --build-id --eh-frame-hdr -m elf_i386 --hash-style=gnu --as-needed -export-dynamic -dynamic-linker /lib/ld-linux.so.2 -z relro -o cmTC_5b6af /usr/lib/gcc/i686-linux-gnu/5/../../../i386-linux-gnu/crt1.o /usr/lib/gcc/i686-linux-gnu/5/../../../i386-linux-gnu/crti.o /usr/lib/gcc/i686-linux-gnu/5/crtbegin.o -L/usr/lib/gcc/i686-linux-gnu/5 -L/usr/lib/gcc/i686-linux-gnu/5/../../../i386-linux-gnu -L/usr/lib/gcc/i686-linux-gnu/5/../../../../lib -L/lib/i386-linux-gnu -L/lib/../lib -L/usr/lib/i386-linux-gnu -L/usr/lib/../lib -L/usr/lib/gcc/i686-linux-gnu/5/../../.. CMakeFiles/cmTC_5b6af.dir/CMakeCCompilerABI.c.o -lgcc --as-needed -lgcc_s --no-as-needed -lc -lgcc --as-needed -lgcc_s --no-as-needed /usr/lib/gcc/i686-linux-gnu/5/crtend.o /usr/lib/gcc/i686-linux-gnu/5/../../../i386-linux-gnu/crtn.o
make[1]: Leaving directory '/home/trex/turtle_drive/build/turtle_localization/CMakeFiles/CMakeTmp'
>>>>>>> e9cd62af21de1d7449f0732f6f4acbdc818f742b


Parsed C implicit link information from above output:
  link line regex: [^( *|.*[/\])(ld|([^/\]+-)?ld|collect2)[^/\]*( |$)]
  ignore line: [Change Dir: /home/trex/turtle_drive/build/turtle_localization/CMakeFiles/CMakeTmp]
  ignore line: []
<<<<<<< HEAD
  ignore line: [Run Build Command:"/usr/bin/make" "cmTC_204d6/fast"]
  ignore line: [/usr/bin/make -f CMakeFiles/cmTC_204d6.dir/build.make CMakeFiles/cmTC_204d6.dir/build]
  ignore line: [make[1]: Entering directory '/home/sena/turtle_drive/build/turtle_localization/CMakeFiles/CMakeTmp']
  ignore line: [Building C object CMakeFiles/cmTC_204d6.dir/CMakeCCompilerABI.c.o]
  ignore line: [/usr/bin/cc     -o CMakeFiles/cmTC_204d6.dir/CMakeCCompilerABI.c.o   -c /usr/share/cmake-3.5/Modules/CMakeCCompilerABI.c]
  ignore line: [Linking C executable cmTC_204d6]
  ignore line: [/usr/bin/cmake -E cmake_link_script CMakeFiles/cmTC_204d6.dir/link.txt --verbose=1]
  ignore line: [/usr/bin/cc      -v CMakeFiles/cmTC_204d6.dir/CMakeCCompilerABI.c.o  -o cmTC_204d6 -rdynamic  ]
=======
  ignore line: [Run Build Command:"/usr/bin/make" "cmTC_5b6af/fast"]
  ignore line: [/usr/bin/make -f CMakeFiles/cmTC_5b6af.dir/build.make CMakeFiles/cmTC_5b6af.dir/build]
  ignore line: [make[1]: Entering directory '/home/trex/turtle_drive/build/turtle_localization/CMakeFiles/CMakeTmp']
  ignore line: [Building C object CMakeFiles/cmTC_5b6af.dir/CMakeCCompilerABI.c.o]
  ignore line: [/usr/bin/cc     -o CMakeFiles/cmTC_5b6af.dir/CMakeCCompilerABI.c.o   -c /usr/share/cmake-3.5/Modules/CMakeCCompilerABI.c]
  ignore line: [Linking C executable cmTC_5b6af]
  ignore line: [/usr/bin/cmake -E cmake_link_script CMakeFiles/cmTC_5b6af.dir/link.txt --verbose=1]
  ignore line: [/usr/bin/cc      -v CMakeFiles/cmTC_5b6af.dir/CMakeCCompilerABI.c.o  -o cmTC_5b6af -rdynamic  ]
>>>>>>> e9cd62af21de1d7449f0732f6f4acbdc818f742b
  ignore line: [Using built-in specs.]
  ignore line: [COLLECT_GCC=/usr/bin/cc]
  ignore line: [COLLECT_LTO_WRAPPER=/usr/lib/gcc/i686-linux-gnu/5/lto-wrapper]
  ignore line: [Target: i686-linux-gnu]
  ignore line: [Configured with: ../src/configure -v --with-pkgversion='Ubuntu 5.4.0-6ubuntu1~16.04.11' --with-bugurl=file:///usr/share/doc/gcc-5/README.Bugs --enable-languages=c,ada,c++,java,go,d,fortran,objc,obj-c++ --prefix=/usr --program-suffix=-5 --enable-shared --enable-linker-build-id --libexecdir=/usr/lib --without-included-gettext --enable-threads=posix --libdir=/usr/lib --enable-nls --with-sysroot=/ --enable-clocale=gnu --enable-libstdcxx-debug --enable-libstdcxx-time=yes --with-default-libstdcxx-abi=new --enable-gnu-unique-object --disable-vtable-verify --enable-libmpx --enable-plugin --with-system-zlib --disable-browser-plugin --enable-java-awt=gtk --enable-gtk-cairo --with-java-home=/usr/lib/jvm/java-1.5.0-gcj-5-i386/jre --enable-java-home --with-jvm-root-dir=/usr/lib/jvm/java-1.5.0-gcj-5-i386 --with-jvm-jar-dir=/usr/lib/jvm-exports/java-1.5.0-gcj-5-i386 --with-arch-directory=i386 --with-ecj-jar=/usr/share/java/eclipse-ecj.jar --enable-objc-gc --enable-targets=all --enable-multiarch --disable-werror --with-arch-32=i686 --with-multilib-list=m32,m64,mx32 --enable-multilib --with-tune=generic --enable-checking=release --build=i686-linux-gnu --host=i686-linux-gnu --target=i686-linux-gnu]
  ignore line: [Thread model: posix]
<<<<<<< HEAD
  ignore line: [gcc version 5.4.0 20160609 (Ubuntu 5.4.0-6ubuntu1~16.04.10) ]
  ignore line: [COMPILER_PATH=/usr/lib/gcc/x86_64-linux-gnu/5/:/usr/lib/gcc/x86_64-linux-gnu/5/:/usr/lib/gcc/x86_64-linux-gnu/:/usr/lib/gcc/x86_64-linux-gnu/5/:/usr/lib/gcc/x86_64-linux-gnu/]
  ignore line: [LIBRARY_PATH=/usr/lib/gcc/x86_64-linux-gnu/5/:/usr/lib/gcc/x86_64-linux-gnu/5/../../../x86_64-linux-gnu/:/usr/lib/gcc/x86_64-linux-gnu/5/../../../../lib/:/lib/x86_64-linux-gnu/:/lib/../lib/:/usr/lib/x86_64-linux-gnu/:/usr/lib/../lib/:/usr/lib/gcc/x86_64-linux-gnu/5/../../../:/lib/:/usr/lib/]
  ignore line: [COLLECT_GCC_OPTIONS='-v' '-o' 'cmTC_204d6' '-rdynamic' '-mtune=generic' '-march=x86-64']
  link line: [ /usr/lib/gcc/x86_64-linux-gnu/5/collect2 -plugin /usr/lib/gcc/x86_64-linux-gnu/5/liblto_plugin.so -plugin-opt=/usr/lib/gcc/x86_64-linux-gnu/5/lto-wrapper -plugin-opt=-fresolution=/tmp/ccV0Jtku.res -plugin-opt=-pass-through=-lgcc -plugin-opt=-pass-through=-lgcc_s -plugin-opt=-pass-through=-lc -plugin-opt=-pass-through=-lgcc -plugin-opt=-pass-through=-lgcc_s --sysroot=/ --build-id --eh-frame-hdr -m elf_x86_64 --hash-style=gnu --as-needed -export-dynamic -dynamic-linker /lib64/ld-linux-x86-64.so.2 -z relro -o cmTC_204d6 /usr/lib/gcc/x86_64-linux-gnu/5/../../../x86_64-linux-gnu/crt1.o /usr/lib/gcc/x86_64-linux-gnu/5/../../../x86_64-linux-gnu/crti.o /usr/lib/gcc/x86_64-linux-gnu/5/crtbegin.o -L/usr/lib/gcc/x86_64-linux-gnu/5 -L/usr/lib/gcc/x86_64-linux-gnu/5/../../../x86_64-linux-gnu -L/usr/lib/gcc/x86_64-linux-gnu/5/../../../../lib -L/lib/x86_64-linux-gnu -L/lib/../lib -L/usr/lib/x86_64-linux-gnu -L/usr/lib/../lib -L/usr/lib/gcc/x86_64-linux-gnu/5/../../.. CMakeFiles/cmTC_204d6.dir/CMakeCCompilerABI.c.o -lgcc --as-needed -lgcc_s --no-as-needed -lc -lgcc --as-needed -lgcc_s --no-as-needed /usr/lib/gcc/x86_64-linux-gnu/5/crtend.o /usr/lib/gcc/x86_64-linux-gnu/5/../../../x86_64-linux-gnu/crtn.o]
    arg [/usr/lib/gcc/x86_64-linux-gnu/5/collect2] ==> ignore
    arg [-plugin] ==> ignore
    arg [/usr/lib/gcc/x86_64-linux-gnu/5/liblto_plugin.so] ==> ignore
    arg [-plugin-opt=/usr/lib/gcc/x86_64-linux-gnu/5/lto-wrapper] ==> ignore
    arg [-plugin-opt=-fresolution=/tmp/ccV0Jtku.res] ==> ignore
=======
  ignore line: [gcc version 5.4.0 20160609 (Ubuntu 5.4.0-6ubuntu1~16.04.11) ]
  ignore line: [COMPILER_PATH=/usr/lib/gcc/i686-linux-gnu/5/:/usr/lib/gcc/i686-linux-gnu/5/:/usr/lib/gcc/i686-linux-gnu/:/usr/lib/gcc/i686-linux-gnu/5/:/usr/lib/gcc/i686-linux-gnu/]
  ignore line: [LIBRARY_PATH=/usr/lib/gcc/i686-linux-gnu/5/:/usr/lib/gcc/i686-linux-gnu/5/../../../i386-linux-gnu/:/usr/lib/gcc/i686-linux-gnu/5/../../../../lib/:/lib/i386-linux-gnu/:/lib/../lib/:/usr/lib/i386-linux-gnu/:/usr/lib/../lib/:/usr/lib/gcc/i686-linux-gnu/5/../../../:/lib/:/usr/lib/]
  ignore line: [COLLECT_GCC_OPTIONS='-v' '-o' 'cmTC_5b6af' '-rdynamic' '-mtune=generic' '-march=i686']
  link line: [ /usr/lib/gcc/i686-linux-gnu/5/collect2 -plugin /usr/lib/gcc/i686-linux-gnu/5/liblto_plugin.so -plugin-opt=/usr/lib/gcc/i686-linux-gnu/5/lto-wrapper -plugin-opt=-fresolution=/tmp/ccPUUVit.res -plugin-opt=-pass-through=-lgcc -plugin-opt=-pass-through=-lgcc_s -plugin-opt=-pass-through=-lc -plugin-opt=-pass-through=-lgcc -plugin-opt=-pass-through=-lgcc_s --sysroot=/ --build-id --eh-frame-hdr -m elf_i386 --hash-style=gnu --as-needed -export-dynamic -dynamic-linker /lib/ld-linux.so.2 -z relro -o cmTC_5b6af /usr/lib/gcc/i686-linux-gnu/5/../../../i386-linux-gnu/crt1.o /usr/lib/gcc/i686-linux-gnu/5/../../../i386-linux-gnu/crti.o /usr/lib/gcc/i686-linux-gnu/5/crtbegin.o -L/usr/lib/gcc/i686-linux-gnu/5 -L/usr/lib/gcc/i686-linux-gnu/5/../../../i386-linux-gnu -L/usr/lib/gcc/i686-linux-gnu/5/../../../../lib -L/lib/i386-linux-gnu -L/lib/../lib -L/usr/lib/i386-linux-gnu -L/usr/lib/../lib -L/usr/lib/gcc/i686-linux-gnu/5/../../.. CMakeFiles/cmTC_5b6af.dir/CMakeCCompilerABI.c.o -lgcc --as-needed -lgcc_s --no-as-needed -lc -lgcc --as-needed -lgcc_s --no-as-needed /usr/lib/gcc/i686-linux-gnu/5/crtend.o /usr/lib/gcc/i686-linux-gnu/5/../../../i386-linux-gnu/crtn.o]
    arg [/usr/lib/gcc/i686-linux-gnu/5/collect2] ==> ignore
    arg [-plugin] ==> ignore
    arg [/usr/lib/gcc/i686-linux-gnu/5/liblto_plugin.so] ==> ignore
    arg [-plugin-opt=/usr/lib/gcc/i686-linux-gnu/5/lto-wrapper] ==> ignore
    arg [-plugin-opt=-fresolution=/tmp/ccPUUVit.res] ==> ignore
>>>>>>> e9cd62af21de1d7449f0732f6f4acbdc818f742b
    arg [-plugin-opt=-pass-through=-lgcc] ==> ignore
    arg [-plugin-opt=-pass-through=-lgcc_s] ==> ignore
    arg [-plugin-opt=-pass-through=-lc] ==> ignore
    arg [-plugin-opt=-pass-through=-lgcc] ==> ignore
    arg [-plugin-opt=-pass-through=-lgcc_s] ==> ignore
    arg [--sysroot=/] ==> ignore
    arg [--build-id] ==> ignore
    arg [--eh-frame-hdr] ==> ignore
    arg [-m] ==> ignore
    arg [elf_i386] ==> ignore
    arg [--hash-style=gnu] ==> ignore
    arg [--as-needed] ==> ignore
    arg [-export-dynamic] ==> ignore
    arg [-dynamic-linker] ==> ignore
    arg [/lib/ld-linux.so.2] ==> ignore
    arg [-zrelro] ==> ignore
    arg [-o] ==> ignore
<<<<<<< HEAD
    arg [cmTC_204d6] ==> ignore
    arg [/usr/lib/gcc/x86_64-linux-gnu/5/../../../x86_64-linux-gnu/crt1.o] ==> ignore
    arg [/usr/lib/gcc/x86_64-linux-gnu/5/../../../x86_64-linux-gnu/crti.o] ==> ignore
    arg [/usr/lib/gcc/x86_64-linux-gnu/5/crtbegin.o] ==> ignore
    arg [-L/usr/lib/gcc/x86_64-linux-gnu/5] ==> dir [/usr/lib/gcc/x86_64-linux-gnu/5]
    arg [-L/usr/lib/gcc/x86_64-linux-gnu/5/../../../x86_64-linux-gnu] ==> dir [/usr/lib/gcc/x86_64-linux-gnu/5/../../../x86_64-linux-gnu]
    arg [-L/usr/lib/gcc/x86_64-linux-gnu/5/../../../../lib] ==> dir [/usr/lib/gcc/x86_64-linux-gnu/5/../../../../lib]
    arg [-L/lib/x86_64-linux-gnu] ==> dir [/lib/x86_64-linux-gnu]
=======
    arg [cmTC_5b6af] ==> ignore
    arg [/usr/lib/gcc/i686-linux-gnu/5/../../../i386-linux-gnu/crt1.o] ==> ignore
    arg [/usr/lib/gcc/i686-linux-gnu/5/../../../i386-linux-gnu/crti.o] ==> ignore
    arg [/usr/lib/gcc/i686-linux-gnu/5/crtbegin.o] ==> ignore
    arg [-L/usr/lib/gcc/i686-linux-gnu/5] ==> dir [/usr/lib/gcc/i686-linux-gnu/5]
    arg [-L/usr/lib/gcc/i686-linux-gnu/5/../../../i386-linux-gnu] ==> dir [/usr/lib/gcc/i686-linux-gnu/5/../../../i386-linux-gnu]
    arg [-L/usr/lib/gcc/i686-linux-gnu/5/../../../../lib] ==> dir [/usr/lib/gcc/i686-linux-gnu/5/../../../../lib]
    arg [-L/lib/i386-linux-gnu] ==> dir [/lib/i386-linux-gnu]
>>>>>>> e9cd62af21de1d7449f0732f6f4acbdc818f742b
    arg [-L/lib/../lib] ==> dir [/lib/../lib]
    arg [-L/usr/lib/i386-linux-gnu] ==> dir [/usr/lib/i386-linux-gnu]
    arg [-L/usr/lib/../lib] ==> dir [/usr/lib/../lib]
<<<<<<< HEAD
    arg [-L/usr/lib/gcc/x86_64-linux-gnu/5/../../..] ==> dir [/usr/lib/gcc/x86_64-linux-gnu/5/../../..]
    arg [CMakeFiles/cmTC_204d6.dir/CMakeCCompilerABI.c.o] ==> ignore
=======
    arg [-L/usr/lib/gcc/i686-linux-gnu/5/../../..] ==> dir [/usr/lib/gcc/i686-linux-gnu/5/../../..]
    arg [CMakeFiles/cmTC_5b6af.dir/CMakeCCompilerABI.c.o] ==> ignore
>>>>>>> e9cd62af21de1d7449f0732f6f4acbdc818f742b
    arg [-lgcc] ==> lib [gcc]
    arg [--as-needed] ==> ignore
    arg [-lgcc_s] ==> lib [gcc_s]
    arg [--no-as-needed] ==> ignore
    arg [-lc] ==> lib [c]
    arg [-lgcc] ==> lib [gcc]
    arg [--as-needed] ==> ignore
    arg [-lgcc_s] ==> lib [gcc_s]
    arg [--no-as-needed] ==> ignore
    arg [/usr/lib/gcc/i686-linux-gnu/5/crtend.o] ==> ignore
    arg [/usr/lib/gcc/i686-linux-gnu/5/../../../i386-linux-gnu/crtn.o] ==> ignore
  remove lib [gcc]
  remove lib [gcc_s]
  remove lib [gcc]
  remove lib [gcc_s]
  collapse library dir [/usr/lib/gcc/i686-linux-gnu/5] ==> [/usr/lib/gcc/i686-linux-gnu/5]
  collapse library dir [/usr/lib/gcc/i686-linux-gnu/5/../../../i386-linux-gnu] ==> [/usr/lib/i386-linux-gnu]
  collapse library dir [/usr/lib/gcc/i686-linux-gnu/5/../../../../lib] ==> [/usr/lib]
  collapse library dir [/lib/i386-linux-gnu] ==> [/lib/i386-linux-gnu]
  collapse library dir [/lib/../lib] ==> [/lib]
  collapse library dir [/usr/lib/i386-linux-gnu] ==> [/usr/lib/i386-linux-gnu]
  collapse library dir [/usr/lib/../lib] ==> [/usr/lib]
  collapse library dir [/usr/lib/gcc/i686-linux-gnu/5/../../..] ==> [/usr/lib]
  implicit libs: [c]
  implicit dirs: [/usr/lib/gcc/i686-linux-gnu/5;/usr/lib/i386-linux-gnu;/usr/lib;/lib/i386-linux-gnu;/lib]
  implicit fwks: []




Detecting C [-std=c11] compiler features compiled with the following output:
Change Dir: /home/trex/turtle_drive/build/turtle_localization/CMakeFiles/CMakeTmp

<<<<<<< HEAD
Run Build Command:"/usr/bin/make" "cmTC_daac8/fast"
/usr/bin/make -f CMakeFiles/cmTC_daac8.dir/build.make CMakeFiles/cmTC_daac8.dir/build
make[1]: Entering directory '/home/sena/turtle_drive/build/turtle_localization/CMakeFiles/CMakeTmp'
Building C object CMakeFiles/cmTC_daac8.dir/feature_tests.c.o
/usr/bin/cc    -std=c11 -o CMakeFiles/cmTC_daac8.dir/feature_tests.c.o   -c /home/sena/turtle_drive/build/turtle_localization/CMakeFiles/feature_tests.c
Linking C executable cmTC_daac8
/usr/bin/cmake -E cmake_link_script CMakeFiles/cmTC_daac8.dir/link.txt --verbose=1
/usr/bin/cc       CMakeFiles/cmTC_daac8.dir/feature_tests.c.o  -o cmTC_daac8 -rdynamic 
make[1]: Leaving directory '/home/sena/turtle_drive/build/turtle_localization/CMakeFiles/CMakeTmp'
=======
Run Build Command:"/usr/bin/make" "cmTC_adc3e/fast"
/usr/bin/make -f CMakeFiles/cmTC_adc3e.dir/build.make CMakeFiles/cmTC_adc3e.dir/build
make[1]: Entering directory '/home/trex/turtle_drive/build/turtle_localization/CMakeFiles/CMakeTmp'
Building C object CMakeFiles/cmTC_adc3e.dir/feature_tests.c.o
/usr/bin/cc    -std=c11 -o CMakeFiles/cmTC_adc3e.dir/feature_tests.c.o   -c /home/trex/turtle_drive/build/turtle_localization/CMakeFiles/feature_tests.c
Linking C executable cmTC_adc3e
/usr/bin/cmake -E cmake_link_script CMakeFiles/cmTC_adc3e.dir/link.txt --verbose=1
/usr/bin/cc       CMakeFiles/cmTC_adc3e.dir/feature_tests.c.o  -o cmTC_adc3e -rdynamic 
make[1]: Leaving directory '/home/trex/turtle_drive/build/turtle_localization/CMakeFiles/CMakeTmp'
>>>>>>> e9cd62af21de1d7449f0732f6f4acbdc818f742b


    Feature record: C_FEATURE:1c_function_prototypes
    Feature record: C_FEATURE:1c_restrict
    Feature record: C_FEATURE:1c_static_assert
    Feature record: C_FEATURE:1c_variadic_macros


Detecting C [-std=c99] compiler features compiled with the following output:
Change Dir: /home/trex/turtle_drive/build/turtle_localization/CMakeFiles/CMakeTmp

<<<<<<< HEAD
Run Build Command:"/usr/bin/make" "cmTC_7bc64/fast"
/usr/bin/make -f CMakeFiles/cmTC_7bc64.dir/build.make CMakeFiles/cmTC_7bc64.dir/build
make[1]: Entering directory '/home/sena/turtle_drive/build/turtle_localization/CMakeFiles/CMakeTmp'
Building C object CMakeFiles/cmTC_7bc64.dir/feature_tests.c.o
/usr/bin/cc    -std=c99 -o CMakeFiles/cmTC_7bc64.dir/feature_tests.c.o   -c /home/sena/turtle_drive/build/turtle_localization/CMakeFiles/feature_tests.c
Linking C executable cmTC_7bc64
/usr/bin/cmake -E cmake_link_script CMakeFiles/cmTC_7bc64.dir/link.txt --verbose=1
/usr/bin/cc       CMakeFiles/cmTC_7bc64.dir/feature_tests.c.o  -o cmTC_7bc64 -rdynamic 
make[1]: Leaving directory '/home/sena/turtle_drive/build/turtle_localization/CMakeFiles/CMakeTmp'
=======
Run Build Command:"/usr/bin/make" "cmTC_dc0cc/fast"
/usr/bin/make -f CMakeFiles/cmTC_dc0cc.dir/build.make CMakeFiles/cmTC_dc0cc.dir/build
make[1]: Entering directory '/home/trex/turtle_drive/build/turtle_localization/CMakeFiles/CMakeTmp'
Building C object CMakeFiles/cmTC_dc0cc.dir/feature_tests.c.o
/usr/bin/cc    -std=c99 -o CMakeFiles/cmTC_dc0cc.dir/feature_tests.c.o   -c /home/trex/turtle_drive/build/turtle_localization/CMakeFiles/feature_tests.c
Linking C executable cmTC_dc0cc
/usr/bin/cmake -E cmake_link_script CMakeFiles/cmTC_dc0cc.dir/link.txt --verbose=1
/usr/bin/cc       CMakeFiles/cmTC_dc0cc.dir/feature_tests.c.o  -o cmTC_dc0cc -rdynamic 
make[1]: Leaving directory '/home/trex/turtle_drive/build/turtle_localization/CMakeFiles/CMakeTmp'
>>>>>>> e9cd62af21de1d7449f0732f6f4acbdc818f742b


    Feature record: C_FEATURE:1c_function_prototypes
    Feature record: C_FEATURE:1c_restrict
    Feature record: C_FEATURE:0c_static_assert
    Feature record: C_FEATURE:1c_variadic_macros


Detecting C [-std=c90] compiler features compiled with the following output:
Change Dir: /home/trex/turtle_drive/build/turtle_localization/CMakeFiles/CMakeTmp

<<<<<<< HEAD
Run Build Command:"/usr/bin/make" "cmTC_22ac2/fast"
/usr/bin/make -f CMakeFiles/cmTC_22ac2.dir/build.make CMakeFiles/cmTC_22ac2.dir/build
make[1]: Entering directory '/home/sena/turtle_drive/build/turtle_localization/CMakeFiles/CMakeTmp'
Building C object CMakeFiles/cmTC_22ac2.dir/feature_tests.c.o
/usr/bin/cc    -std=c90 -o CMakeFiles/cmTC_22ac2.dir/feature_tests.c.o   -c /home/sena/turtle_drive/build/turtle_localization/CMakeFiles/feature_tests.c
Linking C executable cmTC_22ac2
/usr/bin/cmake -E cmake_link_script CMakeFiles/cmTC_22ac2.dir/link.txt --verbose=1
/usr/bin/cc       CMakeFiles/cmTC_22ac2.dir/feature_tests.c.o  -o cmTC_22ac2 -rdynamic 
make[1]: Leaving directory '/home/sena/turtle_drive/build/turtle_localization/CMakeFiles/CMakeTmp'
=======
Run Build Command:"/usr/bin/make" "cmTC_10f0d/fast"
/usr/bin/make -f CMakeFiles/cmTC_10f0d.dir/build.make CMakeFiles/cmTC_10f0d.dir/build
make[1]: Entering directory '/home/trex/turtle_drive/build/turtle_localization/CMakeFiles/CMakeTmp'
Building C object CMakeFiles/cmTC_10f0d.dir/feature_tests.c.o
/usr/bin/cc    -std=c90 -o CMakeFiles/cmTC_10f0d.dir/feature_tests.c.o   -c /home/trex/turtle_drive/build/turtle_localization/CMakeFiles/feature_tests.c
Linking C executable cmTC_10f0d
/usr/bin/cmake -E cmake_link_script CMakeFiles/cmTC_10f0d.dir/link.txt --verbose=1
/usr/bin/cc       CMakeFiles/cmTC_10f0d.dir/feature_tests.c.o  -o cmTC_10f0d -rdynamic 
make[1]: Leaving directory '/home/trex/turtle_drive/build/turtle_localization/CMakeFiles/CMakeTmp'
>>>>>>> e9cd62af21de1d7449f0732f6f4acbdc818f742b


    Feature record: C_FEATURE:1c_function_prototypes
    Feature record: C_FEATURE:0c_restrict
    Feature record: C_FEATURE:0c_static_assert
    Feature record: C_FEATURE:0c_variadic_macros
Determining if the CXX compiler works passed with the following output:
Change Dir: /home/trex/turtle_drive/build/turtle_localization/CMakeFiles/CMakeTmp

<<<<<<< HEAD
Run Build Command:"/usr/bin/make" "cmTC_cb089/fast"
/usr/bin/make -f CMakeFiles/cmTC_cb089.dir/build.make CMakeFiles/cmTC_cb089.dir/build
make[1]: Entering directory '/home/sena/turtle_drive/build/turtle_localization/CMakeFiles/CMakeTmp'
Building CXX object CMakeFiles/cmTC_cb089.dir/testCXXCompiler.cxx.o
/usr/bin/c++      -o CMakeFiles/cmTC_cb089.dir/testCXXCompiler.cxx.o -c /home/sena/turtle_drive/build/turtle_localization/CMakeFiles/CMakeTmp/testCXXCompiler.cxx
Linking CXX executable cmTC_cb089
/usr/bin/cmake -E cmake_link_script CMakeFiles/cmTC_cb089.dir/link.txt --verbose=1
/usr/bin/c++        CMakeFiles/cmTC_cb089.dir/testCXXCompiler.cxx.o  -o cmTC_cb089 -rdynamic 
make[1]: Leaving directory '/home/sena/turtle_drive/build/turtle_localization/CMakeFiles/CMakeTmp'


Detecting CXX compiler ABI info compiled with the following output:
Change Dir: /home/sena/turtle_drive/build/turtle_localization/CMakeFiles/CMakeTmp

Run Build Command:"/usr/bin/make" "cmTC_af71f/fast"
/usr/bin/make -f CMakeFiles/cmTC_af71f.dir/build.make CMakeFiles/cmTC_af71f.dir/build
make[1]: Entering directory '/home/sena/turtle_drive/build/turtle_localization/CMakeFiles/CMakeTmp'
Building CXX object CMakeFiles/cmTC_af71f.dir/CMakeCXXCompilerABI.cpp.o
/usr/bin/c++      -o CMakeFiles/cmTC_af71f.dir/CMakeCXXCompilerABI.cpp.o -c /usr/share/cmake-3.5/Modules/CMakeCXXCompilerABI.cpp
Linking CXX executable cmTC_af71f
/usr/bin/cmake -E cmake_link_script CMakeFiles/cmTC_af71f.dir/link.txt --verbose=1
/usr/bin/c++       -v CMakeFiles/cmTC_af71f.dir/CMakeCXXCompilerABI.cpp.o  -o cmTC_af71f -rdynamic  
=======
Run Build Command:"/usr/bin/make" "cmTC_4fd97/fast"
/usr/bin/make -f CMakeFiles/cmTC_4fd97.dir/build.make CMakeFiles/cmTC_4fd97.dir/build
make[1]: Entering directory '/home/trex/turtle_drive/build/turtle_localization/CMakeFiles/CMakeTmp'
Building CXX object CMakeFiles/cmTC_4fd97.dir/testCXXCompiler.cxx.o
/usr/bin/c++      -o CMakeFiles/cmTC_4fd97.dir/testCXXCompiler.cxx.o -c /home/trex/turtle_drive/build/turtle_localization/CMakeFiles/CMakeTmp/testCXXCompiler.cxx
Linking CXX executable cmTC_4fd97
/usr/bin/cmake -E cmake_link_script CMakeFiles/cmTC_4fd97.dir/link.txt --verbose=1
/usr/bin/c++        CMakeFiles/cmTC_4fd97.dir/testCXXCompiler.cxx.o  -o cmTC_4fd97 -rdynamic 
make[1]: Leaving directory '/home/trex/turtle_drive/build/turtle_localization/CMakeFiles/CMakeTmp'


Detecting CXX compiler ABI info compiled with the following output:
Change Dir: /home/trex/turtle_drive/build/turtle_localization/CMakeFiles/CMakeTmp

Run Build Command:"/usr/bin/make" "cmTC_52fc4/fast"
/usr/bin/make -f CMakeFiles/cmTC_52fc4.dir/build.make CMakeFiles/cmTC_52fc4.dir/build
make[1]: Entering directory '/home/trex/turtle_drive/build/turtle_localization/CMakeFiles/CMakeTmp'
Building CXX object CMakeFiles/cmTC_52fc4.dir/CMakeCXXCompilerABI.cpp.o
/usr/bin/c++      -o CMakeFiles/cmTC_52fc4.dir/CMakeCXXCompilerABI.cpp.o -c /usr/share/cmake-3.5/Modules/CMakeCXXCompilerABI.cpp
Linking CXX executable cmTC_52fc4
/usr/bin/cmake -E cmake_link_script CMakeFiles/cmTC_52fc4.dir/link.txt --verbose=1
/usr/bin/c++       -v CMakeFiles/cmTC_52fc4.dir/CMakeCXXCompilerABI.cpp.o  -o cmTC_52fc4 -rdynamic  
>>>>>>> e9cd62af21de1d7449f0732f6f4acbdc818f742b
Using built-in specs.
COLLECT_GCC=/usr/bin/c++
COLLECT_LTO_WRAPPER=/usr/lib/gcc/i686-linux-gnu/5/lto-wrapper
Target: i686-linux-gnu
Configured with: ../src/configure -v --with-pkgversion='Ubuntu 5.4.0-6ubuntu1~16.04.11' --with-bugurl=file:///usr/share/doc/gcc-5/README.Bugs --enable-languages=c,ada,c++,java,go,d,fortran,objc,obj-c++ --prefix=/usr --program-suffix=-5 --enable-shared --enable-linker-build-id --libexecdir=/usr/lib --without-included-gettext --enable-threads=posix --libdir=/usr/lib --enable-nls --with-sysroot=/ --enable-clocale=gnu --enable-libstdcxx-debug --enable-libstdcxx-time=yes --with-default-libstdcxx-abi=new --enable-gnu-unique-object --disable-vtable-verify --enable-libmpx --enable-plugin --with-system-zlib --disable-browser-plugin --enable-java-awt=gtk --enable-gtk-cairo --with-java-home=/usr/lib/jvm/java-1.5.0-gcj-5-i386/jre --enable-java-home --with-jvm-root-dir=/usr/lib/jvm/java-1.5.0-gcj-5-i386 --with-jvm-jar-dir=/usr/lib/jvm-exports/java-1.5.0-gcj-5-i386 --with-arch-directory=i386 --with-ecj-jar=/usr/share/java/eclipse-ecj.jar --enable-objc-gc --enable-targets=all --enable-multiarch --disable-werror --with-arch-32=i686 --with-multilib-list=m32,m64,mx32 --enable-multilib --with-tune=generic --enable-checking=release --build=i686-linux-gnu --host=i686-linux-gnu --target=i686-linux-gnu
Thread model: posix
<<<<<<< HEAD
gcc version 5.4.0 20160609 (Ubuntu 5.4.0-6ubuntu1~16.04.10) 
COMPILER_PATH=/usr/lib/gcc/x86_64-linux-gnu/5/:/usr/lib/gcc/x86_64-linux-gnu/5/:/usr/lib/gcc/x86_64-linux-gnu/:/usr/lib/gcc/x86_64-linux-gnu/5/:/usr/lib/gcc/x86_64-linux-gnu/
LIBRARY_PATH=/usr/lib/gcc/x86_64-linux-gnu/5/:/usr/lib/gcc/x86_64-linux-gnu/5/../../../x86_64-linux-gnu/:/usr/lib/gcc/x86_64-linux-gnu/5/../../../../lib/:/lib/x86_64-linux-gnu/:/lib/../lib/:/usr/lib/x86_64-linux-gnu/:/usr/lib/../lib/:/usr/lib/gcc/x86_64-linux-gnu/5/../../../:/lib/:/usr/lib/
COLLECT_GCC_OPTIONS='-v' '-o' 'cmTC_af71f' '-rdynamic' '-shared-libgcc' '-mtune=generic' '-march=x86-64'
 /usr/lib/gcc/x86_64-linux-gnu/5/collect2 -plugin /usr/lib/gcc/x86_64-linux-gnu/5/liblto_plugin.so -plugin-opt=/usr/lib/gcc/x86_64-linux-gnu/5/lto-wrapper -plugin-opt=-fresolution=/tmp/ccpDEril.res -plugin-opt=-pass-through=-lgcc_s -plugin-opt=-pass-through=-lgcc -plugin-opt=-pass-through=-lc -plugin-opt=-pass-through=-lgcc_s -plugin-opt=-pass-through=-lgcc --sysroot=/ --build-id --eh-frame-hdr -m elf_x86_64 --hash-style=gnu --as-needed -export-dynamic -dynamic-linker /lib64/ld-linux-x86-64.so.2 -z relro -o cmTC_af71f /usr/lib/gcc/x86_64-linux-gnu/5/../../../x86_64-linux-gnu/crt1.o /usr/lib/gcc/x86_64-linux-gnu/5/../../../x86_64-linux-gnu/crti.o /usr/lib/gcc/x86_64-linux-gnu/5/crtbegin.o -L/usr/lib/gcc/x86_64-linux-gnu/5 -L/usr/lib/gcc/x86_64-linux-gnu/5/../../../x86_64-linux-gnu -L/usr/lib/gcc/x86_64-linux-gnu/5/../../../../lib -L/lib/x86_64-linux-gnu -L/lib/../lib -L/usr/lib/x86_64-linux-gnu -L/usr/lib/../lib -L/usr/lib/gcc/x86_64-linux-gnu/5/../../.. CMakeFiles/cmTC_af71f.dir/CMakeCXXCompilerABI.cpp.o -lstdc++ -lm -lgcc_s -lgcc -lc -lgcc_s -lgcc /usr/lib/gcc/x86_64-linux-gnu/5/crtend.o /usr/lib/gcc/x86_64-linux-gnu/5/../../../x86_64-linux-gnu/crtn.o
make[1]: Leaving directory '/home/sena/turtle_drive/build/turtle_localization/CMakeFiles/CMakeTmp'
=======
gcc version 5.4.0 20160609 (Ubuntu 5.4.0-6ubuntu1~16.04.11) 
COMPILER_PATH=/usr/lib/gcc/i686-linux-gnu/5/:/usr/lib/gcc/i686-linux-gnu/5/:/usr/lib/gcc/i686-linux-gnu/:/usr/lib/gcc/i686-linux-gnu/5/:/usr/lib/gcc/i686-linux-gnu/
LIBRARY_PATH=/usr/lib/gcc/i686-linux-gnu/5/:/usr/lib/gcc/i686-linux-gnu/5/../../../i386-linux-gnu/:/usr/lib/gcc/i686-linux-gnu/5/../../../../lib/:/lib/i386-linux-gnu/:/lib/../lib/:/usr/lib/i386-linux-gnu/:/usr/lib/../lib/:/usr/lib/gcc/i686-linux-gnu/5/../../../:/lib/:/usr/lib/
COLLECT_GCC_OPTIONS='-v' '-o' 'cmTC_52fc4' '-rdynamic' '-shared-libgcc' '-mtune=generic' '-march=i686'
 /usr/lib/gcc/i686-linux-gnu/5/collect2 -plugin /usr/lib/gcc/i686-linux-gnu/5/liblto_plugin.so -plugin-opt=/usr/lib/gcc/i686-linux-gnu/5/lto-wrapper -plugin-opt=-fresolution=/tmp/ccp2VZbW.res -plugin-opt=-pass-through=-lgcc_s -plugin-opt=-pass-through=-lgcc -plugin-opt=-pass-through=-lc -plugin-opt=-pass-through=-lgcc_s -plugin-opt=-pass-through=-lgcc --sysroot=/ --build-id --eh-frame-hdr -m elf_i386 --hash-style=gnu --as-needed -export-dynamic -dynamic-linker /lib/ld-linux.so.2 -z relro -o cmTC_52fc4 /usr/lib/gcc/i686-linux-gnu/5/../../../i386-linux-gnu/crt1.o /usr/lib/gcc/i686-linux-gnu/5/../../../i386-linux-gnu/crti.o /usr/lib/gcc/i686-linux-gnu/5/crtbegin.o -L/usr/lib/gcc/i686-linux-gnu/5 -L/usr/lib/gcc/i686-linux-gnu/5/../../../i386-linux-gnu -L/usr/lib/gcc/i686-linux-gnu/5/../../../../lib -L/lib/i386-linux-gnu -L/lib/../lib -L/usr/lib/i386-linux-gnu -L/usr/lib/../lib -L/usr/lib/gcc/i686-linux-gnu/5/../../.. CMakeFiles/cmTC_52fc4.dir/CMakeCXXCompilerABI.cpp.o -lstdc++ -lm -lgcc_s -lgcc -lc -lgcc_s -lgcc /usr/lib/gcc/i686-linux-gnu/5/crtend.o /usr/lib/gcc/i686-linux-gnu/5/../../../i386-linux-gnu/crtn.o
make[1]: Leaving directory '/home/trex/turtle_drive/build/turtle_localization/CMakeFiles/CMakeTmp'
>>>>>>> e9cd62af21de1d7449f0732f6f4acbdc818f742b


Parsed CXX implicit link information from above output:
  link line regex: [^( *|.*[/\])(ld|([^/\]+-)?ld|collect2)[^/\]*( |$)]
  ignore line: [Change Dir: /home/trex/turtle_drive/build/turtle_localization/CMakeFiles/CMakeTmp]
  ignore line: []
<<<<<<< HEAD
  ignore line: [Run Build Command:"/usr/bin/make" "cmTC_af71f/fast"]
  ignore line: [/usr/bin/make -f CMakeFiles/cmTC_af71f.dir/build.make CMakeFiles/cmTC_af71f.dir/build]
  ignore line: [make[1]: Entering directory '/home/sena/turtle_drive/build/turtle_localization/CMakeFiles/CMakeTmp']
  ignore line: [Building CXX object CMakeFiles/cmTC_af71f.dir/CMakeCXXCompilerABI.cpp.o]
  ignore line: [/usr/bin/c++      -o CMakeFiles/cmTC_af71f.dir/CMakeCXXCompilerABI.cpp.o -c /usr/share/cmake-3.5/Modules/CMakeCXXCompilerABI.cpp]
  ignore line: [Linking CXX executable cmTC_af71f]
  ignore line: [/usr/bin/cmake -E cmake_link_script CMakeFiles/cmTC_af71f.dir/link.txt --verbose=1]
  ignore line: [/usr/bin/c++       -v CMakeFiles/cmTC_af71f.dir/CMakeCXXCompilerABI.cpp.o  -o cmTC_af71f -rdynamic  ]
=======
  ignore line: [Run Build Command:"/usr/bin/make" "cmTC_52fc4/fast"]
  ignore line: [/usr/bin/make -f CMakeFiles/cmTC_52fc4.dir/build.make CMakeFiles/cmTC_52fc4.dir/build]
  ignore line: [make[1]: Entering directory '/home/trex/turtle_drive/build/turtle_localization/CMakeFiles/CMakeTmp']
  ignore line: [Building CXX object CMakeFiles/cmTC_52fc4.dir/CMakeCXXCompilerABI.cpp.o]
  ignore line: [/usr/bin/c++      -o CMakeFiles/cmTC_52fc4.dir/CMakeCXXCompilerABI.cpp.o -c /usr/share/cmake-3.5/Modules/CMakeCXXCompilerABI.cpp]
  ignore line: [Linking CXX executable cmTC_52fc4]
  ignore line: [/usr/bin/cmake -E cmake_link_script CMakeFiles/cmTC_52fc4.dir/link.txt --verbose=1]
  ignore line: [/usr/bin/c++       -v CMakeFiles/cmTC_52fc4.dir/CMakeCXXCompilerABI.cpp.o  -o cmTC_52fc4 -rdynamic  ]
>>>>>>> e9cd62af21de1d7449f0732f6f4acbdc818f742b
  ignore line: [Using built-in specs.]
  ignore line: [COLLECT_GCC=/usr/bin/c++]
  ignore line: [COLLECT_LTO_WRAPPER=/usr/lib/gcc/i686-linux-gnu/5/lto-wrapper]
  ignore line: [Target: i686-linux-gnu]
  ignore line: [Configured with: ../src/configure -v --with-pkgversion='Ubuntu 5.4.0-6ubuntu1~16.04.11' --with-bugurl=file:///usr/share/doc/gcc-5/README.Bugs --enable-languages=c,ada,c++,java,go,d,fortran,objc,obj-c++ --prefix=/usr --program-suffix=-5 --enable-shared --enable-linker-build-id --libexecdir=/usr/lib --without-included-gettext --enable-threads=posix --libdir=/usr/lib --enable-nls --with-sysroot=/ --enable-clocale=gnu --enable-libstdcxx-debug --enable-libstdcxx-time=yes --with-default-libstdcxx-abi=new --enable-gnu-unique-object --disable-vtable-verify --enable-libmpx --enable-plugin --with-system-zlib --disable-browser-plugin --enable-java-awt=gtk --enable-gtk-cairo --with-java-home=/usr/lib/jvm/java-1.5.0-gcj-5-i386/jre --enable-java-home --with-jvm-root-dir=/usr/lib/jvm/java-1.5.0-gcj-5-i386 --with-jvm-jar-dir=/usr/lib/jvm-exports/java-1.5.0-gcj-5-i386 --with-arch-directory=i386 --with-ecj-jar=/usr/share/java/eclipse-ecj.jar --enable-objc-gc --enable-targets=all --enable-multiarch --disable-werror --with-arch-32=i686 --with-multilib-list=m32,m64,mx32 --enable-multilib --with-tune=generic --enable-checking=release --build=i686-linux-gnu --host=i686-linux-gnu --target=i686-linux-gnu]
  ignore line: [Thread model: posix]
<<<<<<< HEAD
  ignore line: [gcc version 5.4.0 20160609 (Ubuntu 5.4.0-6ubuntu1~16.04.10) ]
  ignore line: [COMPILER_PATH=/usr/lib/gcc/x86_64-linux-gnu/5/:/usr/lib/gcc/x86_64-linux-gnu/5/:/usr/lib/gcc/x86_64-linux-gnu/:/usr/lib/gcc/x86_64-linux-gnu/5/:/usr/lib/gcc/x86_64-linux-gnu/]
  ignore line: [LIBRARY_PATH=/usr/lib/gcc/x86_64-linux-gnu/5/:/usr/lib/gcc/x86_64-linux-gnu/5/../../../x86_64-linux-gnu/:/usr/lib/gcc/x86_64-linux-gnu/5/../../../../lib/:/lib/x86_64-linux-gnu/:/lib/../lib/:/usr/lib/x86_64-linux-gnu/:/usr/lib/../lib/:/usr/lib/gcc/x86_64-linux-gnu/5/../../../:/lib/:/usr/lib/]
  ignore line: [COLLECT_GCC_OPTIONS='-v' '-o' 'cmTC_af71f' '-rdynamic' '-shared-libgcc' '-mtune=generic' '-march=x86-64']
  link line: [ /usr/lib/gcc/x86_64-linux-gnu/5/collect2 -plugin /usr/lib/gcc/x86_64-linux-gnu/5/liblto_plugin.so -plugin-opt=/usr/lib/gcc/x86_64-linux-gnu/5/lto-wrapper -plugin-opt=-fresolution=/tmp/ccpDEril.res -plugin-opt=-pass-through=-lgcc_s -plugin-opt=-pass-through=-lgcc -plugin-opt=-pass-through=-lc -plugin-opt=-pass-through=-lgcc_s -plugin-opt=-pass-through=-lgcc --sysroot=/ --build-id --eh-frame-hdr -m elf_x86_64 --hash-style=gnu --as-needed -export-dynamic -dynamic-linker /lib64/ld-linux-x86-64.so.2 -z relro -o cmTC_af71f /usr/lib/gcc/x86_64-linux-gnu/5/../../../x86_64-linux-gnu/crt1.o /usr/lib/gcc/x86_64-linux-gnu/5/../../../x86_64-linux-gnu/crti.o /usr/lib/gcc/x86_64-linux-gnu/5/crtbegin.o -L/usr/lib/gcc/x86_64-linux-gnu/5 -L/usr/lib/gcc/x86_64-linux-gnu/5/../../../x86_64-linux-gnu -L/usr/lib/gcc/x86_64-linux-gnu/5/../../../../lib -L/lib/x86_64-linux-gnu -L/lib/../lib -L/usr/lib/x86_64-linux-gnu -L/usr/lib/../lib -L/usr/lib/gcc/x86_64-linux-gnu/5/../../.. CMakeFiles/cmTC_af71f.dir/CMakeCXXCompilerABI.cpp.o -lstdc++ -lm -lgcc_s -lgcc -lc -lgcc_s -lgcc /usr/lib/gcc/x86_64-linux-gnu/5/crtend.o /usr/lib/gcc/x86_64-linux-gnu/5/../../../x86_64-linux-gnu/crtn.o]
    arg [/usr/lib/gcc/x86_64-linux-gnu/5/collect2] ==> ignore
    arg [-plugin] ==> ignore
    arg [/usr/lib/gcc/x86_64-linux-gnu/5/liblto_plugin.so] ==> ignore
    arg [-plugin-opt=/usr/lib/gcc/x86_64-linux-gnu/5/lto-wrapper] ==> ignore
    arg [-plugin-opt=-fresolution=/tmp/ccpDEril.res] ==> ignore
=======
  ignore line: [gcc version 5.4.0 20160609 (Ubuntu 5.4.0-6ubuntu1~16.04.11) ]
  ignore line: [COMPILER_PATH=/usr/lib/gcc/i686-linux-gnu/5/:/usr/lib/gcc/i686-linux-gnu/5/:/usr/lib/gcc/i686-linux-gnu/:/usr/lib/gcc/i686-linux-gnu/5/:/usr/lib/gcc/i686-linux-gnu/]
  ignore line: [LIBRARY_PATH=/usr/lib/gcc/i686-linux-gnu/5/:/usr/lib/gcc/i686-linux-gnu/5/../../../i386-linux-gnu/:/usr/lib/gcc/i686-linux-gnu/5/../../../../lib/:/lib/i386-linux-gnu/:/lib/../lib/:/usr/lib/i386-linux-gnu/:/usr/lib/../lib/:/usr/lib/gcc/i686-linux-gnu/5/../../../:/lib/:/usr/lib/]
  ignore line: [COLLECT_GCC_OPTIONS='-v' '-o' 'cmTC_52fc4' '-rdynamic' '-shared-libgcc' '-mtune=generic' '-march=i686']
  link line: [ /usr/lib/gcc/i686-linux-gnu/5/collect2 -plugin /usr/lib/gcc/i686-linux-gnu/5/liblto_plugin.so -plugin-opt=/usr/lib/gcc/i686-linux-gnu/5/lto-wrapper -plugin-opt=-fresolution=/tmp/ccp2VZbW.res -plugin-opt=-pass-through=-lgcc_s -plugin-opt=-pass-through=-lgcc -plugin-opt=-pass-through=-lc -plugin-opt=-pass-through=-lgcc_s -plugin-opt=-pass-through=-lgcc --sysroot=/ --build-id --eh-frame-hdr -m elf_i386 --hash-style=gnu --as-needed -export-dynamic -dynamic-linker /lib/ld-linux.so.2 -z relro -o cmTC_52fc4 /usr/lib/gcc/i686-linux-gnu/5/../../../i386-linux-gnu/crt1.o /usr/lib/gcc/i686-linux-gnu/5/../../../i386-linux-gnu/crti.o /usr/lib/gcc/i686-linux-gnu/5/crtbegin.o -L/usr/lib/gcc/i686-linux-gnu/5 -L/usr/lib/gcc/i686-linux-gnu/5/../../../i386-linux-gnu -L/usr/lib/gcc/i686-linux-gnu/5/../../../../lib -L/lib/i386-linux-gnu -L/lib/../lib -L/usr/lib/i386-linux-gnu -L/usr/lib/../lib -L/usr/lib/gcc/i686-linux-gnu/5/../../.. CMakeFiles/cmTC_52fc4.dir/CMakeCXXCompilerABI.cpp.o -lstdc++ -lm -lgcc_s -lgcc -lc -lgcc_s -lgcc /usr/lib/gcc/i686-linux-gnu/5/crtend.o /usr/lib/gcc/i686-linux-gnu/5/../../../i386-linux-gnu/crtn.o]
    arg [/usr/lib/gcc/i686-linux-gnu/5/collect2] ==> ignore
    arg [-plugin] ==> ignore
    arg [/usr/lib/gcc/i686-linux-gnu/5/liblto_plugin.so] ==> ignore
    arg [-plugin-opt=/usr/lib/gcc/i686-linux-gnu/5/lto-wrapper] ==> ignore
    arg [-plugin-opt=-fresolution=/tmp/ccp2VZbW.res] ==> ignore
>>>>>>> e9cd62af21de1d7449f0732f6f4acbdc818f742b
    arg [-plugin-opt=-pass-through=-lgcc_s] ==> ignore
    arg [-plugin-opt=-pass-through=-lgcc] ==> ignore
    arg [-plugin-opt=-pass-through=-lc] ==> ignore
    arg [-plugin-opt=-pass-through=-lgcc_s] ==> ignore
    arg [-plugin-opt=-pass-through=-lgcc] ==> ignore
    arg [--sysroot=/] ==> ignore
    arg [--build-id] ==> ignore
    arg [--eh-frame-hdr] ==> ignore
    arg [-m] ==> ignore
    arg [elf_i386] ==> ignore
    arg [--hash-style=gnu] ==> ignore
    arg [--as-needed] ==> ignore
    arg [-export-dynamic] ==> ignore
    arg [-dynamic-linker] ==> ignore
    arg [/lib/ld-linux.so.2] ==> ignore
    arg [-zrelro] ==> ignore
    arg [-o] ==> ignore
<<<<<<< HEAD
    arg [cmTC_af71f] ==> ignore
    arg [/usr/lib/gcc/x86_64-linux-gnu/5/../../../x86_64-linux-gnu/crt1.o] ==> ignore
    arg [/usr/lib/gcc/x86_64-linux-gnu/5/../../../x86_64-linux-gnu/crti.o] ==> ignore
    arg [/usr/lib/gcc/x86_64-linux-gnu/5/crtbegin.o] ==> ignore
    arg [-L/usr/lib/gcc/x86_64-linux-gnu/5] ==> dir [/usr/lib/gcc/x86_64-linux-gnu/5]
    arg [-L/usr/lib/gcc/x86_64-linux-gnu/5/../../../x86_64-linux-gnu] ==> dir [/usr/lib/gcc/x86_64-linux-gnu/5/../../../x86_64-linux-gnu]
    arg [-L/usr/lib/gcc/x86_64-linux-gnu/5/../../../../lib] ==> dir [/usr/lib/gcc/x86_64-linux-gnu/5/../../../../lib]
    arg [-L/lib/x86_64-linux-gnu] ==> dir [/lib/x86_64-linux-gnu]
=======
    arg [cmTC_52fc4] ==> ignore
    arg [/usr/lib/gcc/i686-linux-gnu/5/../../../i386-linux-gnu/crt1.o] ==> ignore
    arg [/usr/lib/gcc/i686-linux-gnu/5/../../../i386-linux-gnu/crti.o] ==> ignore
    arg [/usr/lib/gcc/i686-linux-gnu/5/crtbegin.o] ==> ignore
    arg [-L/usr/lib/gcc/i686-linux-gnu/5] ==> dir [/usr/lib/gcc/i686-linux-gnu/5]
    arg [-L/usr/lib/gcc/i686-linux-gnu/5/../../../i386-linux-gnu] ==> dir [/usr/lib/gcc/i686-linux-gnu/5/../../../i386-linux-gnu]
    arg [-L/usr/lib/gcc/i686-linux-gnu/5/../../../../lib] ==> dir [/usr/lib/gcc/i686-linux-gnu/5/../../../../lib]
    arg [-L/lib/i386-linux-gnu] ==> dir [/lib/i386-linux-gnu]
>>>>>>> e9cd62af21de1d7449f0732f6f4acbdc818f742b
    arg [-L/lib/../lib] ==> dir [/lib/../lib]
    arg [-L/usr/lib/i386-linux-gnu] ==> dir [/usr/lib/i386-linux-gnu]
    arg [-L/usr/lib/../lib] ==> dir [/usr/lib/../lib]
<<<<<<< HEAD
    arg [-L/usr/lib/gcc/x86_64-linux-gnu/5/../../..] ==> dir [/usr/lib/gcc/x86_64-linux-gnu/5/../../..]
    arg [CMakeFiles/cmTC_af71f.dir/CMakeCXXCompilerABI.cpp.o] ==> ignore
=======
    arg [-L/usr/lib/gcc/i686-linux-gnu/5/../../..] ==> dir [/usr/lib/gcc/i686-linux-gnu/5/../../..]
    arg [CMakeFiles/cmTC_52fc4.dir/CMakeCXXCompilerABI.cpp.o] ==> ignore
>>>>>>> e9cd62af21de1d7449f0732f6f4acbdc818f742b
    arg [-lstdc++] ==> lib [stdc++]
    arg [-lm] ==> lib [m]
    arg [-lgcc_s] ==> lib [gcc_s]
    arg [-lgcc] ==> lib [gcc]
    arg [-lc] ==> lib [c]
    arg [-lgcc_s] ==> lib [gcc_s]
    arg [-lgcc] ==> lib [gcc]
    arg [/usr/lib/gcc/i686-linux-gnu/5/crtend.o] ==> ignore
    arg [/usr/lib/gcc/i686-linux-gnu/5/../../../i386-linux-gnu/crtn.o] ==> ignore
  remove lib [gcc_s]
  remove lib [gcc]
  remove lib [gcc_s]
  remove lib [gcc]
  collapse library dir [/usr/lib/gcc/i686-linux-gnu/5] ==> [/usr/lib/gcc/i686-linux-gnu/5]
  collapse library dir [/usr/lib/gcc/i686-linux-gnu/5/../../../i386-linux-gnu] ==> [/usr/lib/i386-linux-gnu]
  collapse library dir [/usr/lib/gcc/i686-linux-gnu/5/../../../../lib] ==> [/usr/lib]
  collapse library dir [/lib/i386-linux-gnu] ==> [/lib/i386-linux-gnu]
  collapse library dir [/lib/../lib] ==> [/lib]
  collapse library dir [/usr/lib/i386-linux-gnu] ==> [/usr/lib/i386-linux-gnu]
  collapse library dir [/usr/lib/../lib] ==> [/usr/lib]
  collapse library dir [/usr/lib/gcc/i686-linux-gnu/5/../../..] ==> [/usr/lib]
  implicit libs: [stdc++;m;c]
  implicit dirs: [/usr/lib/gcc/i686-linux-gnu/5;/usr/lib/i386-linux-gnu;/usr/lib;/lib/i386-linux-gnu;/lib]
  implicit fwks: []




Detecting CXX [-std=c++14] compiler features compiled with the following output:
Change Dir: /home/trex/turtle_drive/build/turtle_localization/CMakeFiles/CMakeTmp

<<<<<<< HEAD
Run Build Command:"/usr/bin/make" "cmTC_e4492/fast"
/usr/bin/make -f CMakeFiles/cmTC_e4492.dir/build.make CMakeFiles/cmTC_e4492.dir/build
make[1]: Entering directory '/home/sena/turtle_drive/build/turtle_localization/CMakeFiles/CMakeTmp'
Building CXX object CMakeFiles/cmTC_e4492.dir/feature_tests.cxx.o
/usr/bin/c++     -std=c++14 -o CMakeFiles/cmTC_e4492.dir/feature_tests.cxx.o -c /home/sena/turtle_drive/build/turtle_localization/CMakeFiles/feature_tests.cxx
Linking CXX executable cmTC_e4492
/usr/bin/cmake -E cmake_link_script CMakeFiles/cmTC_e4492.dir/link.txt --verbose=1
/usr/bin/c++        CMakeFiles/cmTC_e4492.dir/feature_tests.cxx.o  -o cmTC_e4492 -rdynamic 
make[1]: Leaving directory '/home/sena/turtle_drive/build/turtle_localization/CMakeFiles/CMakeTmp'
=======
Run Build Command:"/usr/bin/make" "cmTC_ed19c/fast"
/usr/bin/make -f CMakeFiles/cmTC_ed19c.dir/build.make CMakeFiles/cmTC_ed19c.dir/build
make[1]: Entering directory '/home/trex/turtle_drive/build/turtle_localization/CMakeFiles/CMakeTmp'
Building CXX object CMakeFiles/cmTC_ed19c.dir/feature_tests.cxx.o
/usr/bin/c++     -std=c++14 -o CMakeFiles/cmTC_ed19c.dir/feature_tests.cxx.o -c /home/trex/turtle_drive/build/turtle_localization/CMakeFiles/feature_tests.cxx
Linking CXX executable cmTC_ed19c
/usr/bin/cmake -E cmake_link_script CMakeFiles/cmTC_ed19c.dir/link.txt --verbose=1
/usr/bin/c++        CMakeFiles/cmTC_ed19c.dir/feature_tests.cxx.o  -o cmTC_ed19c -rdynamic 
make[1]: Leaving directory '/home/trex/turtle_drive/build/turtle_localization/CMakeFiles/CMakeTmp'
>>>>>>> e9cd62af21de1d7449f0732f6f4acbdc818f742b


    Feature record: CXX_FEATURE:1cxx_aggregate_default_initializers
    Feature record: CXX_FEATURE:1cxx_alias_templates
    Feature record: CXX_FEATURE:1cxx_alignas
    Feature record: CXX_FEATURE:1cxx_alignof
    Feature record: CXX_FEATURE:1cxx_attributes
    Feature record: CXX_FEATURE:1cxx_attribute_deprecated
    Feature record: CXX_FEATURE:1cxx_auto_type
    Feature record: CXX_FEATURE:1cxx_binary_literals
    Feature record: CXX_FEATURE:1cxx_constexpr
    Feature record: CXX_FEATURE:1cxx_contextual_conversions
    Feature record: CXX_FEATURE:1cxx_decltype
    Feature record: CXX_FEATURE:1cxx_decltype_auto
    Feature record: CXX_FEATURE:1cxx_decltype_incomplete_return_types
    Feature record: CXX_FEATURE:1cxx_default_function_template_args
    Feature record: CXX_FEATURE:1cxx_defaulted_functions
    Feature record: CXX_FEATURE:1cxx_defaulted_move_initializers
    Feature record: CXX_FEATURE:1cxx_delegating_constructors
    Feature record: CXX_FEATURE:1cxx_deleted_functions
    Feature record: CXX_FEATURE:1cxx_digit_separators
    Feature record: CXX_FEATURE:1cxx_enum_forward_declarations
    Feature record: CXX_FEATURE:1cxx_explicit_conversions
    Feature record: CXX_FEATURE:1cxx_extended_friend_declarations
    Feature record: CXX_FEATURE:1cxx_extern_templates
    Feature record: CXX_FEATURE:1cxx_final
    Feature record: CXX_FEATURE:1cxx_func_identifier
    Feature record: CXX_FEATURE:1cxx_generalized_initializers
    Feature record: CXX_FEATURE:1cxx_generic_lambdas
    Feature record: CXX_FEATURE:1cxx_inheriting_constructors
    Feature record: CXX_FEATURE:1cxx_inline_namespaces
    Feature record: CXX_FEATURE:1cxx_lambdas
    Feature record: CXX_FEATURE:1cxx_lambda_init_captures
    Feature record: CXX_FEATURE:1cxx_local_type_template_args
    Feature record: CXX_FEATURE:1cxx_long_long_type
    Feature record: CXX_FEATURE:1cxx_noexcept
    Feature record: CXX_FEATURE:1cxx_nonstatic_member_init
    Feature record: CXX_FEATURE:1cxx_nullptr
    Feature record: CXX_FEATURE:1cxx_override
    Feature record: CXX_FEATURE:1cxx_range_for
    Feature record: CXX_FEATURE:1cxx_raw_string_literals
    Feature record: CXX_FEATURE:1cxx_reference_qualified_functions
    Feature record: CXX_FEATURE:1cxx_relaxed_constexpr
    Feature record: CXX_FEATURE:1cxx_return_type_deduction
    Feature record: CXX_FEATURE:1cxx_right_angle_brackets
    Feature record: CXX_FEATURE:1cxx_rvalue_references
    Feature record: CXX_FEATURE:1cxx_sizeof_member
    Feature record: CXX_FEATURE:1cxx_static_assert
    Feature record: CXX_FEATURE:1cxx_strong_enums
    Feature record: CXX_FEATURE:1cxx_template_template_parameters
    Feature record: CXX_FEATURE:1cxx_thread_local
    Feature record: CXX_FEATURE:1cxx_trailing_return_types
    Feature record: CXX_FEATURE:1cxx_unicode_literals
    Feature record: CXX_FEATURE:1cxx_uniform_initialization
    Feature record: CXX_FEATURE:1cxx_unrestricted_unions
    Feature record: CXX_FEATURE:1cxx_user_literals
    Feature record: CXX_FEATURE:1cxx_variable_templates
    Feature record: CXX_FEATURE:1cxx_variadic_macros
    Feature record: CXX_FEATURE:1cxx_variadic_templates


Detecting CXX [-std=c++11] compiler features compiled with the following output:
Change Dir: /home/trex/turtle_drive/build/turtle_localization/CMakeFiles/CMakeTmp

<<<<<<< HEAD
Run Build Command:"/usr/bin/make" "cmTC_db386/fast"
/usr/bin/make -f CMakeFiles/cmTC_db386.dir/build.make CMakeFiles/cmTC_db386.dir/build
make[1]: Entering directory '/home/sena/turtle_drive/build/turtle_localization/CMakeFiles/CMakeTmp'
Building CXX object CMakeFiles/cmTC_db386.dir/feature_tests.cxx.o
/usr/bin/c++     -std=c++11 -o CMakeFiles/cmTC_db386.dir/feature_tests.cxx.o -c /home/sena/turtle_drive/build/turtle_localization/CMakeFiles/feature_tests.cxx
Linking CXX executable cmTC_db386
/usr/bin/cmake -E cmake_link_script CMakeFiles/cmTC_db386.dir/link.txt --verbose=1
/usr/bin/c++        CMakeFiles/cmTC_db386.dir/feature_tests.cxx.o  -o cmTC_db386 -rdynamic 
make[1]: Leaving directory '/home/sena/turtle_drive/build/turtle_localization/CMakeFiles/CMakeTmp'
=======
Run Build Command:"/usr/bin/make" "cmTC_fd735/fast"
/usr/bin/make -f CMakeFiles/cmTC_fd735.dir/build.make CMakeFiles/cmTC_fd735.dir/build
make[1]: Entering directory '/home/trex/turtle_drive/build/turtle_localization/CMakeFiles/CMakeTmp'
Building CXX object CMakeFiles/cmTC_fd735.dir/feature_tests.cxx.o
/usr/bin/c++     -std=c++11 -o CMakeFiles/cmTC_fd735.dir/feature_tests.cxx.o -c /home/trex/turtle_drive/build/turtle_localization/CMakeFiles/feature_tests.cxx
Linking CXX executable cmTC_fd735
/usr/bin/cmake -E cmake_link_script CMakeFiles/cmTC_fd735.dir/link.txt --verbose=1
/usr/bin/c++        CMakeFiles/cmTC_fd735.dir/feature_tests.cxx.o  -o cmTC_fd735 -rdynamic 
make[1]: Leaving directory '/home/trex/turtle_drive/build/turtle_localization/CMakeFiles/CMakeTmp'
>>>>>>> e9cd62af21de1d7449f0732f6f4acbdc818f742b


    Feature record: CXX_FEATURE:0cxx_aggregate_default_initializers
    Feature record: CXX_FEATURE:1cxx_alias_templates
    Feature record: CXX_FEATURE:1cxx_alignas
    Feature record: CXX_FEATURE:1cxx_alignof
    Feature record: CXX_FEATURE:1cxx_attributes
    Feature record: CXX_FEATURE:0cxx_attribute_deprecated
    Feature record: CXX_FEATURE:1cxx_auto_type
    Feature record: CXX_FEATURE:0cxx_binary_literals
    Feature record: CXX_FEATURE:1cxx_constexpr
    Feature record: CXX_FEATURE:0cxx_contextual_conversions
    Feature record: CXX_FEATURE:1cxx_decltype
    Feature record: CXX_FEATURE:0cxx_decltype_auto
    Feature record: CXX_FEATURE:1cxx_decltype_incomplete_return_types
    Feature record: CXX_FEATURE:1cxx_default_function_template_args
    Feature record: CXX_FEATURE:1cxx_defaulted_functions
    Feature record: CXX_FEATURE:1cxx_defaulted_move_initializers
    Feature record: CXX_FEATURE:1cxx_delegating_constructors
    Feature record: CXX_FEATURE:1cxx_deleted_functions
    Feature record: CXX_FEATURE:0cxx_digit_separators
    Feature record: CXX_FEATURE:1cxx_enum_forward_declarations
    Feature record: CXX_FEATURE:1cxx_explicit_conversions
    Feature record: CXX_FEATURE:1cxx_extended_friend_declarations
    Feature record: CXX_FEATURE:1cxx_extern_templates
    Feature record: CXX_FEATURE:1cxx_final
    Feature record: CXX_FEATURE:1cxx_func_identifier
    Feature record: CXX_FEATURE:1cxx_generalized_initializers
    Feature record: CXX_FEATURE:0cxx_generic_lambdas
    Feature record: CXX_FEATURE:1cxx_inheriting_constructors
    Feature record: CXX_FEATURE:1cxx_inline_namespaces
    Feature record: CXX_FEATURE:1cxx_lambdas
    Feature record: CXX_FEATURE:0cxx_lambda_init_captures
    Feature record: CXX_FEATURE:1cxx_local_type_template_args
    Feature record: CXX_FEATURE:1cxx_long_long_type
    Feature record: CXX_FEATURE:1cxx_noexcept
    Feature record: CXX_FEATURE:1cxx_nonstatic_member_init
    Feature record: CXX_FEATURE:1cxx_nullptr
    Feature record: CXX_FEATURE:1cxx_override
    Feature record: CXX_FEATURE:1cxx_range_for
    Feature record: CXX_FEATURE:1cxx_raw_string_literals
    Feature record: CXX_FEATURE:1cxx_reference_qualified_functions
    Feature record: CXX_FEATURE:0cxx_relaxed_constexpr
    Feature record: CXX_FEATURE:0cxx_return_type_deduction
    Feature record: CXX_FEATURE:1cxx_right_angle_brackets
    Feature record: CXX_FEATURE:1cxx_rvalue_references
    Feature record: CXX_FEATURE:1cxx_sizeof_member
    Feature record: CXX_FEATURE:1cxx_static_assert
    Feature record: CXX_FEATURE:1cxx_strong_enums
    Feature record: CXX_FEATURE:1cxx_template_template_parameters
    Feature record: CXX_FEATURE:1cxx_thread_local
    Feature record: CXX_FEATURE:1cxx_trailing_return_types
    Feature record: CXX_FEATURE:1cxx_unicode_literals
    Feature record: CXX_FEATURE:1cxx_uniform_initialization
    Feature record: CXX_FEATURE:1cxx_unrestricted_unions
    Feature record: CXX_FEATURE:1cxx_user_literals
    Feature record: CXX_FEATURE:0cxx_variable_templates
    Feature record: CXX_FEATURE:1cxx_variadic_macros
    Feature record: CXX_FEATURE:1cxx_variadic_templates


Detecting CXX [-std=c++98] compiler features compiled with the following output:
Change Dir: /home/trex/turtle_drive/build/turtle_localization/CMakeFiles/CMakeTmp

<<<<<<< HEAD
Run Build Command:"/usr/bin/make" "cmTC_49da4/fast"
/usr/bin/make -f CMakeFiles/cmTC_49da4.dir/build.make CMakeFiles/cmTC_49da4.dir/build
make[1]: Entering directory '/home/sena/turtle_drive/build/turtle_localization/CMakeFiles/CMakeTmp'
Building CXX object CMakeFiles/cmTC_49da4.dir/feature_tests.cxx.o
/usr/bin/c++     -std=c++98 -o CMakeFiles/cmTC_49da4.dir/feature_tests.cxx.o -c /home/sena/turtle_drive/build/turtle_localization/CMakeFiles/feature_tests.cxx
Linking CXX executable cmTC_49da4
/usr/bin/cmake -E cmake_link_script CMakeFiles/cmTC_49da4.dir/link.txt --verbose=1
/usr/bin/c++        CMakeFiles/cmTC_49da4.dir/feature_tests.cxx.o  -o cmTC_49da4 -rdynamic 
make[1]: Leaving directory '/home/sena/turtle_drive/build/turtle_localization/CMakeFiles/CMakeTmp'
=======
Run Build Command:"/usr/bin/make" "cmTC_846a0/fast"
/usr/bin/make -f CMakeFiles/cmTC_846a0.dir/build.make CMakeFiles/cmTC_846a0.dir/build
make[1]: Entering directory '/home/trex/turtle_drive/build/turtle_localization/CMakeFiles/CMakeTmp'
Building CXX object CMakeFiles/cmTC_846a0.dir/feature_tests.cxx.o
/usr/bin/c++     -std=c++98 -o CMakeFiles/cmTC_846a0.dir/feature_tests.cxx.o -c /home/trex/turtle_drive/build/turtle_localization/CMakeFiles/feature_tests.cxx
Linking CXX executable cmTC_846a0
/usr/bin/cmake -E cmake_link_script CMakeFiles/cmTC_846a0.dir/link.txt --verbose=1
/usr/bin/c++        CMakeFiles/cmTC_846a0.dir/feature_tests.cxx.o  -o cmTC_846a0 -rdynamic 
make[1]: Leaving directory '/home/trex/turtle_drive/build/turtle_localization/CMakeFiles/CMakeTmp'
>>>>>>> e9cd62af21de1d7449f0732f6f4acbdc818f742b


    Feature record: CXX_FEATURE:0cxx_aggregate_default_initializers
    Feature record: CXX_FEATURE:0cxx_alias_templates
    Feature record: CXX_FEATURE:0cxx_alignas
    Feature record: CXX_FEATURE:0cxx_alignof
    Feature record: CXX_FEATURE:0cxx_attributes
    Feature record: CXX_FEATURE:0cxx_attribute_deprecated
    Feature record: CXX_FEATURE:0cxx_auto_type
    Feature record: CXX_FEATURE:0cxx_binary_literals
    Feature record: CXX_FEATURE:0cxx_constexpr
    Feature record: CXX_FEATURE:0cxx_contextual_conversions
    Feature record: CXX_FEATURE:0cxx_decltype
    Feature record: CXX_FEATURE:0cxx_decltype_auto
    Feature record: CXX_FEATURE:0cxx_decltype_incomplete_return_types
    Feature record: CXX_FEATURE:0cxx_default_function_template_args
    Feature record: CXX_FEATURE:0cxx_defaulted_functions
    Feature record: CXX_FEATURE:0cxx_defaulted_move_initializers
    Feature record: CXX_FEATURE:0cxx_delegating_constructors
    Feature record: CXX_FEATURE:0cxx_deleted_functions
    Feature record: CXX_FEATURE:0cxx_digit_separators
    Feature record: CXX_FEATURE:0cxx_enum_forward_declarations
    Feature record: CXX_FEATURE:0cxx_explicit_conversions
    Feature record: CXX_FEATURE:0cxx_extended_friend_declarations
    Feature record: CXX_FEATURE:0cxx_extern_templates
    Feature record: CXX_FEATURE:0cxx_final
    Feature record: CXX_FEATURE:0cxx_func_identifier
    Feature record: CXX_FEATURE:0cxx_generalized_initializers
    Feature record: CXX_FEATURE:0cxx_generic_lambdas
    Feature record: CXX_FEATURE:0cxx_inheriting_constructors
    Feature record: CXX_FEATURE:0cxx_inline_namespaces
    Feature record: CXX_FEATURE:0cxx_lambdas
    Feature record: CXX_FEATURE:0cxx_lambda_init_captures
    Feature record: CXX_FEATURE:0cxx_local_type_template_args
    Feature record: CXX_FEATURE:0cxx_long_long_type
    Feature record: CXX_FEATURE:0cxx_noexcept
    Feature record: CXX_FEATURE:0cxx_nonstatic_member_init
    Feature record: CXX_FEATURE:0cxx_nullptr
    Feature record: CXX_FEATURE:0cxx_override
    Feature record: CXX_FEATURE:0cxx_range_for
    Feature record: CXX_FEATURE:0cxx_raw_string_literals
    Feature record: CXX_FEATURE:0cxx_reference_qualified_functions
    Feature record: CXX_FEATURE:0cxx_relaxed_constexpr
    Feature record: CXX_FEATURE:0cxx_return_type_deduction
    Feature record: CXX_FEATURE:0cxx_right_angle_brackets
    Feature record: CXX_FEATURE:0cxx_rvalue_references
    Feature record: CXX_FEATURE:0cxx_sizeof_member
    Feature record: CXX_FEATURE:0cxx_static_assert
    Feature record: CXX_FEATURE:0cxx_strong_enums
    Feature record: CXX_FEATURE:1cxx_template_template_parameters
    Feature record: CXX_FEATURE:0cxx_thread_local
    Feature record: CXX_FEATURE:0cxx_trailing_return_types
    Feature record: CXX_FEATURE:0cxx_unicode_literals
    Feature record: CXX_FEATURE:0cxx_uniform_initialization
    Feature record: CXX_FEATURE:0cxx_unrestricted_unions
    Feature record: CXX_FEATURE:0cxx_user_literals
    Feature record: CXX_FEATURE:0cxx_variable_templates
    Feature record: CXX_FEATURE:0cxx_variadic_macros
    Feature record: CXX_FEATURE:0cxx_variadic_templates
Determining if the include file pthread.h exists passed with the following output:
Change Dir: /home/trex/turtle_drive/build/turtle_localization/CMakeFiles/CMakeTmp

<<<<<<< HEAD
Run Build Command:"/usr/bin/make" "cmTC_13838/fast"
/usr/bin/make -f CMakeFiles/cmTC_13838.dir/build.make CMakeFiles/cmTC_13838.dir/build
make[1]: Entering directory '/home/sena/turtle_drive/build/turtle_localization/CMakeFiles/CMakeTmp'
Building C object CMakeFiles/cmTC_13838.dir/CheckIncludeFile.c.o
/usr/bin/cc     -o CMakeFiles/cmTC_13838.dir/CheckIncludeFile.c.o   -c /home/sena/turtle_drive/build/turtle_localization/CMakeFiles/CMakeTmp/CheckIncludeFile.c
Linking C executable cmTC_13838
/usr/bin/cmake -E cmake_link_script CMakeFiles/cmTC_13838.dir/link.txt --verbose=1
/usr/bin/cc       CMakeFiles/cmTC_13838.dir/CheckIncludeFile.c.o  -o cmTC_13838 -rdynamic 
make[1]: Leaving directory '/home/sena/turtle_drive/build/turtle_localization/CMakeFiles/CMakeTmp'


Determining if the function pthread_create exists in the pthread passed with the following output:
Change Dir: /home/sena/turtle_drive/build/turtle_localization/CMakeFiles/CMakeTmp

Run Build Command:"/usr/bin/make" "cmTC_15ddf/fast"
/usr/bin/make -f CMakeFiles/cmTC_15ddf.dir/build.make CMakeFiles/cmTC_15ddf.dir/build
make[1]: Entering directory '/home/sena/turtle_drive/build/turtle_localization/CMakeFiles/CMakeTmp'
Building C object CMakeFiles/cmTC_15ddf.dir/CheckFunctionExists.c.o
/usr/bin/cc    -DCHECK_FUNCTION_EXISTS=pthread_create   -o CMakeFiles/cmTC_15ddf.dir/CheckFunctionExists.c.o   -c /usr/share/cmake-3.5/Modules/CheckFunctionExists.c
Linking C executable cmTC_15ddf
/usr/bin/cmake -E cmake_link_script CMakeFiles/cmTC_15ddf.dir/link.txt --verbose=1
/usr/bin/cc   -DCHECK_FUNCTION_EXISTS=pthread_create    CMakeFiles/cmTC_15ddf.dir/CheckFunctionExists.c.o  -o cmTC_15ddf -rdynamic -lpthread 
make[1]: Leaving directory '/home/sena/turtle_drive/build/turtle_localization/CMakeFiles/CMakeTmp'
=======
Run Build Command:"/usr/bin/make" "cmTC_59e4c/fast"
/usr/bin/make -f CMakeFiles/cmTC_59e4c.dir/build.make CMakeFiles/cmTC_59e4c.dir/build
make[1]: Entering directory '/home/trex/turtle_drive/build/turtle_localization/CMakeFiles/CMakeTmp'
Building C object CMakeFiles/cmTC_59e4c.dir/CheckIncludeFile.c.o
/usr/bin/cc     -o CMakeFiles/cmTC_59e4c.dir/CheckIncludeFile.c.o   -c /home/trex/turtle_drive/build/turtle_localization/CMakeFiles/CMakeTmp/CheckIncludeFile.c
Linking C executable cmTC_59e4c
/usr/bin/cmake -E cmake_link_script CMakeFiles/cmTC_59e4c.dir/link.txt --verbose=1
/usr/bin/cc       CMakeFiles/cmTC_59e4c.dir/CheckIncludeFile.c.o  -o cmTC_59e4c -rdynamic 
make[1]: Leaving directory '/home/trex/turtle_drive/build/turtle_localization/CMakeFiles/CMakeTmp'


Determining if the function pthread_create exists in the pthread passed with the following output:
Change Dir: /home/trex/turtle_drive/build/turtle_localization/CMakeFiles/CMakeTmp

Run Build Command:"/usr/bin/make" "cmTC_7a711/fast"
/usr/bin/make -f CMakeFiles/cmTC_7a711.dir/build.make CMakeFiles/cmTC_7a711.dir/build
make[1]: Entering directory '/home/trex/turtle_drive/build/turtle_localization/CMakeFiles/CMakeTmp'
Building C object CMakeFiles/cmTC_7a711.dir/CheckFunctionExists.c.o
/usr/bin/cc    -DCHECK_FUNCTION_EXISTS=pthread_create   -o CMakeFiles/cmTC_7a711.dir/CheckFunctionExists.c.o   -c /usr/share/cmake-3.5/Modules/CheckFunctionExists.c
Linking C executable cmTC_7a711
/usr/bin/cmake -E cmake_link_script CMakeFiles/cmTC_7a711.dir/link.txt --verbose=1
/usr/bin/cc   -DCHECK_FUNCTION_EXISTS=pthread_create    CMakeFiles/cmTC_7a711.dir/CheckFunctionExists.c.o  -o cmTC_7a711 -rdynamic -lpthread 
make[1]: Leaving directory '/home/trex/turtle_drive/build/turtle_localization/CMakeFiles/CMakeTmp'
>>>>>>> e9cd62af21de1d7449f0732f6f4acbdc818f742b


