Determining if the pthread_create exist failed with the following output:
Change Dir: /home/trex/turtle_drive/build/novatel_gps_driver/CMakeFiles/CMakeTmp

Run Build Command:"/usr/bin/make" "cmTC_6453c/fast"
/usr/bin/make -f CMakeFiles/cmTC_6453c.dir/build.make CMakeFiles/cmTC_6453c.dir/build
make[1]: Entering directory '/home/trex/turtle_drive/build/novatel_gps_driver/CMakeFiles/CMakeTmp'
Building C object CMakeFiles/cmTC_6453c.dir/CheckSymbolExists.c.o
/usr/bin/cc     -o CMakeFiles/cmTC_6453c.dir/CheckSymbolExists.c.o   -c /home/trex/turtle_drive/build/novatel_gps_driver/CMakeFiles/CMakeTmp/CheckSymbolExists.c
Linking C executable cmTC_6453c
/usr/bin/cmake -E cmake_link_script CMakeFiles/cmTC_6453c.dir/link.txt --verbose=1
/usr/bin/cc       CMakeFiles/cmTC_6453c.dir/CheckSymbolExists.c.o  -o cmTC_6453c -rdynamic 
CMakeFiles/cmTC_6453c.dir/CheckSymbolExists.c.o: In function `main':
CheckSymbolExists.c:(.text+0xa): undefined reference to `pthread_create'
collect2: error: ld returned 1 exit status
CMakeFiles/cmTC_6453c.dir/build.make:97: recipe for target 'cmTC_6453c' failed
make[1]: *** [cmTC_6453c] Error 1
make[1]: Leaving directory '/home/trex/turtle_drive/build/novatel_gps_driver/CMakeFiles/CMakeTmp'
Makefile:126: recipe for target 'cmTC_6453c/fast' failed
make: *** [cmTC_6453c/fast] Error 2

File /home/trex/turtle_drive/build/novatel_gps_driver/CMakeFiles/CMakeTmp/CheckSymbolExists.c:
/* */
#include <pthread.h>

int main(int argc, char** argv)
{
  (void)argv;
#ifndef pthread_create
  return ((int*)(&pthread_create))[argc];
#else
  (void)argc;
  return 0;
#endif
}

Determining if the function pthread_create exists in the pthreads failed with the following output:
Change Dir: /home/trex/turtle_drive/build/novatel_gps_driver/CMakeFiles/CMakeTmp

Run Build Command:"/usr/bin/make" "cmTC_c358b/fast"
/usr/bin/make -f CMakeFiles/cmTC_c358b.dir/build.make CMakeFiles/cmTC_c358b.dir/build
make[1]: Entering directory '/home/trex/turtle_drive/build/novatel_gps_driver/CMakeFiles/CMakeTmp'
Building C object CMakeFiles/cmTC_c358b.dir/CheckFunctionExists.c.o
/usr/bin/cc    -DCHECK_FUNCTION_EXISTS=pthread_create   -o CMakeFiles/cmTC_c358b.dir/CheckFunctionExists.c.o   -c /usr/share/cmake-3.5/Modules/CheckFunctionExists.c
Linking C executable cmTC_c358b
/usr/bin/cmake -E cmake_link_script CMakeFiles/cmTC_c358b.dir/link.txt --verbose=1
/usr/bin/cc   -DCHECK_FUNCTION_EXISTS=pthread_create    CMakeFiles/cmTC_c358b.dir/CheckFunctionExists.c.o  -o cmTC_c358b -rdynamic -lpthreads 
/usr/bin/ld: cannot find -lpthreads
collect2: error: ld returned 1 exit status
CMakeFiles/cmTC_c358b.dir/build.make:97: recipe for target 'cmTC_c358b' failed
make[1]: *** [cmTC_c358b] Error 1
make[1]: Leaving directory '/home/trex/turtle_drive/build/novatel_gps_driver/CMakeFiles/CMakeTmp'
Makefile:126: recipe for target 'cmTC_c358b/fast' failed
make: *** [cmTC_c358b/fast] Error 2


