<<<<<<< HEAD
[  0%] Built target _novatel_gps_msgs_generate_messages_check_deps_NovatelFRESET
=======
[  0%] Built target _novatel_gps_msgs_generate_messages_check_deps_TrackstatChannel
[  0%] Built target _novatel_gps_msgs_generate_messages_check_deps_RangeInformation
[  0%] Built target _novatel_gps_msgs_generate_messages_check_deps_Gpgga
[  0%] Built target _novatel_gps_msgs_generate_messages_check_deps_NovatelExtendedSolutionStatus
[  0%] Built target _novatel_gps_msgs_generate_messages_check_deps_Range
>>>>>>> e9cd62af21de1d7449f0732f6f4acbdc818f742b
[  0%] Built target _novatel_gps_msgs_generate_messages_check_deps_Inscov
[  0%] Built target _novatel_gps_msgs_generate_messages_check_deps_NovatelPosition
[  0%] Built target _novatel_gps_msgs_generate_messages_check_deps_NovatelVelocity
<<<<<<< HEAD
[  0%] Built target _novatel_gps_msgs_generate_messages_check_deps_TrackstatChannel
[  0%] Built target _novatel_gps_msgs_generate_messages_check_deps_Satellite
[  0%] Built target _novatel_gps_msgs_generate_messages_check_deps_Inspva
[  0%] Built target _novatel_gps_msgs_generate_messages_check_deps_Gpgsv
[  0%] Built target _novatel_gps_msgs_generate_messages_check_deps_NovatelExtendedSolutionStatus
[  0%] Built target _novatel_gps_msgs_generate_messages_check_deps_RangeInformation
[  0%] Built target _novatel_gps_msgs_generate_messages_check_deps_NovatelCorrectedImuData
[  0%] Built target _novatel_gps_msgs_generate_messages_check_deps_Trackstat
[  0%] Built target std_msgs_generate_messages_eus
[  0%] Built target _novatel_gps_msgs_generate_messages_check_deps_NovatelSignalMask
[  0%] Built target _novatel_gps_msgs_generate_messages_check_deps_Range
[  0%] Built target _novatel_gps_msgs_generate_messages_check_deps_Time
[  0%] Built target _novatel_gps_msgs_generate_messages_check_deps_NovatelPosition
[  0%] Built target _novatel_gps_msgs_generate_messages_check_deps_Gprmc
[  0%] Built target _novatel_gps_msgs_generate_messages_check_deps_NovatelMessageHeader
[  0%] Built target _novatel_gps_msgs_generate_messages_check_deps_Insstdev
[  0%] Built target _novatel_gps_msgs_generate_messages_check_deps_Gpgsa
[  0%] Built target std_msgs_generate_messages_nodejs
[  0%] Built target std_msgs_generate_messages_py
[  0%] Built target std_msgs_generate_messages_cpp
[  0%] Built target _novatel_gps_msgs_generate_messages_check_deps_Gpgga
[ 18%] Built target novatel_gps_msgs_generate_messages_nodejs
[ 18%] Built target std_msgs_generate_messages_lisp
[ 39%] Built target novatel_gps_msgs_generate_messages_eus
[ 61%] Built target novatel_gps_msgs_generate_messages_py
[ 80%] Built target novatel_gps_msgs_generate_messages_cpp
[100%] Built target novatel_gps_msgs_generate_messages_lisp
=======
[  0%] Built target _novatel_gps_msgs_generate_messages_check_deps_Gpgsv
[  0%] Built target _novatel_gps_msgs_generate_messages_check_deps_NovatelFRESET
[  0%] Built target std_msgs_generate_messages_lisp
[  0%] Built target _novatel_gps_msgs_generate_messages_check_deps_NovatelReceiverStatus
[  0%] Built target _novatel_gps_msgs_generate_messages_check_deps_NovatelCorrectedImuData
[  0%] Built target _novatel_gps_msgs_generate_messages_check_deps_Time
[  0%] Built target _novatel_gps_msgs_generate_messages_check_deps_Satellite
[  0%] Built target _novatel_gps_msgs_generate_messages_check_deps_NovatelMessageHeader
[  0%] Built target _novatel_gps_msgs_generate_messages_check_deps_NovatelSignalMask
[  0%] Built target _novatel_gps_msgs_generate_messages_check_deps_Insstdev
[  0%] Built target _novatel_gps_msgs_generate_messages_check_deps_Trackstat
[  0%] Built target _novatel_gps_msgs_generate_messages_check_deps_Inspva
[  0%] Built target _novatel_gps_msgs_generate_messages_check_deps_Gpgsa
[  0%] Built target std_msgs_generate_messages_eus
[  0%] Built target std_msgs_generate_messages_nodejs
[  0%] Built target std_msgs_generate_messages_py
[  0%] Built target _novatel_gps_msgs_generate_messages_check_deps_Gprmc
[ 17%] Built target std_msgs_generate_messages_cpp
[ 20%] Built target novatel_gps_msgs_generate_messages_eus
[ 40%] Built target novatel_gps_msgs_generate_messages_lisp
[ 62%] Built target novatel_gps_msgs_generate_messages_py
[ 81%] Built target novatel_gps_msgs_generate_messages_cpp
[100%] Built target novatel_gps_msgs_generate_messages_nodejs
>>>>>>> e9cd62af21de1d7449f0732f6f4acbdc818f742b
[100%] Built target novatel_gps_msgs_generate_messages
