Linked: (/home/sena/turtle_drive/devel/.private/novatel_gps_msgs/lib/pkgconfig/novatel_gps_msgs.pc, /home/sena/turtle_drive/devel/lib/pkgconfig/novatel_gps_msgs.pc)
Linked: (/home/sena/turtle_drive/devel/.private/novatel_gps_msgs/lib/python2.7/dist-packages/novatel_gps_msgs/__init__.py, /home/sena/turtle_drive/devel/lib/python2.7/dist-packages/novatel_gps_msgs/__init__.py)
Linked: (/home/sena/turtle_drive/devel/.private/novatel_gps_msgs/lib/python2.7/dist-packages/novatel_gps_msgs/srv/__init__.py, /home/sena/turtle_drive/devel/lib/python2.7/dist-packages/novatel_gps_msgs/srv/__init__.py)
Linked: (/home/sena/turtle_drive/devel/.private/novatel_gps_msgs/lib/python2.7/dist-packages/novatel_gps_msgs/srv/_NovatelFRESET.py, /home/sena/turtle_drive/devel/lib/python2.7/dist-packages/novatel_gps_msgs/srv/_NovatelFRESET.py)
Linked: (/home/sena/turtle_drive/devel/.private/novatel_gps_msgs/lib/python2.7/dist-packages/novatel_gps_msgs/msg/_TrackstatChannel.py, /home/sena/turtle_drive/devel/lib/python2.7/dist-packages/novatel_gps_msgs/msg/_TrackstatChannel.py)
Linked: (/home/sena/turtle_drive/devel/.private/novatel_gps_msgs/lib/python2.7/dist-packages/novatel_gps_msgs/msg/_Gprmc.py, /home/sena/turtle_drive/devel/lib/python2.7/dist-packages/novatel_gps_msgs/msg/_Gprmc.py)
Linked: (/home/sena/turtle_drive/devel/.private/novatel_gps_msgs/lib/python2.7/dist-packages/novatel_gps_msgs/msg/_Time.py, /home/sena/turtle_drive/devel/lib/python2.7/dist-packages/novatel_gps_msgs/msg/_Time.py)
Linked: (/home/sena/turtle_drive/devel/.private/novatel_gps_msgs/lib/python2.7/dist-packages/novatel_gps_msgs/msg/_Gpgsv.py, /home/sena/turtle_drive/devel/lib/python2.7/dist-packages/novatel_gps_msgs/msg/_Gpgsv.py)
Linked: (/home/sena/turtle_drive/devel/.private/novatel_gps_msgs/lib/python2.7/dist-packages/novatel_gps_msgs/msg/__init__.py, /home/sena/turtle_drive/devel/lib/python2.7/dist-packages/novatel_gps_msgs/msg/__init__.py)
Linked: (/home/sena/turtle_drive/devel/.private/novatel_gps_msgs/lib/python2.7/dist-packages/novatel_gps_msgs/msg/_Gpgsa.py, /home/sena/turtle_drive/devel/lib/python2.7/dist-packages/novatel_gps_msgs/msg/_Gpgsa.py)
Linked: (/home/sena/turtle_drive/devel/.private/novatel_gps_msgs/lib/python2.7/dist-packages/novatel_gps_msgs/msg/_Gpgga.py, /home/sena/turtle_drive/devel/lib/python2.7/dist-packages/novatel_gps_msgs/msg/_Gpgga.py)
Linked: (/home/sena/turtle_drive/devel/.private/novatel_gps_msgs/lib/python2.7/dist-packages/novatel_gps_msgs/msg/_Inscov.py, /home/sena/turtle_drive/devel/lib/python2.7/dist-packages/novatel_gps_msgs/msg/_Inscov.py)
Linked: (/home/sena/turtle_drive/devel/.private/novatel_gps_msgs/lib/python2.7/dist-packages/novatel_gps_msgs/msg/_NovatelReceiverStatus.py, /home/sena/turtle_drive/devel/lib/python2.7/dist-packages/novatel_gps_msgs/msg/_NovatelReceiverStatus.py)
Linked: (/home/sena/turtle_drive/devel/.private/novatel_gps_msgs/lib/python2.7/dist-packages/novatel_gps_msgs/msg/_NovatelSignalMask.py, /home/sena/turtle_drive/devel/lib/python2.7/dist-packages/novatel_gps_msgs/msg/_NovatelSignalMask.py)
Linked: (/home/sena/turtle_drive/devel/.private/novatel_gps_msgs/lib/python2.7/dist-packages/novatel_gps_msgs/msg/_NovatelExtendedSolutionStatus.py, /home/sena/turtle_drive/devel/lib/python2.7/dist-packages/novatel_gps_msgs/msg/_NovatelExtendedSolutionStatus.py)
Linked: (/home/sena/turtle_drive/devel/.private/novatel_gps_msgs/lib/python2.7/dist-packages/novatel_gps_msgs/msg/_Trackstat.py, /home/sena/turtle_drive/devel/lib/python2.7/dist-packages/novatel_gps_msgs/msg/_Trackstat.py)
Linked: (/home/sena/turtle_drive/devel/.private/novatel_gps_msgs/lib/python2.7/dist-packages/novatel_gps_msgs/msg/_NovatelPosition.py, /home/sena/turtle_drive/devel/lib/python2.7/dist-packages/novatel_gps_msgs/msg/_NovatelPosition.py)
Linked: (/home/sena/turtle_drive/devel/.private/novatel_gps_msgs/lib/python2.7/dist-packages/novatel_gps_msgs/msg/_NovatelVelocity.py, /home/sena/turtle_drive/devel/lib/python2.7/dist-packages/novatel_gps_msgs/msg/_NovatelVelocity.py)
Linked: (/home/sena/turtle_drive/devel/.private/novatel_gps_msgs/lib/python2.7/dist-packages/novatel_gps_msgs/msg/_NovatelCorrectedImuData.py, /home/sena/turtle_drive/devel/lib/python2.7/dist-packages/novatel_gps_msgs/msg/_NovatelCorrectedImuData.py)
Linked: (/home/sena/turtle_drive/devel/.private/novatel_gps_msgs/lib/python2.7/dist-packages/novatel_gps_msgs/msg/_Range.py, /home/sena/turtle_drive/devel/lib/python2.7/dist-packages/novatel_gps_msgs/msg/_Range.py)
Linked: (/home/sena/turtle_drive/devel/.private/novatel_gps_msgs/lib/python2.7/dist-packages/novatel_gps_msgs/msg/_Satellite.py, /home/sena/turtle_drive/devel/lib/python2.7/dist-packages/novatel_gps_msgs/msg/_Satellite.py)
Linked: (/home/sena/turtle_drive/devel/.private/novatel_gps_msgs/lib/python2.7/dist-packages/novatel_gps_msgs/msg/_Insstdev.py, /home/sena/turtle_drive/devel/lib/python2.7/dist-packages/novatel_gps_msgs/msg/_Insstdev.py)
Linked: (/home/sena/turtle_drive/devel/.private/novatel_gps_msgs/lib/python2.7/dist-packages/novatel_gps_msgs/msg/_RangeInformation.py, /home/sena/turtle_drive/devel/lib/python2.7/dist-packages/novatel_gps_msgs/msg/_RangeInformation.py)
Linked: (/home/sena/turtle_drive/devel/.private/novatel_gps_msgs/lib/python2.7/dist-packages/novatel_gps_msgs/msg/_Inspva.py, /home/sena/turtle_drive/devel/lib/python2.7/dist-packages/novatel_gps_msgs/msg/_Inspva.py)
Linked: (/home/sena/turtle_drive/devel/.private/novatel_gps_msgs/lib/python2.7/dist-packages/novatel_gps_msgs/msg/_NovatelMessageHeader.py, /home/sena/turtle_drive/devel/lib/python2.7/dist-packages/novatel_gps_msgs/msg/_NovatelMessageHeader.py)
Linked: (/home/sena/turtle_drive/devel/.private/novatel_gps_msgs/include/novatel_gps_msgs/NovatelCorrectedImuData.h, /home/sena/turtle_drive/devel/include/novatel_gps_msgs/NovatelCorrectedImuData.h)
Linked: (/home/sena/turtle_drive/devel/.private/novatel_gps_msgs/include/novatel_gps_msgs/NovatelFRESETRequest.h, /home/sena/turtle_drive/devel/include/novatel_gps_msgs/NovatelFRESETRequest.h)
Linked: (/home/sena/turtle_drive/devel/.private/novatel_gps_msgs/include/novatel_gps_msgs/Range.h, /home/sena/turtle_drive/devel/include/novatel_gps_msgs/Range.h)
Linked: (/home/sena/turtle_drive/devel/.private/novatel_gps_msgs/include/novatel_gps_msgs/Trackstat.h, /home/sena/turtle_drive/devel/include/novatel_gps_msgs/Trackstat.h)
Linked: (/home/sena/turtle_drive/devel/.private/novatel_gps_msgs/include/novatel_gps_msgs/Gpgsv.h, /home/sena/turtle_drive/devel/include/novatel_gps_msgs/Gpgsv.h)
Linked: (/home/sena/turtle_drive/devel/.private/novatel_gps_msgs/include/novatel_gps_msgs/Inscov.h, /home/sena/turtle_drive/devel/include/novatel_gps_msgs/Inscov.h)
Linked: (/home/sena/turtle_drive/devel/.private/novatel_gps_msgs/include/novatel_gps_msgs/NovatelExtendedSolutionStatus.h, /home/sena/turtle_drive/devel/include/novatel_gps_msgs/NovatelExtendedSolutionStatus.h)
Linked: (/home/sena/turtle_drive/devel/.private/novatel_gps_msgs/include/novatel_gps_msgs/NovatelSignalMask.h, /home/sena/turtle_drive/devel/include/novatel_gps_msgs/NovatelSignalMask.h)
Linked: (/home/sena/turtle_drive/devel/.private/novatel_gps_msgs/include/novatel_gps_msgs/NovatelMessageHeader.h, /home/sena/turtle_drive/devel/include/novatel_gps_msgs/NovatelMessageHeader.h)
Linked: (/home/sena/turtle_drive/devel/.private/novatel_gps_msgs/include/novatel_gps_msgs/NovatelFRESET.h, /home/sena/turtle_drive/devel/include/novatel_gps_msgs/NovatelFRESET.h)
Linked: (/home/sena/turtle_drive/devel/.private/novatel_gps_msgs/include/novatel_gps_msgs/Gpgga.h, /home/sena/turtle_drive/devel/include/novatel_gps_msgs/Gpgga.h)
Linked: (/home/sena/turtle_drive/devel/.private/novatel_gps_msgs/include/novatel_gps_msgs/Satellite.h, /home/sena/turtle_drive/devel/include/novatel_gps_msgs/Satellite.h)
Linked: (/home/sena/turtle_drive/devel/.private/novatel_gps_msgs/include/novatel_gps_msgs/TrackstatChannel.h, /home/sena/turtle_drive/devel/include/novatel_gps_msgs/TrackstatChannel.h)
Linked: (/home/sena/turtle_drive/devel/.private/novatel_gps_msgs/include/novatel_gps_msgs/Inspva.h, /home/sena/turtle_drive/devel/include/novatel_gps_msgs/Inspva.h)
Linked: (/home/sena/turtle_drive/devel/.private/novatel_gps_msgs/include/novatel_gps_msgs/Time.h, /home/sena/turtle_drive/devel/include/novatel_gps_msgs/Time.h)
Linked: (/home/sena/turtle_drive/devel/.private/novatel_gps_msgs/include/novatel_gps_msgs/RangeInformation.h, /home/sena/turtle_drive/devel/include/novatel_gps_msgs/RangeInformation.h)
Linked: (/home/sena/turtle_drive/devel/.private/novatel_gps_msgs/include/novatel_gps_msgs/Gpgsa.h, /home/sena/turtle_drive/devel/include/novatel_gps_msgs/Gpgsa.h)
Linked: (/home/sena/turtle_drive/devel/.private/novatel_gps_msgs/include/novatel_gps_msgs/NovatelVelocity.h, /home/sena/turtle_drive/devel/include/novatel_gps_msgs/NovatelVelocity.h)
Linked: (/home/sena/turtle_drive/devel/.private/novatel_gps_msgs/include/novatel_gps_msgs/Gprmc.h, /home/sena/turtle_drive/devel/include/novatel_gps_msgs/Gprmc.h)
Linked: (/home/sena/turtle_drive/devel/.private/novatel_gps_msgs/include/novatel_gps_msgs/Insstdev.h, /home/sena/turtle_drive/devel/include/novatel_gps_msgs/Insstdev.h)
Linked: (/home/sena/turtle_drive/devel/.private/novatel_gps_msgs/include/novatel_gps_msgs/NovatelReceiverStatus.h, /home/sena/turtle_drive/devel/include/novatel_gps_msgs/NovatelReceiverStatus.h)
Linked: (/home/sena/turtle_drive/devel/.private/novatel_gps_msgs/include/novatel_gps_msgs/NovatelPosition.h, /home/sena/turtle_drive/devel/include/novatel_gps_msgs/NovatelPosition.h)
Linked: (/home/sena/turtle_drive/devel/.private/novatel_gps_msgs/include/novatel_gps_msgs/NovatelFRESETResponse.h, /home/sena/turtle_drive/devel/include/novatel_gps_msgs/NovatelFRESETResponse.h)
Linked: (/home/sena/turtle_drive/devel/.private/novatel_gps_msgs/share/novatel_gps_msgs/cmake/novatel_gps_msgs-msg-extras.cmake, /home/sena/turtle_drive/devel/share/novatel_gps_msgs/cmake/novatel_gps_msgs-msg-extras.cmake)
Linked: (/home/sena/turtle_drive/devel/.private/novatel_gps_msgs/share/novatel_gps_msgs/cmake/novatel_gps_msgs-msg-paths.cmake, /home/sena/turtle_drive/devel/share/novatel_gps_msgs/cmake/novatel_gps_msgs-msg-paths.cmake)
Linked: (/home/sena/turtle_drive/devel/.private/novatel_gps_msgs/share/novatel_gps_msgs/cmake/novatel_gps_msgsConfig.cmake, /home/sena/turtle_drive/devel/share/novatel_gps_msgs/cmake/novatel_gps_msgsConfig.cmake)
Linked: (/home/sena/turtle_drive/devel/.private/novatel_gps_msgs/share/novatel_gps_msgs/cmake/novatel_gps_msgsConfig-version.cmake, /home/sena/turtle_drive/devel/share/novatel_gps_msgs/cmake/novatel_gps_msgsConfig-version.cmake)
Linked: (/home/sena/turtle_drive/devel/.private/novatel_gps_msgs/share/gennodejs/ros/novatel_gps_msgs/_index.js, /home/sena/turtle_drive/devel/share/gennodejs/ros/novatel_gps_msgs/_index.js)
Linked: (/home/sena/turtle_drive/devel/.private/novatel_gps_msgs/share/gennodejs/ros/novatel_gps_msgs/srv/_index.js, /home/sena/turtle_drive/devel/share/gennodejs/ros/novatel_gps_msgs/srv/_index.js)
Linked: (/home/sena/turtle_drive/devel/.private/novatel_gps_msgs/share/gennodejs/ros/novatel_gps_msgs/srv/NovatelFRESET.js, /home/sena/turtle_drive/devel/share/gennodejs/ros/novatel_gps_msgs/srv/NovatelFRESET.js)
Linked: (/home/sena/turtle_drive/devel/.private/novatel_gps_msgs/share/gennodejs/ros/novatel_gps_msgs/msg/NovatelExtendedSolutionStatus.js, /home/sena/turtle_drive/devel/share/gennodejs/ros/novatel_gps_msgs/msg/NovatelExtendedSolutionStatus.js)
Linked: (/home/sena/turtle_drive/devel/.private/novatel_gps_msgs/share/gennodejs/ros/novatel_gps_msgs/msg/Satellite.js, /home/sena/turtle_drive/devel/share/gennodejs/ros/novatel_gps_msgs/msg/Satellite.js)
Linked: (/home/sena/turtle_drive/devel/.private/novatel_gps_msgs/share/gennodejs/ros/novatel_gps_msgs/msg/NovatelReceiverStatus.js, /home/sena/turtle_drive/devel/share/gennodejs/ros/novatel_gps_msgs/msg/NovatelReceiverStatus.js)
Linked: (/home/sena/turtle_drive/devel/.private/novatel_gps_msgs/share/gennodejs/ros/novatel_gps_msgs/msg/NovatelPosition.js, /home/sena/turtle_drive/devel/share/gennodejs/ros/novatel_gps_msgs/msg/NovatelPosition.js)
Linked: (/home/sena/turtle_drive/devel/.private/novatel_gps_msgs/share/gennodejs/ros/novatel_gps_msgs/msg/Insstdev.js, /home/sena/turtle_drive/devel/share/gennodejs/ros/novatel_gps_msgs/msg/Insstdev.js)
Linked: (/home/sena/turtle_drive/devel/.private/novatel_gps_msgs/share/gennodejs/ros/novatel_gps_msgs/msg/Inscov.js, /home/sena/turtle_drive/devel/share/gennodejs/ros/novatel_gps_msgs/msg/Inscov.js)
Linked: (/home/sena/turtle_drive/devel/.private/novatel_gps_msgs/share/gennodejs/ros/novatel_gps_msgs/msg/_index.js, /home/sena/turtle_drive/devel/share/gennodejs/ros/novatel_gps_msgs/msg/_index.js)
Linked: (/home/sena/turtle_drive/devel/.private/novatel_gps_msgs/share/gennodejs/ros/novatel_gps_msgs/msg/NovatelMessageHeader.js, /home/sena/turtle_drive/devel/share/gennodejs/ros/novatel_gps_msgs/msg/NovatelMessageHeader.js)
Linked: (/home/sena/turtle_drive/devel/.private/novatel_gps_msgs/share/gennodejs/ros/novatel_gps_msgs/msg/NovatelVelocity.js, /home/sena/turtle_drive/devel/share/gennodejs/ros/novatel_gps_msgs/msg/NovatelVelocity.js)
Linked: (/home/sena/turtle_drive/devel/.private/novatel_gps_msgs/share/gennodejs/ros/novatel_gps_msgs/msg/NovatelCorrectedImuData.js, /home/sena/turtle_drive/devel/share/gennodejs/ros/novatel_gps_msgs/msg/NovatelCorrectedImuData.js)
Linked: (/home/sena/turtle_drive/devel/.private/novatel_gps_msgs/share/gennodejs/ros/novatel_gps_msgs/msg/Inspva.js, /home/sena/turtle_drive/devel/share/gennodejs/ros/novatel_gps_msgs/msg/Inspva.js)
Linked: (/home/sena/turtle_drive/devel/.private/novatel_gps_msgs/share/gennodejs/ros/novatel_gps_msgs/msg/Gpgga.js, /home/sena/turtle_drive/devel/share/gennodejs/ros/novatel_gps_msgs/msg/Gpgga.js)
Linked: (/home/sena/turtle_drive/devel/.private/novatel_gps_msgs/share/gennodejs/ros/novatel_gps_msgs/msg/Range.js, /home/sena/turtle_drive/devel/share/gennodejs/ros/novatel_gps_msgs/msg/Range.js)
Linked: (/home/sena/turtle_drive/devel/.private/novatel_gps_msgs/share/gennodejs/ros/novatel_gps_msgs/msg/Time.js, /home/sena/turtle_drive/devel/share/gennodejs/ros/novatel_gps_msgs/msg/Time.js)
Linked: (/home/sena/turtle_drive/devel/.private/novatel_gps_msgs/share/gennodejs/ros/novatel_gps_msgs/msg/Gpgsv.js, /home/sena/turtle_drive/devel/share/gennodejs/ros/novatel_gps_msgs/msg/Gpgsv.js)
Linked: (/home/sena/turtle_drive/devel/.private/novatel_gps_msgs/share/gennodejs/ros/novatel_gps_msgs/msg/Gprmc.js, /home/sena/turtle_drive/devel/share/gennodejs/ros/novatel_gps_msgs/msg/Gprmc.js)
Linked: (/home/sena/turtle_drive/devel/.private/novatel_gps_msgs/share/gennodejs/ros/novatel_gps_msgs/msg/TrackstatChannel.js, /home/sena/turtle_drive/devel/share/gennodejs/ros/novatel_gps_msgs/msg/TrackstatChannel.js)
Linked: (/home/sena/turtle_drive/devel/.private/novatel_gps_msgs/share/gennodejs/ros/novatel_gps_msgs/msg/Gpgsa.js, /home/sena/turtle_drive/devel/share/gennodejs/ros/novatel_gps_msgs/msg/Gpgsa.js)
Linked: (/home/sena/turtle_drive/devel/.private/novatel_gps_msgs/share/gennodejs/ros/novatel_gps_msgs/msg/RangeInformation.js, /home/sena/turtle_drive/devel/share/gennodejs/ros/novatel_gps_msgs/msg/RangeInformation.js)
Linked: (/home/sena/turtle_drive/devel/.private/novatel_gps_msgs/share/gennodejs/ros/novatel_gps_msgs/msg/Trackstat.js, /home/sena/turtle_drive/devel/share/gennodejs/ros/novatel_gps_msgs/msg/Trackstat.js)
Linked: (/home/sena/turtle_drive/devel/.private/novatel_gps_msgs/share/gennodejs/ros/novatel_gps_msgs/msg/NovatelSignalMask.js, /home/sena/turtle_drive/devel/share/gennodejs/ros/novatel_gps_msgs/msg/NovatelSignalMask.js)
Linked: (/home/sena/turtle_drive/devel/.private/novatel_gps_msgs/share/roseus/ros/novatel_gps_msgs/manifest.l, /home/sena/turtle_drive/devel/share/roseus/ros/novatel_gps_msgs/manifest.l)
Linked: (/home/sena/turtle_drive/devel/.private/novatel_gps_msgs/share/roseus/ros/novatel_gps_msgs/srv/NovatelFRESET.l, /home/sena/turtle_drive/devel/share/roseus/ros/novatel_gps_msgs/srv/NovatelFRESET.l)
Linked: (/home/sena/turtle_drive/devel/.private/novatel_gps_msgs/share/roseus/ros/novatel_gps_msgs/msg/Inspva.l, /home/sena/turtle_drive/devel/share/roseus/ros/novatel_gps_msgs/msg/Inspva.l)
Linked: (/home/sena/turtle_drive/devel/.private/novatel_gps_msgs/share/roseus/ros/novatel_gps_msgs/msg/Satellite.l, /home/sena/turtle_drive/devel/share/roseus/ros/novatel_gps_msgs/msg/Satellite.l)
Linked: (/home/sena/turtle_drive/devel/.private/novatel_gps_msgs/share/roseus/ros/novatel_gps_msgs/msg/NovatelReceiverStatus.l, /home/sena/turtle_drive/devel/share/roseus/ros/novatel_gps_msgs/msg/NovatelReceiverStatus.l)
Linked: (/home/sena/turtle_drive/devel/.private/novatel_gps_msgs/share/roseus/ros/novatel_gps_msgs/msg/NovatelSignalMask.l, /home/sena/turtle_drive/devel/share/roseus/ros/novatel_gps_msgs/msg/NovatelSignalMask.l)
Linked: (/home/sena/turtle_drive/devel/.private/novatel_gps_msgs/share/roseus/ros/novatel_gps_msgs/msg/NovatelVelocity.l, /home/sena/turtle_drive/devel/share/roseus/ros/novatel_gps_msgs/msg/NovatelVelocity.l)
Linked: (/home/sena/turtle_drive/devel/.private/novatel_gps_msgs/share/roseus/ros/novatel_gps_msgs/msg/Trackstat.l, /home/sena/turtle_drive/devel/share/roseus/ros/novatel_gps_msgs/msg/Trackstat.l)
Linked: (/home/sena/turtle_drive/devel/.private/novatel_gps_msgs/share/roseus/ros/novatel_gps_msgs/msg/NovatelPosition.l, /home/sena/turtle_drive/devel/share/roseus/ros/novatel_gps_msgs/msg/NovatelPosition.l)
Linked: (/home/sena/turtle_drive/devel/.private/novatel_gps_msgs/share/roseus/ros/novatel_gps_msgs/msg/NovatelCorrectedImuData.l, /home/sena/turtle_drive/devel/share/roseus/ros/novatel_gps_msgs/msg/NovatelCorrectedImuData.l)
Linked: (/home/sena/turtle_drive/devel/.private/novatel_gps_msgs/share/roseus/ros/novatel_gps_msgs/msg/Gpgsa.l, /home/sena/turtle_drive/devel/share/roseus/ros/novatel_gps_msgs/msg/Gpgsa.l)
Linked: (/home/sena/turtle_drive/devel/.private/novatel_gps_msgs/share/roseus/ros/novatel_gps_msgs/msg/RangeInformation.l, /home/sena/turtle_drive/devel/share/roseus/ros/novatel_gps_msgs/msg/RangeInformation.l)
Linked: (/home/sena/turtle_drive/devel/.private/novatel_gps_msgs/share/roseus/ros/novatel_gps_msgs/msg/Gprmc.l, /home/sena/turtle_drive/devel/share/roseus/ros/novatel_gps_msgs/msg/Gprmc.l)
Linked: (/home/sena/turtle_drive/devel/.private/novatel_gps_msgs/share/roseus/ros/novatel_gps_msgs/msg/Inscov.l, /home/sena/turtle_drive/devel/share/roseus/ros/novatel_gps_msgs/msg/Inscov.l)
Linked: (/home/sena/turtle_drive/devel/.private/novatel_gps_msgs/share/roseus/ros/novatel_gps_msgs/msg/NovatelExtendedSolutionStatus.l, /home/sena/turtle_drive/devel/share/roseus/ros/novatel_gps_msgs/msg/NovatelExtendedSolutionStatus.l)
Linked: (/home/sena/turtle_drive/devel/.private/novatel_gps_msgs/share/roseus/ros/novatel_gps_msgs/msg/Gpgsv.l, /home/sena/turtle_drive/devel/share/roseus/ros/novatel_gps_msgs/msg/Gpgsv.l)
Linked: (/home/sena/turtle_drive/devel/.private/novatel_gps_msgs/share/roseus/ros/novatel_gps_msgs/msg/TrackstatChannel.l, /home/sena/turtle_drive/devel/share/roseus/ros/novatel_gps_msgs/msg/TrackstatChannel.l)
Linked: (/home/sena/turtle_drive/devel/.private/novatel_gps_msgs/share/roseus/ros/novatel_gps_msgs/msg/Gpgga.l, /home/sena/turtle_drive/devel/share/roseus/ros/novatel_gps_msgs/msg/Gpgga.l)
Linked: (/home/sena/turtle_drive/devel/.private/novatel_gps_msgs/share/roseus/ros/novatel_gps_msgs/msg/Insstdev.l, /home/sena/turtle_drive/devel/share/roseus/ros/novatel_gps_msgs/msg/Insstdev.l)
Linked: (/home/sena/turtle_drive/devel/.private/novatel_gps_msgs/share/roseus/ros/novatel_gps_msgs/msg/Range.l, /home/sena/turtle_drive/devel/share/roseus/ros/novatel_gps_msgs/msg/Range.l)
Linked: (/home/sena/turtle_drive/devel/.private/novatel_gps_msgs/share/roseus/ros/novatel_gps_msgs/msg/NovatelMessageHeader.l, /home/sena/turtle_drive/devel/share/roseus/ros/novatel_gps_msgs/msg/NovatelMessageHeader.l)
Linked: (/home/sena/turtle_drive/devel/.private/novatel_gps_msgs/share/roseus/ros/novatel_gps_msgs/msg/Time.l, /home/sena/turtle_drive/devel/share/roseus/ros/novatel_gps_msgs/msg/Time.l)
Linked: (/home/sena/turtle_drive/devel/.private/novatel_gps_msgs/share/common-lisp/ros/novatel_gps_msgs/srv/_package_NovatelFRESET.lisp, /home/sena/turtle_drive/devel/share/common-lisp/ros/novatel_gps_msgs/srv/_package_NovatelFRESET.lisp)
Linked: (/home/sena/turtle_drive/devel/.private/novatel_gps_msgs/share/common-lisp/ros/novatel_gps_msgs/srv/_package.lisp, /home/sena/turtle_drive/devel/share/common-lisp/ros/novatel_gps_msgs/srv/_package.lisp)
Linked: (/home/sena/turtle_drive/devel/.private/novatel_gps_msgs/share/common-lisp/ros/novatel_gps_msgs/srv/novatel_gps_msgs-srv.asd, /home/sena/turtle_drive/devel/share/common-lisp/ros/novatel_gps_msgs/srv/novatel_gps_msgs-srv.asd)
Linked: (/home/sena/turtle_drive/devel/.private/novatel_gps_msgs/share/common-lisp/ros/novatel_gps_msgs/srv/NovatelFRESET.lisp, /home/sena/turtle_drive/devel/share/common-lisp/ros/novatel_gps_msgs/srv/NovatelFRESET.lisp)
Linked: (/home/sena/turtle_drive/devel/.private/novatel_gps_msgs/share/common-lisp/ros/novatel_gps_msgs/msg/_package_NovatelPosition.lisp, /home/sena/turtle_drive/devel/share/common-lisp/ros/novatel_gps_msgs/msg/_package_NovatelPosition.lisp)
Linked: (/home/sena/turtle_drive/devel/.private/novatel_gps_msgs/share/common-lisp/ros/novatel_gps_msgs/msg/Range.lisp, /home/sena/turtle_drive/devel/share/common-lisp/ros/novatel_gps_msgs/msg/Range.lisp)
Linked: (/home/sena/turtle_drive/devel/.private/novatel_gps_msgs/share/common-lisp/ros/novatel_gps_msgs/msg/NovatelPosition.lisp, /home/sena/turtle_drive/devel/share/common-lisp/ros/novatel_gps_msgs/msg/NovatelPosition.lisp)
Linked: (/home/sena/turtle_drive/devel/.private/novatel_gps_msgs/share/common-lisp/ros/novatel_gps_msgs/msg/_package_Gpgga.lisp, /home/sena/turtle_drive/devel/share/common-lisp/ros/novatel_gps_msgs/msg/_package_Gpgga.lisp)
Linked: (/home/sena/turtle_drive/devel/.private/novatel_gps_msgs/share/common-lisp/ros/novatel_gps_msgs/msg/_package_Time.lisp, /home/sena/turtle_drive/devel/share/common-lisp/ros/novatel_gps_msgs/msg/_package_Time.lisp)
Linked: (/home/sena/turtle_drive/devel/.private/novatel_gps_msgs/share/common-lisp/ros/novatel_gps_msgs/msg/_package_NovatelReceiverStatus.lisp, /home/sena/turtle_drive/devel/share/common-lisp/ros/novatel_gps_msgs/msg/_package_NovatelReceiverStatus.lisp)
Linked: (/home/sena/turtle_drive/devel/.private/novatel_gps_msgs/share/common-lisp/ros/novatel_gps_msgs/msg/_package_NovatelVelocity.lisp, /home/sena/turtle_drive/devel/share/common-lisp/ros/novatel_gps_msgs/msg/_package_NovatelVelocity.lisp)
Linked: (/home/sena/turtle_drive/devel/.private/novatel_gps_msgs/share/common-lisp/ros/novatel_gps_msgs/msg/_package_Inspva.lisp, /home/sena/turtle_drive/devel/share/common-lisp/ros/novatel_gps_msgs/msg/_package_Inspva.lisp)
Linked: (/home/sena/turtle_drive/devel/.private/novatel_gps_msgs/share/common-lisp/ros/novatel_gps_msgs/msg/NovatelReceiverStatus.lisp, /home/sena/turtle_drive/devel/share/common-lisp/ros/novatel_gps_msgs/msg/NovatelReceiverStatus.lisp)
Linked: (/home/sena/turtle_drive/devel/.private/novatel_gps_msgs/share/common-lisp/ros/novatel_gps_msgs/msg/_package_Trackstat.lisp, /home/sena/turtle_drive/devel/share/common-lisp/ros/novatel_gps_msgs/msg/_package_Trackstat.lisp)
Linked: (/home/sena/turtle_drive/devel/.private/novatel_gps_msgs/share/common-lisp/ros/novatel_gps_msgs/msg/_package_NovatelSignalMask.lisp, /home/sena/turtle_drive/devel/share/common-lisp/ros/novatel_gps_msgs/msg/_package_NovatelSignalMask.lisp)
Linked: (/home/sena/turtle_drive/devel/.private/novatel_gps_msgs/share/common-lisp/ros/novatel_gps_msgs/msg/Gpgsv.lisp, /home/sena/turtle_drive/devel/share/common-lisp/ros/novatel_gps_msgs/msg/Gpgsv.lisp)
Linked: (/home/sena/turtle_drive/devel/.private/novatel_gps_msgs/share/common-lisp/ros/novatel_gps_msgs/msg/_package_NovatelCorrectedImuData.lisp, /home/sena/turtle_drive/devel/share/common-lisp/ros/novatel_gps_msgs/msg/_package_NovatelCorrectedImuData.lisp)
Linked: (/home/sena/turtle_drive/devel/.private/novatel_gps_msgs/share/common-lisp/ros/novatel_gps_msgs/msg/_package.lisp, /home/sena/turtle_drive/devel/share/common-lisp/ros/novatel_gps_msgs/msg/_package.lisp)
Linked: (/home/sena/turtle_drive/devel/.private/novatel_gps_msgs/share/common-lisp/ros/novatel_gps_msgs/msg/TrackstatChannel.lisp, /home/sena/turtle_drive/devel/share/common-lisp/ros/novatel_gps_msgs/msg/TrackstatChannel.lisp)
Linked: (/home/sena/turtle_drive/devel/.private/novatel_gps_msgs/share/common-lisp/ros/novatel_gps_msgs/msg/NovatelMessageHeader.lisp, /home/sena/turtle_drive/devel/share/common-lisp/ros/novatel_gps_msgs/msg/NovatelMessageHeader.lisp)
Linked: (/home/sena/turtle_drive/devel/.private/novatel_gps_msgs/share/common-lisp/ros/novatel_gps_msgs/msg/_package_NovatelMessageHeader.lisp, /home/sena/turtle_drive/devel/share/common-lisp/ros/novatel_gps_msgs/msg/_package_NovatelMessageHeader.lisp)
Linked: (/home/sena/turtle_drive/devel/.private/novatel_gps_msgs/share/common-lisp/ros/novatel_gps_msgs/msg/NovatelExtendedSolutionStatus.lisp, /home/sena/turtle_drive/devel/share/common-lisp/ros/novatel_gps_msgs/msg/NovatelExtendedSolutionStatus.lisp)
Linked: (/home/sena/turtle_drive/devel/.private/novatel_gps_msgs/share/common-lisp/ros/novatel_gps_msgs/msg/_package_Insstdev.lisp, /home/sena/turtle_drive/devel/share/common-lisp/ros/novatel_gps_msgs/msg/_package_Insstdev.lisp)
Linked: (/home/sena/turtle_drive/devel/.private/novatel_gps_msgs/share/common-lisp/ros/novatel_gps_msgs/msg/_package_Gpgsa.lisp, /home/sena/turtle_drive/devel/share/common-lisp/ros/novatel_gps_msgs/msg/_package_Gpgsa.lisp)
Linked: (/home/sena/turtle_drive/devel/.private/novatel_gps_msgs/share/common-lisp/ros/novatel_gps_msgs/msg/Insstdev.lisp, /home/sena/turtle_drive/devel/share/common-lisp/ros/novatel_gps_msgs/msg/Insstdev.lisp)
Linked: (/home/sena/turtle_drive/devel/.private/novatel_gps_msgs/share/common-lisp/ros/novatel_gps_msgs/msg/_package_RangeInformation.lisp, /home/sena/turtle_drive/devel/share/common-lisp/ros/novatel_gps_msgs/msg/_package_RangeInformation.lisp)
Linked: (/home/sena/turtle_drive/devel/.private/novatel_gps_msgs/share/common-lisp/ros/novatel_gps_msgs/msg/Gprmc.lisp, /home/sena/turtle_drive/devel/share/common-lisp/ros/novatel_gps_msgs/msg/Gprmc.lisp)
Linked: (/home/sena/turtle_drive/devel/.private/novatel_gps_msgs/share/common-lisp/ros/novatel_gps_msgs/msg/_package_NovatelExtendedSolutionStatus.lisp, /home/sena/turtle_drive/devel/share/common-lisp/ros/novatel_gps_msgs/msg/_package_NovatelExtendedSolutionStatus.lisp)
Linked: (/home/sena/turtle_drive/devel/.private/novatel_gps_msgs/share/common-lisp/ros/novatel_gps_msgs/msg/novatel_gps_msgs-msg.asd, /home/sena/turtle_drive/devel/share/common-lisp/ros/novatel_gps_msgs/msg/novatel_gps_msgs-msg.asd)
Linked: (/home/sena/turtle_drive/devel/.private/novatel_gps_msgs/share/common-lisp/ros/novatel_gps_msgs/msg/Time.lisp, /home/sena/turtle_drive/devel/share/common-lisp/ros/novatel_gps_msgs/msg/Time.lisp)
Linked: (/home/sena/turtle_drive/devel/.private/novatel_gps_msgs/share/common-lisp/ros/novatel_gps_msgs/msg/_package_Satellite.lisp, /home/sena/turtle_drive/devel/share/common-lisp/ros/novatel_gps_msgs/msg/_package_Satellite.lisp)
Linked: (/home/sena/turtle_drive/devel/.private/novatel_gps_msgs/share/common-lisp/ros/novatel_gps_msgs/msg/_package_Gprmc.lisp, /home/sena/turtle_drive/devel/share/common-lisp/ros/novatel_gps_msgs/msg/_package_Gprmc.lisp)
Linked: (/home/sena/turtle_drive/devel/.private/novatel_gps_msgs/share/common-lisp/ros/novatel_gps_msgs/msg/NovatelVelocity.lisp, /home/sena/turtle_drive/devel/share/common-lisp/ros/novatel_gps_msgs/msg/NovatelVelocity.lisp)
Linked: (/home/sena/turtle_drive/devel/.private/novatel_gps_msgs/share/common-lisp/ros/novatel_gps_msgs/msg/Inspva.lisp, /home/sena/turtle_drive/devel/share/common-lisp/ros/novatel_gps_msgs/msg/Inspva.lisp)
Linked: (/home/sena/turtle_drive/devel/.private/novatel_gps_msgs/share/common-lisp/ros/novatel_gps_msgs/msg/Satellite.lisp, /home/sena/turtle_drive/devel/share/common-lisp/ros/novatel_gps_msgs/msg/Satellite.lisp)
Linked: (/home/sena/turtle_drive/devel/.private/novatel_gps_msgs/share/common-lisp/ros/novatel_gps_msgs/msg/_package_Gpgsv.lisp, /home/sena/turtle_drive/devel/share/common-lisp/ros/novatel_gps_msgs/msg/_package_Gpgsv.lisp)
Linked: (/home/sena/turtle_drive/devel/.private/novatel_gps_msgs/share/common-lisp/ros/novatel_gps_msgs/msg/Gpgga.lisp, /home/sena/turtle_drive/devel/share/common-lisp/ros/novatel_gps_msgs/msg/Gpgga.lisp)
Linked: (/home/sena/turtle_drive/devel/.private/novatel_gps_msgs/share/common-lisp/ros/novatel_gps_msgs/msg/Trackstat.lisp, /home/sena/turtle_drive/devel/share/common-lisp/ros/novatel_gps_msgs/msg/Trackstat.lisp)
Linked: (/home/sena/turtle_drive/devel/.private/novatel_gps_msgs/share/common-lisp/ros/novatel_gps_msgs/msg/RangeInformation.lisp, /home/sena/turtle_drive/devel/share/common-lisp/ros/novatel_gps_msgs/msg/RangeInformation.lisp)
Linked: (/home/sena/turtle_drive/devel/.private/novatel_gps_msgs/share/common-lisp/ros/novatel_gps_msgs/msg/NovatelSignalMask.lisp, /home/sena/turtle_drive/devel/share/common-lisp/ros/novatel_gps_msgs/msg/NovatelSignalMask.lisp)
Linked: (/home/sena/turtle_drive/devel/.private/novatel_gps_msgs/share/common-lisp/ros/novatel_gps_msgs/msg/_package_Inscov.lisp, /home/sena/turtle_drive/devel/share/common-lisp/ros/novatel_gps_msgs/msg/_package_Inscov.lisp)
Linked: (/home/sena/turtle_drive/devel/.private/novatel_gps_msgs/share/common-lisp/ros/novatel_gps_msgs/msg/NovatelCorrectedImuData.lisp, /home/sena/turtle_drive/devel/share/common-lisp/ros/novatel_gps_msgs/msg/NovatelCorrectedImuData.lisp)
Linked: (/home/sena/turtle_drive/devel/.private/novatel_gps_msgs/share/common-lisp/ros/novatel_gps_msgs/msg/_package_Range.lisp, /home/sena/turtle_drive/devel/share/common-lisp/ros/novatel_gps_msgs/msg/_package_Range.lisp)
Linked: (/home/sena/turtle_drive/devel/.private/novatel_gps_msgs/share/common-lisp/ros/novatel_gps_msgs/msg/Inscov.lisp, /home/sena/turtle_drive/devel/share/common-lisp/ros/novatel_gps_msgs/msg/Inscov.lisp)
Linked: (/home/sena/turtle_drive/devel/.private/novatel_gps_msgs/share/common-lisp/ros/novatel_gps_msgs/msg/_package_TrackstatChannel.lisp, /home/sena/turtle_drive/devel/share/common-lisp/ros/novatel_gps_msgs/msg/_package_TrackstatChannel.lisp)
Linked: (/home/sena/turtle_drive/devel/.private/novatel_gps_msgs/share/common-lisp/ros/novatel_gps_msgs/msg/Gpgsa.lisp, /home/sena/turtle_drive/devel/share/common-lisp/ros/novatel_gps_msgs/msg/Gpgsa.lisp)
