Determining if the pthread_create exist failed with the following output:
Change Dir: /home/sena/turtle_drive/build/novatel_imu/CMakeFiles/CMakeTmp

Run Build Command:"/usr/bin/make" "cmTC_cc9ac/fast"
/usr/bin/make -f CMakeFiles/cmTC_cc9ac.dir/build.make CMakeFiles/cmTC_cc9ac.dir/build
make[1]: Entering directory '/home/sena/turtle_drive/build/novatel_imu/CMakeFiles/CMakeTmp'
Building C object CMakeFiles/cmTC_cc9ac.dir/CheckSymbolExists.c.o
/usr/bin/cc     -o CMakeFiles/cmTC_cc9ac.dir/CheckSymbolExists.c.o   -c /home/sena/turtle_drive/build/novatel_imu/CMakeFiles/CMakeTmp/CheckSymbolExists.c
Linking C executable cmTC_cc9ac
/usr/bin/cmake -E cmake_link_script CMakeFiles/cmTC_cc9ac.dir/link.txt --verbose=1
/usr/bin/cc       CMakeFiles/cmTC_cc9ac.dir/CheckSymbolExists.c.o  -o cmTC_cc9ac -rdynamic 
CMakeFiles/cmTC_cc9ac.dir/CheckSymbolExists.c.o: In function `main':
CheckSymbolExists.c:(.text+0x16): undefined reference to `pthread_create'
collect2: error: ld returned 1 exit status
CMakeFiles/cmTC_cc9ac.dir/build.make:97: recipe for target 'cmTC_cc9ac' failed
make[1]: *** [cmTC_cc9ac] Error 1
make[1]: Leaving directory '/home/sena/turtle_drive/build/novatel_imu/CMakeFiles/CMakeTmp'
Makefile:126: recipe for target 'cmTC_cc9ac/fast' failed
make: *** [cmTC_cc9ac/fast] Error 2

File /home/sena/turtle_drive/build/novatel_imu/CMakeFiles/CMakeTmp/CheckSymbolExists.c:
/* */
#include <pthread.h>

int main(int argc, char** argv)
{
  (void)argv;
#ifndef pthread_create
  return ((int*)(&pthread_create))[argc];
#else
  (void)argc;
  return 0;
#endif
}

Determining if the function pthread_create exists in the pthreads failed with the following output:
Change Dir: /home/sena/turtle_drive/build/novatel_imu/CMakeFiles/CMakeTmp

Run Build Command:"/usr/bin/make" "cmTC_547dd/fast"
/usr/bin/make -f CMakeFiles/cmTC_547dd.dir/build.make CMakeFiles/cmTC_547dd.dir/build
make[1]: Entering directory '/home/sena/turtle_drive/build/novatel_imu/CMakeFiles/CMakeTmp'
Building C object CMakeFiles/cmTC_547dd.dir/CheckFunctionExists.c.o
/usr/bin/cc    -DCHECK_FUNCTION_EXISTS=pthread_create   -o CMakeFiles/cmTC_547dd.dir/CheckFunctionExists.c.o   -c /usr/share/cmake-3.5/Modules/CheckFunctionExists.c
Linking C executable cmTC_547dd
/usr/bin/cmake -E cmake_link_script CMakeFiles/cmTC_547dd.dir/link.txt --verbose=1
/usr/bin/cc   -DCHECK_FUNCTION_EXISTS=pthread_create    CMakeFiles/cmTC_547dd.dir/CheckFunctionExists.c.o  -o cmTC_547dd -rdynamic -lpthreads 
/usr/bin/ld: cannot find -lpthreads
collect2: error: ld returned 1 exit status
CMakeFiles/cmTC_547dd.dir/build.make:97: recipe for target 'cmTC_547dd' failed
make[1]: *** [cmTC_547dd] Error 1
make[1]: Leaving directory '/home/sena/turtle_drive/build/novatel_imu/CMakeFiles/CMakeTmp'
Makefile:126: recipe for target 'cmTC_547dd/fast' failed
make: *** [cmTC_547dd/fast] Error 2


