Determining if the pthread_create exist failed with the following output:
Change Dir: /home/base/turtle_drive/build/CMakeFiles/CMakeTmp

Run Build Command:"/usr/bin/make" "cmTC_12095/fast"
/usr/bin/make -f CMakeFiles/cmTC_12095.dir/build.make CMakeFiles/cmTC_12095.dir/build
make[1]: Entering directory '/home/base/turtle_drive/build/CMakeFiles/CMakeTmp'
Building C object CMakeFiles/cmTC_12095.dir/CheckSymbolExists.c.o
/usr/bin/cc     -o CMakeFiles/cmTC_12095.dir/CheckSymbolExists.c.o   -c /home/base/turtle_drive/build/CMakeFiles/CMakeTmp/CheckSymbolExists.c
Linking C executable cmTC_12095
/usr/bin/cmake -E cmake_link_script CMakeFiles/cmTC_12095.dir/link.txt --verbose=1
/usr/bin/cc       CMakeFiles/cmTC_12095.dir/CheckSymbolExists.c.o  -o cmTC_12095 -rdynamic 
CMakeFiles/cmTC_12095.dir/CheckSymbolExists.c.o: In function `main':
CheckSymbolExists.c:(.text+0x16): undefined reference to `pthread_create'
collect2: error: ld returned 1 exit status
CMakeFiles/cmTC_12095.dir/build.make:97: recipe for target 'cmTC_12095' failed
make[1]: *** [cmTC_12095] Error 1
make[1]: Leaving directory '/home/base/turtle_drive/build/CMakeFiles/CMakeTmp'
Makefile:126: recipe for target 'cmTC_12095/fast' failed
make: *** [cmTC_12095/fast] Error 2

File /home/base/turtle_drive/build/CMakeFiles/CMakeTmp/CheckSymbolExists.c:
/* */
#include <pthread.h>

int main(int argc, char** argv)
{
  (void)argv;
#ifndef pthread_create
  return ((int*)(&pthread_create))[argc];
#else
  (void)argc;
  return 0;
#endif
}

Determining if the function pthread_create exists in the pthreads failed with the following output:
Change Dir: /home/base/turtle_drive/build/CMakeFiles/CMakeTmp

Run Build Command:"/usr/bin/make" "cmTC_9d7ae/fast"
/usr/bin/make -f CMakeFiles/cmTC_9d7ae.dir/build.make CMakeFiles/cmTC_9d7ae.dir/build
make[1]: Entering directory '/home/base/turtle_drive/build/CMakeFiles/CMakeTmp'
Building C object CMakeFiles/cmTC_9d7ae.dir/CheckFunctionExists.c.o
/usr/bin/cc    -DCHECK_FUNCTION_EXISTS=pthread_create   -o CMakeFiles/cmTC_9d7ae.dir/CheckFunctionExists.c.o   -c /usr/share/cmake-3.5/Modules/CheckFunctionExists.c
Linking C executable cmTC_9d7ae
/usr/bin/cmake -E cmake_link_script CMakeFiles/cmTC_9d7ae.dir/link.txt --verbose=1
/usr/bin/cc   -DCHECK_FUNCTION_EXISTS=pthread_create    CMakeFiles/cmTC_9d7ae.dir/CheckFunctionExists.c.o  -o cmTC_9d7ae -rdynamic -lpthreads 
/usr/bin/ld: cannot find -lpthreads
collect2: error: ld returned 1 exit status
CMakeFiles/cmTC_9d7ae.dir/build.make:97: recipe for target 'cmTC_9d7ae' failed
make[1]: *** [cmTC_9d7ae] Error 1
make[1]: Leaving directory '/home/base/turtle_drive/build/CMakeFiles/CMakeTmp'
Makefile:126: recipe for target 'cmTC_9d7ae/fast' failed
make: *** [cmTC_9d7ae/fast] Error 2


