Determining if the pthread_create exist failed with the following output:
Change Dir: /home/nishanth/TurtleStuff/turtle_drive/build/ackermann_steering_controller/CMakeFiles/CMakeTmp

Run Build Command:"/usr/bin/make" "cmTC_550ad/fast"
/usr/bin/make -f CMakeFiles/cmTC_550ad.dir/build.make CMakeFiles/cmTC_550ad.dir/build
make[1]: Entering directory '/home/nishanth/TurtleStuff/turtle_drive/build/ackermann_steering_controller/CMakeFiles/CMakeTmp'
Building C object CMakeFiles/cmTC_550ad.dir/CheckSymbolExists.c.o
/usr/bin/cc     -o CMakeFiles/cmTC_550ad.dir/CheckSymbolExists.c.o   -c /home/nishanth/TurtleStuff/turtle_drive/build/ackermann_steering_controller/CMakeFiles/CMakeTmp/CheckSymbolExists.c
Linking C executable cmTC_550ad
/usr/bin/cmake -E cmake_link_script CMakeFiles/cmTC_550ad.dir/link.txt --verbose=1
/usr/bin/cc       CMakeFiles/cmTC_550ad.dir/CheckSymbolExists.c.o  -o cmTC_550ad -rdynamic 
CMakeFiles/cmTC_550ad.dir/CheckSymbolExists.c.o: In function `main':
CheckSymbolExists.c:(.text+0x16): undefined reference to `pthread_create'
collect2: error: ld returned 1 exit status
CMakeFiles/cmTC_550ad.dir/build.make:97: recipe for target 'cmTC_550ad' failed
make[1]: *** [cmTC_550ad] Error 1
make[1]: Leaving directory '/home/nishanth/TurtleStuff/turtle_drive/build/ackermann_steering_controller/CMakeFiles/CMakeTmp'
Makefile:126: recipe for target 'cmTC_550ad/fast' failed
make: *** [cmTC_550ad/fast] Error 2

File /home/nishanth/TurtleStuff/turtle_drive/build/ackermann_steering_controller/CMakeFiles/CMakeTmp/CheckSymbolExists.c:
/* */
#include <pthread.h>

int main(int argc, char** argv)
{
  (void)argv;
#ifndef pthread_create
  return ((int*)(&pthread_create))[argc];
#else
  (void)argc;
  return 0;
#endif
}

Determining if the function pthread_create exists in the pthreads failed with the following output:
Change Dir: /home/nishanth/TurtleStuff/turtle_drive/build/ackermann_steering_controller/CMakeFiles/CMakeTmp

Run Build Command:"/usr/bin/make" "cmTC_03c5e/fast"
/usr/bin/make -f CMakeFiles/cmTC_03c5e.dir/build.make CMakeFiles/cmTC_03c5e.dir/build
make[1]: Entering directory '/home/nishanth/TurtleStuff/turtle_drive/build/ackermann_steering_controller/CMakeFiles/CMakeTmp'
Building C object CMakeFiles/cmTC_03c5e.dir/CheckFunctionExists.c.o
/usr/bin/cc    -DCHECK_FUNCTION_EXISTS=pthread_create   -o CMakeFiles/cmTC_03c5e.dir/CheckFunctionExists.c.o   -c /usr/share/cmake-3.5/Modules/CheckFunctionExists.c
Linking C executable cmTC_03c5e
/usr/bin/cmake -E cmake_link_script CMakeFiles/cmTC_03c5e.dir/link.txt --verbose=1
/usr/bin/cc   -DCHECK_FUNCTION_EXISTS=pthread_create    CMakeFiles/cmTC_03c5e.dir/CheckFunctionExists.c.o  -o cmTC_03c5e -rdynamic -lpthreads 
/usr/bin/ld: cannot find -lpthreads
collect2: error: ld returned 1 exit status
CMakeFiles/cmTC_03c5e.dir/build.make:97: recipe for target 'cmTC_03c5e' failed
make[1]: *** [cmTC_03c5e] Error 1
make[1]: Leaving directory '/home/nishanth/TurtleStuff/turtle_drive/build/ackermann_steering_controller/CMakeFiles/CMakeTmp'
Makefile:126: recipe for target 'cmTC_03c5e/fast' failed
make: *** [cmTC_03c5e/fast] Error 2


