Determining if the pthread_create exist failed with the following output:
Change Dir: /home/nishanth/TurtleStuff/turtle_drive/build_isolated/hector_imu_attitude_to_tf/CMakeFiles/CMakeTmp

Run Build Command:"/usr/bin/make" "cmTC_052a7/fast"
/usr/bin/make -f CMakeFiles/cmTC_052a7.dir/build.make CMakeFiles/cmTC_052a7.dir/build
make[1]: Entering directory '/home/nishanth/TurtleStuff/turtle_drive/build_isolated/hector_imu_attitude_to_tf/CMakeFiles/CMakeTmp'
Building C object CMakeFiles/cmTC_052a7.dir/CheckSymbolExists.c.o
/usr/bin/cc     -o CMakeFiles/cmTC_052a7.dir/CheckSymbolExists.c.o   -c /home/nishanth/TurtleStuff/turtle_drive/build_isolated/hector_imu_attitude_to_tf/CMakeFiles/CMakeTmp/CheckSymbolExists.c
Linking C executable cmTC_052a7
/usr/bin/cmake -E cmake_link_script CMakeFiles/cmTC_052a7.dir/link.txt --verbose=1
/usr/bin/cc       CMakeFiles/cmTC_052a7.dir/CheckSymbolExists.c.o  -o cmTC_052a7 -rdynamic 
CMakeFiles/cmTC_052a7.dir/CheckSymbolExists.c.o: In function `main':
CheckSymbolExists.c:(.text+0x16): undefined reference to `pthread_create'
collect2: error: ld returned 1 exit status
CMakeFiles/cmTC_052a7.dir/build.make:97: recipe for target 'cmTC_052a7' failed
make[1]: *** [cmTC_052a7] Error 1
make[1]: Leaving directory '/home/nishanth/TurtleStuff/turtle_drive/build_isolated/hector_imu_attitude_to_tf/CMakeFiles/CMakeTmp'
Makefile:126: recipe for target 'cmTC_052a7/fast' failed
make: *** [cmTC_052a7/fast] Error 2

File /home/nishanth/TurtleStuff/turtle_drive/build_isolated/hector_imu_attitude_to_tf/CMakeFiles/CMakeTmp/CheckSymbolExists.c:
/* */
#include <pthread.h>

int main(int argc, char** argv)
{
  (void)argv;
#ifndef pthread_create
  return ((int*)(&pthread_create))[argc];
#else
  (void)argc;
  return 0;
#endif
}

Determining if the function pthread_create exists in the pthreads failed with the following output:
Change Dir: /home/nishanth/TurtleStuff/turtle_drive/build_isolated/hector_imu_attitude_to_tf/CMakeFiles/CMakeTmp

Run Build Command:"/usr/bin/make" "cmTC_7fbbe/fast"
/usr/bin/make -f CMakeFiles/cmTC_7fbbe.dir/build.make CMakeFiles/cmTC_7fbbe.dir/build
make[1]: Entering directory '/home/nishanth/TurtleStuff/turtle_drive/build_isolated/hector_imu_attitude_to_tf/CMakeFiles/CMakeTmp'
Building C object CMakeFiles/cmTC_7fbbe.dir/CheckFunctionExists.c.o
/usr/bin/cc    -DCHECK_FUNCTION_EXISTS=pthread_create   -o CMakeFiles/cmTC_7fbbe.dir/CheckFunctionExists.c.o   -c /usr/share/cmake-3.5/Modules/CheckFunctionExists.c
Linking C executable cmTC_7fbbe
/usr/bin/cmake -E cmake_link_script CMakeFiles/cmTC_7fbbe.dir/link.txt --verbose=1
/usr/bin/cc   -DCHECK_FUNCTION_EXISTS=pthread_create    CMakeFiles/cmTC_7fbbe.dir/CheckFunctionExists.c.o  -o cmTC_7fbbe -rdynamic -lpthreads 
/usr/bin/ld: cannot find -lpthreads
collect2: error: ld returned 1 exit status
CMakeFiles/cmTC_7fbbe.dir/build.make:97: recipe for target 'cmTC_7fbbe' failed
make[1]: *** [cmTC_7fbbe] Error 1
make[1]: Leaving directory '/home/nishanth/TurtleStuff/turtle_drive/build_isolated/hector_imu_attitude_to_tf/CMakeFiles/CMakeTmp'
Makefile:126: recipe for target 'cmTC_7fbbe/fast' failed
make: *** [cmTC_7fbbe/fast] Error 2


