Determining if the pthread_create exist failed with the following output:
Change Dir: /home/trex/turtle_drive/build/novatel_gps_msgs/CMakeFiles/CMakeTmp

Run Build Command:"/usr/bin/make" "cmTC_6b8ba/fast"
/usr/bin/make -f CMakeFiles/cmTC_6b8ba.dir/build.make CMakeFiles/cmTC_6b8ba.dir/build
make[1]: Entering directory '/home/trex/turtle_drive/build/novatel_gps_msgs/CMakeFiles/CMakeTmp'
Building C object CMakeFiles/cmTC_6b8ba.dir/CheckSymbolExists.c.o
/usr/bin/cc     -o CMakeFiles/cmTC_6b8ba.dir/CheckSymbolExists.c.o   -c /home/trex/turtle_drive/build/novatel_gps_msgs/CMakeFiles/CMakeTmp/CheckSymbolExists.c
Linking C executable cmTC_6b8ba
/usr/bin/cmake -E cmake_link_script CMakeFiles/cmTC_6b8ba.dir/link.txt --verbose=1
/usr/bin/cc       CMakeFiles/cmTC_6b8ba.dir/CheckSymbolExists.c.o  -o cmTC_6b8ba -rdynamic 
CMakeFiles/cmTC_6b8ba.dir/CheckSymbolExists.c.o: In function `main':
CheckSymbolExists.c:(.text+0xa): undefined reference to `pthread_create'
collect2: error: ld returned 1 exit status
CMakeFiles/cmTC_6b8ba.dir/build.make:97: recipe for target 'cmTC_6b8ba' failed
make[1]: *** [cmTC_6b8ba] Error 1
make[1]: Leaving directory '/home/trex/turtle_drive/build/novatel_gps_msgs/CMakeFiles/CMakeTmp'
Makefile:126: recipe for target 'cmTC_6b8ba/fast' failed
make: *** [cmTC_6b8ba/fast] Error 2

File /home/trex/turtle_drive/build/novatel_gps_msgs/CMakeFiles/CMakeTmp/CheckSymbolExists.c:
/* */
#include <pthread.h>

int main(int argc, char** argv)
{
  (void)argv;
#ifndef pthread_create
  return ((int*)(&pthread_create))[argc];
#else
  (void)argc;
  return 0;
#endif
}

Determining if the function pthread_create exists in the pthreads failed with the following output:
Change Dir: /home/trex/turtle_drive/build/novatel_gps_msgs/CMakeFiles/CMakeTmp

Run Build Command:"/usr/bin/make" "cmTC_ac299/fast"
/usr/bin/make -f CMakeFiles/cmTC_ac299.dir/build.make CMakeFiles/cmTC_ac299.dir/build
make[1]: Entering directory '/home/trex/turtle_drive/build/novatel_gps_msgs/CMakeFiles/CMakeTmp'
Building C object CMakeFiles/cmTC_ac299.dir/CheckFunctionExists.c.o
/usr/bin/cc    -DCHECK_FUNCTION_EXISTS=pthread_create   -o CMakeFiles/cmTC_ac299.dir/CheckFunctionExists.c.o   -c /usr/share/cmake-3.5/Modules/CheckFunctionExists.c
Linking C executable cmTC_ac299
/usr/bin/cmake -E cmake_link_script CMakeFiles/cmTC_ac299.dir/link.txt --verbose=1
/usr/bin/cc   -DCHECK_FUNCTION_EXISTS=pthread_create    CMakeFiles/cmTC_ac299.dir/CheckFunctionExists.c.o  -o cmTC_ac299 -rdynamic -lpthreads 
/usr/bin/ld: cannot find -lpthreads
collect2: error: ld returned 1 exit status
CMakeFiles/cmTC_ac299.dir/build.make:97: recipe for target 'cmTC_ac299' failed
make[1]: *** [cmTC_ac299] Error 1
make[1]: Leaving directory '/home/trex/turtle_drive/build/novatel_gps_msgs/CMakeFiles/CMakeTmp'
Makefile:126: recipe for target 'cmTC_ac299/fast' failed
make: *** [cmTC_ac299/fast] Error 2


