Determining if the pthread_create exist failed with the following output:
Change Dir: /home/trex/turtle_drive/build/turtle_sensing/CMakeFiles/CMakeTmp

Run Build Command:"/usr/bin/make" "cmTC_6bccb/fast"
/usr/bin/make -f CMakeFiles/cmTC_6bccb.dir/build.make CMakeFiles/cmTC_6bccb.dir/build
make[1]: Entering directory '/home/trex/turtle_drive/build/turtle_sensing/CMakeFiles/CMakeTmp'
Building C object CMakeFiles/cmTC_6bccb.dir/CheckSymbolExists.c.o
/usr/bin/cc     -o CMakeFiles/cmTC_6bccb.dir/CheckSymbolExists.c.o   -c /home/trex/turtle_drive/build/turtle_sensing/CMakeFiles/CMakeTmp/CheckSymbolExists.c
Linking C executable cmTC_6bccb
/usr/bin/cmake -E cmake_link_script CMakeFiles/cmTC_6bccb.dir/link.txt --verbose=1
/usr/bin/cc       CMakeFiles/cmTC_6bccb.dir/CheckSymbolExists.c.o  -o cmTC_6bccb -rdynamic 
CMakeFiles/cmTC_6bccb.dir/CheckSymbolExists.c.o: In function `main':
CheckSymbolExists.c:(.text+0xa): undefined reference to `pthread_create'
collect2: error: ld returned 1 exit status
CMakeFiles/cmTC_6bccb.dir/build.make:97: recipe for target 'cmTC_6bccb' failed
make[1]: *** [cmTC_6bccb] Error 1
make[1]: Leaving directory '/home/trex/turtle_drive/build/turtle_sensing/CMakeFiles/CMakeTmp'
Makefile:126: recipe for target 'cmTC_6bccb/fast' failed
make: *** [cmTC_6bccb/fast] Error 2

File /home/trex/turtle_drive/build/turtle_sensing/CMakeFiles/CMakeTmp/CheckSymbolExists.c:
/* */
#include <pthread.h>

int main(int argc, char** argv)
{
  (void)argv;
#ifndef pthread_create
  return ((int*)(&pthread_create))[argc];
#else
  (void)argc;
  return 0;
#endif
}

Determining if the function pthread_create exists in the pthreads failed with the following output:
Change Dir: /home/trex/turtle_drive/build/turtle_sensing/CMakeFiles/CMakeTmp

Run Build Command:"/usr/bin/make" "cmTC_a0331/fast"
/usr/bin/make -f CMakeFiles/cmTC_a0331.dir/build.make CMakeFiles/cmTC_a0331.dir/build
make[1]: Entering directory '/home/trex/turtle_drive/build/turtle_sensing/CMakeFiles/CMakeTmp'
Building C object CMakeFiles/cmTC_a0331.dir/CheckFunctionExists.c.o
/usr/bin/cc    -DCHECK_FUNCTION_EXISTS=pthread_create   -o CMakeFiles/cmTC_a0331.dir/CheckFunctionExists.c.o   -c /usr/share/cmake-3.5/Modules/CheckFunctionExists.c
Linking C executable cmTC_a0331
/usr/bin/cmake -E cmake_link_script CMakeFiles/cmTC_a0331.dir/link.txt --verbose=1
/usr/bin/cc   -DCHECK_FUNCTION_EXISTS=pthread_create    CMakeFiles/cmTC_a0331.dir/CheckFunctionExists.c.o  -o cmTC_a0331 -rdynamic -lpthreads 
/usr/bin/ld: cannot find -lpthreads
collect2: error: ld returned 1 exit status
CMakeFiles/cmTC_a0331.dir/build.make:97: recipe for target 'cmTC_a0331' failed
make[1]: *** [cmTC_a0331] Error 1
make[1]: Leaving directory '/home/trex/turtle_drive/build/turtle_sensing/CMakeFiles/CMakeTmp'
Makefile:126: recipe for target 'cmTC_a0331/fast' failed
make: *** [cmTC_a0331/fast] Error 2


