Determining if the pthread_create exist failed with the following output:
Change Dir: /home/base/turtle_drive/build_isolated/urg_c/CMakeFiles/CMakeTmp

Run Build Command:"/usr/bin/make" "cmTC_42abf/fast"
/usr/bin/make -f CMakeFiles/cmTC_42abf.dir/build.make CMakeFiles/cmTC_42abf.dir/build
make[1]: Entering directory '/home/base/turtle_drive/build_isolated/urg_c/CMakeFiles/CMakeTmp'
Building C object CMakeFiles/cmTC_42abf.dir/CheckSymbolExists.c.o
/usr/bin/cc     -o CMakeFiles/cmTC_42abf.dir/CheckSymbolExists.c.o   -c /home/base/turtle_drive/build_isolated/urg_c/CMakeFiles/CMakeTmp/CheckSymbolExists.c
Linking C executable cmTC_42abf
/usr/bin/cmake -E cmake_link_script CMakeFiles/cmTC_42abf.dir/link.txt --verbose=1
/usr/bin/cc       CMakeFiles/cmTC_42abf.dir/CheckSymbolExists.c.o  -o cmTC_42abf -rdynamic 
CMakeFiles/cmTC_42abf.dir/CheckSymbolExists.c.o: In function `main':
CheckSymbolExists.c:(.text+0x16): undefined reference to `pthread_create'
collect2: error: ld returned 1 exit status
CMakeFiles/cmTC_42abf.dir/build.make:97: recipe for target 'cmTC_42abf' failed
make[1]: *** [cmTC_42abf] Error 1
make[1]: Leaving directory '/home/base/turtle_drive/build_isolated/urg_c/CMakeFiles/CMakeTmp'
Makefile:126: recipe for target 'cmTC_42abf/fast' failed
make: *** [cmTC_42abf/fast] Error 2

File /home/base/turtle_drive/build_isolated/urg_c/CMakeFiles/CMakeTmp/CheckSymbolExists.c:
/* */
#include <pthread.h>

int main(int argc, char** argv)
{
  (void)argv;
#ifndef pthread_create
  return ((int*)(&pthread_create))[argc];
#else
  (void)argc;
  return 0;
#endif
}

Determining if the function pthread_create exists in the pthreads failed with the following output:
Change Dir: /home/base/turtle_drive/build_isolated/urg_c/CMakeFiles/CMakeTmp

Run Build Command:"/usr/bin/make" "cmTC_0539d/fast"
/usr/bin/make -f CMakeFiles/cmTC_0539d.dir/build.make CMakeFiles/cmTC_0539d.dir/build
make[1]: Entering directory '/home/base/turtle_drive/build_isolated/urg_c/CMakeFiles/CMakeTmp'
Building C object CMakeFiles/cmTC_0539d.dir/CheckFunctionExists.c.o
/usr/bin/cc    -DCHECK_FUNCTION_EXISTS=pthread_create   -o CMakeFiles/cmTC_0539d.dir/CheckFunctionExists.c.o   -c /usr/share/cmake-3.5/Modules/CheckFunctionExists.c
Linking C executable cmTC_0539d
/usr/bin/cmake -E cmake_link_script CMakeFiles/cmTC_0539d.dir/link.txt --verbose=1
/usr/bin/cc   -DCHECK_FUNCTION_EXISTS=pthread_create    CMakeFiles/cmTC_0539d.dir/CheckFunctionExists.c.o  -o cmTC_0539d -rdynamic -lpthreads 
/usr/bin/ld: cannot find -lpthreads
collect2: error: ld returned 1 exit status
CMakeFiles/cmTC_0539d.dir/build.make:97: recipe for target 'cmTC_0539d' failed
make[1]: *** [cmTC_0539d] Error 1
make[1]: Leaving directory '/home/base/turtle_drive/build_isolated/urg_c/CMakeFiles/CMakeTmp'
Makefile:126: recipe for target 'cmTC_0539d/fast' failed
make: *** [cmTC_0539d/fast] Error 2


