Determining if the pthread_create exist failed with the following output:
Change Dir: /home/base/turtle_drive/build_isolated/turtle_control/CMakeFiles/CMakeTmp

Run Build Command:"/usr/bin/make" "cmTC_f0ba6/fast"
/usr/bin/make -f CMakeFiles/cmTC_f0ba6.dir/build.make CMakeFiles/cmTC_f0ba6.dir/build
make[1]: Entering directory '/home/base/turtle_drive/build_isolated/turtle_control/CMakeFiles/CMakeTmp'
Building C object CMakeFiles/cmTC_f0ba6.dir/CheckSymbolExists.c.o
/usr/bin/cc     -o CMakeFiles/cmTC_f0ba6.dir/CheckSymbolExists.c.o   -c /home/base/turtle_drive/build_isolated/turtle_control/CMakeFiles/CMakeTmp/CheckSymbolExists.c
Linking C executable cmTC_f0ba6
/usr/bin/cmake -E cmake_link_script CMakeFiles/cmTC_f0ba6.dir/link.txt --verbose=1
/usr/bin/cc       CMakeFiles/cmTC_f0ba6.dir/CheckSymbolExists.c.o  -o cmTC_f0ba6 -rdynamic 
CMakeFiles/cmTC_f0ba6.dir/CheckSymbolExists.c.o: In function `main':
CheckSymbolExists.c:(.text+0x16): undefined reference to `pthread_create'
collect2: error: ld returned 1 exit status
CMakeFiles/cmTC_f0ba6.dir/build.make:97: recipe for target 'cmTC_f0ba6' failed
make[1]: *** [cmTC_f0ba6] Error 1
make[1]: Leaving directory '/home/base/turtle_drive/build_isolated/turtle_control/CMakeFiles/CMakeTmp'
Makefile:126: recipe for target 'cmTC_f0ba6/fast' failed
make: *** [cmTC_f0ba6/fast] Error 2

File /home/base/turtle_drive/build_isolated/turtle_control/CMakeFiles/CMakeTmp/CheckSymbolExists.c:
/* */
#include <pthread.h>

int main(int argc, char** argv)
{
  (void)argv;
#ifndef pthread_create
  return ((int*)(&pthread_create))[argc];
#else
  (void)argc;
  return 0;
#endif
}

Determining if the function pthread_create exists in the pthreads failed with the following output:
Change Dir: /home/base/turtle_drive/build_isolated/turtle_control/CMakeFiles/CMakeTmp

Run Build Command:"/usr/bin/make" "cmTC_b8567/fast"
/usr/bin/make -f CMakeFiles/cmTC_b8567.dir/build.make CMakeFiles/cmTC_b8567.dir/build
make[1]: Entering directory '/home/base/turtle_drive/build_isolated/turtle_control/CMakeFiles/CMakeTmp'
Building C object CMakeFiles/cmTC_b8567.dir/CheckFunctionExists.c.o
/usr/bin/cc    -DCHECK_FUNCTION_EXISTS=pthread_create   -o CMakeFiles/cmTC_b8567.dir/CheckFunctionExists.c.o   -c /usr/share/cmake-3.5/Modules/CheckFunctionExists.c
Linking C executable cmTC_b8567
/usr/bin/cmake -E cmake_link_script CMakeFiles/cmTC_b8567.dir/link.txt --verbose=1
/usr/bin/cc   -DCHECK_FUNCTION_EXISTS=pthread_create    CMakeFiles/cmTC_b8567.dir/CheckFunctionExists.c.o  -o cmTC_b8567 -rdynamic -lpthreads 
/usr/bin/ld: cannot find -lpthreads
collect2: error: ld returned 1 exit status
CMakeFiles/cmTC_b8567.dir/build.make:97: recipe for target 'cmTC_b8567' failed
make[1]: *** [cmTC_b8567] Error 1
make[1]: Leaving directory '/home/base/turtle_drive/build_isolated/turtle_control/CMakeFiles/CMakeTmp'
Makefile:126: recipe for target 'cmTC_b8567/fast' failed
make: *** [cmTC_b8567/fast] Error 2


