Determining if the pthread_create exist failed with the following output:
Change Dir: /home/turtle1/turtle_drive/build/roboteq_driver/CMakeFiles/CMakeTmp

Run Build Command:"/usr/bin/make" "cmTC_d31ef/fast"
/usr/bin/make -f CMakeFiles/cmTC_d31ef.dir/build.make CMakeFiles/cmTC_d31ef.dir/build
make[1]: Entering directory '/home/turtle1/turtle_drive/build/roboteq_driver/CMakeFiles/CMakeTmp'
Building C object CMakeFiles/cmTC_d31ef.dir/CheckSymbolExists.c.o
/usr/bin/cc     -o CMakeFiles/cmTC_d31ef.dir/CheckSymbolExists.c.o   -c /home/turtle1/turtle_drive/build/roboteq_driver/CMakeFiles/CMakeTmp/CheckSymbolExists.c
Linking C executable cmTC_d31ef
/usr/bin/cmake -E cmake_link_script CMakeFiles/cmTC_d31ef.dir/link.txt --verbose=1
/usr/bin/cc       CMakeFiles/cmTC_d31ef.dir/CheckSymbolExists.c.o  -o cmTC_d31ef -rdynamic 
CMakeFiles/cmTC_d31ef.dir/CheckSymbolExists.c.o: In function `main':
CheckSymbolExists.c:(.text+0x16): undefined reference to `pthread_create'
collect2: error: ld returned 1 exit status
CMakeFiles/cmTC_d31ef.dir/build.make:97: recipe for target 'cmTC_d31ef' failed
make[1]: *** [cmTC_d31ef] Error 1
make[1]: Leaving directory '/home/turtle1/turtle_drive/build/roboteq_driver/CMakeFiles/CMakeTmp'
Makefile:126: recipe for target 'cmTC_d31ef/fast' failed
make: *** [cmTC_d31ef/fast] Error 2

File /home/turtle1/turtle_drive/build/roboteq_driver/CMakeFiles/CMakeTmp/CheckSymbolExists.c:
/* */
#include <pthread.h>

int main(int argc, char** argv)
{
  (void)argv;
#ifndef pthread_create
  return ((int*)(&pthread_create))[argc];
#else
  (void)argc;
  return 0;
#endif
}

Determining if the function pthread_create exists in the pthreads failed with the following output:
Change Dir: /home/turtle1/turtle_drive/build/roboteq_driver/CMakeFiles/CMakeTmp

Run Build Command:"/usr/bin/make" "cmTC_d12ee/fast"
/usr/bin/make -f CMakeFiles/cmTC_d12ee.dir/build.make CMakeFiles/cmTC_d12ee.dir/build
make[1]: Entering directory '/home/turtle1/turtle_drive/build/roboteq_driver/CMakeFiles/CMakeTmp'
Building C object CMakeFiles/cmTC_d12ee.dir/CheckFunctionExists.c.o
/usr/bin/cc    -DCHECK_FUNCTION_EXISTS=pthread_create   -o CMakeFiles/cmTC_d12ee.dir/CheckFunctionExists.c.o   -c /usr/share/cmake-3.5/Modules/CheckFunctionExists.c
Linking C executable cmTC_d12ee
/usr/bin/cmake -E cmake_link_script CMakeFiles/cmTC_d12ee.dir/link.txt --verbose=1
/usr/bin/cc   -DCHECK_FUNCTION_EXISTS=pthread_create    CMakeFiles/cmTC_d12ee.dir/CheckFunctionExists.c.o  -o cmTC_d12ee -rdynamic -lpthreads 
/usr/bin/ld: cannot find -lpthreads
collect2: error: ld returned 1 exit status
CMakeFiles/cmTC_d12ee.dir/build.make:97: recipe for target 'cmTC_d12ee' failed
make[1]: *** [cmTC_d12ee] Error 1
make[1]: Leaving directory '/home/turtle1/turtle_drive/build/roboteq_driver/CMakeFiles/CMakeTmp'
Makefile:126: recipe for target 'cmTC_d12ee/fast' failed
make: *** [cmTC_d12ee/fast] Error 2


