Determining if the pthread_create exist failed with the following output:
Change Dir: /home/sena/turtle_drive/build/hector_compressed_map_transport/CMakeFiles/CMakeTmp

Run Build Command:"/usr/bin/make" "cmTC_6753e/fast"
/usr/bin/make -f CMakeFiles/cmTC_6753e.dir/build.make CMakeFiles/cmTC_6753e.dir/build
make[1]: Entering directory '/home/sena/turtle_drive/build/hector_compressed_map_transport/CMakeFiles/CMakeTmp'
Building C object CMakeFiles/cmTC_6753e.dir/CheckSymbolExists.c.o
/usr/bin/cc     -o CMakeFiles/cmTC_6753e.dir/CheckSymbolExists.c.o   -c /home/sena/turtle_drive/build/hector_compressed_map_transport/CMakeFiles/CMakeTmp/CheckSymbolExists.c
Linking C executable cmTC_6753e
/usr/bin/cmake -E cmake_link_script CMakeFiles/cmTC_6753e.dir/link.txt --verbose=1
/usr/bin/cc       CMakeFiles/cmTC_6753e.dir/CheckSymbolExists.c.o  -o cmTC_6753e -rdynamic 
CMakeFiles/cmTC_6753e.dir/CheckSymbolExists.c.o: In function `main':
CheckSymbolExists.c:(.text+0x16): undefined reference to `pthread_create'
collect2: error: ld returned 1 exit status
CMakeFiles/cmTC_6753e.dir/build.make:97: recipe for target 'cmTC_6753e' failed
make[1]: *** [cmTC_6753e] Error 1
make[1]: Leaving directory '/home/sena/turtle_drive/build/hector_compressed_map_transport/CMakeFiles/CMakeTmp'
Makefile:126: recipe for target 'cmTC_6753e/fast' failed
make: *** [cmTC_6753e/fast] Error 2

File /home/sena/turtle_drive/build/hector_compressed_map_transport/CMakeFiles/CMakeTmp/CheckSymbolExists.c:
/* */
#include <pthread.h>

int main(int argc, char** argv)
{
  (void)argv;
#ifndef pthread_create
  return ((int*)(&pthread_create))[argc];
#else
  (void)argc;
  return 0;
#endif
}

Determining if the function pthread_create exists in the pthreads failed with the following output:
Change Dir: /home/sena/turtle_drive/build/hector_compressed_map_transport/CMakeFiles/CMakeTmp

Run Build Command:"/usr/bin/make" "cmTC_7f64b/fast"
/usr/bin/make -f CMakeFiles/cmTC_7f64b.dir/build.make CMakeFiles/cmTC_7f64b.dir/build
make[1]: Entering directory '/home/sena/turtle_drive/build/hector_compressed_map_transport/CMakeFiles/CMakeTmp'
Building C object CMakeFiles/cmTC_7f64b.dir/CheckFunctionExists.c.o
/usr/bin/cc    -DCHECK_FUNCTION_EXISTS=pthread_create   -o CMakeFiles/cmTC_7f64b.dir/CheckFunctionExists.c.o   -c /usr/share/cmake-3.5/Modules/CheckFunctionExists.c
Linking C executable cmTC_7f64b
/usr/bin/cmake -E cmake_link_script CMakeFiles/cmTC_7f64b.dir/link.txt --verbose=1
/usr/bin/cc   -DCHECK_FUNCTION_EXISTS=pthread_create    CMakeFiles/cmTC_7f64b.dir/CheckFunctionExists.c.o  -o cmTC_7f64b -rdynamic -lpthreads 
/usr/bin/ld: cannot find -lpthreads
collect2: error: ld returned 1 exit status
CMakeFiles/cmTC_7f64b.dir/build.make:97: recipe for target 'cmTC_7f64b' failed
make[1]: *** [cmTC_7f64b] Error 1
make[1]: Leaving directory '/home/sena/turtle_drive/build/hector_compressed_map_transport/CMakeFiles/CMakeTmp'
Makefile:126: recipe for target 'cmTC_7f64b/fast' failed
make: *** [cmTC_7f64b/fast] Error 2


Determining if the pthread_create exist failed with the following output:
Change Dir: /home/sena/turtle_drive/build/hector_compressed_map_transport/CMakeFiles/CMakeTmp

Run Build Command:"/usr/bin/make" "cmTC_f8e4b/fast"
/usr/bin/make -f CMakeFiles/cmTC_f8e4b.dir/build.make CMakeFiles/cmTC_f8e4b.dir/build
make[1]: Entering directory '/home/sena/turtle_drive/build/hector_compressed_map_transport/CMakeFiles/CMakeTmp'
Building C object CMakeFiles/cmTC_f8e4b.dir/CheckSymbolExists.c.o
/usr/bin/cc     -o CMakeFiles/cmTC_f8e4b.dir/CheckSymbolExists.c.o   -c /home/sena/turtle_drive/build/hector_compressed_map_transport/CMakeFiles/CMakeTmp/CheckSymbolExists.c
Linking C executable cmTC_f8e4b
/usr/bin/cmake -E cmake_link_script CMakeFiles/cmTC_f8e4b.dir/link.txt --verbose=1
/usr/bin/cc       CMakeFiles/cmTC_f8e4b.dir/CheckSymbolExists.c.o  -o cmTC_f8e4b -rdynamic 
CMakeFiles/cmTC_f8e4b.dir/CheckSymbolExists.c.o: In function `main':
CheckSymbolExists.c:(.text+0x16): undefined reference to `pthread_create'
collect2: error: ld returned 1 exit status
CMakeFiles/cmTC_f8e4b.dir/build.make:97: recipe for target 'cmTC_f8e4b' failed
make[1]: *** [cmTC_f8e4b] Error 1
make[1]: Leaving directory '/home/sena/turtle_drive/build/hector_compressed_map_transport/CMakeFiles/CMakeTmp'
Makefile:126: recipe for target 'cmTC_f8e4b/fast' failed
make: *** [cmTC_f8e4b/fast] Error 2

File /home/sena/turtle_drive/build/hector_compressed_map_transport/CMakeFiles/CMakeTmp/CheckSymbolExists.c:
/* */
#include <pthread.h>

int main(int argc, char** argv)
{
  (void)argv;
#ifndef pthread_create
  return ((int*)(&pthread_create))[argc];
#else
  (void)argc;
  return 0;
#endif
}

Determining if the function pthread_create exists in the pthreads failed with the following output:
Change Dir: /home/sena/turtle_drive/build/hector_compressed_map_transport/CMakeFiles/CMakeTmp

Run Build Command:"/usr/bin/make" "cmTC_0e19c/fast"
/usr/bin/make -f CMakeFiles/cmTC_0e19c.dir/build.make CMakeFiles/cmTC_0e19c.dir/build
make[1]: Entering directory '/home/sena/turtle_drive/build/hector_compressed_map_transport/CMakeFiles/CMakeTmp'
Building C object CMakeFiles/cmTC_0e19c.dir/CheckFunctionExists.c.o
/usr/bin/cc    -DCHECK_FUNCTION_EXISTS=pthread_create   -o CMakeFiles/cmTC_0e19c.dir/CheckFunctionExists.c.o   -c /usr/share/cmake-3.5/Modules/CheckFunctionExists.c
Linking C executable cmTC_0e19c
/usr/bin/cmake -E cmake_link_script CMakeFiles/cmTC_0e19c.dir/link.txt --verbose=1
/usr/bin/cc   -DCHECK_FUNCTION_EXISTS=pthread_create    CMakeFiles/cmTC_0e19c.dir/CheckFunctionExists.c.o  -o cmTC_0e19c -rdynamic -lpthreads 
/usr/bin/ld: cannot find -lpthreads
collect2: error: ld returned 1 exit status
CMakeFiles/cmTC_0e19c.dir/build.make:97: recipe for target 'cmTC_0e19c' failed
make[1]: *** [cmTC_0e19c] Error 1
make[1]: Leaving directory '/home/sena/turtle_drive/build/hector_compressed_map_transport/CMakeFiles/CMakeTmp'
Makefile:126: recipe for target 'cmTC_0e19c/fast' failed
make: *** [cmTC_0e19c/fast] Error 2


