Not searching for unused variables given on the command line.
[36m--[0m Using CATKIN_DEVEL_PREFIX: /home/trex/turtle_drive/devel/.private/turtle_localization
[36m--[0m Using CMAKE_PREFIX_PATH: /home/trex/turtle_drive/devel;/home/trex/catkin_ws/devel;/opt/ros/kinetic
[36m--[0m This workspace overlays: /home/trex/turtle_drive/devel;/home/trex/catkin_ws/devel;/opt/ros/kinetic
[36m--[0m Using PYTHON_EXECUTABLE: /usr/bin/python
[36m--[0m Using Debian Python package layout
[36m--[0m Using empy: /usr/bin/empy
[36m--[0m Using CATKIN_ENABLE_TESTING: ON
[36m--[0m Call enable_testing()
[36m--[0m Using CATKIN_TEST_RESULTS_DIR: /home/trex/turtle_drive/build/turtle_localization/test_results
[36m--[0m Found gmock sources under '/usr/src/gmock': gmock will be built
[36m--[0m Found gtest sources under '/usr/src/gmock': gtests will be built
[36m--[0m Using Python nosetests: /usr/bin/nosetests-2.7
[36m--[0m catkin 0.7.14
[36m--[0m Using these message generators: gencpp;geneus;genlisp;gennodejs;genpy
[33m[1mCMake Warning[0m at /opt/ros/kinetic/share/catkin/cmake/catkinConfig.cmake:76 (find_package):
  Could not find a package configuration file provided by "novatel_msgs" with
  any of the following names:

    novatel_msgsConfig.cmake
    novatel_msgs-config.cmake

  Add the installation prefix of "novatel_msgs" to CMAKE_PREFIX_PATH or set
  "novatel_msgs_DIR" to a directory containing one of the above files.  If
  "novatel_msgs" provides a separate development package or SDK, be sure it
  has been installed.
[36mCall Stack (most recent call first):[0m
  CMakeLists.txt:10 (find_package)


[31m[1mCMake Error[0m at /opt/ros/kinetic/share/catkin/cmake/catkinConfig.cmake:83 (find_package):
  Could not find a package configuration file provided by "novatel_msgs" with
  any of the following names:

    novatel_msgsConfig.cmake
    novatel_msgs-config.cmake

  Add the installation prefix of "novatel_msgs" to CMAKE_PREFIX_PATH or set
  "novatel_msgs_DIR" to a directory containing one of the above files.  If
  "novatel_msgs" provides a separate development package or SDK, be sure it
  has been installed.
[36mCall Stack (most recent call first):[0m
  CMakeLists.txt:10 (find_package)


[36m--[0m Could not find the required component 'novatel_msgs'. The following CMake error indicates that you either need to install the package with the same name or change your environment so that it can be found.
[36m--[0m Configuring incomplete, errors occurred!
See also "/home/trex/turtle_drive/build/turtle_localization/CMakeFiles/CMakeOutput.log".
See also "/home/trex/turtle_drive/build/turtle_localization/CMakeFiles/CMakeError.log".
