Determining if the pthread_create exist failed with the following output:
Change Dir: /home/trex/turtle_drive/build/rtk/CMakeFiles/CMakeTmp

Run Build Command:"/usr/bin/make" "cmTC_7d3ef/fast"
/usr/bin/make -f CMakeFiles/cmTC_7d3ef.dir/build.make CMakeFiles/cmTC_7d3ef.dir/build
make[1]: Entering directory '/home/trex/turtle_drive/build/rtk/CMakeFiles/CMakeTmp'
Building C object CMakeFiles/cmTC_7d3ef.dir/CheckSymbolExists.c.o
/usr/bin/cc     -o CMakeFiles/cmTC_7d3ef.dir/CheckSymbolExists.c.o   -c /home/trex/turtle_drive/build/rtk/CMakeFiles/CMakeTmp/CheckSymbolExists.c
Linking C executable cmTC_7d3ef
/usr/bin/cmake -E cmake_link_script CMakeFiles/cmTC_7d3ef.dir/link.txt --verbose=1
/usr/bin/cc       CMakeFiles/cmTC_7d3ef.dir/CheckSymbolExists.c.o  -o cmTC_7d3ef -rdynamic 
CMakeFiles/cmTC_7d3ef.dir/CheckSymbolExists.c.o: In function `main':
CheckSymbolExists.c:(.text+0xa): undefined reference to `pthread_create'
collect2: error: ld returned 1 exit status
CMakeFiles/cmTC_7d3ef.dir/build.make:97: recipe for target 'cmTC_7d3ef' failed
make[1]: *** [cmTC_7d3ef] Error 1
make[1]: Leaving directory '/home/trex/turtle_drive/build/rtk/CMakeFiles/CMakeTmp'
Makefile:126: recipe for target 'cmTC_7d3ef/fast' failed
make: *** [cmTC_7d3ef/fast] Error 2

File /home/trex/turtle_drive/build/rtk/CMakeFiles/CMakeTmp/CheckSymbolExists.c:
/* */
#include <pthread.h>

int main(int argc, char** argv)
{
  (void)argv;
#ifndef pthread_create
  return ((int*)(&pthread_create))[argc];
#else
  (void)argc;
  return 0;
#endif
}

Determining if the function pthread_create exists in the pthreads failed with the following output:
Change Dir: /home/trex/turtle_drive/build/rtk/CMakeFiles/CMakeTmp

Run Build Command:"/usr/bin/make" "cmTC_cc47a/fast"
/usr/bin/make -f CMakeFiles/cmTC_cc47a.dir/build.make CMakeFiles/cmTC_cc47a.dir/build
make[1]: Entering directory '/home/trex/turtle_drive/build/rtk/CMakeFiles/CMakeTmp'
Building C object CMakeFiles/cmTC_cc47a.dir/CheckFunctionExists.c.o
/usr/bin/cc    -DCHECK_FUNCTION_EXISTS=pthread_create   -o CMakeFiles/cmTC_cc47a.dir/CheckFunctionExists.c.o   -c /usr/share/cmake-3.5/Modules/CheckFunctionExists.c
Linking C executable cmTC_cc47a
/usr/bin/cmake -E cmake_link_script CMakeFiles/cmTC_cc47a.dir/link.txt --verbose=1
/usr/bin/cc   -DCHECK_FUNCTION_EXISTS=pthread_create    CMakeFiles/cmTC_cc47a.dir/CheckFunctionExists.c.o  -o cmTC_cc47a -rdynamic -lpthreads 
/usr/bin/ld: cannot find -lpthreads
collect2: error: ld returned 1 exit status
CMakeFiles/cmTC_cc47a.dir/build.make:97: recipe for target 'cmTC_cc47a' failed
make[1]: *** [cmTC_cc47a] Error 1
make[1]: Leaving directory '/home/trex/turtle_drive/build/rtk/CMakeFiles/CMakeTmp'
Makefile:126: recipe for target 'cmTC_cc47a/fast' failed
make: *** [cmTC_cc47a/fast] Error 2


