<<<<<<< HEAD
Symlinking /home/sena/turtle_drive/devel/lib/pkgconfig/hector_map_server.pc
Symlinking /home/sena/turtle_drive/devel/lib/hector_map_server/hector_map_server
Symlinking /home/sena/turtle_drive/devel/share/hector_map_server/cmake/hector_map_serverConfig-version.cmake
Symlinking /home/sena/turtle_drive/devel/share/hector_map_server/cmake/hector_map_serverConfig.cmake
=======
Symlinking /home/trex/turtle_drive/devel/share/hector_map_server/cmake/hector_map_serverConfig-version.cmake
Symlinking /home/trex/turtle_drive/devel/share/hector_map_server/cmake/hector_map_serverConfig.cmake
Symlinking /home/trex/turtle_drive/devel/lib/pkgconfig/hector_map_server.pc
Symlinking /home/trex/turtle_drive/devel/lib/hector_map_server/hector_map_server
Cleaning: (/home/sena/turtle_drive/devel/.private/hector_map_server/lib/pkgconfig/hector_map_server.pc, /home/sena/turtle_drive/devel/lib/pkgconfig/hector_map_server.pc)
Cleaning: (/home/sena/turtle_drive/devel/.private/hector_map_server/lib/hector_map_server/hector_map_server, /home/sena/turtle_drive/devel/lib/hector_map_server/hector_map_server)
Cleaning: (/home/sena/turtle_drive/devel/.private/hector_map_server/share/hector_map_server/cmake/hector_map_serverConfig-version.cmake, /home/sena/turtle_drive/devel/share/hector_map_server/cmake/hector_map_serverConfig-version.cmake)
Cleaning: (/home/sena/turtle_drive/devel/.private/hector_map_server/share/hector_map_server/cmake/hector_map_serverConfig.cmake, /home/sena/turtle_drive/devel/share/hector_map_server/cmake/hector_map_serverConfig.cmake)
Unlinking: /home/sena/turtle_drive/devel/lib/pkgconfig/hector_map_server.pc
Already unlinked: {}
Unlinking: /home/sena/turtle_drive/devel/lib/hector_map_server/hector_map_server
Already unlinked: {}
Unlinking: /home/sena/turtle_drive/devel/share/hector_map_server/cmake/hector_map_serverConfig-version.cmake
Already unlinked: {}
Unlinking: /home/sena/turtle_drive/devel/share/hector_map_server/cmake/hector_map_serverConfig.cmake
Already unlinked: {}
>>>>>>> e9cd62af21de1d7449f0732f6f4acbdc818f742b
