Determining if the pthread_create exist failed with the following output:
Change Dir: /home/base/turtle_drive/build_isolated/driver_base/CMakeFiles/CMakeTmp

Run Build Command:"/usr/bin/make" "cmTC_93d61/fast"
/usr/bin/make -f CMakeFiles/cmTC_93d61.dir/build.make CMakeFiles/cmTC_93d61.dir/build
make[1]: Entering directory '/home/base/turtle_drive/build_isolated/driver_base/CMakeFiles/CMakeTmp'
Building C object CMakeFiles/cmTC_93d61.dir/CheckSymbolExists.c.o
/usr/bin/cc     -o CMakeFiles/cmTC_93d61.dir/CheckSymbolExists.c.o   -c /home/base/turtle_drive/build_isolated/driver_base/CMakeFiles/CMakeTmp/CheckSymbolExists.c
Linking C executable cmTC_93d61
/usr/bin/cmake -E cmake_link_script CMakeFiles/cmTC_93d61.dir/link.txt --verbose=1
/usr/bin/cc       CMakeFiles/cmTC_93d61.dir/CheckSymbolExists.c.o  -o cmTC_93d61 -rdynamic 
CMakeFiles/cmTC_93d61.dir/CheckSymbolExists.c.o: In function `main':
CheckSymbolExists.c:(.text+0x16): undefined reference to `pthread_create'
collect2: error: ld returned 1 exit status
CMakeFiles/cmTC_93d61.dir/build.make:97: recipe for target 'cmTC_93d61' failed
make[1]: *** [cmTC_93d61] Error 1
make[1]: Leaving directory '/home/base/turtle_drive/build_isolated/driver_base/CMakeFiles/CMakeTmp'
Makefile:126: recipe for target 'cmTC_93d61/fast' failed
make: *** [cmTC_93d61/fast] Error 2

File /home/base/turtle_drive/build_isolated/driver_base/CMakeFiles/CMakeTmp/CheckSymbolExists.c:
/* */
#include <pthread.h>

int main(int argc, char** argv)
{
  (void)argv;
#ifndef pthread_create
  return ((int*)(&pthread_create))[argc];
#else
  (void)argc;
  return 0;
#endif
}

Determining if the function pthread_create exists in the pthreads failed with the following output:
Change Dir: /home/base/turtle_drive/build_isolated/driver_base/CMakeFiles/CMakeTmp

Run Build Command:"/usr/bin/make" "cmTC_53403/fast"
/usr/bin/make -f CMakeFiles/cmTC_53403.dir/build.make CMakeFiles/cmTC_53403.dir/build
make[1]: Entering directory '/home/base/turtle_drive/build_isolated/driver_base/CMakeFiles/CMakeTmp'
Building C object CMakeFiles/cmTC_53403.dir/CheckFunctionExists.c.o
/usr/bin/cc    -DCHECK_FUNCTION_EXISTS=pthread_create   -o CMakeFiles/cmTC_53403.dir/CheckFunctionExists.c.o   -c /usr/share/cmake-3.5/Modules/CheckFunctionExists.c
Linking C executable cmTC_53403
/usr/bin/cmake -E cmake_link_script CMakeFiles/cmTC_53403.dir/link.txt --verbose=1
/usr/bin/cc   -DCHECK_FUNCTION_EXISTS=pthread_create    CMakeFiles/cmTC_53403.dir/CheckFunctionExists.c.o  -o cmTC_53403 -rdynamic -lpthreads 
/usr/bin/ld: cannot find -lpthreads
collect2: error: ld returned 1 exit status
CMakeFiles/cmTC_53403.dir/build.make:97: recipe for target 'cmTC_53403' failed
make[1]: *** [cmTC_53403] Error 1
make[1]: Leaving directory '/home/base/turtle_drive/build_isolated/driver_base/CMakeFiles/CMakeTmp'
Makefile:126: recipe for target 'cmTC_53403/fast' failed
make: *** [cmTC_53403/fast] Error 2


