Determining if the pthread_create exist failed with the following output:
Change Dir: /home/nishanth/TurtleStuff/turtle_drive/build/hector_nav_msgs/CMakeFiles/CMakeTmp

Run Build Command:"/usr/bin/make" "cmTC_8dcae/fast"
/usr/bin/make -f CMakeFiles/cmTC_8dcae.dir/build.make CMakeFiles/cmTC_8dcae.dir/build
make[1]: Entering directory '/home/nishanth/TurtleStuff/turtle_drive/build/hector_nav_msgs/CMakeFiles/CMakeTmp'
Building C object CMakeFiles/cmTC_8dcae.dir/CheckSymbolExists.c.o
/usr/bin/cc     -o CMakeFiles/cmTC_8dcae.dir/CheckSymbolExists.c.o   -c /home/nishanth/TurtleStuff/turtle_drive/build/hector_nav_msgs/CMakeFiles/CMakeTmp/CheckSymbolExists.c
Linking C executable cmTC_8dcae
/usr/bin/cmake -E cmake_link_script CMakeFiles/cmTC_8dcae.dir/link.txt --verbose=1
/usr/bin/cc       CMakeFiles/cmTC_8dcae.dir/CheckSymbolExists.c.o  -o cmTC_8dcae -rdynamic 
CMakeFiles/cmTC_8dcae.dir/CheckSymbolExists.c.o: In function `main':
CheckSymbolExists.c:(.text+0x16): undefined reference to `pthread_create'
collect2: error: ld returned 1 exit status
CMakeFiles/cmTC_8dcae.dir/build.make:97: recipe for target 'cmTC_8dcae' failed
make[1]: *** [cmTC_8dcae] Error 1
make[1]: Leaving directory '/home/nishanth/TurtleStuff/turtle_drive/build/hector_nav_msgs/CMakeFiles/CMakeTmp'
Makefile:126: recipe for target 'cmTC_8dcae/fast' failed
make: *** [cmTC_8dcae/fast] Error 2

File /home/nishanth/TurtleStuff/turtle_drive/build/hector_nav_msgs/CMakeFiles/CMakeTmp/CheckSymbolExists.c:
/* */
#include <pthread.h>

int main(int argc, char** argv)
{
  (void)argv;
#ifndef pthread_create
  return ((int*)(&pthread_create))[argc];
#else
  (void)argc;
  return 0;
#endif
}

Determining if the function pthread_create exists in the pthreads failed with the following output:
Change Dir: /home/nishanth/TurtleStuff/turtle_drive/build/hector_nav_msgs/CMakeFiles/CMakeTmp

Run Build Command:"/usr/bin/make" "cmTC_7cc77/fast"
/usr/bin/make -f CMakeFiles/cmTC_7cc77.dir/build.make CMakeFiles/cmTC_7cc77.dir/build
make[1]: Entering directory '/home/nishanth/TurtleStuff/turtle_drive/build/hector_nav_msgs/CMakeFiles/CMakeTmp'
Building C object CMakeFiles/cmTC_7cc77.dir/CheckFunctionExists.c.o
/usr/bin/cc    -DCHECK_FUNCTION_EXISTS=pthread_create   -o CMakeFiles/cmTC_7cc77.dir/CheckFunctionExists.c.o   -c /usr/share/cmake-3.5/Modules/CheckFunctionExists.c
Linking C executable cmTC_7cc77
/usr/bin/cmake -E cmake_link_script CMakeFiles/cmTC_7cc77.dir/link.txt --verbose=1
/usr/bin/cc   -DCHECK_FUNCTION_EXISTS=pthread_create    CMakeFiles/cmTC_7cc77.dir/CheckFunctionExists.c.o  -o cmTC_7cc77 -rdynamic -lpthreads 
/usr/bin/ld: cannot find -lpthreads
collect2: error: ld returned 1 exit status
CMakeFiles/cmTC_7cc77.dir/build.make:97: recipe for target 'cmTC_7cc77' failed
make[1]: *** [cmTC_7cc77] Error 1
make[1]: Leaving directory '/home/nishanth/TurtleStuff/turtle_drive/build/hector_nav_msgs/CMakeFiles/CMakeTmp'
Makefile:126: recipe for target 'cmTC_7cc77/fast' failed
make: *** [cmTC_7cc77/fast] Error 2


