[35m[1mScanning dependencies of target test_ros_robot_localization_listener_publisher[0m
[  1%] [32mBuilding CXX object CMakeFiles/test_ros_robot_localization_listener_publisher.dir/test/test_ros_robot_localization_listener_publisher.cpp.o[0m
[35m[1mScanning dependencies of target _robot_localization_generate_messages_check_deps_GetState[0m
[  1%] Built target _robot_localization_generate_messages_check_deps_GetState
[35m[1mScanning dependencies of target geometry_msgs_generate_messages_cpp[0m
[  1%] Built target geometry_msgs_generate_messages_cpp
[35m[1mScanning dependencies of target _robot_localization_generate_messages_check_deps_SetDatum[0m
[  1%] Built target _robot_localization_generate_messages_check_deps_SetDatum
[35m[1mScanning dependencies of target _robot_localization_generate_messages_check_deps_ToggleFilterProcessing[0m
[  1%] Built target _robot_localization_generate_messages_check_deps_ToggleFilterProcessing
[35m[1mScanning dependencies of target geographic_msgs_generate_messages_cpp[0m
[  1%] Built target geographic_msgs_generate_messages_cpp
[35m[1mScanning dependencies of target _robot_localization_generate_messages_check_deps_SetPose[0m
[  1%] Built target _robot_localization_generate_messages_check_deps_SetPose
[35m[1mScanning dependencies of target std_msgs_generate_messages_cpp[0m
[  1%] Built target std_msgs_generate_messages_cpp
[35m[1mScanning dependencies of target filter_utilities[0m
[  3%] [32mBuilding CXX object CMakeFiles/filter_utilities.dir/src/filter_utilities.cpp.o[0m
[  5%] [32m[1mLinking CXX executable /home/nishanth/TurtleStuff/turtle_drive/devel/.private/robot_localization/lib/robot_localization/test_ros_robot_localization_listener_publisher[0m
[  7%] [32m[1mLinking CXX shared library /home/nishanth/TurtleStuff/turtle_drive/devel/.private/robot_localization/lib/libfilter_utilities.so[0m
[  7%] Built target filter_utilities
[  7%] Built target test_ros_robot_localization_listener_publisher
[35m[1mScanning dependencies of target ros_filter_utilities[0m
[35m[1mScanning dependencies of target geographic_msgs_generate_messages_py[0m
[  7%] Built target geographic_msgs_generate_messages_py
[35m[1mScanning dependencies of target std_msgs_generate_messages_py[0m
[  8%] [32mBuilding CXX object CMakeFiles/ros_filter_utilities.dir/src/ros_filter_utilities.cpp.o[0m
[  8%] Built target std_msgs_generate_messages_py
[35m[1mScanning dependencies of target geometry_msgs_generate_messages_py[0m
[  8%] Built target geometry_msgs_generate_messages_py
[35m[1mScanning dependencies of target geographic_msgs_generate_messages_eus[0m
[  8%] Built target geographic_msgs_generate_messages_eus
[35m[1mScanning dependencies of target geometry_msgs_generate_messages_eus[0m
[  8%] Built target geometry_msgs_generate_messages_eus
[35m[1mScanning dependencies of target std_msgs_generate_messages_eus[0m
[  8%] Built target std_msgs_generate_messages_eus
[35m[1mScanning dependencies of target std_msgs_generate_messages_lisp[0m
[  8%] Built target std_msgs_generate_messages_lisp
[35m[1mScanning dependencies of target geographic_msgs_generate_messages_lisp[0m
[  8%] Built target geographic_msgs_generate_messages_lisp
[35m[1mScanning dependencies of target geometry_msgs_generate_messages_lisp[0m
[  8%] Built target geometry_msgs_generate_messages_lisp
[35m[1mScanning dependencies of target std_msgs_generate_messages_nodejs[0m
[  8%] Built target std_msgs_generate_messages_nodejs
[35m[1mScanning dependencies of target geometry_msgs_generate_messages_nodejs[0m
[  8%] Built target geometry_msgs_generate_messages_nodejs
[35m[1mScanning dependencies of target geographic_msgs_generate_messages_nodejs[0m
[  8%] Built target geographic_msgs_generate_messages_nodejs
[35m[1mScanning dependencies of target robot_localization_generate_messages_cpp[0m
[ 10%] [34m[1mGenerating C++ code from robot_localization/ToggleFilterProcessing.srv[0m
[ 12%] [34m[1mGenerating C++ code from robot_localization/SetPose.srv[0m
[ 14%] [34m[1mGenerating C++ code from robot_localization/SetDatum.srv[0m
[ 16%] [34m[1mGenerating C++ code from robot_localization/GetState.srv[0m
[ 16%] Built target robot_localization_generate_messages_cpp
[35m[1mScanning dependencies of target robot_localization_generate_messages_py[0m
[ 17%] [34m[1mGenerating Python code from SRV robot_localization/ToggleFilterProcessing[0m
[ 19%] [34m[1mGenerating Python code from SRV robot_localization/SetPose[0m
[ 21%] [34m[1mGenerating Python code from SRV robot_localization/SetDatum[0m
[ 23%] [34m[1mGenerating Python code from SRV robot_localization/GetState[0m
[ 25%] [34m[1mGenerating Python srv __init__.py for robot_localization[0m
[ 25%] Built target robot_localization_generate_messages_py
[35m[1mScanning dependencies of target robot_localization_generate_messages_eus[0m
[ 26%] [34m[1mGenerating EusLisp code from robot_localization/ToggleFilterProcessing.srv[0m
[ 28%] [34m[1mGenerating EusLisp code from robot_localization/SetPose.srv[0m
[ 30%] [34m[1mGenerating EusLisp code from robot_localization/SetDatum.srv[0m
[ 32%] [34m[1mGenerating EusLisp code from robot_localization/GetState.srv[0m
[ 33%] [34m[1mGenerating EusLisp manifest code for robot_localization[0m
[ 33%] Built target robot_localization_generate_messages_eus
[35m[1mScanning dependencies of target robot_localization_generate_messages_lisp[0m
[ 35%] [34m[1mGenerating Lisp code from robot_localization/ToggleFilterProcessing.srv[0m
[ 37%] [34m[1mGenerating Lisp code from robot_localization/SetPose.srv[0m
[ 39%] [34m[1mGenerating Lisp code from robot_localization/SetDatum.srv[0m
[ 41%] [34m[1mGenerating Lisp code from robot_localization/GetState.srv[0m
[ 41%] Built target robot_localization_generate_messages_lisp
[35m[1mScanning dependencies of target robot_localization_generate_messages_nodejs[0m
[ 42%] [34m[1mGenerating Javascript code from robot_localization/ToggleFilterProcessing.srv[0m
[ 44%] [34m[1mGenerating Javascript code from robot_localization/SetPose.srv[0m
[ 46%] [34m[1mGenerating Javascript code from robot_localization/SetDatum.srv[0m
[ 48%] [34m[1mGenerating Javascript code from robot_localization/GetState.srv[0m
[ 48%] Built target robot_localization_generate_messages_nodejs
[35m[1mScanning dependencies of target robot_localization_gencpp[0m
[ 48%] Built target robot_localization_gencpp
[35m[1mScanning dependencies of target robot_localization_generate_messages[0m
[ 48%] Built target robot_localization_generate_messages
[35m[1mScanning dependencies of target filter_base[0m
[ 50%] [32mBuilding CXX object CMakeFiles/filter_base.dir/src/filter_base.cpp.o[0m
[ 51%] [32m[1mLinking CXX shared library /home/nishanth/TurtleStuff/turtle_drive/devel/.private/robot_localization/lib/libros_filter_utilities.so[0m
[ 51%] Built target ros_filter_utilities
[35m[1mScanning dependencies of target navsat_transform[0m
[ 53%] [32mBuilding CXX object CMakeFiles/navsat_transform.dir/src/navsat_transform.cpp.o[0m
[ 55%] [32m[1mLinking CXX shared library /home/nishanth/TurtleStuff/turtle_drive/devel/.private/robot_localization/lib/libfilter_base.so[0m
[ 55%] Built target filter_base
[35m[1mScanning dependencies of target ukf[0m
[ 57%] [32mBuilding CXX object CMakeFiles/ukf.dir/src/ukf.cpp.o[0m
[35m[1mScanning dependencies of target ekf[0m
[ 58%] [32mBuilding CXX object CMakeFiles/ekf.dir/src/ekf.cpp.o[0m
[ 60%] [32m[1mLinking CXX shared library /home/nishanth/TurtleStuff/turtle_drive/devel/.private/robot_localization/lib/libnavsat_transform.so[0m
[ 60%] Built target navsat_transform
[35m[1mScanning dependencies of target navsat_transform_nodelet[0m
[ 62%] [32mBuilding CXX object CMakeFiles/navsat_transform_nodelet.dir/src/navsat_transform_nodelet.cpp.o[0m
[ 64%] [32m[1mLinking CXX shared library /home/nishanth/TurtleStuff/turtle_drive/devel/.private/robot_localization/lib/libekf.so[0m
[ 66%] [32m[1mLinking CXX shared library /home/nishanth/TurtleStuff/turtle_drive/devel/.private/robot_localization/lib/libukf.so[0m
[ 66%] Built target ekf
[35m[1mScanning dependencies of target navsat_transform_node[0m
[ 67%] [32mBuilding CXX object CMakeFiles/navsat_transform_node.dir/src/navsat_transform_node.cpp.o[0m
[ 67%] Built target ukf
[35m[1mScanning dependencies of target robot_localization_estimator[0m
[ 69%] [32mBuilding CXX object CMakeFiles/robot_localization_estimator.dir/src/robot_localization_estimator.cpp.o[0m
[ 71%] [32m[1mLinking CXX shared library /home/nishanth/TurtleStuff/turtle_drive/devel/.private/robot_localization/lib/libnavsat_transform_nodelet.so[0m
[ 71%] Built target navsat_transform_nodelet
[ 73%] [32m[1mLinking CXX shared library /home/nishanth/TurtleStuff/turtle_drive/devel/.private/robot_localization/lib/librobot_localization_estimator.so[0m
[ 73%] Built target robot_localization_estimator
[35m[1mScanning dependencies of target ros_filter[0m
[ 75%] [32mBuilding CXX object CMakeFiles/ros_filter.dir/src/ros_filter.cpp.o[0m
[ 76%] [32m[1mLinking CXX executable /home/nishanth/TurtleStuff/turtle_drive/devel/.private/robot_localization/lib/robot_localization/navsat_transform_node[0m
[ 76%] Built target navsat_transform_node
[35m[1mScanning dependencies of target ros_robot_localization_listener[0m
[ 78%] [32mBuilding CXX object CMakeFiles/ros_robot_localization_listener.dir/src/ros_robot_localization_listener.cpp.o[0m
[ 80%] [32m[1mLinking CXX shared library /home/nishanth/TurtleStuff/turtle_drive/devel/.private/robot_localization/lib/libros_robot_localization_listener.so[0m
[ 80%] Built target ros_robot_localization_listener
[35m[1mScanning dependencies of target robot_localization_listener_node[0m
[ 82%] [32mBuilding CXX object CMakeFiles/robot_localization_listener_node.dir/src/robot_localization_listener_node.cpp.o[0m
[ 83%] [32m[1mLinking CXX executable /home/nishanth/TurtleStuff/turtle_drive/devel/.private/robot_localization/lib/robot_localization/robot_localization_listener_node[0m
[ 83%] Built target robot_localization_listener_node
[ 85%] [32m[1mLinking CXX shared library /home/nishanth/TurtleStuff/turtle_drive/devel/.private/robot_localization/lib/libros_filter.so[0m
[ 85%] Built target ros_filter
[35m[1mScanning dependencies of target ukf_localization_nodelet[0m
[ 87%] [32mBuilding CXX object CMakeFiles/ukf_localization_nodelet.dir/src/ukf_localization_nodelet.cpp.o[0m
[ 89%] [32m[1mLinking CXX shared library /home/nishanth/TurtleStuff/turtle_drive/devel/.private/robot_localization/lib/libukf_localization_nodelet.so[0m
[ 89%] Built target ukf_localization_nodelet
[35m[1mScanning dependencies of target ekf_localization_nodelet[0m
[35m[1mScanning dependencies of target ukf_localization_node[0m
[ 91%] [32mBuilding CXX object CMakeFiles/ekf_localization_nodelet.dir/src/ekf_localization_nodelet.cpp.o[0m
[ 92%] [32mBuilding CXX object CMakeFiles/ukf_localization_node.dir/src/ukf_localization_node.cpp.o[0m
[35m[1mScanning dependencies of target ekf_localization_node[0m
[ 94%] [32mBuilding CXX object CMakeFiles/ekf_localization_node.dir/src/ekf_localization_node.cpp.o[0m
[ 96%] [32m[1mLinking CXX shared library /home/nishanth/TurtleStuff/turtle_drive/devel/.private/robot_localization/lib/libekf_localization_nodelet.so[0m
[ 96%] Built target ekf_localization_nodelet
[ 98%] [32m[1mLinking CXX executable /home/nishanth/TurtleStuff/turtle_drive/devel/.private/robot_localization/lib/robot_localization/ukf_localization_node[0m
[ 98%] Built target ukf_localization_node
[100%] [32m[1mLinking CXX executable /home/nishanth/TurtleStuff/turtle_drive/devel/.private/robot_localization/lib/robot_localization/ekf_localization_node[0m
[100%] Built target ekf_localization_node
