Determining if the pthread_create exist failed with the following output:
Change Dir: /home/trex/turtle_drive/build/hector_slam_launch/CMakeFiles/CMakeTmp

<<<<<<< HEAD
Run Build Command:"/usr/bin/make" "cmTC_e4a3b/fast"
/usr/bin/make -f CMakeFiles/cmTC_e4a3b.dir/build.make CMakeFiles/cmTC_e4a3b.dir/build
make[1]: Entering directory '/home/sena/turtle_drive/build/hector_slam_launch/CMakeFiles/CMakeTmp'
Building C object CMakeFiles/cmTC_e4a3b.dir/CheckSymbolExists.c.o
/usr/bin/cc     -o CMakeFiles/cmTC_e4a3b.dir/CheckSymbolExists.c.o   -c /home/sena/turtle_drive/build/hector_slam_launch/CMakeFiles/CMakeTmp/CheckSymbolExists.c
Linking C executable cmTC_e4a3b
/usr/bin/cmake -E cmake_link_script CMakeFiles/cmTC_e4a3b.dir/link.txt --verbose=1
/usr/bin/cc       CMakeFiles/cmTC_e4a3b.dir/CheckSymbolExists.c.o  -o cmTC_e4a3b -rdynamic 
CMakeFiles/cmTC_e4a3b.dir/CheckSymbolExists.c.o: In function `main':
CheckSymbolExists.c:(.text+0x16): undefined reference to `pthread_create'
collect2: error: ld returned 1 exit status
CMakeFiles/cmTC_e4a3b.dir/build.make:97: recipe for target 'cmTC_e4a3b' failed
make[1]: *** [cmTC_e4a3b] Error 1
make[1]: Leaving directory '/home/sena/turtle_drive/build/hector_slam_launch/CMakeFiles/CMakeTmp'
Makefile:126: recipe for target 'cmTC_e4a3b/fast' failed
make: *** [cmTC_e4a3b/fast] Error 2
=======
Run Build Command:"/usr/bin/make" "cmTC_64358/fast"
/usr/bin/make -f CMakeFiles/cmTC_64358.dir/build.make CMakeFiles/cmTC_64358.dir/build
make[1]: Entering directory '/home/trex/turtle_drive/build/hector_slam_launch/CMakeFiles/CMakeTmp'
Building C object CMakeFiles/cmTC_64358.dir/CheckSymbolExists.c.o
/usr/bin/cc     -o CMakeFiles/cmTC_64358.dir/CheckSymbolExists.c.o   -c /home/trex/turtle_drive/build/hector_slam_launch/CMakeFiles/CMakeTmp/CheckSymbolExists.c
Linking C executable cmTC_64358
/usr/bin/cmake -E cmake_link_script CMakeFiles/cmTC_64358.dir/link.txt --verbose=1
/usr/bin/cc       CMakeFiles/cmTC_64358.dir/CheckSymbolExists.c.o  -o cmTC_64358 -rdynamic 
CMakeFiles/cmTC_64358.dir/CheckSymbolExists.c.o: In function `main':
CheckSymbolExists.c:(.text+0xa): undefined reference to `pthread_create'
collect2: error: ld returned 1 exit status
CMakeFiles/cmTC_64358.dir/build.make:97: recipe for target 'cmTC_64358' failed
make[1]: *** [cmTC_64358] Error 1
make[1]: Leaving directory '/home/trex/turtle_drive/build/hector_slam_launch/CMakeFiles/CMakeTmp'
Makefile:126: recipe for target 'cmTC_64358/fast' failed
make: *** [cmTC_64358/fast] Error 2
>>>>>>> e9cd62af21de1d7449f0732f6f4acbdc818f742b

File /home/trex/turtle_drive/build/hector_slam_launch/CMakeFiles/CMakeTmp/CheckSymbolExists.c:
/* */
#include <pthread.h>

int main(int argc, char** argv)
{
  (void)argv;
#ifndef pthread_create
  return ((int*)(&pthread_create))[argc];
#else
  (void)argc;
  return 0;
#endif
}

Determining if the function pthread_create exists in the pthreads failed with the following output:
Change Dir: /home/trex/turtle_drive/build/hector_slam_launch/CMakeFiles/CMakeTmp

<<<<<<< HEAD
Run Build Command:"/usr/bin/make" "cmTC_b10ed/fast"
/usr/bin/make -f CMakeFiles/cmTC_b10ed.dir/build.make CMakeFiles/cmTC_b10ed.dir/build
make[1]: Entering directory '/home/sena/turtle_drive/build/hector_slam_launch/CMakeFiles/CMakeTmp'
Building C object CMakeFiles/cmTC_b10ed.dir/CheckFunctionExists.c.o
/usr/bin/cc    -DCHECK_FUNCTION_EXISTS=pthread_create   -o CMakeFiles/cmTC_b10ed.dir/CheckFunctionExists.c.o   -c /usr/share/cmake-3.5/Modules/CheckFunctionExists.c
Linking C executable cmTC_b10ed
/usr/bin/cmake -E cmake_link_script CMakeFiles/cmTC_b10ed.dir/link.txt --verbose=1
/usr/bin/cc   -DCHECK_FUNCTION_EXISTS=pthread_create    CMakeFiles/cmTC_b10ed.dir/CheckFunctionExists.c.o  -o cmTC_b10ed -rdynamic -lpthreads 
/usr/bin/ld: cannot find -lpthreads
collect2: error: ld returned 1 exit status
CMakeFiles/cmTC_b10ed.dir/build.make:97: recipe for target 'cmTC_b10ed' failed
make[1]: *** [cmTC_b10ed] Error 1
make[1]: Leaving directory '/home/sena/turtle_drive/build/hector_slam_launch/CMakeFiles/CMakeTmp'
Makefile:126: recipe for target 'cmTC_b10ed/fast' failed
make: *** [cmTC_b10ed/fast] Error 2
=======
Run Build Command:"/usr/bin/make" "cmTC_56deb/fast"
/usr/bin/make -f CMakeFiles/cmTC_56deb.dir/build.make CMakeFiles/cmTC_56deb.dir/build
make[1]: Entering directory '/home/trex/turtle_drive/build/hector_slam_launch/CMakeFiles/CMakeTmp'
Building C object CMakeFiles/cmTC_56deb.dir/CheckFunctionExists.c.o
/usr/bin/cc    -DCHECK_FUNCTION_EXISTS=pthread_create   -o CMakeFiles/cmTC_56deb.dir/CheckFunctionExists.c.o   -c /usr/share/cmake-3.5/Modules/CheckFunctionExists.c
Linking C executable cmTC_56deb
/usr/bin/cmake -E cmake_link_script CMakeFiles/cmTC_56deb.dir/link.txt --verbose=1
/usr/bin/cc   -DCHECK_FUNCTION_EXISTS=pthread_create    CMakeFiles/cmTC_56deb.dir/CheckFunctionExists.c.o  -o cmTC_56deb -rdynamic -lpthreads 
/usr/bin/ld: cannot find -lpthreads
collect2: error: ld returned 1 exit status
CMakeFiles/cmTC_56deb.dir/build.make:97: recipe for target 'cmTC_56deb' failed
make[1]: *** [cmTC_56deb] Error 1
make[1]: Leaving directory '/home/trex/turtle_drive/build/hector_slam_launch/CMakeFiles/CMakeTmp'
Makefile:126: recipe for target 'cmTC_56deb/fast' failed
make: *** [cmTC_56deb/fast] Error 2
>>>>>>> e9cd62af21de1d7449f0732f6f4acbdc818f742b


