Determining if the pthread_create exist failed with the following output:
Change Dir: /home/turtle1/turtle_drive/build/jpeg_streamer/CMakeFiles/CMakeTmp

Run Build Command:"/usr/bin/make" "cmTC_67dc2/fast"
/usr/bin/make -f CMakeFiles/cmTC_67dc2.dir/build.make CMakeFiles/cmTC_67dc2.dir/build
make[1]: Entering directory '/home/turtle1/turtle_drive/build/jpeg_streamer/CMakeFiles/CMakeTmp'
Building C object CMakeFiles/cmTC_67dc2.dir/CheckSymbolExists.c.o
/usr/bin/cc     -o CMakeFiles/cmTC_67dc2.dir/CheckSymbolExists.c.o   -c /home/turtle1/turtle_drive/build/jpeg_streamer/CMakeFiles/CMakeTmp/CheckSymbolExists.c
Linking C executable cmTC_67dc2
/usr/bin/cmake -E cmake_link_script CMakeFiles/cmTC_67dc2.dir/link.txt --verbose=1
/usr/bin/cc       CMakeFiles/cmTC_67dc2.dir/CheckSymbolExists.c.o  -o cmTC_67dc2 -rdynamic 
CMakeFiles/cmTC_67dc2.dir/CheckSymbolExists.c.o: In function `main':
CheckSymbolExists.c:(.text+0x16): undefined reference to `pthread_create'
collect2: error: ld returned 1 exit status
CMakeFiles/cmTC_67dc2.dir/build.make:97: recipe for target 'cmTC_67dc2' failed
make[1]: *** [cmTC_67dc2] Error 1
make[1]: Leaving directory '/home/turtle1/turtle_drive/build/jpeg_streamer/CMakeFiles/CMakeTmp'
Makefile:126: recipe for target 'cmTC_67dc2/fast' failed
make: *** [cmTC_67dc2/fast] Error 2

File /home/turtle1/turtle_drive/build/jpeg_streamer/CMakeFiles/CMakeTmp/CheckSymbolExists.c:
/* */
#include <pthread.h>

int main(int argc, char** argv)
{
  (void)argv;
#ifndef pthread_create
  return ((int*)(&pthread_create))[argc];
#else
  (void)argc;
  return 0;
#endif
}

Determining if the function pthread_create exists in the pthreads failed with the following output:
Change Dir: /home/turtle1/turtle_drive/build/jpeg_streamer/CMakeFiles/CMakeTmp

Run Build Command:"/usr/bin/make" "cmTC_7896c/fast"
/usr/bin/make -f CMakeFiles/cmTC_7896c.dir/build.make CMakeFiles/cmTC_7896c.dir/build
make[1]: Entering directory '/home/turtle1/turtle_drive/build/jpeg_streamer/CMakeFiles/CMakeTmp'
Building C object CMakeFiles/cmTC_7896c.dir/CheckFunctionExists.c.o
/usr/bin/cc    -DCHECK_FUNCTION_EXISTS=pthread_create   -o CMakeFiles/cmTC_7896c.dir/CheckFunctionExists.c.o   -c /usr/share/cmake-3.5/Modules/CheckFunctionExists.c
Linking C executable cmTC_7896c
/usr/bin/cmake -E cmake_link_script CMakeFiles/cmTC_7896c.dir/link.txt --verbose=1
/usr/bin/cc   -DCHECK_FUNCTION_EXISTS=pthread_create    CMakeFiles/cmTC_7896c.dir/CheckFunctionExists.c.o  -o cmTC_7896c -rdynamic -lpthreads 
/usr/bin/ld: cannot find -lpthreads
collect2: error: ld returned 1 exit status
CMakeFiles/cmTC_7896c.dir/build.make:97: recipe for target 'cmTC_7896c' failed
make[1]: *** [cmTC_7896c] Error 1
make[1]: Leaving directory '/home/turtle1/turtle_drive/build/jpeg_streamer/CMakeFiles/CMakeTmp'
Makefile:126: recipe for target 'cmTC_7896c/fast' failed
make: *** [cmTC_7896c/fast] Error 2


