Determining if the pthread_create exist failed with the following output:
Change Dir: /home/nishanth/TurtleStuff/turtle_drive/build_isolated/camera_umd/CMakeFiles/CMakeTmp

Run Build Command:"/usr/bin/make" "cmTC_65d8f/fast"
/usr/bin/make -f CMakeFiles/cmTC_65d8f.dir/build.make CMakeFiles/cmTC_65d8f.dir/build
make[1]: Entering directory '/home/nishanth/TurtleStuff/turtle_drive/build_isolated/camera_umd/CMakeFiles/CMakeTmp'
Building C object CMakeFiles/cmTC_65d8f.dir/CheckSymbolExists.c.o
/usr/bin/cc     -o CMakeFiles/cmTC_65d8f.dir/CheckSymbolExists.c.o   -c /home/nishanth/TurtleStuff/turtle_drive/build_isolated/camera_umd/CMakeFiles/CMakeTmp/CheckSymbolExists.c
Linking C executable cmTC_65d8f
/usr/bin/cmake -E cmake_link_script CMakeFiles/cmTC_65d8f.dir/link.txt --verbose=1
/usr/bin/cc       CMakeFiles/cmTC_65d8f.dir/CheckSymbolExists.c.o  -o cmTC_65d8f -rdynamic 
CMakeFiles/cmTC_65d8f.dir/CheckSymbolExists.c.o: In function `main':
CheckSymbolExists.c:(.text+0x16): undefined reference to `pthread_create'
collect2: error: ld returned 1 exit status
CMakeFiles/cmTC_65d8f.dir/build.make:97: recipe for target 'cmTC_65d8f' failed
make[1]: *** [cmTC_65d8f] Error 1
make[1]: Leaving directory '/home/nishanth/TurtleStuff/turtle_drive/build_isolated/camera_umd/CMakeFiles/CMakeTmp'
Makefile:126: recipe for target 'cmTC_65d8f/fast' failed
make: *** [cmTC_65d8f/fast] Error 2

File /home/nishanth/TurtleStuff/turtle_drive/build_isolated/camera_umd/CMakeFiles/CMakeTmp/CheckSymbolExists.c:
/* */
#include <pthread.h>

int main(int argc, char** argv)
{
  (void)argv;
#ifndef pthread_create
  return ((int*)(&pthread_create))[argc];
#else
  (void)argc;
  return 0;
#endif
}

Determining if the function pthread_create exists in the pthreads failed with the following output:
Change Dir: /home/nishanth/TurtleStuff/turtle_drive/build_isolated/camera_umd/CMakeFiles/CMakeTmp

Run Build Command:"/usr/bin/make" "cmTC_8695c/fast"
/usr/bin/make -f CMakeFiles/cmTC_8695c.dir/build.make CMakeFiles/cmTC_8695c.dir/build
make[1]: Entering directory '/home/nishanth/TurtleStuff/turtle_drive/build_isolated/camera_umd/CMakeFiles/CMakeTmp'
Building C object CMakeFiles/cmTC_8695c.dir/CheckFunctionExists.c.o
/usr/bin/cc    -DCHECK_FUNCTION_EXISTS=pthread_create   -o CMakeFiles/cmTC_8695c.dir/CheckFunctionExists.c.o   -c /usr/share/cmake-3.5/Modules/CheckFunctionExists.c
Linking C executable cmTC_8695c
/usr/bin/cmake -E cmake_link_script CMakeFiles/cmTC_8695c.dir/link.txt --verbose=1
/usr/bin/cc   -DCHECK_FUNCTION_EXISTS=pthread_create    CMakeFiles/cmTC_8695c.dir/CheckFunctionExists.c.o  -o cmTC_8695c -rdynamic -lpthreads 
/usr/bin/ld: cannot find -lpthreads
collect2: error: ld returned 1 exit status
CMakeFiles/cmTC_8695c.dir/build.make:97: recipe for target 'cmTC_8695c' failed
make[1]: *** [cmTC_8695c] Error 1
make[1]: Leaving directory '/home/nishanth/TurtleStuff/turtle_drive/build_isolated/camera_umd/CMakeFiles/CMakeTmp'
Makefile:126: recipe for target 'cmTC_8695c/fast' failed
make: *** [cmTC_8695c/fast] Error 2


